2023-11-03 00:32:48,464 - default - INFO - Parse: https://goteleport.com/blog/rss.xml
2023-11-03 00:32:48,890 - default - INFO - End: https://goteleport.com/blog/rss.xml 已解析 0 篇文章
2023-11-03 00:32:48,891 - default - INFO - Parse: https://engineering.mercari.com/en/blog/feed.xml
2023-11-03 00:32:51,014 - default - INFO - End: https://engineering.mercari.com/en/blog/feed.xml 已解析 0 篇文章
2023-11-03 00:32:51,014 - default - INFO - Parse: https://blog.replit.com/feed.xml
2023-11-03 00:32:51,652 - default - INFO - End: https://blog.replit.com/feed.xml 已解析 0 篇文章
2023-11-03 00:32:51,652 - default - INFO - Parse: https://abhinavsarkar.net/tags/programming/feed.atom
2023-11-03 00:32:53,037 - default - INFO - End: https://abhinavsarkar.net/tags/programming/feed.atom 已解析 0 篇文章
2023-11-03 00:32:53,037 - default - INFO - Parse: https://httptoolkit.tech/rss.xml
2023-11-03 00:32:55,740 - default - INFO - End: https://httptoolkit.tech/rss.xml 已解析 0 篇文章
2023-11-03 00:32:55,740 - default - INFO - Parse: https://engineering.freeagent.com/feed/
2023-11-03 00:32:56,455 - default - INFO - End: https://engineering.freeagent.com/feed/ 已解析 0 篇文章
2023-11-03 00:32:56,456 - default - INFO - Parse: https://severalnines.com/rss.xml
2023-11-03 00:32:57,555 - default - INFO - End: https://severalnines.com/rss.xml 已解析 0 篇文章
2023-11-03 00:32:57,555 - default - INFO - Parse: https://learnk8s.io/rss.xml
2023-11-03 00:32:57,948 - default - INFO - End: https://learnk8s.io/rss.xml 已解析 0 篇文章
2023-11-03 00:32:57,948 - default - INFO - Parse: https://v8.dev/blog.atom
2023-11-03 00:33:00,274 - default - WARNING - Summarize failed. 该令牌状态不可用
2023-11-03 00:33:00,274 - default - INFO - End: https://v8.dev/blog.atom 已解析 1 篇文章
2023-11-03 00:33:00,274 - default - INFO - Parse: https://technology.customink.com/feed.xml
2023-11-03 00:33:02,173 - default - INFO - 解析 https://technology.customink.com/feed.xml 失败 <unknown>:2727:89: not well-formed (invalid token)
2023-11-03 00:33:02,173 - default - INFO - End: https://technology.customink.com/feed.xml 已解析 0 篇文章
2023-11-03 00:33:02,173 - default - INFO - Parse: http://blog.avenuecode.com/rss.xml
2023-11-03 00:33:02,386 - default - INFO - End: http://blog.avenuecode.com/rss.xml 已解析 0 篇文章
2023-11-03 00:33:02,386 - default - INFO - Parse: https://8thlight.com/blog/feed/atom.xml
2023-11-03 00:33:03,327 - default - INFO - 解析 https://8thlight.com/blog/feed/atom.xml 失败 <unknown>:3:0: XML or text declaration not at start of entity
2023-11-03 00:33:03,663 - default - WARNING - Summarize failed. 该令牌状态不可用
2023-11-03 00:33:03,664 - default - INFO - End: https://8thlight.com/blog/feed/atom.xml 已解析 1 篇文章
2023-11-03 00:33:03,664 - default - INFO - Parse: http://blog.arkency.com/atom.xml
2023-11-03 00:33:04,070 - default - INFO - End: http://blog.arkency.com/atom.xml 已解析 0 篇文章
2023-11-03 00:33:04,070 - default - INFO - Parse: http://artsy.github.io/feed
2023-11-03 00:33:04,271 - default - INFO - End: http://artsy.github.io/feed 已解析 0 篇文章
2023-11-03 00:33:04,272 - default - INFO - Parse: https://www.bigeng.io/rss/
2023-11-03 00:33:04,457 - default - INFO - End: https://www.bigeng.io/rss/ 已解析 0 篇文章
2023-11-03 00:33:04,457 - default - INFO - Parse: https://advancedweb.hu/atom.xml
2023-11-03 00:33:05,562 - default - INFO - End: https://advancedweb.hu/atom.xml 已解析 0 篇文章
2023-11-03 00:33:05,562 - default - INFO - Parse: https://auth0.com/blog/rss.xml
2023-11-03 00:33:05,636 - default - INFO - 解析 https://auth0.com/blog/rss.xml 失败 document declared as us-ascii, but parsed as utf-8
2023-11-03 00:33:05,637 - default - INFO - 文章较短，不需要总结
2023-11-03 00:33:05,638 - default - INFO - 文章较短，不需要总结
2023-11-03 00:33:05,638 - default - INFO - End: https://auth0.com/blog/rss.xml 已解析 2 篇文章
2023-11-03 00:33:05,639 - default - INFO - Parse: https://capgemini.github.io/feed.xml
2023-11-03 00:33:06,109 - default - INFO - End: https://capgemini.github.io/feed.xml 已解析 0 篇文章
2023-11-03 00:33:06,110 - default - INFO - Parse: https://aws.amazon.com/blogs/aws/feed/
2023-11-03 00:33:06,505 - default - INFO - End: https://aws.amazon.com/blogs/aws/feed/ 已解析 0 篇文章
2023-11-03 00:33:06,505 - default - INFO - Parse: https://code.blender.org/rss
2023-11-03 00:33:07,222 - default - INFO - End: https://code.blender.org/rss 已解析 0 篇文章
2023-11-03 00:33:07,222 - default - INFO - Parse: http://www.codenameone.com/feed.xml
2023-11-03 00:33:11,907 - default - INFO - End: http://www.codenameone.com/feed.xml 已解析 0 篇文章
2023-11-03 00:33:11,907 - default - INFO - Parse: https://spin.atomicobject.com/feed/
2023-11-03 00:33:12,357 - default - WARNING - Summarize failed. 该令牌状态不可用
2023-11-03 00:33:12,358 - default - INFO - End: https://spin.atomicobject.com/feed/ 已解析 1 篇文章
2023-11-03 00:33:12,358 - default - INFO - Parse: https://blog.developer.bazaarvoice.com/feed/
2023-11-03 00:33:12,900 - default - INFO - End: https://blog.developer.bazaarvoice.com/feed/ 已解析 0 篇文章
2023-11-03 00:33:12,900 - default - INFO - Parse: https://blog.cloudflare.com/rss/
2023-11-03 00:33:13,673 - default - INFO - End: https://blog.cloudflare.com/rss/ 已解析 0 篇文章
2023-11-03 00:33:13,673 - default - INFO - Parse: https://developer.atlassian.com/blog/feed.xml
2023-11-03 00:33:14,459 - default - WARNING - Summarize failed. 该令牌状态不可用
2023-11-03 00:33:14,460 - default - INFO - End: https://developer.atlassian.com/blog/feed.xml 已解析 1 篇文章
2023-11-03 00:33:14,460 - default - INFO - Parse: https://blog.cloudera.com/feed/
2023-11-03 00:33:15,548 - default - INFO - End: https://blog.cloudera.com/feed/ 已解析 0 篇文章
2023-11-03 00:33:15,548 - default - INFO - Parse: https://www.confluent.io/feed/
2023-11-03 00:33:15,681 - default - INFO - End: https://www.confluent.io/feed/ 已解析 0 篇文章
2023-11-03 00:33:15,682 - default - INFO - Parse: https://tech.buzzfeed.com/feed
2023-11-03 00:33:15,865 - default - INFO - End: https://tech.buzzfeed.com/feed 已解析 0 篇文章
2023-11-03 00:33:15,865 - default - INFO - Parse: https://engineering.brandwatch.com/rss/
2023-11-03 00:33:16,340 - default - INFO - 文章较短，不需要总结
2023-11-03 00:33:16,567 - default - WARNING - Summarize failed. 该令牌状态不可用
2023-11-03 00:33:16,569 - default - INFO - End: https://engineering.brandwatch.com/rss/ 已解析 2 篇文章
2023-11-03 00:33:16,569 - default - INFO - Parse: https://benchling.engineering/feed
2023-11-03 00:33:16,748 - default - INFO - End: https://benchling.engineering/feed 已解析 0 篇文章
2023-11-03 00:33:16,749 - default - INFO - Parse: https://www.elastic.co/blog/feed
2023-11-03 00:33:16,971 - default - INFO - End: https://www.elastic.co/blog/feed 已解析 1 篇文章
2023-11-03 00:33:16,972 - default - INFO - Parse: http://deliveroo.engineering/feed.xml
2023-11-03 00:33:17,232 - default - INFO - End: http://deliveroo.engineering/feed.xml 已解析 0 篇文章
2023-11-03 00:33:17,232 - default - INFO - Parse: https://techblog.commercetools.com/feed
2023-11-03 00:33:17,455 - default - INFO - End: https://techblog.commercetools.com/feed 已解析 0 篇文章
2023-11-03 00:33:17,455 - default - INFO - Parse: https://databricks.com/feed
2023-11-03 00:33:17,787 - default - INFO - 文章较短，不需要总结
2023-11-03 00:33:17,787 - default - INFO - End: https://databricks.com/feed 已解析 1 篇文章
2023-11-03 00:33:17,787 - default - INFO - Parse: https://deezer.io/feed
2023-11-03 00:33:18,060 - default - INFO - End: https://deezer.io/feed 已解析 0 篇文章
2023-11-03 00:33:18,061 - default - INFO - Parse: https://engineering.fb.com/feed/
2023-11-03 00:33:18,404 - default - INFO - End: https://engineering.fb.com/feed/ 已解析 0 篇文章
2023-11-03 00:33:18,404 - default - INFO - Parse: https://codeascraft.com/feed/
2023-11-03 00:33:18,776 - default - INFO - End: https://codeascraft.com/feed/ 已解析 0 篇文章
2023-11-03 00:33:18,776 - default - INFO - Parse: https://medium.com/feed/feedzaitech
2023-11-03 00:33:19,102 - default - INFO - End: https://medium.com/feed/feedzaitech 已解析 0 篇文章
2023-11-03 00:33:19,102 - default - INFO - Parse: https://tech.findmypast.com/feed.xml
2023-11-03 00:33:19,300 - default - INFO - End: https://tech.findmypast.com/feed.xml 已解析 0 篇文章
2023-11-03 00:33:19,300 - default - INFO - Parse: https://code.fb.com/feed/
2023-11-03 00:33:19,590 - default - INFO - End: https://code.fb.com/feed/ 已解析 0 篇文章
2023-11-03 00:33:19,590 - default - INFO - Parse: https://www.eventbrite.com/engineering/feed/
2023-11-03 00:33:20,307 - default - INFO - End: https://www.eventbrite.com/engineering/feed/ 已解析 0 篇文章
2023-11-03 00:33:20,307 - default - INFO - Parse: https://evernote.com/blog/feed/
2023-11-03 00:33:20,398 - default - INFO - 解析 https://evernote.com/blog/feed/ 失败 <unknown>:2:0: not well-formed (invalid token)
2023-11-03 00:33:20,398 - default - INFO - End: https://evernote.com/blog/feed/ 已解析 0 篇文章
2023-11-03 00:33:20,399 - default - INFO - Parse: https://drivy.engineering/feed.xml
2023-11-03 00:33:21,966 - default - INFO - End: https://drivy.engineering/feed.xml 已解析 0 篇文章
2023-11-03 00:33:21,967 - default - INFO - Parse: https://evilmartians.com/chronicles.atom
2023-11-03 00:33:22,132 - default - INFO - End: https://evilmartians.com/chronicles.atom 已解析 0 篇文章
2023-11-03 00:33:22,132 - default - INFO - Parse: https://www.ebayinc.com/stories/blogs/tech/rss/
2023-11-03 00:33:22,733 - default - INFO - End: https://www.ebayinc.com/stories/blogs/tech/rss/ 已解析 0 篇文章
2023-11-03 00:33:22,733 - default - INFO - Parse: http://feeds.feedburner.com/GoogleOnlineSecurityBlog
2023-11-03 00:33:23,286 - default - INFO - End: http://feeds.feedburner.com/GoogleOnlineSecurityBlog 已解析 0 篇文章
2023-11-03 00:33:23,286 - default - INFO - Parse: https://galois.com/feed/
2023-11-03 00:33:23,861 - default - INFO - End: https://galois.com/feed/ 已解析 0 篇文章
2023-11-03 00:33:23,861 - default - INFO - Parse: https://githubengineering.com/atom.xml
2023-11-03 00:33:24,273 - default - INFO - End: https://githubengineering.com/atom.xml 已解析 0 篇文章
2023-11-03 00:33:24,273 - default - INFO - Parse: https://blog.digitalocean.com/rss/
2023-11-03 00:33:25,174 - default - INFO - 解析 https://blog.digitalocean.com/rss/ 失败 application/octet-stream is not an XML media type
2023-11-03 00:33:25,174 - default - INFO - End: https://blog.digitalocean.com/rss/ 已解析 0 篇文章
2023-11-03 00:33:25,175 - default - INFO - Parse: https://www.hashicorp.com/blog/feed.xml
2023-11-03 00:33:25,357 - default - INFO - End: https://www.hashicorp.com/blog/feed.xml 已解析 0 篇文章
2023-11-03 00:33:25,357 - default - INFO - Parse: https://collectiveidea.com/blog/feed/
2023-11-03 00:33:25,816 - default - INFO - End: https://collectiveidea.com/blog/feed/ 已解析 0 篇文章
2023-11-03 00:33:25,816 - default - INFO - Parse: http://feeds.feedburner.com/blogspot/gJZg
2023-11-03 00:33:26,358 - default - INFO - End: http://feeds.feedburner.com/blogspot/gJZg 已解析 0 篇文章
2023-11-03 00:33:26,358 - default - INFO - Parse: http://engineering.grab.com/feed.xml
2023-11-03 00:33:26,695 - default - INFO - End: http://engineering.grab.com/feed.xml 已解析 0 篇文章
2023-11-03 00:33:26,695 - default - INFO - Parse: https://engineering.gusto.com/rss/
2023-11-03 00:33:26,917 - default - INFO - End: https://engineering.gusto.com/rss/ 已解析 0 篇文章
2023-11-03 00:33:26,917 - default - INFO - Parse: https://www.hostinger.com/blog/feed/
2023-11-03 00:33:27,409 - default - WARNING - Summarize failed. 该令牌状态不可用
2023-11-03 00:33:27,411 - default - INFO - End: https://www.hostinger.com/blog/feed/ 已解析 1 篇文章
2023-11-03 00:33:27,411 - default - INFO - Parse: https://engineering.doximity.com/feed
2023-11-03 00:33:28,502 - default - INFO - End: https://engineering.doximity.com/feed 已解析 0 篇文章
2023-11-03 00:33:28,502 - default - INFO - Parse: https://www.cockroachlabs.com/blog/index.xml
2023-11-03 00:33:28,997 - default - INFO - End: https://www.cockroachlabs.com/blog/index.xml 已解析 0 篇文章
2023-11-03 00:33:28,997 - default - INFO - Parse: https://product.hubspot.com/blog/rss.xml
2023-11-03 00:33:29,196 - default - INFO - End: https://product.hubspot.com/blog/rss.xml 已解析 0 篇文章
2023-11-03 00:33:29,196 - default - INFO - Parse: https://lambda.grofers.com/feed
2023-11-03 00:33:29,443 - default - INFO - End: https://lambda.grofers.com/feed 已解析 0 篇文章
2023-11-03 00:33:29,443 - default - INFO - Parse: https://dropbox.tech/feed
2023-11-03 00:33:30,558 - default - INFO - End: https://dropbox.tech/feed 已解析 0 篇文章
2023-11-03 00:33:30,558 - default - INFO - Parse: https://engineering.hashnode.com/rss.xml
2023-11-03 00:33:30,947 - default - INFO - 解析 https://engineering.hashnode.com/rss.xml 失败 document declared as us-ascii, but parsed as utf-8
2023-11-03 00:33:30,947 - default - INFO - End: https://engineering.hashnode.com/rss.xml 已解析 0 篇文章
2023-11-03 00:33:30,947 - default - INFO - Parse: https://kinvolk.io/blog/index.xml
2023-11-03 00:33:31,228 - default - INFO - 解析 https://kinvolk.io/blog/index.xml 失败 document declared as us-ascii, but parsed as utf-8
2023-11-03 00:33:31,229 - default - INFO - End: https://kinvolk.io/blog/index.xml 已解析 0 篇文章
2023-11-03 00:33:31,229 - default - INFO - Parse: https://tech.instacart.com/feed
2023-11-03 00:33:31,469 - default - INFO - End: https://tech.instacart.com/feed 已解析 0 篇文章
2023-11-03 00:33:31,470 - default - INFO - Parse: https://kolosek.com/rss/
2023-11-03 00:33:31,618 - default - INFO - 解析 https://kolosek.com/rss/ 失败 <unknown>:19:18: not well-formed (invalid token)
2023-11-03 00:33:31,618 - default - INFO - End: https://kolosek.com/rss/ 已解析 0 篇文章
2023-11-03 00:33:31,618 - default - INFO - Parse: https://blog.heroku.com/engineering/feed
2023-11-03 00:33:31,879 - default - INFO - End: https://blog.heroku.com/engineering/feed 已解析 0 篇文章
2023-11-03 00:33:31,879 - default - INFO - Parse: https://hashrocket.com/blog.rss
2023-11-03 00:33:32,133 - default - INFO - End: https://hashrocket.com/blog.rss 已解析 0 篇文章
2023-11-03 00:33:32,133 - default - INFO - Parse: https://jobandtalent.engineering/feed
2023-11-03 00:33:32,600 - default - INFO - End: https://jobandtalent.engineering/feed 已解析 0 篇文章
2023-11-03 00:33:32,600 - default - INFO - Parse: https://blog.imgur.com/feed/
2023-11-03 00:33:32,893 - default - INFO - End: https://blog.imgur.com/feed/ 已解析 0 篇文章
2023-11-03 00:33:32,893 - default - INFO - Parse: https://nordicapis.com/feed/
2023-11-03 00:33:33,655 - default - WARNING - Summarize failed. 该令牌状态不可用
2023-11-03 00:33:33,657 - default - INFO - End: https://nordicapis.com/feed/ 已解析 1 篇文章
2023-11-03 00:33:33,657 - default - INFO - Parse: https://blog.novoda.com/rss/
2023-11-03 00:33:34,535 - default - INFO - End: https://blog.novoda.com/rss/ 已解析 0 篇文章
2023-11-03 00:33:34,535 - default - INFO - Parse: https://developer.okta.com/feed.xml
2023-11-03 00:33:35,216 - default - INFO - End: https://developer.okta.com/feed.xml 已解析 0 篇文章
2023-11-03 00:33:35,216 - default - INFO - Parse: https://eng.lyft.com/feed
2023-11-03 00:33:35,410 - default - INFO - End: https://eng.lyft.com/feed 已解析 0 篇文章
2023-11-03 00:33:35,411 - default - INFO - Parse: http://blog.memsql.com/feed/
2023-11-03 00:33:35,637 - default - INFO - 解析 http://blog.memsql.com/feed/ 失败 document declared as us-ascii, but parsed as utf-8
2023-11-03 00:33:35,638 - default - INFO - 文章较短，不需要总结
2023-11-03 00:33:35,638 - default - INFO - End: http://blog.memsql.com/feed/ 已解析 1 篇文章
2023-11-03 00:33:35,639 - default - INFO - Parse: https://engineering.mixpanel.com/feed/
2023-11-03 00:33:35,955 - default - INFO - End: https://engineering.mixpanel.com/feed/ 已解析 0 篇文章
2023-11-03 00:33:35,956 - default - INFO - Parse: https://medium.engineering/feed
2023-11-03 00:33:36,168 - default - INFO - End: https://medium.engineering/feed 已解析 0 篇文章
2023-11-03 00:33:36,168 - default - INFO - Parse: http://blog.apps.npr.org/atom.xml
2023-11-03 00:33:37,288 - default - INFO - 解析 http://blog.apps.npr.org/atom.xml 失败 <unknown>:1172:54: undefined entity
2023-11-03 00:33:37,288 - default - INFO - End: http://blog.apps.npr.org/atom.xml 已解析 0 篇文章
2023-11-03 00:33:37,288 - default - INFO - Parse: https://engblog.nextdoor.com/feed
2023-11-03 00:33:37,462 - default - INFO - End: https://engblog.nextdoor.com/feed 已解析 0 篇文章
2023-11-03 00:33:37,462 - default - INFO - Parse: https://hacks.mozilla.org/feed/
2023-11-03 00:33:38,320 - default - INFO - End: https://hacks.mozilla.org/feed/ 已解析 0 篇文章
2023-11-03 00:33:38,320 - default - INFO - Parse: https://developers.redhat.com/blog/feed/atom/
2023-11-03 00:33:38,715 - default - INFO - End: https://developers.redhat.com/blog/feed/atom/ 已解析 0 篇文章
2023-11-03 00:33:38,715 - default - INFO - Parse: https://tech.olx.com/feed
2023-11-03 00:33:38,927 - default - INFO - End: https://tech.olx.com/feed 已解析 0 篇文章
2023-11-03 00:33:38,927 - default - INFO - Parse: https://postmarkapp.com/blog/feed.atom
2023-11-03 00:33:39,779 - default - INFO - End: https://postmarkapp.com/blog/feed.atom 已解析 0 篇文章
2023-11-03 00:33:39,779 - default - INFO - Parse: http://engineering.remind.com/feed.xml
2023-11-03 00:33:40,051 - default - INFO - End: http://engineering.remind.com/feed.xml 已解析 0 篇文章
2023-11-03 00:33:40,052 - default - INFO - Parse: https://tech.showmax.com/feed.xml
2023-11-03 00:33:41,206 - default - INFO - End: https://tech.showmax.com/feed.xml 已解析 0 篇文章
2023-11-03 00:33:41,206 - default - INFO - Parse: https://multithreaded.stitchfix.com/feed.xml
2023-11-03 00:33:41,535 - default - INFO - End: https://multithreaded.stitchfix.com/feed.xml 已解析 0 篇文章
2023-11-03 00:33:41,535 - default - INFO - Parse: https://labs.spotify.com/feed/
2023-11-03 00:33:43,231 - default - INFO - End: https://labs.spotify.com/feed/ 已解析 0 篇文章
2023-11-03 00:33:43,231 - default - INFO - Parse: https://www.stridenyc.com/blog/rss.xml
2023-11-03 00:33:43,572 - default - INFO - End: https://www.stridenyc.com/blog/rss.xml 已解析 0 篇文章
2023-11-03 00:33:43,572 - default - INFO - Parse: https://technology.skybettingandgaming.com/feed.xml
2023-11-03 00:33:43,710 - default - INFO - End: https://technology.skybettingandgaming.com/feed.xml 已解析 0 篇文章
2023-11-03 00:33:43,710 - default - INFO - Parse: https://umbrella.cisco.com/blog/feed/
2023-11-03 00:33:43,867 - default - INFO - End: https://umbrella.cisco.com/blog/feed/ 已解析 0 篇文章
2023-11-03 00:33:43,867 - default - INFO - Parse: https://www.surveymonkey.com/feed/
2023-11-03 00:33:44,118 - default - INFO - 文章较短，不需要总结
2023-11-03 00:33:44,119 - default - INFO - End: https://www.surveymonkey.com/feed/ 已解析 1 篇文章
2023-11-03 00:33:44,119 - default - INFO - Parse: https://engineering.prezi.com/feed
2023-11-03 00:33:44,281 - default - INFO - End: https://engineering.prezi.com/feed 已解析 0 篇文章
2023-11-03 00:33:44,281 - default - INFO - Parse: https://semaphoreci.com/community/tutorials.atom
2023-11-03 00:34:44,315 - default - INFO - End: https://semaphoreci.com/community/tutorials.atom 已解析 0 篇文章
2023-11-03 00:34:44,315 - default - INFO - Parse: https://developer.salesforce.com/blogs/feed
2023-11-03 00:34:45,153 - default - WARNING - Summarize failed. 该令牌状态不可用
2023-11-03 00:34:45,154 - default - INFO - End: https://developer.salesforce.com/blogs/feed 已解析 1 篇文章
2023-11-03 00:34:45,154 - default - INFO - Parse: https://mesosphere.com/feed/
2023-11-03 00:34:46,151 - default - INFO - End: https://mesosphere.com/feed/ 已解析 0 篇文章
2023-11-03 00:34:46,151 - default - INFO - Parse: https://feeds.feedburner.com/GiantRobotsSmashingIntoOtherGiantRobots
2023-11-03 00:34:46,311 - default - INFO - End: https://feeds.feedburner.com/GiantRobotsSmashingIntoOtherGiantRobots 已解析 0 篇文章
2023-11-03 00:34:46,311 - default - INFO - Parse: https://www.toptal.com/blog.rss
2023-11-03 00:34:46,444 - default - INFO - End: https://www.toptal.com/blog.rss 已解析 0 篇文章
2023-11-03 00:34:46,444 - default - INFO - Parse: https://slack.engineering/feed
2023-11-03 00:34:46,658 - default - INFO - End: https://slack.engineering/feed 已解析 0 篇文章
2023-11-03 00:34:46,658 - default - INFO - Parse: http://semaphoreci.com/blog/engineering.xml
2023-11-03 00:35:46,314 - default - INFO - End: http://semaphoreci.com/blog/engineering.xml 已解析 0 篇文章
2023-11-03 00:35:46,315 - default - INFO - Parse: https://blog.siftscience.com/feed/
2023-11-03 00:35:47,414 - default - WARNING - Summarize failed. 该令牌状态不可用
2023-11-03 00:35:47,415 - default - INFO - End: https://blog.siftscience.com/feed/ 已解析 1 篇文章
2023-11-03 00:35:47,415 - default - INFO - Parse: https://stackoverflow.blog/feed/
2023-11-03 00:35:47,489 - default - INFO - End: https://stackoverflow.blog/feed/ 已解析 0 篇文章
2023-11-03 00:35:47,489 - default - INFO - Parse: http://techblog.thescore.com/feed.xml
2023-11-03 00:35:48,858 - default - INFO - 解析 http://techblog.thescore.com/feed.xml 失败 <unknown>:1500:26: not well-formed (invalid token)
2023-11-03 00:35:48,858 - default - INFO - End: http://techblog.thescore.com/feed.xml 已解析 0 篇文章
2023-11-03 00:35:48,858 - default - INFO - Parse: https://tech.trivago.com/index.xml
2023-11-03 00:35:49,131 - default - INFO - End: https://tech.trivago.com/index.xml 已解析 0 篇文章
2023-11-03 00:35:49,131 - default - INFO - Parse: https://www.thoughtworks.com/rss/insights.xml
2023-11-03 00:35:52,254 - default - INFO - End: https://www.thoughtworks.com/rss/insights.xml 已解析 0 篇文章
2023-11-03 00:35:52,254 - default - INFO - Parse: https://bytes.swiggy.com/feed
2023-11-03 00:35:52,505 - default - INFO - End: https://bytes.swiggy.com/feed 已解析 0 篇文章
2023-11-03 00:35:52,505 - default - INFO - Parse: http://engineering.vinted.com//atom.xml
2023-11-03 00:35:52,696 - default - INFO - End: http://engineering.vinted.com//atom.xml 已解析 0 篇文章
2023-11-03 00:35:52,696 - default - INFO - Parse: https://developers.soundcloud.com/blog.rss
2023-11-03 00:35:55,313 - default - INFO - End: https://developers.soundcloud.com/blog.rss 已解析 0 篇文章
2023-11-03 00:35:55,313 - default - INFO - Parse: https://blog.timescale.com/feed
2023-11-03 00:35:56,266 - default - WARNING - Summarize failed. 该令牌状态不可用
2023-11-03 00:35:56,499 - default - WARNING - Summarize failed. 该令牌状态不可用
2023-11-03 00:35:56,499 - default - INFO - End: https://blog.timescale.com/feed 已解析 2 篇文章
2023-11-03 00:35:56,499 - default - INFO - Parse: https://engineering.tumblr.com/rss
2023-11-03 00:35:56,577 - default - INFO - End: https://engineering.tumblr.com/rss 已解析 0 篇文章
2023-11-03 00:35:56,577 - default - INFO - Parse: http://eng.wealthfront.com/feed/
2023-11-03 00:35:57,044 - default - INFO - End: http://eng.wealthfront.com/feed/ 已解析 0 篇文章
2023-11-03 00:35:57,044 - default - INFO - Parse: https://www.sitepoint.com/feed/
2023-11-03 00:35:57,894 - default - INFO - 文章较短，不需要总结
2023-11-03 00:35:57,894 - default - INFO - End: https://www.sitepoint.com/feed/ 已解析 1 篇文章
2023-11-03 00:35:57,894 - default - INFO - Parse: https://stripe.com/blog/feed.rss
2023-11-03 00:35:58,749 - default - INFO - End: https://stripe.com/blog/feed.rss 已解析 0 篇文章
2023-11-03 00:35:58,749 - default - INFO - Parse: http://engineering.wingify.com/atom.xml
2023-11-03 00:36:00,306 - default - INFO - End: http://engineering.wingify.com/atom.xml 已解析 0 篇文章
2023-11-03 00:36:00,306 - default - INFO - Parse: https://infrequently.org/feed/
2023-11-03 00:36:00,720 - default - INFO - End: https://infrequently.org/feed/ 已解析 0 篇文章
2023-11-03 00:36:00,720 - default - INFO - Parse: https://www.amitmerchant.com/feed.xml
2023-11-03 00:36:00,973 - default - INFO - End: https://www.amitmerchant.com/feed.xml 已解析 0 篇文章
2023-11-03 00:36:00,973 - default - INFO - Parse: https://buildingvts.com/feed
2023-11-03 00:36:01,106 - default - INFO - End: https://buildingvts.com/feed 已解析 0 篇文章
2023-11-03 00:36:01,107 - default - INFO - Parse: http://addyosmani.com/rss.xml
2023-11-03 00:36:01,205 - default - INFO - End: http://addyosmani.com/rss.xml 已解析 0 篇文章
2023-11-03 00:36:01,205 - default - INFO - Parse: https://engineeringblog.yelp.com/feed.xml
2023-11-03 00:36:01,265 - default - INFO - 解析 https://engineeringblog.yelp.com/feed.xml 失败 document declared as us-ascii, but parsed as utf-8
2023-11-03 00:36:01,265 - default - INFO - End: https://engineeringblog.yelp.com/feed.xml 已解析 0 篇文章
2023-11-03 00:36:01,265 - default - INFO - Parse: https://alanstorm.com/feed/feed.xml
2023-11-03 00:36:01,674 - default - INFO - 解析 https://alanstorm.com/feed/feed.xml 失败 <unknown>:124:0: junk after document element
2023-11-03 00:36:01,675 - default - INFO - End: https://alanstorm.com/feed/feed.xml 已解析 0 篇文章
2023-11-03 00:36:01,675 - default - INFO - Parse: https://ariya.io/index.xml
2023-11-03 00:36:01,972 - default - INFO - End: https://ariya.io/index.xml 已解析 0 篇文章
2023-11-03 00:36:01,972 - default - INFO - Parse: https://tech.xing.com/feed
2023-11-03 00:36:02,791 - default - INFO - End: https://tech.xing.com/feed 已解析 0 篇文章
2023-11-03 00:36:02,791 - default - INFO - Parse: http://tenderlovemaking.com/atom.xml
2023-11-03 00:36:03,452 - default - INFO - End: http://tenderlovemaking.com/atom.xml 已解析 0 篇文章
2023-11-03 00:36:03,452 - default - INFO - Parse: https://www.devroom.io/index.xml
2023-11-03 00:36:04,523 - default - INFO - 解析 https://www.devroom.io/index.xml 失败 document declared as us-ascii, but parsed as utf-8
2023-11-03 00:36:04,524 - default - INFO - End: https://www.devroom.io/index.xml 已解析 0 篇文章
2023-11-03 00:36:04,524 - default - INFO - Parse: https://carlosbecker.com/index.xml
2023-11-03 00:36:04,706 - default - INFO - End: https://carlosbecker.com/index.xml 已解析 0 篇文章
2023-11-03 00:36:04,706 - default - INFO - Parse: https://developerblog.zendesk.com/feed
2023-11-03 00:36:04,863 - default - INFO - End: https://developerblog.zendesk.com/feed 已解析 0 篇文章
2023-11-03 00:36:04,864 - default - INFO - Parse: https://bohops.com/feed/
2023-11-03 00:36:05,134 - default - INFO - End: https://bohops.com/feed/ 已解析 0 篇文章
2023-11-03 00:36:05,134 - default - INFO - Parse: http://lucumr.pocoo.org/feed.atom
2023-11-03 00:36:07,292 - default - WARNING - Summarize failed. 该令牌状态不可用
2023-11-03 00:36:07,293 - default - INFO - End: http://lucumr.pocoo.org/feed.atom 已解析 1 篇文章
2023-11-03 00:36:07,293 - default - INFO - Parse: http://nullprogram.com/feed/
2023-11-03 00:36:07,634 - default - INFO - End: http://nullprogram.com/feed/ 已解析 0 篇文章
2023-11-03 00:36:07,634 - default - INFO - Parse: https://code.dblock.org/feed.xml
2023-11-03 00:36:08,408 - default - INFO - End: https://code.dblock.org/feed.xml 已解析 0 篇文章
2023-11-03 00:36:08,409 - default - INFO - Parse: http://www.brendangregg.com/blog/rss.xml
2023-11-03 00:36:09,098 - default - INFO - End: http://www.brendangregg.com/blog/rss.xml 已解析 0 篇文章
2023-11-03 00:36:09,098 - default - INFO - Parse: https://www.dereuromark.de/feed/
2023-11-03 00:36:09,719 - default - INFO - End: https://www.dereuromark.de/feed/ 已解析 0 篇文章
2023-11-03 00:36:09,720 - default - INFO - Parse: https://domenicoluciani.com/feed.xml
2023-11-03 00:36:09,860 - default - INFO - End: https://domenicoluciani.com/feed.xml 已解析 0 篇文章
2023-11-03 00:36:09,860 - default - INFO - Parse: https://blog.filippo.io/rss/
2023-11-03 00:36:10,285 - default - INFO - End: https://blog.filippo.io/rss/ 已解析 0 篇文章
2023-11-03 00:36:10,286 - default - INFO - Parse: https://hookrace.net/blog/feed/
2023-11-03 00:36:12,482 - default - INFO - End: https://hookrace.net/blog/feed/ 已解析 0 篇文章
2023-11-03 00:36:12,482 - default - INFO - Parse: https://dotdev.co/feed/
2023-11-03 00:36:12,628 - default - INFO - End: https://dotdev.co/feed/ 已解析 0 篇文章
2023-11-03 00:36:12,628 - default - INFO - Parse: https://ericlippert.com/feed/
2023-11-03 00:36:12,775 - default - INFO - End: https://ericlippert.com/feed/ 已解析 0 篇文章
2023-11-03 00:36:12,776 - default - INFO - Parse: https://tomassetti.me/feed/
2023-11-03 00:36:13,345 - default - WARNING - Summarize failed. 该令牌状态不可用
2023-11-03 00:36:13,347 - default - INFO - End: https://tomassetti.me/feed/ 已解析 1 篇文章
2023-11-03 00:36:13,347 - default - INFO - Parse: http://www.evanjones.ca/index.rss
2023-11-03 00:36:13,506 - default - INFO - End: http://www.evanjones.ca/index.rss 已解析 0 篇文章
2023-11-03 00:36:13,506 - default - INFO - Parse: https://deanhume.com/rss/
2023-11-03 00:36:13,899 - default - INFO - End: https://deanhume.com/rss/ 已解析 0 篇文章
2023-11-03 00:36:13,899 - default - INFO - Parse: http://feeds.feedburner.com/HighScalability
2023-11-03 00:36:13,995 - default - INFO - End: http://feeds.feedburner.com/HighScalability 已解析 0 篇文章
2023-11-03 00:36:13,995 - default - INFO - Parse: https://erikrunyon.com/feed.xml
2023-11-03 00:36:14,275 - default - INFO - End: https://erikrunyon.com/feed.xml 已解析 0 篇文章
2023-11-03 00:36:14,275 - default - INFO - Parse: https://drewdevault.com/feed.xml
2023-11-03 00:36:14,831 - default - INFO - End: https://drewdevault.com/feed.xml 已解析 0 篇文章
2023-11-03 00:36:14,831 - default - INFO - Parse: https://www.chenhuijing.com/feed.xml
2023-11-03 00:36:15,445 - default - INFO - End: https://www.chenhuijing.com/feed.xml 已解析 0 篇文章
2023-11-03 00:36:15,445 - default - INFO - Parse: https://www.metachris.com/index.xml
2023-11-03 00:36:15,604 - default - INFO - End: https://www.metachris.com/index.xml 已解析 0 篇文章
2023-11-03 00:36:15,604 - default - INFO - Parse: https://elegantcode.com/feed/
2023-11-03 00:36:15,663 - default - INFO - End: https://elegantcode.com/feed/ 已解析 0 篇文章
2023-11-03 00:36:15,663 - default - INFO - Parse: https://conductofcode.io/feed.xml
2023-11-03 00:36:16,064 - default - INFO - End: https://conductofcode.io/feed.xml 已解析 0 篇文章
2023-11-03 00:36:16,064 - default - INFO - Parse: https://glebbahmutov.com/blog/atom.xml
2023-11-03 00:36:17,791 - default - WARNING - Summarize failed. 该令牌状态不可用
2023-11-03 00:36:17,792 - default - INFO - End: https://glebbahmutov.com/blog/atom.xml 已解析 1 篇文章
2023-11-03 00:36:17,792 - default - INFO - Parse: https://eli.thegreenplace.net/feeds/all.atom.xml
2023-11-03 00:36:18,355 - default - INFO - End: https://eli.thegreenplace.net/feeds/all.atom.xml 已解析 0 篇文章
2023-11-03 00:36:18,355 - default - INFO - Parse: https://henrikwarne.com/feed/
2023-11-03 00:36:18,456 - default - INFO - End: https://henrikwarne.com/feed/ 已解析 0 篇文章
2023-11-03 00:36:18,456 - default - INFO - Parse: https://davidwalsh.name/feed/atom
2023-11-03 00:36:19,088 - default - INFO - End: https://davidwalsh.name/feed/atom 已解析 0 篇文章
2023-11-03 00:36:19,088 - default - INFO - Parse: https://jeremykun.com/feed/
2023-11-03 00:36:19,309 - default - INFO - End: https://jeremykun.com/feed/ 已解析 0 篇文章
2023-11-03 00:36:19,309 - default - INFO - Parse: https://tympanus.net/codrops/rss
2023-11-03 00:36:20,450 - default - INFO - End: https://tympanus.net/codrops/rss 已解析 0 篇文章
2023-11-03 00:36:20,450 - default - INFO - Parse: http://jakewharton.com/feed.xml
2023-11-03 00:36:21,759 - default - INFO - End: http://jakewharton.com/feed.xml 已解析 0 篇文章
2023-11-03 00:36:21,759 - default - INFO - Parse: https://jes.al/atom.xml
2023-11-03 00:36:22,026 - default - INFO - End: https://jes.al/atom.xml 已解析 0 篇文章
2023-11-03 00:36:22,026 - default - INFO - Parse: https://jvns.ca/atom.xml
2023-11-03 00:36:22,734 - default - WARNING - Summarize failed. 该令牌状态不可用
2023-11-03 00:36:22,735 - default - INFO - End: https://jvns.ca/atom.xml 已解析 1 篇文章
2023-11-03 00:36:22,735 - default - INFO - Parse: https://codeblog.jonskeet.uk/feed/
2023-11-03 00:36:22,976 - default - INFO - End: https://codeblog.jonskeet.uk/feed/ 已解析 0 篇文章
2023-11-03 00:36:22,976 - default - INFO - Parse: https://adambard.com/blog/feed.xml
2023-11-03 00:36:23,178 - default - INFO - End: https://adambard.com/blog/feed.xml 已解析 0 篇文章
2023-11-03 00:36:23,178 - default - INFO - Parse: https://useyourloaf.com/blog/rss.xml
2023-11-03 00:36:23,719 - default - INFO - End: https://useyourloaf.com/blog/rss.xml 已解析 0 篇文章
2023-11-03 00:36:23,719 - default - INFO - Parse: https://jerrygamblin.com/feed/
2023-11-03 00:36:23,968 - default - INFO - End: https://jerrygamblin.com/feed/ 已解析 0 篇文章
2023-11-03 00:36:23,968 - default - INFO - Parse: https://idea.popcount.org/rss.xml
2023-11-03 00:36:24,717 - default - INFO - End: https://idea.popcount.org/rss.xml 已解析 0 篇文章
2023-11-03 00:36:24,717 - default - INFO - Parse: https://maryrosecook.com/blog/feed.xml
2023-11-03 00:36:24,868 - default - INFO - 解析 https://maryrosecook.com/blog/feed.xml 失败 document declared as us-ascii, but parsed as utf-8
2023-11-03 00:36:24,869 - default - INFO - End: https://maryrosecook.com/blog/feed.xml 已解析 0 篇文章
2023-11-03 00:36:24,869 - default - INFO - Parse: https://begriffs.com/atom.xml
2023-11-03 00:36:26,907 - default - INFO - 解析 https://begriffs.com/atom.xml 失败 document declared as us-ascii, but parsed as utf-8
2023-11-03 00:36:26,908 - default - INFO - End: https://begriffs.com/atom.xml 已解析 0 篇文章
2023-11-03 00:36:26,908 - default - INFO - Parse: http://matt.might.net/articles/feed.rss
2023-11-03 00:36:27,252 - default - INFO - End: http://matt.might.net/articles/feed.rss 已解析 0 篇文章
2023-11-03 00:36:27,253 - default - INFO - Parse: https://martinfowler.com/feed.atom
2023-11-03 00:36:27,397 - default - INFO - 文章较短，不需要总结
2023-11-03 00:36:27,397 - default - INFO - End: https://martinfowler.com/feed.atom 已解析 1 篇文章
2023-11-03 00:36:27,397 - default - INFO - Parse: https://blog.sleeplessbeastie.eu/feed.xml
2023-11-03 00:36:30,015 - default - INFO - End: https://blog.sleeplessbeastie.eu/feed.xml 已解析 0 篇文章
2023-11-03 00:36:30,015 - default - INFO - Parse: https://blog.cryptographyengineering.com/feed/
2023-11-03 00:36:30,314 - default - INFO - End: https://blog.cryptographyengineering.com/feed/ 已解析 0 篇文章
2023-11-03 00:36:30,314 - default - INFO - Parse: http://blog.fogus.me/feed/
2023-11-03 00:36:31,006 - default - INFO - End: http://blog.fogus.me/feed/ 已解析 0 篇文章
2023-11-03 00:36:31,006 - default - INFO - Parse: https://blog.rinesi.com/feed/
2023-11-03 00:36:31,517 - default - INFO - End: https://blog.rinesi.com/feed/ 已解析 0 篇文章
2023-11-03 00:36:31,517 - default - INFO - Parse: https://snook.ca/jonathan/index.rdf
2023-11-03 00:36:32,013 - default - INFO - End: https://snook.ca/jonathan/index.rdf 已解析 0 篇文章
2023-11-03 00:36:32,013 - default - INFO - Parse: https://www.mattcutts.com/blog/feed/
2023-11-03 00:36:32,556 - default - INFO - End: https://www.mattcutts.com/blog/feed/ 已解析 0 篇文章
2023-11-03 00:36:32,556 - default - INFO - Parse: http://www.windytan.com/feeds/posts/default
2023-11-03 00:36:33,071 - default - INFO - End: http://www.windytan.com/feeds/posts/default 已解析 0 篇文章
2023-11-03 00:36:33,071 - default - INFO - Parse: https://aphyr.com/posts.atom
2023-11-03 00:36:34,659 - default - INFO - End: https://aphyr.com/posts.atom 已解析 0 篇文章
2023-11-03 00:36:34,659 - default - INFO - Parse: http://blog.pamelafox.org/feeds/posts/default
2023-11-03 00:36:35,076 - default - INFO - End: http://blog.pamelafox.org/feeds/posts/default 已解析 0 篇文章
2023-11-03 00:36:35,077 - default - INFO - Parse: https://oleb.net/blog/atom.xml
2023-11-03 00:36:35,407 - default - INFO - End: https://oleb.net/blog/atom.xml 已解析 0 篇文章
2023-11-03 00:36:35,407 - default - INFO - Parse: https://blogs.msdn.microsoft.com/oldnewthing/feed
2023-11-03 00:36:35,813 - default - WARNING - Summarize failed. 该令牌状态不可用
2023-11-03 00:36:35,814 - default - INFO - End: https://blogs.msdn.microsoft.com/oldnewthing/feed 已解析 1 篇文章
2023-11-03 00:36:35,814 - default - INFO - Parse: https://realpython.com/atom.xml
2023-11-03 00:36:36,158 - default - INFO - End: https://realpython.com/atom.xml 已解析 0 篇文章
2023-11-03 00:36:36,158 - default - INFO - Parse: http://blog.cleancoder.com/atom.xml
2023-11-03 00:36:36,375 - default - INFO - End: http://blog.cleancoder.com/atom.xml 已解析 0 篇文章
2023-11-03 00:36:36,375 - default - INFO - Parse: https://akrabat.com/feed/
2023-11-03 00:36:36,884 - default - INFO - End: https://akrabat.com/feed/ 已解析 0 篇文章
2023-11-03 00:36:36,884 - default - INFO - Parse: https://www.thepolyglotdeveloper.com/blog/index.xml
2023-11-03 00:36:38,096 - default - INFO - End: https://www.thepolyglotdeveloper.com/blog/index.xml 已解析 0 篇文章
2023-11-03 00:36:38,096 - default - INFO - Parse: https://eviltrout.com/feed.xml
2023-11-03 00:36:38,495 - default - INFO - End: https://eviltrout.com/feed.xml 已解析 0 篇文章
2023-11-03 00:36:38,495 - default - INFO - Parse: https://joshtronic.com/atom.xml
2023-11-03 00:36:46,935 - default - INFO - End: https://joshtronic.com/atom.xml 已解析 0 篇文章
2023-11-03 00:36:46,935 - default - INFO - Parse: http://feeds.hanselman.com/ScottHanselman
2023-11-03 00:36:47,387 - default - INFO - End: http://feeds.hanselman.com/ScottHanselman 已解析 0 篇文章
2023-11-03 00:36:47,387 - default - INFO - Parse: https://blog.nelhage.com/atom.xml
2023-11-03 00:36:47,753 - default - INFO - End: https://blog.nelhage.com/atom.xml 已解析 0 篇文章
2023-11-03 00:36:47,753 - default - INFO - Parse: http://blog.rtwilson.com/feed/
2023-11-03 00:36:48,093 - default - INFO - End: http://blog.rtwilson.com/feed/ 已解析 0 篇文章
2023-11-03 00:36:48,093 - default - INFO - Parse: http://www.catonmat.net/feed/
2023-11-03 00:36:48,329 - default - INFO - 文章较短，不需要总结
2023-11-03 00:36:48,329 - default - INFO - End: http://www.catonmat.net/feed/ 已解析 1 篇文章
2023-11-03 00:36:48,329 - default - INFO - Parse: https://neverfriday.com/feed/
2023-11-03 00:36:49,016 - default - INFO - End: https://neverfriday.com/feed/ 已解析 0 篇文章
2023-11-03 00:36:49,016 - default - INFO - Parse: http://thedailywtf.com/rss
2023-11-03 00:36:49,502 - default - INFO - End: http://thedailywtf.com/rss 已解析 0 篇文章
2023-11-03 00:36:49,502 - default - INFO - Parse: https://vladmihalcea.com/feed/
2023-11-03 00:36:49,619 - default - INFO - End: https://vladmihalcea.com/feed/ 已解析 0 篇文章
2023-11-03 00:36:49,619 - default - INFO - Parse: https://www.yegor256.com/rss.xml
2023-11-03 00:36:49,822 - default - INFO - End: https://www.yegor256.com/rss.xml 已解析 0 篇文章
2023-11-03 00:36:49,822 - default - INFO - Parse: https://muffinman.io/atom.xml
2023-11-03 00:36:52,371 - default - INFO - End: https://muffinman.io/atom.xml 已解析 0 篇文章
2023-11-03 00:36:52,372 - default - INFO - Parse: https://www.ardanlabs.com/blog/index.xml
2023-11-03 00:36:52,603 - default - INFO - End: https://www.ardanlabs.com/blog/index.xml 已解析 0 篇文章
2023-11-03 00:36:52,603 - default - INFO - Parse: https://blog.getbootstrap.com/feed.xml
2023-11-03 00:36:52,874 - default - INFO - End: https://blog.getbootstrap.com/feed.xml 已解析 0 篇文章
2023-11-03 00:36:52,874 - default - INFO - Parse: https://zachholman.com/atom.xml
2023-11-03 00:36:53,047 - default - INFO - End: https://zachholman.com/atom.xml 已解析 0 篇文章
2023-11-03 00:36:53,047 - default - INFO - Parse: https://ipfs.io/blog/index.xml
2023-11-03 00:36:53,435 - default - INFO - End: https://ipfs.io/blog/index.xml 已解析 0 篇文章
2023-11-03 00:36:53,435 - default - INFO - Parse: https://blog.golang.org/feed.atom
2023-11-03 00:36:53,894 - default - INFO - End: https://blog.golang.org/feed.atom 已解析 0 篇文章
2023-11-03 00:36:53,894 - default - INFO - Parse: https://blog.jooq.org/feed/
2023-11-03 00:36:54,468 - default - INFO - End: https://blog.jooq.org/feed/ 已解析 0 篇文章
2023-11-03 00:36:54,468 - default - INFO - Parse: https://blogs.msdn.microsoft.com/dotnet/feed/
2023-11-03 00:36:55,189 - default - WARNING - Summarize failed. 该令牌状态不可用
2023-11-03 00:36:55,453 - default - WARNING - Summarize failed. 该令牌状态不可用
2023-11-03 00:36:55,454 - default - INFO - End: https://blogs.msdn.microsoft.com/dotnet/feed/ 已解析 2 篇文章
2023-11-03 00:36:55,454 - default - INFO - Parse: http://raganwald.com/atom.xml
2023-11-03 00:37:06,696 - default - INFO - End: http://raganwald.com/atom.xml 已解析 0 篇文章
2023-11-03 00:37:06,696 - default - INFO - Parse: https://blogs.windows.com/msedgedev/rss
2023-11-03 00:37:07,496 - default - INFO - End: https://blogs.windows.com/msedgedev/rss 已解析 0 篇文章
2023-11-03 00:37:07,496 - default - INFO - Parse: https://blog.jetbrains.com/kotlin/feed/
2023-11-03 00:37:09,358 - default - WARNING - Summarize failed. 该令牌状态不可用
2023-11-03 00:37:09,358 - default - INFO - End: https://blog.jetbrains.com/kotlin/feed/ 已解析 1 篇文章
2023-11-03 00:37:09,359 - default - INFO - Parse: https://tania.dev/rss.xml
2023-11-03 00:37:10,882 - default - INFO - End: https://tania.dev/rss.xml 已解析 0 篇文章
2023-11-03 00:37:10,883 - default - INFO - Parse: https://swizec.com/blog/feed
2023-11-03 00:37:11,068 - default - INFO - End: https://swizec.com/blog/feed 已解析 0 篇文章
2023-11-03 00:37:11,704 - default - INFO - Aggregate 已新增 29 篇
2023-11-03 00:37:11,704 - default - INFO - Aggregate AI总结花费 {}
