2023-10-30 00:33:01,297 - default - INFO - Parse: https://goteleport.com/blog/rss.xml
2023-10-30 00:33:01,838 - default - INFO - End: https://goteleport.com/blog/rss.xml 已解析 0 篇文章
2023-10-30 00:33:01,839 - default - INFO - Parse: https://engineering.mercari.com/en/blog/feed.xml
2023-10-30 00:33:14,934 - default - INFO - End: https://engineering.mercari.com/en/blog/feed.xml 已解析 0 篇文章
2023-10-30 00:33:14,934 - default - INFO - Parse: https://blog.replit.com/feed.xml
2023-10-30 00:33:15,652 - default - INFO - End: https://blog.replit.com/feed.xml 已解析 0 篇文章
2023-10-30 00:33:15,652 - default - INFO - Parse: https://abhinavsarkar.net/tags/programming/feed.atom
2023-10-30 00:33:17,323 - default - INFO - End: https://abhinavsarkar.net/tags/programming/feed.atom 已解析 0 篇文章
2023-10-30 00:33:17,323 - default - INFO - Parse: https://httptoolkit.tech/rss.xml
2023-10-30 00:33:20,158 - default - INFO - End: https://httptoolkit.tech/rss.xml 已解析 0 篇文章
2023-10-30 00:33:20,158 - default - INFO - Parse: https://engineering.freeagent.com/feed/
2023-10-30 00:33:21,088 - default - INFO - End: https://engineering.freeagent.com/feed/ 已解析 0 篇文章
2023-10-30 00:33:21,089 - default - INFO - Parse: https://severalnines.com/rss.xml
2023-10-30 00:33:22,610 - default - INFO - End: https://severalnines.com/rss.xml 已解析 0 篇文章
2023-10-30 00:33:22,610 - default - INFO - Parse: https://learnk8s.io/rss.xml
2023-10-30 00:33:22,823 - default - INFO - End: https://learnk8s.io/rss.xml 已解析 0 篇文章
2023-10-30 00:33:22,823 - default - INFO - Parse: https://v8.dev/blog.atom
2023-10-30 00:33:23,190 - default - INFO - End: https://v8.dev/blog.atom 已解析 0 篇文章
2023-10-30 00:33:23,190 - default - INFO - Parse: https://technology.customink.com/feed.xml
2023-10-30 00:33:25,332 - default - INFO - 解析 https://technology.customink.com/feed.xml 失败 <unknown>:2727:89: not well-formed (invalid token)
2023-10-30 00:33:25,332 - default - INFO - End: https://technology.customink.com/feed.xml 已解析 0 篇文章
2023-10-30 00:33:25,332 - default - INFO - Parse: http://blog.avenuecode.com/rss.xml
2023-10-30 00:33:25,668 - default - INFO - End: http://blog.avenuecode.com/rss.xml 已解析 0 篇文章
2023-10-30 00:33:25,668 - default - INFO - Parse: https://8thlight.com/blog/feed/atom.xml
2023-10-30 00:33:26,278 - default - INFO - 解析 https://8thlight.com/blog/feed/atom.xml 失败 <unknown>:3:0: XML or text declaration not at start of entity
2023-10-30 00:33:26,279 - default - INFO - End: https://8thlight.com/blog/feed/atom.xml 已解析 0 篇文章
2023-10-30 00:33:26,279 - default - INFO - Parse: http://blog.arkency.com/atom.xml
2023-10-30 00:33:26,896 - default - INFO - End: http://blog.arkency.com/atom.xml 已解析 0 篇文章
2023-10-30 00:33:26,896 - default - INFO - Parse: http://artsy.github.io/feed
2023-10-30 00:33:27,215 - default - INFO - End: http://artsy.github.io/feed 已解析 0 篇文章
2023-10-30 00:33:27,216 - default - INFO - Parse: https://www.bigeng.io/rss/
2023-10-30 00:33:27,565 - default - INFO - End: https://www.bigeng.io/rss/ 已解析 0 篇文章
2023-10-30 00:33:27,566 - default - INFO - Parse: https://advancedweb.hu/atom.xml
2023-10-30 00:33:28,840 - default - INFO - End: https://advancedweb.hu/atom.xml 已解析 0 篇文章
2023-10-30 00:33:28,841 - default - INFO - Parse: https://auth0.com/blog/rss.xml
2023-10-30 00:33:29,010 - default - INFO - 解析 https://auth0.com/blog/rss.xml 失败 document declared as us-ascii, but parsed as utf-8
2023-10-30 00:33:29,010 - default - INFO - End: https://auth0.com/blog/rss.xml 已解析 0 篇文章
2023-10-30 00:33:29,010 - default - INFO - Parse: https://capgemini.github.io/feed.xml
2023-10-30 00:33:29,587 - default - INFO - End: https://capgemini.github.io/feed.xml 已解析 0 篇文章
2023-10-30 00:33:29,587 - default - INFO - Parse: https://aws.amazon.com/blogs/aws/feed/
2023-10-30 00:33:30,207 - default - INFO - End: https://aws.amazon.com/blogs/aws/feed/ 已解析 0 篇文章
2023-10-30 00:33:30,208 - default - INFO - Parse: https://code.blender.org/rss
2023-10-30 00:33:31,356 - default - INFO - End: https://code.blender.org/rss 已解析 0 篇文章
2023-10-30 00:33:31,356 - default - INFO - Parse: http://www.codenameone.com/feed.xml
2023-10-30 00:33:36,210 - default - INFO - End: http://www.codenameone.com/feed.xml 已解析 0 篇文章
2023-10-30 00:33:36,210 - default - INFO - Parse: https://spin.atomicobject.com/feed/
2023-10-30 00:33:37,695 - default - WARNING - Summarize failed. 该令牌状态不可用
2023-10-30 00:33:37,697 - default - INFO - End: https://spin.atomicobject.com/feed/ 已解析 1 篇文章
2023-10-30 00:33:37,697 - default - INFO - Parse: https://blog.developer.bazaarvoice.com/feed/
2023-10-30 00:33:38,207 - default - INFO - End: https://blog.developer.bazaarvoice.com/feed/ 已解析 0 篇文章
2023-10-30 00:33:38,208 - default - INFO - Parse: https://blog.cloudflare.com/rss/
2023-10-30 00:33:39,020 - default - INFO - End: https://blog.cloudflare.com/rss/ 已解析 0 篇文章
2023-10-30 00:33:39,021 - default - INFO - Parse: https://developer.atlassian.com/blog/feed.xml
2023-10-30 00:33:39,751 - default - INFO - End: https://developer.atlassian.com/blog/feed.xml 已解析 0 篇文章
2023-10-30 00:33:39,751 - default - INFO - Parse: https://blog.cloudera.com/feed/
2023-10-30 00:33:41,013 - default - INFO - End: https://blog.cloudera.com/feed/ 已解析 0 篇文章
2023-10-30 00:33:41,013 - default - INFO - Parse: https://www.confluent.io/feed/
2023-10-30 00:33:41,361 - default - INFO - End: https://www.confluent.io/feed/ 已解析 0 篇文章
2023-10-30 00:33:41,361 - default - INFO - Parse: https://tech.buzzfeed.com/feed
2023-10-30 00:33:41,817 - default - INFO - End: https://tech.buzzfeed.com/feed 已解析 0 篇文章
2023-10-30 00:33:41,817 - default - INFO - Parse: https://engineering.brandwatch.com/rss/
2023-10-30 00:33:42,127 - default - INFO - 解析 https://engineering.brandwatch.com/rss/ 失败 <urlopen error [SSL: CERTIFICATE_VERIFY_FAILED] certificate verify failed: certificate has expired (_ssl.c:1131)>
2023-10-30 00:33:42,127 - default - INFO - End: https://engineering.brandwatch.com/rss/ 已解析 0 篇文章
2023-10-30 00:33:42,127 - default - INFO - Parse: https://benchling.engineering/feed
2023-10-30 00:33:42,590 - default - INFO - End: https://benchling.engineering/feed 已解析 0 篇文章
2023-10-30 00:33:42,591 - default - INFO - Parse: https://www.elastic.co/blog/feed
2023-10-30 00:33:42,881 - default - INFO - End: https://www.elastic.co/blog/feed 已解析 0 篇文章
2023-10-30 00:33:42,881 - default - INFO - Parse: http://deliveroo.engineering/feed.xml
2023-10-30 00:33:43,280 - default - INFO - End: http://deliveroo.engineering/feed.xml 已解析 0 篇文章
2023-10-30 00:33:43,280 - default - INFO - Parse: https://techblog.commercetools.com/feed
2023-10-30 00:33:43,659 - default - INFO - End: https://techblog.commercetools.com/feed 已解析 0 篇文章
2023-10-30 00:33:43,659 - default - INFO - Parse: https://databricks.com/feed
2023-10-30 00:33:44,057 - default - INFO - End: https://databricks.com/feed 已解析 0 篇文章
2023-10-30 00:33:44,058 - default - INFO - Parse: https://deezer.io/feed
2023-10-30 00:33:44,623 - default - INFO - End: https://deezer.io/feed 已解析 0 篇文章
2023-10-30 00:33:44,624 - default - INFO - Parse: https://engineering.fb.com/feed/
2023-10-30 00:33:45,155 - default - INFO - End: https://engineering.fb.com/feed/ 已解析 0 篇文章
2023-10-30 00:33:45,156 - default - INFO - Parse: https://codeascraft.com/feed/
2023-10-30 00:33:45,871 - default - INFO - End: https://codeascraft.com/feed/ 已解析 0 篇文章
2023-10-30 00:33:45,872 - default - INFO - Parse: https://medium.com/feed/feedzaitech
2023-10-30 00:33:46,179 - default - INFO - End: https://medium.com/feed/feedzaitech 已解析 0 篇文章
2023-10-30 00:33:46,179 - default - INFO - Parse: https://tech.findmypast.com/feed.xml
2023-10-30 00:33:46,479 - default - INFO - End: https://tech.findmypast.com/feed.xml 已解析 0 篇文章
2023-10-30 00:33:46,480 - default - INFO - Parse: https://code.fb.com/feed/
2023-10-30 00:33:47,037 - default - INFO - End: https://code.fb.com/feed/ 已解析 0 篇文章
2023-10-30 00:33:47,037 - default - INFO - Parse: https://www.eventbrite.com/engineering/feed/
2023-10-30 00:33:47,347 - default - INFO - End: https://www.eventbrite.com/engineering/feed/ 已解析 0 篇文章
2023-10-30 00:33:47,348 - default - INFO - Parse: https://evernote.com/blog/feed/
2023-10-30 00:33:47,531 - default - INFO - 解析 https://evernote.com/blog/feed/ 失败 <unknown>:2:0: not well-formed (invalid token)
2023-10-30 00:33:47,531 - default - INFO - End: https://evernote.com/blog/feed/ 已解析 0 篇文章
2023-10-30 00:33:47,531 - default - INFO - Parse: https://drivy.engineering/feed.xml
2023-10-30 00:33:49,516 - default - INFO - End: https://drivy.engineering/feed.xml 已解析 0 篇文章
2023-10-30 00:33:49,517 - default - INFO - Parse: https://evilmartians.com/chronicles.atom
2023-10-30 00:33:49,730 - default - INFO - End: https://evilmartians.com/chronicles.atom 已解析 0 篇文章
2023-10-30 00:33:49,730 - default - INFO - Parse: https://www.ebayinc.com/stories/blogs/tech/rss/
2023-10-30 00:33:50,745 - default - INFO - End: https://www.ebayinc.com/stories/blogs/tech/rss/ 已解析 0 篇文章
2023-10-30 00:33:50,745 - default - INFO - Parse: http://feeds.feedburner.com/GoogleOnlineSecurityBlog
2023-10-30 00:33:51,441 - default - INFO - End: http://feeds.feedburner.com/GoogleOnlineSecurityBlog 已解析 0 篇文章
2023-10-30 00:33:51,441 - default - INFO - Parse: https://galois.com/feed/
2023-10-30 00:33:51,899 - default - INFO - End: https://galois.com/feed/ 已解析 0 篇文章
2023-10-30 00:33:51,899 - default - INFO - Parse: https://githubengineering.com/atom.xml
2023-10-30 00:33:52,310 - default - INFO - End: https://githubengineering.com/atom.xml 已解析 0 篇文章
2023-10-30 00:33:52,310 - default - INFO - Parse: https://blog.digitalocean.com/rss/
2023-10-30 00:33:53,494 - default - INFO - 解析 https://blog.digitalocean.com/rss/ 失败 application/octet-stream is not an XML media type
2023-10-30 00:33:53,494 - default - INFO - End: https://blog.digitalocean.com/rss/ 已解析 0 篇文章
2023-10-30 00:33:53,494 - default - INFO - Parse: https://www.hashicorp.com/blog/feed.xml
2023-10-30 00:33:53,793 - default - INFO - End: https://www.hashicorp.com/blog/feed.xml 已解析 0 篇文章
2023-10-30 00:33:53,793 - default - INFO - Parse: https://collectiveidea.com/blog/feed/
2023-10-30 00:33:54,531 - default - INFO - End: https://collectiveidea.com/blog/feed/ 已解析 0 篇文章
2023-10-30 00:33:54,532 - default - INFO - Parse: http://feeds.feedburner.com/blogspot/gJZg
2023-10-30 00:33:55,327 - default - INFO - End: http://feeds.feedburner.com/blogspot/gJZg 已解析 0 篇文章
2023-10-30 00:33:55,327 - default - INFO - Parse: http://engineering.grab.com/feed.xml
2023-10-30 00:33:55,665 - default - INFO - End: http://engineering.grab.com/feed.xml 已解析 0 篇文章
2023-10-30 00:33:55,665 - default - INFO - Parse: https://engineering.gusto.com/rss/
2023-10-30 00:33:55,933 - default - INFO - End: https://engineering.gusto.com/rss/ 已解析 0 篇文章
2023-10-30 00:33:55,933 - default - INFO - Parse: https://www.hostinger.com/blog/feed/
2023-10-30 00:33:56,355 - default - INFO - End: https://www.hostinger.com/blog/feed/ 已解析 0 篇文章
2023-10-30 00:33:56,356 - default - INFO - Parse: https://engineering.doximity.com/feed
2023-10-30 00:33:57,680 - default - INFO - End: https://engineering.doximity.com/feed 已解析 0 篇文章
2023-10-30 00:33:57,681 - default - INFO - Parse: https://www.cockroachlabs.com/blog/index.xml
2023-10-30 00:33:58,392 - default - INFO - End: https://www.cockroachlabs.com/blog/index.xml 已解析 0 篇文章
2023-10-30 00:33:58,392 - default - INFO - Parse: https://product.hubspot.com/blog/rss.xml
2023-10-30 00:33:58,595 - default - INFO - End: https://product.hubspot.com/blog/rss.xml 已解析 0 篇文章
2023-10-30 00:33:58,595 - default - INFO - Parse: https://lambda.grofers.com/feed
2023-10-30 00:33:59,141 - default - INFO - End: https://lambda.grofers.com/feed 已解析 0 篇文章
2023-10-30 00:33:59,141 - default - INFO - Parse: https://dropbox.tech/feed
2023-10-30 00:34:00,269 - default - INFO - End: https://dropbox.tech/feed 已解析 0 篇文章
2023-10-30 00:34:00,270 - default - INFO - Parse: https://engineering.hashnode.com/rss.xml
2023-10-30 00:34:00,887 - default - INFO - 解析 https://engineering.hashnode.com/rss.xml 失败 document declared as us-ascii, but parsed as utf-8
2023-10-30 00:34:00,888 - default - INFO - End: https://engineering.hashnode.com/rss.xml 已解析 0 篇文章
2023-10-30 00:34:00,888 - default - INFO - Parse: https://kinvolk.io/blog/index.xml
2023-10-30 00:34:01,206 - default - INFO - 解析 https://kinvolk.io/blog/index.xml 失败 document declared as us-ascii, but parsed as utf-8
2023-10-30 00:34:01,207 - default - INFO - End: https://kinvolk.io/blog/index.xml 已解析 0 篇文章
2023-10-30 00:34:01,208 - default - INFO - Parse: https://tech.instacart.com/feed
2023-10-30 00:34:01,656 - default - INFO - End: https://tech.instacart.com/feed 已解析 0 篇文章
2023-10-30 00:34:01,656 - default - INFO - Parse: https://kolosek.com/rss/
2023-10-30 00:34:01,892 - default - INFO - 解析 https://kolosek.com/rss/ 失败 <unknown>:19:18: not well-formed (invalid token)
2023-10-30 00:34:01,892 - default - INFO - End: https://kolosek.com/rss/ 已解析 0 篇文章
2023-10-30 00:34:01,892 - default - INFO - Parse: https://blog.heroku.com/engineering/feed
2023-10-30 00:34:02,472 - default - INFO - End: https://blog.heroku.com/engineering/feed 已解析 0 篇文章
2023-10-30 00:34:02,472 - default - INFO - Parse: https://hashrocket.com/blog.rss
2023-10-30 00:34:03,078 - default - INFO - End: https://hashrocket.com/blog.rss 已解析 0 篇文章
2023-10-30 00:34:03,079 - default - INFO - Parse: https://jobandtalent.engineering/feed
2023-10-30 00:34:03,606 - default - INFO - End: https://jobandtalent.engineering/feed 已解析 0 篇文章
2023-10-30 00:34:03,606 - default - INFO - Parse: https://blog.imgur.com/feed/
2023-10-30 00:34:04,338 - default - INFO - End: https://blog.imgur.com/feed/ 已解析 0 篇文章
2023-10-30 00:34:04,338 - default - INFO - Parse: https://nordicapis.com/feed/
2023-10-30 00:34:05,130 - default - INFO - End: https://nordicapis.com/feed/ 已解析 0 篇文章
2023-10-30 00:34:05,130 - default - INFO - Parse: https://blog.novoda.com/rss/
2023-10-30 00:34:06,004 - default - INFO - End: https://blog.novoda.com/rss/ 已解析 0 篇文章
2023-10-30 00:34:06,004 - default - INFO - Parse: https://developer.okta.com/feed.xml
2023-10-30 00:34:06,811 - default - INFO - End: https://developer.okta.com/feed.xml 已解析 0 篇文章
2023-10-30 00:34:06,812 - default - INFO - Parse: https://eng.lyft.com/feed
2023-10-30 00:34:07,303 - default - INFO - End: https://eng.lyft.com/feed 已解析 0 篇文章
2023-10-30 00:34:07,303 - default - INFO - Parse: http://blog.memsql.com/feed/
2023-10-30 00:34:07,720 - default - INFO - 解析 http://blog.memsql.com/feed/ 失败 document declared as us-ascii, but parsed as utf-8
2023-10-30 00:34:07,721 - default - INFO - End: http://blog.memsql.com/feed/ 已解析 0 篇文章
2023-10-30 00:34:07,721 - default - INFO - Parse: https://engineering.mixpanel.com/feed/
2023-10-30 00:34:08,147 - default - INFO - End: https://engineering.mixpanel.com/feed/ 已解析 0 篇文章
2023-10-30 00:34:08,147 - default - INFO - Parse: https://medium.engineering/feed
2023-10-30 00:34:08,607 - default - INFO - End: https://medium.engineering/feed 已解析 0 篇文章
2023-10-30 00:34:08,607 - default - INFO - Parse: http://blog.apps.npr.org/atom.xml
2023-10-30 00:34:09,946 - default - INFO - 解析 http://blog.apps.npr.org/atom.xml 失败 <unknown>:1172:54: undefined entity
2023-10-30 00:34:09,946 - default - INFO - End: http://blog.apps.npr.org/atom.xml 已解析 0 篇文章
2023-10-30 00:34:09,946 - default - INFO - Parse: https://engblog.nextdoor.com/feed
2023-10-30 00:34:10,393 - default - INFO - End: https://engblog.nextdoor.com/feed 已解析 0 篇文章
2023-10-30 00:34:10,394 - default - INFO - Parse: https://hacks.mozilla.org/feed/
2023-10-30 00:34:11,246 - default - INFO - End: https://hacks.mozilla.org/feed/ 已解析 0 篇文章
2023-10-30 00:34:11,247 - default - INFO - Parse: https://developers.redhat.com/blog/feed/atom/
2023-10-30 00:34:11,834 - default - INFO - End: https://developers.redhat.com/blog/feed/atom/ 已解析 0 篇文章
2023-10-30 00:34:11,834 - default - INFO - Parse: https://tech.olx.com/feed
2023-10-30 00:34:12,294 - default - INFO - End: https://tech.olx.com/feed 已解析 0 篇文章
2023-10-30 00:34:12,294 - default - INFO - Parse: https://postmarkapp.com/blog/feed.atom
2023-10-30 00:34:13,228 - default - INFO - End: https://postmarkapp.com/blog/feed.atom 已解析 0 篇文章
2023-10-30 00:34:13,228 - default - INFO - Parse: http://engineering.remind.com/feed.xml
2023-10-30 00:34:13,646 - default - INFO - End: http://engineering.remind.com/feed.xml 已解析 0 篇文章
2023-10-30 00:34:13,646 - default - INFO - Parse: https://tech.showmax.com/feed.xml
2023-10-30 00:34:15,301 - default - INFO - End: https://tech.showmax.com/feed.xml 已解析 0 篇文章
2023-10-30 00:34:15,301 - default - INFO - Parse: https://multithreaded.stitchfix.com/feed.xml
2023-10-30 00:34:15,650 - default - INFO - End: https://multithreaded.stitchfix.com/feed.xml 已解析 0 篇文章
2023-10-30 00:34:15,650 - default - INFO - Parse: https://labs.spotify.com/feed/
2023-10-30 00:34:16,800 - default - INFO - End: https://labs.spotify.com/feed/ 已解析 0 篇文章
2023-10-30 00:34:16,800 - default - INFO - Parse: https://www.stridenyc.com/blog/rss.xml
2023-10-30 00:34:17,077 - default - INFO - End: https://www.stridenyc.com/blog/rss.xml 已解析 0 篇文章
2023-10-30 00:34:17,078 - default - INFO - Parse: https://technology.skybettingandgaming.com/feed.xml
2023-10-30 00:34:17,395 - default - INFO - End: https://technology.skybettingandgaming.com/feed.xml 已解析 0 篇文章
2023-10-30 00:34:17,395 - default - INFO - Parse: https://umbrella.cisco.com/blog/feed/
2023-10-30 00:34:17,800 - default - INFO - End: https://umbrella.cisco.com/blog/feed/ 已解析 0 篇文章
2023-10-30 00:34:17,800 - default - INFO - Parse: https://www.surveymonkey.com/feed/
2023-10-30 00:34:18,215 - default - INFO - End: https://www.surveymonkey.com/feed/ 已解析 0 篇文章
2023-10-30 00:34:18,215 - default - INFO - Parse: https://engineering.prezi.com/feed
2023-10-30 00:34:18,648 - default - INFO - End: https://engineering.prezi.com/feed 已解析 0 篇文章
2023-10-30 00:34:18,648 - default - INFO - Parse: https://semaphoreci.com/community/tutorials.atom
2023-10-30 00:34:19,524 - default - INFO - End: https://semaphoreci.com/community/tutorials.atom 已解析 0 篇文章
2023-10-30 00:34:19,524 - default - INFO - Parse: https://developer.salesforce.com/blogs/feed
2023-10-30 00:34:19,818 - default - INFO - End: https://developer.salesforce.com/blogs/feed 已解析 0 篇文章
2023-10-30 00:34:19,819 - default - INFO - Parse: https://mesosphere.com/feed/
2023-10-30 00:34:20,520 - default - INFO - End: https://mesosphere.com/feed/ 已解析 0 篇文章
2023-10-30 00:34:20,520 - default - INFO - Parse: https://feeds.feedburner.com/GiantRobotsSmashingIntoOtherGiantRobots
2023-10-30 00:34:20,690 - default - INFO - End: https://feeds.feedburner.com/GiantRobotsSmashingIntoOtherGiantRobots 已解析 0 篇文章
2023-10-30 00:34:20,690 - default - INFO - Parse: https://www.toptal.com/blog.rss
2023-10-30 00:34:20,979 - default - INFO - End: https://www.toptal.com/blog.rss 已解析 0 篇文章
2023-10-30 00:34:20,979 - default - INFO - Parse: https://slack.engineering/feed
2023-10-30 00:34:21,258 - default - INFO - End: https://slack.engineering/feed 已解析 0 篇文章
2023-10-30 00:34:21,258 - default - INFO - Parse: http://semaphoreci.com/blog/engineering.xml
2023-10-30 00:34:22,173 - default - INFO - End: http://semaphoreci.com/blog/engineering.xml 已解析 0 篇文章
2023-10-30 00:34:22,174 - default - INFO - Parse: https://blog.siftscience.com/feed/
2023-10-30 00:34:22,876 - default - INFO - End: https://blog.siftscience.com/feed/ 已解析 0 篇文章
2023-10-30 00:34:22,876 - default - INFO - Parse: https://stackoverflow.blog/feed/
2023-10-30 00:34:23,001 - default - INFO - End: https://stackoverflow.blog/feed/ 已解析 0 篇文章
2023-10-30 00:34:23,002 - default - INFO - Parse: http://techblog.thescore.com/feed.xml
2023-10-30 00:34:24,796 - default - INFO - 解析 http://techblog.thescore.com/feed.xml 失败 <unknown>:1500:26: not well-formed (invalid token)
2023-10-30 00:34:24,796 - default - INFO - End: http://techblog.thescore.com/feed.xml 已解析 0 篇文章
2023-10-30 00:34:24,796 - default - INFO - Parse: https://tech.trivago.com/index.xml
2023-10-30 00:34:25,238 - default - INFO - End: https://tech.trivago.com/index.xml 已解析 0 篇文章
2023-10-30 00:34:25,238 - default - INFO - Parse: https://www.thoughtworks.com/rss/insights.xml
2023-10-30 00:34:28,408 - default - INFO - End: https://www.thoughtworks.com/rss/insights.xml 已解析 0 篇文章
2023-10-30 00:34:28,408 - default - INFO - Parse: https://bytes.swiggy.com/feed
2023-10-30 00:34:28,842 - default - INFO - End: https://bytes.swiggy.com/feed 已解析 0 篇文章
2023-10-30 00:34:28,843 - default - INFO - Parse: http://engineering.vinted.com//atom.xml
2023-10-30 00:34:29,315 - default - INFO - End: http://engineering.vinted.com//atom.xml 已解析 0 篇文章
2023-10-30 00:34:29,315 - default - INFO - Parse: https://developers.soundcloud.com/blog.rss
2023-10-30 00:34:33,055 - default - INFO - End: https://developers.soundcloud.com/blog.rss 已解析 0 篇文章
2023-10-30 00:34:33,055 - default - INFO - Parse: https://blog.timescale.com/feed
2023-10-30 00:34:33,768 - default - INFO - End: https://blog.timescale.com/feed 已解析 0 篇文章
2023-10-30 00:34:33,768 - default - INFO - Parse: https://engineering.tumblr.com/rss
2023-10-30 00:34:34,020 - default - INFO - End: https://engineering.tumblr.com/rss 已解析 0 篇文章
2023-10-30 00:34:34,020 - default - INFO - Parse: http://eng.wealthfront.com/feed/
2023-10-30 00:34:34,706 - default - INFO - End: http://eng.wealthfront.com/feed/ 已解析 0 篇文章
2023-10-30 00:34:34,706 - default - INFO - Parse: https://www.sitepoint.com/feed/
2023-10-30 00:34:35,726 - default - INFO - 文章较短，不需要总结
2023-10-30 00:34:35,727 - default - INFO - End: https://www.sitepoint.com/feed/ 已解析 1 篇文章
2023-10-30 00:34:35,727 - default - INFO - Parse: https://stripe.com/blog/feed.rss
2023-10-30 00:34:36,584 - default - INFO - End: https://stripe.com/blog/feed.rss 已解析 0 篇文章
2023-10-30 00:34:36,585 - default - INFO - Parse: http://engineering.wingify.com/atom.xml
2023-10-30 00:34:38,480 - default - INFO - End: http://engineering.wingify.com/atom.xml 已解析 0 篇文章
2023-10-30 00:34:38,481 - default - INFO - Parse: https://infrequently.org/feed/
2023-10-30 00:34:39,095 - default - INFO - End: https://infrequently.org/feed/ 已解析 0 篇文章
2023-10-30 00:34:39,095 - default - INFO - Parse: https://www.amitmerchant.com/feed.xml
2023-10-30 00:34:39,368 - default - INFO - End: https://www.amitmerchant.com/feed.xml 已解析 0 篇文章
2023-10-30 00:34:39,369 - default - INFO - Parse: https://buildingvts.com/feed
2023-10-30 00:34:39,746 - default - INFO - End: https://buildingvts.com/feed 已解析 0 篇文章
2023-10-30 00:34:39,747 - default - INFO - Parse: http://addyosmani.com/rss.xml
2023-10-30 00:34:39,996 - default - INFO - End: http://addyosmani.com/rss.xml 已解析 0 篇文章
2023-10-30 00:34:39,997 - default - INFO - Parse: https://engineeringblog.yelp.com/feed.xml
2023-10-30 00:34:40,185 - default - INFO - 解析 https://engineeringblog.yelp.com/feed.xml 失败 document declared as us-ascii, but parsed as utf-8
2023-10-30 00:34:40,186 - default - INFO - End: https://engineeringblog.yelp.com/feed.xml 已解析 0 篇文章
2023-10-30 00:34:40,186 - default - INFO - Parse: https://alanstorm.com/feed/feed.xml
2023-10-30 00:34:40,836 - default - INFO - 解析 https://alanstorm.com/feed/feed.xml 失败 <unknown>:124:0: junk after document element
2023-10-30 00:34:40,837 - default - INFO - End: https://alanstorm.com/feed/feed.xml 已解析 0 篇文章
2023-10-30 00:34:40,837 - default - INFO - Parse: https://ariya.io/index.xml
2023-10-30 00:34:41,011 - default - INFO - End: https://ariya.io/index.xml 已解析 0 篇文章
2023-10-30 00:34:41,011 - default - INFO - Parse: https://tech.xing.com/feed
2023-10-30 00:34:42,348 - default - INFO - End: https://tech.xing.com/feed 已解析 0 篇文章
2023-10-30 00:34:42,348 - default - INFO - Parse: http://tenderlovemaking.com/atom.xml
2023-10-30 00:34:42,975 - default - INFO - End: http://tenderlovemaking.com/atom.xml 已解析 0 篇文章
2023-10-30 00:34:42,975 - default - INFO - Parse: https://www.devroom.io/index.xml
2023-10-30 00:34:44,038 - default - INFO - 解析 https://www.devroom.io/index.xml 失败 document declared as us-ascii, but parsed as utf-8
2023-10-30 00:34:44,039 - default - INFO - End: https://www.devroom.io/index.xml 已解析 0 篇文章
2023-10-30 00:34:44,039 - default - INFO - Parse: https://carlosbecker.com/index.xml
2023-10-30 00:34:44,364 - default - INFO - End: https://carlosbecker.com/index.xml 已解析 0 篇文章
2023-10-30 00:34:44,364 - default - INFO - Parse: https://developerblog.zendesk.com/feed
2023-10-30 00:34:44,737 - default - INFO - End: https://developerblog.zendesk.com/feed 已解析 0 篇文章
2023-10-30 00:34:44,738 - default - INFO - Parse: https://bohops.com/feed/
2023-10-30 00:34:45,040 - default - INFO - End: https://bohops.com/feed/ 已解析 0 篇文章
2023-10-30 00:34:45,040 - default - INFO - Parse: http://lucumr.pocoo.org/feed.atom
2023-10-30 00:34:47,048 - default - INFO - End: http://lucumr.pocoo.org/feed.atom 已解析 0 篇文章
2023-10-30 00:34:47,048 - default - INFO - Parse: http://nullprogram.com/feed/
2023-10-30 00:34:47,499 - default - INFO - End: http://nullprogram.com/feed/ 已解析 0 篇文章
2023-10-30 00:34:47,500 - default - INFO - Parse: https://code.dblock.org/feed.xml
2023-10-30 00:34:48,358 - default - INFO - End: https://code.dblock.org/feed.xml 已解析 0 篇文章
2023-10-30 00:34:48,358 - default - INFO - Parse: http://www.brendangregg.com/blog/rss.xml
2023-10-30 00:34:48,911 - default - INFO - End: http://www.brendangregg.com/blog/rss.xml 已解析 0 篇文章
2023-10-30 00:34:48,911 - default - INFO - Parse: https://www.dereuromark.de/feed/
2023-10-30 00:34:49,774 - default - INFO - End: https://www.dereuromark.de/feed/ 已解析 0 篇文章
2023-10-30 00:34:49,774 - default - INFO - Parse: https://domenicoluciani.com/feed.xml
2023-10-30 00:34:50,027 - default - INFO - End: https://domenicoluciani.com/feed.xml 已解析 0 篇文章
2023-10-30 00:34:50,028 - default - INFO - Parse: https://blog.filippo.io/rss/
2023-10-30 00:34:50,610 - default - INFO - End: https://blog.filippo.io/rss/ 已解析 0 篇文章
2023-10-30 00:34:50,610 - default - INFO - Parse: https://hookrace.net/blog/feed/
2023-10-30 00:34:53,066 - default - INFO - End: https://hookrace.net/blog/feed/ 已解析 0 篇文章
2023-10-30 00:34:53,066 - default - INFO - Parse: https://dotdev.co/feed/
2023-10-30 00:34:53,197 - default - INFO - End: https://dotdev.co/feed/ 已解析 0 篇文章
2023-10-30 00:34:53,197 - default - INFO - Parse: https://ericlippert.com/feed/
2023-10-30 00:34:53,367 - default - INFO - End: https://ericlippert.com/feed/ 已解析 0 篇文章
2023-10-30 00:34:53,368 - default - INFO - Parse: https://tomassetti.me/feed/
2023-10-30 00:34:53,741 - default - INFO - End: https://tomassetti.me/feed/ 已解析 0 篇文章
2023-10-30 00:34:53,741 - default - INFO - Parse: http://www.evanjones.ca/index.rss
2023-10-30 00:34:53,988 - default - INFO - End: http://www.evanjones.ca/index.rss 已解析 0 篇文章
2023-10-30 00:34:53,988 - default - INFO - Parse: https://deanhume.com/rss/
2023-10-30 00:34:54,602 - default - INFO - End: https://deanhume.com/rss/ 已解析 0 篇文章
2023-10-30 00:34:54,602 - default - INFO - Parse: http://feeds.feedburner.com/HighScalability
2023-10-30 00:34:54,760 - default - INFO - End: http://feeds.feedburner.com/HighScalability 已解析 0 篇文章
2023-10-30 00:34:54,760 - default - INFO - Parse: https://erikrunyon.com/feed.xml
2023-10-30 00:34:55,105 - default - INFO - End: https://erikrunyon.com/feed.xml 已解析 0 篇文章
2023-10-30 00:34:55,105 - default - INFO - Parse: https://drewdevault.com/feed.xml
2023-10-30 00:34:56,061 - default - INFO - End: https://drewdevault.com/feed.xml 已解析 0 篇文章
2023-10-30 00:34:56,061 - default - INFO - Parse: https://www.chenhuijing.com/feed.xml
2023-10-30 00:34:56,839 - default - INFO - End: https://www.chenhuijing.com/feed.xml 已解析 0 篇文章
2023-10-30 00:34:56,839 - default - INFO - Parse: https://www.metachris.com/index.xml
2023-10-30 00:34:57,047 - default - INFO - End: https://www.metachris.com/index.xml 已解析 0 篇文章
2023-10-30 00:34:57,047 - default - INFO - Parse: https://elegantcode.com/feed/
2023-10-30 00:34:57,221 - default - INFO - End: https://elegantcode.com/feed/ 已解析 0 篇文章
2023-10-30 00:34:57,221 - default - INFO - Parse: https://conductofcode.io/feed.xml
2023-10-30 00:34:57,568 - default - INFO - End: https://conductofcode.io/feed.xml 已解析 0 篇文章
2023-10-30 00:34:57,568 - default - INFO - Parse: https://glebbahmutov.com/blog/atom.xml
2023-10-30 00:34:59,116 - default - INFO - End: https://glebbahmutov.com/blog/atom.xml 已解析 0 篇文章
2023-10-30 00:34:59,116 - default - INFO - Parse: https://eli.thegreenplace.net/feeds/all.atom.xml
2023-10-30 00:34:59,852 - default - INFO - End: https://eli.thegreenplace.net/feeds/all.atom.xml 已解析 0 篇文章
2023-10-30 00:34:59,852 - default - INFO - Parse: https://henrikwarne.com/feed/
2023-10-30 00:35:00,053 - default - INFO - End: https://henrikwarne.com/feed/ 已解析 0 篇文章
2023-10-30 00:35:00,053 - default - INFO - Parse: https://davidwalsh.name/feed/atom
2023-10-30 00:35:00,729 - default - INFO - End: https://davidwalsh.name/feed/atom 已解析 0 篇文章
2023-10-30 00:35:00,729 - default - INFO - Parse: https://jeremykun.com/feed/
2023-10-30 00:35:00,910 - default - INFO - End: https://jeremykun.com/feed/ 已解析 0 篇文章
2023-10-30 00:35:00,911 - default - INFO - Parse: https://tympanus.net/codrops/rss
2023-10-30 00:35:02,277 - default - INFO - End: https://tympanus.net/codrops/rss 已解析 0 篇文章
2023-10-30 00:35:02,277 - default - INFO - Parse: http://jakewharton.com/feed.xml
2023-10-30 00:35:04,057 - default - INFO - End: http://jakewharton.com/feed.xml 已解析 0 篇文章
2023-10-30 00:35:04,057 - default - INFO - Parse: https://jes.al/atom.xml
2023-10-30 00:35:04,373 - default - INFO - End: https://jes.al/atom.xml 已解析 0 篇文章
2023-10-30 00:35:04,373 - default - INFO - Parse: https://jvns.ca/atom.xml
2023-10-30 00:35:05,076 - default - INFO - End: https://jvns.ca/atom.xml 已解析 0 篇文章
2023-10-30 00:35:05,077 - default - INFO - Parse: https://codeblog.jonskeet.uk/feed/
2023-10-30 00:35:05,333 - default - INFO - End: https://codeblog.jonskeet.uk/feed/ 已解析 0 篇文章
2023-10-30 00:35:05,333 - default - INFO - Parse: https://adambard.com/blog/feed.xml
2023-10-30 00:35:05,514 - default - INFO - End: https://adambard.com/blog/feed.xml 已解析 0 篇文章
2023-10-30 00:35:05,514 - default - INFO - Parse: https://useyourloaf.com/blog/rss.xml
2023-10-30 00:35:05,881 - default - INFO - End: https://useyourloaf.com/blog/rss.xml 已解析 0 篇文章
2023-10-30 00:35:05,881 - default - INFO - Parse: https://jerrygamblin.com/feed/
2023-10-30 00:35:06,397 - default - INFO - End: https://jerrygamblin.com/feed/ 已解析 0 篇文章
2023-10-30 00:35:06,397 - default - INFO - Parse: https://idea.popcount.org/rss.xml
2023-10-30 00:35:07,162 - default - INFO - End: https://idea.popcount.org/rss.xml 已解析 0 篇文章
2023-10-30 00:35:07,162 - default - INFO - Parse: https://maryrosecook.com/blog/feed.xml
2023-10-30 00:35:07,415 - default - INFO - 解析 https://maryrosecook.com/blog/feed.xml 失败 document declared as us-ascii, but parsed as utf-8
2023-10-30 00:35:07,416 - default - INFO - End: https://maryrosecook.com/blog/feed.xml 已解析 0 篇文章
2023-10-30 00:35:07,416 - default - INFO - Parse: https://begriffs.com/atom.xml
2023-10-30 00:35:09,171 - default - INFO - 解析 https://begriffs.com/atom.xml 失败 document declared as us-ascii, but parsed as utf-8
2023-10-30 00:35:09,172 - default - INFO - End: https://begriffs.com/atom.xml 已解析 0 篇文章
2023-10-30 00:35:09,172 - default - INFO - Parse: http://matt.might.net/articles/feed.rss
2023-10-30 00:35:09,628 - default - INFO - End: http://matt.might.net/articles/feed.rss 已解析 0 篇文章
2023-10-30 00:35:09,629 - default - INFO - Parse: https://martinfowler.com/feed.atom
2023-10-30 00:35:09,912 - default - INFO - End: https://martinfowler.com/feed.atom 已解析 0 篇文章
2023-10-30 00:35:09,912 - default - INFO - Parse: https://blog.sleeplessbeastie.eu/feed.xml
2023-10-30 00:35:12,746 - default - INFO - End: https://blog.sleeplessbeastie.eu/feed.xml 已解析 0 篇文章
2023-10-30 00:35:12,746 - default - INFO - Parse: https://blog.cryptographyengineering.com/feed/
2023-10-30 00:35:13,184 - default - INFO - End: https://blog.cryptographyengineering.com/feed/ 已解析 0 篇文章
2023-10-30 00:35:13,184 - default - INFO - Parse: http://blog.fogus.me/feed/
2023-10-30 00:35:14,208 - default - INFO - End: http://blog.fogus.me/feed/ 已解析 0 篇文章
2023-10-30 00:35:14,208 - default - INFO - Parse: https://blog.rinesi.com/feed/
2023-10-30 00:35:15,119 - default - WARNING - Summarize failed. 该令牌状态不可用
2023-10-30 00:35:15,123 - default - INFO - 文章较短，不需要总结
2023-10-30 00:35:15,124 - default - INFO - End: https://blog.rinesi.com/feed/ 已解析 2 篇文章
2023-10-30 00:35:15,124 - default - INFO - Parse: https://snook.ca/jonathan/index.rdf
2023-10-30 00:35:15,323 - default - INFO - End: https://snook.ca/jonathan/index.rdf 已解析 0 篇文章
2023-10-30 00:35:15,323 - default - INFO - Parse: https://www.mattcutts.com/blog/feed/
2023-10-30 00:35:15,683 - default - INFO - End: https://www.mattcutts.com/blog/feed/ 已解析 0 篇文章
2023-10-30 00:35:15,683 - default - INFO - Parse: http://www.windytan.com/feeds/posts/default
2023-10-30 00:35:16,257 - default - INFO - End: http://www.windytan.com/feeds/posts/default 已解析 0 篇文章
2023-10-30 00:35:16,257 - default - INFO - Parse: https://aphyr.com/posts.atom
2023-10-30 00:35:17,648 - default - INFO - End: https://aphyr.com/posts.atom 已解析 0 篇文章
2023-10-30 00:35:17,648 - default - INFO - Parse: http://blog.pamelafox.org/feeds/posts/default
2023-10-30 00:35:18,110 - default - INFO - End: http://blog.pamelafox.org/feeds/posts/default 已解析 0 篇文章
2023-10-30 00:35:18,110 - default - INFO - Parse: https://oleb.net/blog/atom.xml
2023-10-30 00:35:18,505 - default - INFO - End: https://oleb.net/blog/atom.xml 已解析 0 篇文章
2023-10-30 00:35:18,505 - default - INFO - Parse: https://blogs.msdn.microsoft.com/oldnewthing/feed
2023-10-30 00:35:18,954 - default - INFO - End: https://blogs.msdn.microsoft.com/oldnewthing/feed 已解析 0 篇文章
2023-10-30 00:35:18,954 - default - INFO - Parse: https://realpython.com/atom.xml
2023-10-30 00:35:19,344 - default - INFO - End: https://realpython.com/atom.xml 已解析 0 篇文章
2023-10-30 00:35:19,345 - default - INFO - Parse: http://blog.cleancoder.com/atom.xml
2023-10-30 00:35:19,561 - default - INFO - End: http://blog.cleancoder.com/atom.xml 已解析 0 篇文章
2023-10-30 00:35:19,561 - default - INFO - Parse: https://akrabat.com/feed/
2023-10-30 00:35:20,142 - default - INFO - End: https://akrabat.com/feed/ 已解析 0 篇文章
2023-10-30 00:35:20,142 - default - INFO - Parse: https://www.thepolyglotdeveloper.com/blog/index.xml
2023-10-30 00:35:21,709 - default - INFO - End: https://www.thepolyglotdeveloper.com/blog/index.xml 已解析 0 篇文章
2023-10-30 00:35:21,709 - default - INFO - Parse: https://eviltrout.com/feed.xml
2023-10-30 00:35:22,097 - default - INFO - End: https://eviltrout.com/feed.xml 已解析 0 篇文章
2023-10-30 00:35:22,097 - default - INFO - Parse: https://joshtronic.com/atom.xml
2023-10-30 00:35:30,272 - default - INFO - End: https://joshtronic.com/atom.xml 已解析 0 篇文章
2023-10-30 00:35:30,272 - default - INFO - Parse: http://feeds.hanselman.com/ScottHanselman
2023-10-30 00:35:30,796 - default - INFO - End: http://feeds.hanselman.com/ScottHanselman 已解析 0 篇文章
2023-10-30 00:35:30,796 - default - INFO - Parse: https://blog.nelhage.com/atom.xml
2023-10-30 00:35:31,267 - default - INFO - End: https://blog.nelhage.com/atom.xml 已解析 0 篇文章
2023-10-30 00:35:31,267 - default - INFO - Parse: http://blog.rtwilson.com/feed/
2023-10-30 00:35:31,840 - default - INFO - End: http://blog.rtwilson.com/feed/ 已解析 0 篇文章
2023-10-30 00:35:31,840 - default - INFO - Parse: http://www.catonmat.net/feed/
2023-10-30 00:35:32,554 - default - INFO - 文章较短，不需要总结
2023-10-30 00:35:32,555 - default - INFO - End: http://www.catonmat.net/feed/ 已解析 1 篇文章
2023-10-30 00:35:32,555 - default - INFO - Parse: https://neverfriday.com/feed/
2023-10-30 00:35:34,024 - default - INFO - End: https://neverfriday.com/feed/ 已解析 0 篇文章
2023-10-30 00:35:34,024 - default - INFO - Parse: http://thedailywtf.com/rss
2023-10-30 00:35:34,577 - default - INFO - End: http://thedailywtf.com/rss 已解析 0 篇文章
2023-10-30 00:35:34,577 - default - INFO - Parse: https://vladmihalcea.com/feed/
2023-10-30 00:35:34,763 - default - INFO - End: https://vladmihalcea.com/feed/ 已解析 0 篇文章
2023-10-30 00:35:34,764 - default - INFO - Parse: https://www.yegor256.com/rss.xml
2023-10-30 00:35:35,059 - default - INFO - End: https://www.yegor256.com/rss.xml 已解析 0 篇文章
2023-10-30 00:35:35,060 - default - INFO - Parse: https://muffinman.io/atom.xml
2023-10-30 00:35:37,737 - default - INFO - End: https://muffinman.io/atom.xml 已解析 0 篇文章
2023-10-30 00:35:37,738 - default - INFO - Parse: https://www.ardanlabs.com/blog/index.xml
2023-10-30 00:35:38,067 - default - INFO - End: https://www.ardanlabs.com/blog/index.xml 已解析 0 篇文章
2023-10-30 00:35:38,067 - default - INFO - Parse: https://blog.getbootstrap.com/feed.xml
2023-10-30 00:35:38,341 - default - INFO - End: https://blog.getbootstrap.com/feed.xml 已解析 0 篇文章
2023-10-30 00:35:38,341 - default - INFO - Parse: https://zachholman.com/atom.xml
2023-10-30 00:35:38,698 - default - INFO - End: https://zachholman.com/atom.xml 已解析 0 篇文章
2023-10-30 00:35:38,698 - default - INFO - Parse: https://ipfs.io/blog/index.xml
2023-10-30 00:35:38,990 - default - INFO - End: https://ipfs.io/blog/index.xml 已解析 0 篇文章
2023-10-30 00:35:38,991 - default - INFO - Parse: https://blog.golang.org/feed.atom
2023-10-30 00:35:39,449 - default - INFO - End: https://blog.golang.org/feed.atom 已解析 0 篇文章
2023-10-30 00:35:39,450 - default - INFO - Parse: https://blog.jooq.org/feed/
2023-10-30 00:35:40,242 - default - INFO - End: https://blog.jooq.org/feed/ 已解析 0 篇文章
2023-10-30 00:35:40,242 - default - INFO - Parse: https://blogs.msdn.microsoft.com/dotnet/feed/
2023-10-30 00:35:40,696 - default - INFO - End: https://blogs.msdn.microsoft.com/dotnet/feed/ 已解析 0 篇文章
2023-10-30 00:35:40,696 - default - INFO - Parse: http://raganwald.com/atom.xml
2023-10-30 00:35:51,878 - default - INFO - End: http://raganwald.com/atom.xml 已解析 0 篇文章
2023-10-30 00:35:51,878 - default - INFO - Parse: https://blogs.windows.com/msedgedev/rss
2023-10-30 00:35:52,223 - default - INFO - End: https://blogs.windows.com/msedgedev/rss 已解析 0 篇文章
2023-10-30 00:35:52,223 - default - INFO - Parse: https://blog.jetbrains.com/kotlin/feed/
2023-10-30 00:35:52,500 - default - INFO - End: https://blog.jetbrains.com/kotlin/feed/ 已解析 0 篇文章
2023-10-30 00:35:52,500 - default - INFO - Parse: https://tania.dev/rss.xml
2023-10-30 00:35:54,287 - default - INFO - End: https://tania.dev/rss.xml 已解析 0 篇文章
2023-10-30 00:35:54,287 - default - INFO - Parse: https://swizec.com/blog/feed
2023-10-30 00:35:54,693 - default - INFO - End: https://swizec.com/blog/feed 已解析 0 篇文章
2023-10-30 00:35:55,421 - default - INFO - Aggregate 已新增 5 篇
2023-10-30 00:35:55,421 - default - INFO - Aggregate AI总结花费 {}
