2023-11-18 00:33:25,146 - default - INFO - Parse: https://goteleport.com/blog/rss.xml
2023-11-18 00:33:25,454 - default - INFO - End: https://goteleport.com/blog/rss.xml 已解析 0 篇文章
2023-11-18 00:33:25,454 - default - INFO - Parse: https://engineering.mercari.com/en/blog/feed.xml
2023-11-18 00:33:27,577 - default - INFO - End: https://engineering.mercari.com/en/blog/feed.xml 已解析 0 篇文章
2023-11-18 00:33:27,577 - default - INFO - Parse: https://blog.replit.com/feed.xml
2023-11-18 00:33:27,984 - default - INFO - End: https://blog.replit.com/feed.xml 已解析 0 篇文章
2023-11-18 00:33:27,984 - default - INFO - Parse: https://abhinavsarkar.net/tags/programming/feed.atom
2023-11-18 00:33:29,353 - default - INFO - End: https://abhinavsarkar.net/tags/programming/feed.atom 已解析 0 篇文章
2023-11-18 00:33:29,353 - default - INFO - Parse: https://httptoolkit.tech/rss.xml
2023-11-18 00:33:32,056 - default - INFO - End: https://httptoolkit.tech/rss.xml 已解析 0 篇文章
2023-11-18 00:33:32,057 - default - INFO - Parse: https://engineering.freeagent.com/feed/
2023-11-18 00:33:32,728 - default - INFO - End: https://engineering.freeagent.com/feed/ 已解析 0 篇文章
2023-11-18 00:33:32,728 - default - INFO - Parse: https://severalnines.com/rss.xml
2023-11-18 00:33:33,953 - default - INFO - End: https://severalnines.com/rss.xml 已解析 0 篇文章
2023-11-18 00:33:33,953 - default - INFO - Parse: https://learnk8s.io/rss.xml
2023-11-18 00:33:34,317 - default - INFO - End: https://learnk8s.io/rss.xml 已解析 0 篇文章
2023-11-18 00:33:34,317 - default - INFO - Parse: https://v8.dev/blog.atom
2023-11-18 00:33:34,646 - default - INFO - End: https://v8.dev/blog.atom 已解析 0 篇文章
2023-11-18 00:33:34,646 - default - INFO - Parse: https://technology.customink.com/feed.xml
2023-11-18 00:33:36,180 - default - INFO - 解析 https://technology.customink.com/feed.xml 失败 <unknown>:2727:89: not well-formed (invalid token)
2023-11-18 00:33:36,181 - default - INFO - End: https://technology.customink.com/feed.xml 已解析 0 篇文章
2023-11-18 00:33:36,181 - default - INFO - Parse: http://blog.avenuecode.com/rss.xml
2023-11-18 00:33:36,730 - default - INFO - 文章较短，不需要总结
2023-11-18 00:33:36,731 - default - INFO - End: http://blog.avenuecode.com/rss.xml 已解析 1 篇文章
2023-11-18 00:33:36,731 - default - INFO - Parse: https://8thlight.com/blog/feed/atom.xml
2023-11-18 00:33:37,353 - default - INFO - 解析 https://8thlight.com/blog/feed/atom.xml 失败 <unknown>:3:0: XML or text declaration not at start of entity
2023-11-18 00:33:37,353 - default - INFO - End: https://8thlight.com/blog/feed/atom.xml 已解析 0 篇文章
2023-11-18 00:33:37,353 - default - INFO - Parse: http://blog.arkency.com/atom.xml
2023-11-18 00:33:37,635 - default - INFO - End: http://blog.arkency.com/atom.xml 已解析 0 篇文章
2023-11-18 00:33:37,635 - default - INFO - Parse: http://artsy.github.io/feed
2023-11-18 00:33:37,805 - default - INFO - End: http://artsy.github.io/feed 已解析 0 篇文章
2023-11-18 00:33:37,805 - default - INFO - Parse: https://www.bigeng.io/rss/
2023-11-18 00:33:38,015 - default - INFO - End: https://www.bigeng.io/rss/ 已解析 0 篇文章
2023-11-18 00:33:38,015 - default - INFO - Parse: https://advancedweb.hu/atom.xml
2023-11-18 00:33:39,476 - default - INFO - End: https://advancedweb.hu/atom.xml 已解析 0 篇文章
2023-11-18 00:33:39,476 - default - INFO - Parse: https://auth0.com/blog/rss.xml
2023-11-18 00:33:39,597 - default - INFO - 解析 https://auth0.com/blog/rss.xml 失败 document declared as us-ascii, but parsed as utf-8
2023-11-18 00:33:39,597 - default - INFO - End: https://auth0.com/blog/rss.xml 已解析 0 篇文章
2023-11-18 00:33:39,597 - default - INFO - Parse: https://capgemini.github.io/feed.xml
2023-11-18 00:33:39,963 - default - INFO - End: https://capgemini.github.io/feed.xml 已解析 0 篇文章
2023-11-18 00:33:39,963 - default - INFO - Parse: https://aws.amazon.com/blogs/aws/feed/
2023-11-18 00:33:40,290 - default - INFO - End: https://aws.amazon.com/blogs/aws/feed/ 已解析 0 篇文章
2023-11-18 00:33:40,290 - default - INFO - Parse: https://code.blender.org/rss
2023-11-18 00:33:41,461 - default - INFO - 文章较短，不需要总结
2023-11-18 00:33:41,461 - default - INFO - End: https://code.blender.org/rss 已解析 1 篇文章
2023-11-18 00:33:41,461 - default - INFO - Parse: http://www.codenameone.com/feed.xml
2023-11-18 00:33:45,874 - default - INFO - End: http://www.codenameone.com/feed.xml 已解析 0 篇文章
2023-11-18 00:33:45,874 - default - INFO - Parse: https://spin.atomicobject.com/feed/
2023-11-18 00:33:47,351 - default - WARNING - Summarize failed. 该令牌额度已用尽
2023-11-18 00:33:47,351 - default - INFO - End: https://spin.atomicobject.com/feed/ 已解析 1 篇文章
2023-11-18 00:33:47,351 - default - INFO - Parse: https://blog.developer.bazaarvoice.com/feed/
2023-11-18 00:33:47,952 - default - INFO - End: https://blog.developer.bazaarvoice.com/feed/ 已解析 0 篇文章
2023-11-18 00:33:47,952 - default - INFO - Parse: https://blog.cloudflare.com/rss/
2023-11-18 00:33:48,895 - default - WARNING - Summarize failed. 该令牌额度已用尽
2023-11-18 00:33:48,896 - default - INFO - End: https://blog.cloudflare.com/rss/ 已解析 1 篇文章
2023-11-18 00:33:48,896 - default - INFO - Parse: https://developer.atlassian.com/blog/feed.xml
2023-11-18 00:33:49,508 - default - INFO - End: https://developer.atlassian.com/blog/feed.xml 已解析 0 篇文章
2023-11-18 00:33:49,508 - default - INFO - Parse: https://blog.cloudera.com/feed/
2023-11-18 00:33:50,404 - default - INFO - End: https://blog.cloudera.com/feed/ 已解析 0 篇文章
2023-11-18 00:33:50,405 - default - INFO - Parse: https://www.confluent.io/feed/
2023-11-18 00:33:50,482 - default - INFO - End: https://www.confluent.io/feed/ 已解析 0 篇文章
2023-11-18 00:33:50,482 - default - INFO - Parse: https://tech.buzzfeed.com/feed
2023-11-18 00:33:50,745 - default - INFO - End: https://tech.buzzfeed.com/feed 已解析 0 篇文章
2023-11-18 00:33:50,745 - default - INFO - Parse: https://engineering.brandwatch.com/rss/
2023-11-18 00:33:51,214 - default - INFO - End: https://engineering.brandwatch.com/rss/ 已解析 0 篇文章
2023-11-18 00:33:51,214 - default - INFO - Parse: https://benchling.engineering/feed
2023-11-18 00:33:51,412 - default - INFO - End: https://benchling.engineering/feed 已解析 0 篇文章
2023-11-18 00:33:51,412 - default - INFO - Parse: https://www.elastic.co/blog/feed
2023-11-18 00:33:51,633 - default - INFO - End: https://www.elastic.co/blog/feed 已解析 1 篇文章
2023-11-18 00:33:51,634 - default - INFO - Parse: http://deliveroo.engineering/feed.xml
2023-11-18 00:33:52,066 - default - INFO - End: http://deliveroo.engineering/feed.xml 已解析 0 篇文章
2023-11-18 00:33:52,066 - default - INFO - Parse: https://techblog.commercetools.com/feed
2023-11-18 00:33:52,516 - default - INFO - End: https://techblog.commercetools.com/feed 已解析 0 篇文章
2023-11-18 00:33:52,516 - default - INFO - Parse: https://databricks.com/feed
2023-11-18 00:33:52,680 - default - INFO - 文章较短，不需要总结
2023-11-18 00:33:52,680 - default - INFO - End: https://databricks.com/feed 已解析 1 篇文章
2023-11-18 00:33:52,680 - default - INFO - Parse: https://deezer.io/feed
2023-11-18 00:33:52,963 - default - INFO - End: https://deezer.io/feed 已解析 0 篇文章
2023-11-18 00:33:52,964 - default - INFO - Parse: https://engineering.fb.com/feed/
2023-11-18 00:33:53,223 - default - INFO - End: https://engineering.fb.com/feed/ 已解析 0 篇文章
2023-11-18 00:33:53,223 - default - INFO - Parse: https://codeascraft.com/feed/
2023-11-18 00:33:53,500 - default - INFO - 解析 https://codeascraft.com/feed/ 失败 text/html;charset=utf-8 is not an XML media type
2023-11-18 00:33:53,500 - default - INFO - End: https://codeascraft.com/feed/ 已解析 0 篇文章
2023-11-18 00:33:53,500 - default - INFO - Parse: https://medium.com/feed/feedzaitech
2023-11-18 00:33:53,719 - default - INFO - End: https://medium.com/feed/feedzaitech 已解析 0 篇文章
2023-11-18 00:33:53,719 - default - INFO - Parse: https://tech.findmypast.com/feed.xml
2023-11-18 00:33:53,962 - default - INFO - End: https://tech.findmypast.com/feed.xml 已解析 0 篇文章
2023-11-18 00:33:53,962 - default - INFO - Parse: https://code.fb.com/feed/
2023-11-18 00:33:54,377 - default - INFO - End: https://code.fb.com/feed/ 已解析 0 篇文章
2023-11-18 00:33:54,377 - default - INFO - Parse: https://www.eventbrite.com/engineering/feed/
2023-11-18 00:33:54,515 - default - INFO - End: https://www.eventbrite.com/engineering/feed/ 已解析 0 篇文章
2023-11-18 00:33:54,515 - default - INFO - Parse: https://evernote.com/blog/feed/
2023-11-18 00:33:54,724 - default - INFO - 解析 https://evernote.com/blog/feed/ 失败 <unknown>:2:0: not well-formed (invalid token)
2023-11-18 00:33:54,724 - default - INFO - End: https://evernote.com/blog/feed/ 已解析 0 篇文章
2023-11-18 00:33:54,724 - default - INFO - Parse: https://drivy.engineering/feed.xml
2023-11-18 00:33:56,244 - default - INFO - End: https://drivy.engineering/feed.xml 已解析 0 篇文章
2023-11-18 00:33:56,244 - default - INFO - Parse: https://evilmartians.com/chronicles.atom
2023-11-18 00:33:56,376 - default - INFO - End: https://evilmartians.com/chronicles.atom 已解析 0 篇文章
2023-11-18 00:33:56,376 - default - INFO - Parse: https://www.ebayinc.com/stories/blogs/tech/rss/
2023-11-18 00:33:56,863 - default - INFO - End: https://www.ebayinc.com/stories/blogs/tech/rss/ 已解析 0 篇文章
2023-11-18 00:33:56,863 - default - INFO - Parse: http://feeds.feedburner.com/GoogleOnlineSecurityBlog
2023-11-18 00:33:57,399 - default - INFO - End: http://feeds.feedburner.com/GoogleOnlineSecurityBlog 已解析 0 篇文章
2023-11-18 00:33:57,399 - default - INFO - Parse: https://galois.com/feed/
2023-11-18 00:33:58,074 - default - INFO - End: https://galois.com/feed/ 已解析 0 篇文章
2023-11-18 00:33:58,074 - default - INFO - Parse: https://githubengineering.com/atom.xml
2023-11-18 00:33:58,402 - default - INFO - End: https://githubengineering.com/atom.xml 已解析 0 篇文章
2023-11-18 00:33:58,402 - default - INFO - Parse: https://blog.digitalocean.com/rss/
2023-11-18 00:33:59,161 - default - INFO - 解析 https://blog.digitalocean.com/rss/ 失败 application/octet-stream is not an XML media type
2023-11-18 00:33:59,162 - default - INFO - End: https://blog.digitalocean.com/rss/ 已解析 0 篇文章
2023-11-18 00:33:59,162 - default - INFO - Parse: https://www.hashicorp.com/blog/feed.xml
2023-11-18 00:33:59,420 - default - INFO - End: https://www.hashicorp.com/blog/feed.xml 已解析 0 篇文章
2023-11-18 00:33:59,420 - default - INFO - Parse: https://collectiveidea.com/blog/feed/
2023-11-18 00:33:59,842 - default - INFO - End: https://collectiveidea.com/blog/feed/ 已解析 0 篇文章
2023-11-18 00:33:59,842 - default - INFO - Parse: http://feeds.feedburner.com/blogspot/gJZg
2023-11-18 00:34:00,727 - default - WARNING - Summarize failed. 该令牌额度已用尽
2023-11-18 00:34:00,728 - default - INFO - End: http://feeds.feedburner.com/blogspot/gJZg 已解析 1 篇文章
2023-11-18 00:34:00,728 - default - INFO - Parse: http://engineering.grab.com/feed.xml
2023-11-18 00:34:01,196 - default - WARNING - Summarize failed. 该令牌额度已用尽
2023-11-18 00:34:01,197 - default - INFO - End: http://engineering.grab.com/feed.xml 已解析 1 篇文章
2023-11-18 00:34:01,197 - default - INFO - Parse: https://engineering.gusto.com/rss/
2023-11-18 00:34:01,352 - default - INFO - End: https://engineering.gusto.com/rss/ 已解析 0 篇文章
2023-11-18 00:34:01,352 - default - INFO - Parse: https://www.hostinger.com/blog/feed/
2023-11-18 00:34:01,604 - default - INFO - End: https://www.hostinger.com/blog/feed/ 已解析 0 篇文章
2023-11-18 00:34:01,604 - default - INFO - Parse: https://engineering.doximity.com/feed
2023-11-18 00:34:02,613 - default - INFO - End: https://engineering.doximity.com/feed 已解析 0 篇文章
2023-11-18 00:34:02,613 - default - INFO - Parse: https://www.cockroachlabs.com/blog/index.xml
2023-11-18 00:34:03,132 - default - INFO - 文章较短，不需要总结
2023-11-18 00:34:03,133 - default - INFO - End: https://www.cockroachlabs.com/blog/index.xml 已解析 1 篇文章
2023-11-18 00:34:03,133 - default - INFO - Parse: https://product.hubspot.com/blog/rss.xml
2023-11-18 00:34:03,386 - default - INFO - End: https://product.hubspot.com/blog/rss.xml 已解析 0 篇文章
2023-11-18 00:34:03,386 - default - INFO - Parse: https://lambda.grofers.com/feed
2023-11-18 00:34:03,729 - default - INFO - End: https://lambda.grofers.com/feed 已解析 0 篇文章
2023-11-18 00:34:03,729 - default - INFO - Parse: https://dropbox.tech/feed
2023-11-18 00:34:04,741 - default - INFO - End: https://dropbox.tech/feed 已解析 0 篇文章
2023-11-18 00:34:04,741 - default - INFO - Parse: https://engineering.hashnode.com/rss.xml
2023-11-18 00:34:05,088 - default - INFO - 解析 https://engineering.hashnode.com/rss.xml 失败 document declared as us-ascii, but parsed as utf-8
2023-11-18 00:34:05,089 - default - INFO - End: https://engineering.hashnode.com/rss.xml 已解析 0 篇文章
2023-11-18 00:34:05,089 - default - INFO - Parse: https://kinvolk.io/blog/index.xml
2023-11-18 00:34:05,298 - default - INFO - 解析 https://kinvolk.io/blog/index.xml 失败 document declared as us-ascii, but parsed as utf-8
2023-11-18 00:34:05,298 - default - INFO - End: https://kinvolk.io/blog/index.xml 已解析 0 篇文章
2023-11-18 00:34:05,299 - default - INFO - Parse: https://tech.instacart.com/feed
2023-11-18 00:34:05,714 - default - WARNING - Summarize failed. 该令牌额度已用尽
2023-11-18 00:34:05,715 - default - INFO - End: https://tech.instacart.com/feed 已解析 1 篇文章
2023-11-18 00:34:05,715 - default - INFO - Parse: https://kolosek.com/rss/
2023-11-18 00:34:05,882 - default - INFO - 解析 https://kolosek.com/rss/ 失败 <unknown>:19:18: not well-formed (invalid token)
2023-11-18 00:34:05,882 - default - INFO - End: https://kolosek.com/rss/ 已解析 0 篇文章
2023-11-18 00:34:05,882 - default - INFO - Parse: https://blog.heroku.com/engineering/feed
2023-11-18 00:34:06,121 - default - INFO - End: https://blog.heroku.com/engineering/feed 已解析 0 篇文章
2023-11-18 00:34:06,121 - default - INFO - Parse: https://hashrocket.com/blog.rss
2023-11-18 00:34:06,427 - default - INFO - End: https://hashrocket.com/blog.rss 已解析 0 篇文章
2023-11-18 00:34:06,427 - default - INFO - Parse: https://jobandtalent.engineering/feed
2023-11-18 00:34:06,812 - default - INFO - End: https://jobandtalent.engineering/feed 已解析 0 篇文章
2023-11-18 00:34:06,812 - default - INFO - Parse: https://blog.imgur.com/feed/
2023-11-18 00:34:07,192 - default - INFO - End: https://blog.imgur.com/feed/ 已解析 0 篇文章
2023-11-18 00:34:07,192 - default - INFO - Parse: https://nordicapis.com/feed/
2023-11-18 00:34:07,906 - default - WARNING - Summarize failed. 该令牌额度已用尽
2023-11-18 00:34:07,907 - default - INFO - End: https://nordicapis.com/feed/ 已解析 1 篇文章
2023-11-18 00:34:07,907 - default - INFO - Parse: https://blog.novoda.com/rss/
2023-11-18 00:34:08,616 - default - INFO - End: https://blog.novoda.com/rss/ 已解析 0 篇文章
2023-11-18 00:34:08,617 - default - INFO - Parse: https://developer.okta.com/feed.xml
2023-11-18 00:34:09,184 - default - INFO - End: https://developer.okta.com/feed.xml 已解析 0 篇文章
2023-11-18 00:34:09,185 - default - INFO - Parse: https://eng.lyft.com/feed
2023-11-18 00:34:09,521 - default - INFO - End: https://eng.lyft.com/feed 已解析 0 篇文章
2023-11-18 00:34:09,521 - default - INFO - Parse: http://blog.memsql.com/feed/
2023-11-18 00:34:09,768 - default - INFO - 解析 http://blog.memsql.com/feed/ 失败 document declared as us-ascii, but parsed as utf-8
2023-11-18 00:34:09,768 - default - INFO - End: http://blog.memsql.com/feed/ 已解析 0 篇文章
2023-11-18 00:34:09,768 - default - INFO - Parse: https://engineering.mixpanel.com/feed/
2023-11-18 00:34:10,067 - default - INFO - End: https://engineering.mixpanel.com/feed/ 已解析 0 篇文章
2023-11-18 00:34:10,067 - default - INFO - Parse: https://medium.engineering/feed
2023-11-18 00:34:10,584 - default - INFO - End: https://medium.engineering/feed 已解析 0 篇文章
2023-11-18 00:34:10,584 - default - INFO - Parse: http://blog.apps.npr.org/atom.xml
2023-11-18 00:34:11,624 - default - INFO - 解析 http://blog.apps.npr.org/atom.xml 失败 <unknown>:1172:54: undefined entity
2023-11-18 00:34:11,624 - default - INFO - End: http://blog.apps.npr.org/atom.xml 已解析 0 篇文章
2023-11-18 00:34:11,624 - default - INFO - Parse: https://engblog.nextdoor.com/feed
2023-11-18 00:34:11,811 - default - INFO - End: https://engblog.nextdoor.com/feed 已解析 0 篇文章
2023-11-18 00:34:11,812 - default - INFO - Parse: https://hacks.mozilla.org/feed/
2023-11-18 00:34:12,528 - default - INFO - End: https://hacks.mozilla.org/feed/ 已解析 0 篇文章
2023-11-18 00:34:12,528 - default - INFO - Parse: https://developers.redhat.com/blog/feed/atom/
2023-11-18 00:34:12,857 - default - INFO - End: https://developers.redhat.com/blog/feed/atom/ 已解析 0 篇文章
2023-11-18 00:34:12,857 - default - INFO - Parse: https://tech.olx.com/feed
2023-11-18 00:34:13,124 - default - INFO - End: https://tech.olx.com/feed 已解析 0 篇文章
2023-11-18 00:34:13,124 - default - INFO - Parse: https://postmarkapp.com/blog/feed.atom
2023-11-18 00:34:13,950 - default - INFO - End: https://postmarkapp.com/blog/feed.atom 已解析 0 篇文章
2023-11-18 00:34:13,950 - default - INFO - Parse: http://engineering.remind.com/feed.xml
2023-11-18 00:34:14,190 - default - INFO - End: http://engineering.remind.com/feed.xml 已解析 0 篇文章
2023-11-18 00:34:14,190 - default - INFO - Parse: https://tech.showmax.com/feed.xml
2023-11-18 00:34:15,635 - default - INFO - End: https://tech.showmax.com/feed.xml 已解析 0 篇文章
2023-11-18 00:34:15,635 - default - INFO - Parse: https://multithreaded.stitchfix.com/feed.xml
2023-11-18 00:34:15,934 - default - INFO - End: https://multithreaded.stitchfix.com/feed.xml 已解析 0 篇文章
2023-11-18 00:34:15,934 - default - INFO - Parse: https://labs.spotify.com/feed/
2023-11-18 00:34:17,607 - default - INFO - End: https://labs.spotify.com/feed/ 已解析 0 篇文章
2023-11-18 00:34:17,607 - default - INFO - Parse: https://www.stridenyc.com/blog/rss.xml
2023-11-18 00:34:17,793 - default - INFO - End: https://www.stridenyc.com/blog/rss.xml 已解析 0 篇文章
2023-11-18 00:34:17,793 - default - INFO - Parse: https://technology.skybettingandgaming.com/feed.xml
2023-11-18 00:34:18,172 - default - INFO - End: https://technology.skybettingandgaming.com/feed.xml 已解析 0 篇文章
2023-11-18 00:34:18,172 - default - INFO - Parse: https://umbrella.cisco.com/blog/feed/
2023-11-18 00:34:18,509 - default - INFO - End: https://umbrella.cisco.com/blog/feed/ 已解析 0 篇文章
2023-11-18 00:34:18,509 - default - INFO - Parse: https://www.surveymonkey.com/feed/
2023-11-18 00:34:18,838 - default - INFO - End: https://www.surveymonkey.com/feed/ 已解析 0 篇文章
2023-11-18 00:34:18,838 - default - INFO - Parse: https://engineering.prezi.com/feed
2023-11-18 00:34:19,097 - default - INFO - End: https://engineering.prezi.com/feed 已解析 0 篇文章
2023-11-18 00:34:19,097 - default - INFO - Parse: https://semaphoreci.com/community/tutorials.atom
2023-11-18 00:34:19,274 - default - INFO - 解析 https://semaphoreci.com/community/tutorials.atom 失败 <unknown>:2:0: syntax error
2023-11-18 00:34:19,274 - default - INFO - End: https://semaphoreci.com/community/tutorials.atom 已解析 0 篇文章
2023-11-18 00:34:19,274 - default - INFO - Parse: https://developer.salesforce.com/blogs/feed
2023-11-18 00:34:19,456 - default - INFO - End: https://developer.salesforce.com/blogs/feed 已解析 0 篇文章
2023-11-18 00:34:19,456 - default - INFO - Parse: https://mesosphere.com/feed/
2023-11-18 00:34:20,390 - default - INFO - End: https://mesosphere.com/feed/ 已解析 0 篇文章
2023-11-18 00:34:20,390 - default - INFO - Parse: https://feeds.feedburner.com/GiantRobotsSmashingIntoOtherGiantRobots
2023-11-18 00:34:20,637 - default - INFO - 文章较短，不需要总结
2023-11-18 00:34:20,638 - default - INFO - End: https://feeds.feedburner.com/GiantRobotsSmashingIntoOtherGiantRobots 已解析 1 篇文章
2023-11-18 00:34:20,638 - default - INFO - Parse: https://www.toptal.com/blog.rss
2023-11-18 00:34:20,771 - default - INFO - End: https://www.toptal.com/blog.rss 已解析 0 篇文章
2023-11-18 00:34:20,771 - default - INFO - Parse: https://slack.engineering/feed
2023-11-18 00:34:20,894 - default - INFO - End: https://slack.engineering/feed 已解析 0 篇文章
2023-11-18 00:34:20,894 - default - INFO - Parse: http://semaphoreci.com/blog/engineering.xml
2023-11-18 00:34:21,149 - default - INFO - 解析 http://semaphoreci.com/blog/engineering.xml 失败 <unknown>:2:0: syntax error
2023-11-18 00:34:21,150 - default - INFO - End: http://semaphoreci.com/blog/engineering.xml 已解析 0 篇文章
2023-11-18 00:34:21,150 - default - INFO - Parse: https://blog.siftscience.com/feed/
2023-11-18 00:34:21,783 - default - INFO - End: https://blog.siftscience.com/feed/ 已解析 0 篇文章
2023-11-18 00:34:21,783 - default - INFO - Parse: https://stackoverflow.blog/feed/
2023-11-18 00:34:21,974 - default - INFO - 文章较短，不需要总结
2023-11-18 00:34:21,975 - default - INFO - End: https://stackoverflow.blog/feed/ 已解析 1 篇文章
2023-11-18 00:34:21,975 - default - INFO - Parse: http://techblog.thescore.com/feed.xml
2023-11-18 00:34:23,049 - default - INFO - 解析 http://techblog.thescore.com/feed.xml 失败 <unknown>:1500:26: not well-formed (invalid token)
2023-11-18 00:34:23,049 - default - INFO - End: http://techblog.thescore.com/feed.xml 已解析 0 篇文章
2023-11-18 00:34:23,049 - default - INFO - Parse: https://tech.trivago.com/index.xml
2023-11-18 00:34:23,345 - default - INFO - End: https://tech.trivago.com/index.xml 已解析 0 篇文章
2023-11-18 00:34:23,345 - default - INFO - Parse: https://www.thoughtworks.com/rss/insights.xml
2023-11-18 00:34:25,855 - default - INFO - 文章较短，不需要总结
2023-11-18 00:34:25,860 - default - INFO - End: https://www.thoughtworks.com/rss/insights.xml 已解析 1 篇文章
2023-11-18 00:34:25,860 - default - INFO - Parse: https://bytes.swiggy.com/feed
2023-11-18 00:34:26,064 - default - INFO - End: https://bytes.swiggy.com/feed 已解析 0 篇文章
2023-11-18 00:34:26,064 - default - INFO - Parse: http://engineering.vinted.com//atom.xml
2023-11-18 00:34:26,346 - default - INFO - End: http://engineering.vinted.com//atom.xml 已解析 0 篇文章
2023-11-18 00:34:26,346 - default - INFO - Parse: https://developers.soundcloud.com/blog.rss
2023-11-18 00:34:28,418 - default - INFO - End: https://developers.soundcloud.com/blog.rss 已解析 0 篇文章
2023-11-18 00:34:28,418 - default - INFO - Parse: https://blog.timescale.com/feed
2023-11-18 00:34:28,881 - default - INFO - End: https://blog.timescale.com/feed 已解析 0 篇文章
2023-11-18 00:34:28,881 - default - INFO - Parse: https://engineering.tumblr.com/rss
2023-11-18 00:34:28,965 - default - INFO - End: https://engineering.tumblr.com/rss 已解析 0 篇文章
2023-11-18 00:34:28,965 - default - INFO - Parse: http://eng.wealthfront.com/feed/
2023-11-18 00:34:29,395 - default - INFO - End: http://eng.wealthfront.com/feed/ 已解析 0 篇文章
2023-11-18 00:34:29,395 - default - INFO - Parse: https://www.sitepoint.com/feed/
2023-11-18 00:34:31,617 - default - INFO - 文章较短，不需要总结
2023-11-18 00:34:31,618 - default - INFO - 文章较短，不需要总结
2023-11-18 00:34:31,618 - default - INFO - End: https://www.sitepoint.com/feed/ 已解析 2 篇文章
2023-11-18 00:34:31,619 - default - INFO - Parse: https://stripe.com/blog/feed.rss
2023-11-18 00:34:32,422 - default - INFO - End: https://stripe.com/blog/feed.rss 已解析 0 篇文章
2023-11-18 00:34:32,422 - default - INFO - Parse: http://engineering.wingify.com/atom.xml
2023-11-18 00:34:33,681 - default - INFO - End: http://engineering.wingify.com/atom.xml 已解析 0 篇文章
2023-11-18 00:34:33,681 - default - INFO - Parse: https://infrequently.org/feed/
2023-11-18 00:34:34,070 - default - INFO - End: https://infrequently.org/feed/ 已解析 0 篇文章
2023-11-18 00:34:34,070 - default - INFO - Parse: https://www.amitmerchant.com/feed.xml
2023-11-18 00:34:34,252 - default - INFO - End: https://www.amitmerchant.com/feed.xml 已解析 0 篇文章
2023-11-18 00:34:34,252 - default - INFO - Parse: https://buildingvts.com/feed
2023-11-18 00:34:34,431 - default - INFO - End: https://buildingvts.com/feed 已解析 0 篇文章
2023-11-18 00:34:34,431 - default - INFO - Parse: http://addyosmani.com/rss.xml
2023-11-18 00:34:34,535 - default - INFO - End: http://addyosmani.com/rss.xml 已解析 0 篇文章
2023-11-18 00:34:34,535 - default - INFO - Parse: https://engineeringblog.yelp.com/feed.xml
2023-11-18 00:34:34,661 - default - INFO - 解析 https://engineeringblog.yelp.com/feed.xml 失败 document declared as us-ascii, but parsed as utf-8
2023-11-18 00:34:34,661 - default - INFO - End: https://engineeringblog.yelp.com/feed.xml 已解析 0 篇文章
2023-11-18 00:34:34,661 - default - INFO - Parse: https://alanstorm.com/feed/feed.xml
2023-11-18 00:34:35,136 - default - INFO - 解析 https://alanstorm.com/feed/feed.xml 失败 <unknown>:124:0: junk after document element
2023-11-18 00:34:35,136 - default - INFO - End: https://alanstorm.com/feed/feed.xml 已解析 0 篇文章
2023-11-18 00:34:35,136 - default - INFO - Parse: https://ariya.io/index.xml
2023-11-18 00:34:35,403 - default - INFO - End: https://ariya.io/index.xml 已解析 0 篇文章
2023-11-18 00:34:35,403 - default - INFO - Parse: https://tech.xing.com/feed
2023-11-18 00:34:36,411 - default - INFO - End: https://tech.xing.com/feed 已解析 0 篇文章
2023-11-18 00:34:36,411 - default - INFO - Parse: http://tenderlovemaking.com/atom.xml
2023-11-18 00:34:37,044 - default - INFO - End: http://tenderlovemaking.com/atom.xml 已解析 0 篇文章
2023-11-18 00:34:37,044 - default - INFO - Parse: https://www.devroom.io/index.xml
2023-11-18 00:34:37,923 - default - INFO - 解析 https://www.devroom.io/index.xml 失败 document declared as us-ascii, but parsed as utf-8
2023-11-18 00:34:37,924 - default - INFO - End: https://www.devroom.io/index.xml 已解析 0 篇文章
2023-11-18 00:34:37,924 - default - INFO - Parse: https://carlosbecker.com/index.xml
2023-11-18 00:34:38,143 - default - INFO - End: https://carlosbecker.com/index.xml 已解析 0 篇文章
2023-11-18 00:34:38,143 - default - INFO - Parse: https://developerblog.zendesk.com/feed
2023-11-18 00:34:38,310 - default - INFO - End: https://developerblog.zendesk.com/feed 已解析 0 篇文章
2023-11-18 00:34:38,310 - default - INFO - Parse: https://bohops.com/feed/
2023-11-18 00:34:38,572 - default - INFO - End: https://bohops.com/feed/ 已解析 0 篇文章
2023-11-18 00:34:38,572 - default - INFO - Parse: http://lucumr.pocoo.org/feed.atom
2023-11-18 00:34:39,952 - default - INFO - End: http://lucumr.pocoo.org/feed.atom 已解析 0 篇文章
2023-11-18 00:34:39,953 - default - INFO - Parse: http://nullprogram.com/feed/
2023-11-18 00:34:40,246 - default - INFO - End: http://nullprogram.com/feed/ 已解析 0 篇文章
2023-11-18 00:34:40,246 - default - INFO - Parse: https://code.dblock.org/feed.xml
2023-11-18 00:34:40,927 - default - INFO - End: https://code.dblock.org/feed.xml 已解析 0 篇文章
2023-11-18 00:34:40,927 - default - INFO - Parse: http://www.brendangregg.com/blog/rss.xml
2023-11-18 00:34:41,553 - default - INFO - End: http://www.brendangregg.com/blog/rss.xml 已解析 0 篇文章
2023-11-18 00:34:41,553 - default - INFO - Parse: https://www.dereuromark.de/feed/
2023-11-18 00:34:42,207 - default - INFO - End: https://www.dereuromark.de/feed/ 已解析 0 篇文章
2023-11-18 00:34:42,207 - default - INFO - Parse: https://domenicoluciani.com/feed.xml
2023-11-18 00:34:42,413 - default - INFO - End: https://domenicoluciani.com/feed.xml 已解析 0 篇文章
2023-11-18 00:34:42,413 - default - INFO - Parse: https://blog.filippo.io/rss/
2023-11-18 00:34:42,771 - default - INFO - End: https://blog.filippo.io/rss/ 已解析 0 篇文章
2023-11-18 00:34:42,771 - default - INFO - Parse: https://hookrace.net/blog/feed/
2023-11-18 00:34:44,589 - default - INFO - End: https://hookrace.net/blog/feed/ 已解析 0 篇文章
2023-11-18 00:34:44,589 - default - INFO - Parse: https://dotdev.co/feed/
2023-11-18 00:34:44,823 - default - INFO - End: https://dotdev.co/feed/ 已解析 0 篇文章
2023-11-18 00:34:44,823 - default - INFO - Parse: https://ericlippert.com/feed/
2023-11-18 00:34:44,986 - default - INFO - End: https://ericlippert.com/feed/ 已解析 0 篇文章
2023-11-18 00:34:44,986 - default - INFO - Parse: https://tomassetti.me/feed/
2023-11-18 00:34:45,279 - default - INFO - End: https://tomassetti.me/feed/ 已解析 0 篇文章
2023-11-18 00:34:45,279 - default - INFO - Parse: http://www.evanjones.ca/index.rss
2023-11-18 00:34:45,530 - default - INFO - End: http://www.evanjones.ca/index.rss 已解析 0 篇文章
2023-11-18 00:34:45,530 - default - INFO - Parse: https://deanhume.com/rss/
2023-11-18 00:34:46,170 - default - INFO - End: https://deanhume.com/rss/ 已解析 0 篇文章
2023-11-18 00:34:46,170 - default - INFO - Parse: http://feeds.feedburner.com/HighScalability
2023-11-18 00:34:46,323 - default - INFO - End: http://feeds.feedburner.com/HighScalability 已解析 0 篇文章
2023-11-18 00:34:46,324 - default - INFO - Parse: https://erikrunyon.com/feed.xml
2023-11-18 00:34:46,631 - default - INFO - End: https://erikrunyon.com/feed.xml 已解析 0 篇文章
2023-11-18 00:34:46,631 - default - INFO - Parse: https://drewdevault.com/feed.xml
2023-11-18 00:34:47,187 - default - INFO - End: https://drewdevault.com/feed.xml 已解析 0 篇文章
2023-11-18 00:34:47,187 - default - INFO - Parse: https://www.chenhuijing.com/feed.xml
2023-11-18 00:34:48,490 - default - WARNING - Summarize failed. 该令牌额度已用尽
2023-11-18 00:34:48,810 - default - WARNING - Summarize failed. 该令牌额度已用尽
2023-11-18 00:34:49,107 - default - WARNING - Summarize failed. 该令牌额度已用尽
2023-11-18 00:34:49,108 - default - INFO - End: https://www.chenhuijing.com/feed.xml 已解析 3 篇文章
2023-11-18 00:34:49,108 - default - INFO - Parse: https://www.metachris.com/index.xml
2023-11-18 00:34:49,277 - default - INFO - End: https://www.metachris.com/index.xml 已解析 0 篇文章
2023-11-18 00:34:49,277 - default - INFO - Parse: https://elegantcode.com/feed/
2023-11-18 00:34:49,426 - default - INFO - End: https://elegantcode.com/feed/ 已解析 0 篇文章
2023-11-18 00:34:49,426 - default - INFO - Parse: https://conductofcode.io/feed.xml
2023-11-18 00:34:49,726 - default - INFO - End: https://conductofcode.io/feed.xml 已解析 0 篇文章
2023-11-18 00:34:49,727 - default - INFO - Parse: https://glebbahmutov.com/blog/atom.xml
2023-11-18 00:34:50,879 - default - INFO - End: https://glebbahmutov.com/blog/atom.xml 已解析 0 篇文章
2023-11-18 00:34:50,879 - default - INFO - Parse: https://eli.thegreenplace.net/feeds/all.atom.xml
2023-11-18 00:34:51,380 - default - INFO - End: https://eli.thegreenplace.net/feeds/all.atom.xml 已解析 0 篇文章
2023-11-18 00:34:51,380 - default - INFO - Parse: https://henrikwarne.com/feed/
2023-11-18 00:34:51,543 - default - INFO - End: https://henrikwarne.com/feed/ 已解析 0 篇文章
2023-11-18 00:34:51,543 - default - INFO - Parse: https://davidwalsh.name/feed/atom
2023-11-18 00:34:52,133 - default - INFO - End: https://davidwalsh.name/feed/atom 已解析 0 篇文章
2023-11-18 00:34:52,133 - default - INFO - Parse: https://jeremykun.com/feed/
2023-11-18 00:34:52,304 - default - INFO - End: https://jeremykun.com/feed/ 已解析 0 篇文章
2023-11-18 00:34:52,304 - default - INFO - Parse: https://tympanus.net/codrops/rss
2023-11-18 00:34:53,475 - default - INFO - 文章较短，不需要总结
2023-11-18 00:34:53,475 - default - INFO - End: https://tympanus.net/codrops/rss 已解析 1 篇文章
2023-11-18 00:34:53,475 - default - INFO - Parse: http://jakewharton.com/feed.xml
2023-11-18 00:34:54,591 - default - INFO - End: http://jakewharton.com/feed.xml 已解析 0 篇文章
2023-11-18 00:34:54,591 - default - INFO - Parse: https://jes.al/atom.xml
2023-11-18 00:34:54,951 - default - INFO - End: https://jes.al/atom.xml 已解析 0 篇文章
2023-11-18 00:34:54,951 - default - INFO - Parse: https://jvns.ca/atom.xml
2023-11-18 00:34:55,335 - default - INFO - End: https://jvns.ca/atom.xml 已解析 0 篇文章
2023-11-18 00:34:55,335 - default - INFO - Parse: https://codeblog.jonskeet.uk/feed/
2023-11-18 00:34:55,570 - default - INFO - End: https://codeblog.jonskeet.uk/feed/ 已解析 0 篇文章
2023-11-18 00:34:55,570 - default - INFO - Parse: https://adambard.com/blog/feed.xml
2023-11-18 00:34:55,754 - default - INFO - End: https://adambard.com/blog/feed.xml 已解析 0 篇文章
2023-11-18 00:34:55,754 - default - INFO - Parse: https://useyourloaf.com/blog/rss.xml
2023-11-18 00:34:56,117 - default - INFO - End: https://useyourloaf.com/blog/rss.xml 已解析 0 篇文章
2023-11-18 00:34:56,117 - default - INFO - Parse: https://jerrygamblin.com/feed/
2023-11-18 00:34:56,414 - default - INFO - End: https://jerrygamblin.com/feed/ 已解析 0 篇文章
2023-11-18 00:34:56,414 - default - INFO - Parse: https://idea.popcount.org/rss.xml
2023-11-18 00:34:57,096 - default - INFO - End: https://idea.popcount.org/rss.xml 已解析 0 篇文章
2023-11-18 00:34:57,097 - default - INFO - Parse: https://maryrosecook.com/blog/feed.xml
2023-11-18 00:34:57,191 - default - INFO - 解析 https://maryrosecook.com/blog/feed.xml 失败 document declared as us-ascii, but parsed as utf-8
2023-11-18 00:34:57,191 - default - INFO - End: https://maryrosecook.com/blog/feed.xml 已解析 0 篇文章
2023-11-18 00:34:57,191 - default - INFO - Parse: https://begriffs.com/atom.xml
2023-11-18 00:34:58,811 - default - INFO - 解析 https://begriffs.com/atom.xml 失败 document declared as us-ascii, but parsed as utf-8
2023-11-18 00:34:58,811 - default - INFO - End: https://begriffs.com/atom.xml 已解析 0 篇文章
2023-11-18 00:34:58,811 - default - INFO - Parse: http://matt.might.net/articles/feed.rss
2023-11-18 00:34:59,401 - default - INFO - End: http://matt.might.net/articles/feed.rss 已解析 0 篇文章
2023-11-18 00:34:59,401 - default - INFO - Parse: https://martinfowler.com/feed.atom
2023-11-18 00:34:59,551 - default - INFO - End: https://martinfowler.com/feed.atom 已解析 0 篇文章
2023-11-18 00:34:59,551 - default - INFO - Parse: https://blog.sleeplessbeastie.eu/feed.xml
2023-11-18 00:35:02,017 - default - INFO - 文章较短，不需要总结
2023-11-18 00:35:02,019 - default - INFO - End: https://blog.sleeplessbeastie.eu/feed.xml 已解析 1 篇文章
2023-11-18 00:35:02,019 - default - INFO - Parse: https://blog.cryptographyengineering.com/feed/
2023-11-18 00:35:02,360 - default - INFO - End: https://blog.cryptographyengineering.com/feed/ 已解析 0 篇文章
2023-11-18 00:35:02,360 - default - INFO - Parse: http://blog.fogus.me/feed/
2023-11-18 00:35:03,028 - default - INFO - End: http://blog.fogus.me/feed/ 已解析 0 篇文章
2023-11-18 00:35:03,028 - default - INFO - Parse: https://blog.rinesi.com/feed/
2023-11-18 00:35:03,728 - default - WARNING - Summarize failed. 该令牌额度已用尽
2023-11-18 00:35:03,729 - default - INFO - End: https://blog.rinesi.com/feed/ 已解析 1 篇文章
2023-11-18 00:35:03,729 - default - INFO - Parse: https://snook.ca/jonathan/index.rdf
2023-11-18 00:35:04,215 - default - INFO - End: https://snook.ca/jonathan/index.rdf 已解析 0 篇文章
2023-11-18 00:35:04,216 - default - INFO - Parse: https://www.mattcutts.com/blog/feed/
2023-11-18 00:35:04,829 - default - INFO - End: https://www.mattcutts.com/blog/feed/ 已解析 0 篇文章
2023-11-18 00:35:04,829 - default - INFO - Parse: http://www.windytan.com/feeds/posts/default
2023-11-18 00:35:05,246 - default - INFO - End: http://www.windytan.com/feeds/posts/default 已解析 0 篇文章
2023-11-18 00:35:05,246 - default - INFO - Parse: https://aphyr.com/posts.atom
2023-11-18 00:35:06,592 - default - INFO - End: https://aphyr.com/posts.atom 已解析 0 篇文章
2023-11-18 00:35:06,592 - default - INFO - Parse: http://blog.pamelafox.org/feeds/posts/default
2023-11-18 00:35:07,004 - default - INFO - End: http://blog.pamelafox.org/feeds/posts/default 已解析 0 篇文章
2023-11-18 00:35:07,004 - default - INFO - Parse: https://oleb.net/blog/atom.xml
2023-11-18 00:35:07,332 - default - INFO - End: https://oleb.net/blog/atom.xml 已解析 0 篇文章
2023-11-18 00:35:07,332 - default - INFO - Parse: https://blogs.msdn.microsoft.com/oldnewthing/feed
2023-11-18 00:35:08,112 - default - WARNING - Summarize failed. 该令牌额度已用尽
2023-11-18 00:35:08,113 - default - INFO - End: https://blogs.msdn.microsoft.com/oldnewthing/feed 已解析 1 篇文章
2023-11-18 00:35:08,113 - default - INFO - Parse: https://realpython.com/atom.xml
2023-11-18 00:35:08,406 - default - INFO - 文章较短，不需要总结
2023-11-18 00:35:08,406 - default - INFO - End: https://realpython.com/atom.xml 已解析 1 篇文章
2023-11-18 00:35:08,406 - default - INFO - Parse: http://blog.cleancoder.com/atom.xml
2023-11-18 00:35:08,674 - default - INFO - End: http://blog.cleancoder.com/atom.xml 已解析 0 篇文章
2023-11-18 00:35:08,674 - default - INFO - Parse: https://akrabat.com/feed/
2023-11-18 00:35:09,249 - default - INFO - End: https://akrabat.com/feed/ 已解析 0 篇文章
2023-11-18 00:35:09,249 - default - INFO - Parse: https://www.thepolyglotdeveloper.com/blog/index.xml
2023-11-18 00:35:10,283 - default - INFO - End: https://www.thepolyglotdeveloper.com/blog/index.xml 已解析 0 篇文章
2023-11-18 00:35:10,283 - default - INFO - Parse: https://eviltrout.com/feed.xml
2023-11-18 00:35:10,730 - default - INFO - End: https://eviltrout.com/feed.xml 已解析 0 篇文章
2023-11-18 00:35:10,730 - default - INFO - Parse: https://joshtronic.com/atom.xml
2023-11-18 00:35:10,950 - default - INFO - 解析 https://joshtronic.com/atom.xml 失败 <unknown>:2:0: syntax error
2023-11-18 00:35:10,950 - default - INFO - End: https://joshtronic.com/atom.xml 已解析 0 篇文章
2023-11-18 00:35:10,951 - default - INFO - Parse: http://feeds.hanselman.com/ScottHanselman
2023-11-18 00:35:11,415 - default - INFO - End: http://feeds.hanselman.com/ScottHanselman 已解析 0 篇文章
2023-11-18 00:35:11,415 - default - INFO - Parse: https://blog.nelhage.com/atom.xml
2023-11-18 00:35:11,724 - default - INFO - End: https://blog.nelhage.com/atom.xml 已解析 0 篇文章
2023-11-18 00:35:11,724 - default - INFO - Parse: http://blog.rtwilson.com/feed/
2023-11-18 00:35:12,063 - default - INFO - End: http://blog.rtwilson.com/feed/ 已解析 0 篇文章
2023-11-18 00:35:12,063 - default - INFO - Parse: http://www.catonmat.net/feed/
2023-11-18 00:35:12,456 - default - INFO - 文章较短，不需要总结
2023-11-18 00:35:12,667 - default - WARNING - Summarize failed. 该令牌额度已用尽
2023-11-18 00:35:12,872 - default - WARNING - Summarize failed. 该令牌额度已用尽
2023-11-18 00:35:12,872 - default - INFO - End: http://www.catonmat.net/feed/ 已解析 3 篇文章
2023-11-18 00:35:12,873 - default - INFO - Parse: https://neverfriday.com/feed/
2023-11-18 00:35:13,531 - default - INFO - End: https://neverfriday.com/feed/ 已解析 0 篇文章
2023-11-18 00:35:13,532 - default - INFO - Parse: http://thedailywtf.com/rss
2023-11-18 00:35:14,049 - default - INFO - 文章较短，不需要总结
2023-11-18 00:35:14,049 - default - INFO - End: http://thedailywtf.com/rss 已解析 1 篇文章
2023-11-18 00:35:14,049 - default - INFO - Parse: https://vladmihalcea.com/feed/
2023-11-18 00:35:14,195 - default - INFO - End: https://vladmihalcea.com/feed/ 已解析 0 篇文章
2023-11-18 00:35:14,195 - default - INFO - Parse: https://www.yegor256.com/rss.xml
2023-11-18 00:35:14,375 - default - INFO - End: https://www.yegor256.com/rss.xml 已解析 0 篇文章
2023-11-18 00:35:14,375 - default - INFO - Parse: https://muffinman.io/atom.xml
2023-11-18 00:35:16,367 - default - INFO - End: https://muffinman.io/atom.xml 已解析 0 篇文章
2023-11-18 00:35:16,368 - default - INFO - Parse: https://www.ardanlabs.com/blog/index.xml
2023-11-18 00:35:16,604 - default - INFO - End: https://www.ardanlabs.com/blog/index.xml 已解析 0 篇文章
2023-11-18 00:35:16,604 - default - INFO - Parse: https://blog.getbootstrap.com/feed.xml
2023-11-18 00:35:16,840 - default - INFO - End: https://blog.getbootstrap.com/feed.xml 已解析 0 篇文章
2023-11-18 00:35:16,840 - default - INFO - Parse: https://zachholman.com/atom.xml
2023-11-18 00:35:17,039 - default - INFO - End: https://zachholman.com/atom.xml 已解析 0 篇文章
2023-11-18 00:35:17,039 - default - INFO - Parse: https://ipfs.io/blog/index.xml
2023-11-18 00:35:17,683 - default - INFO - End: https://ipfs.io/blog/index.xml 已解析 0 篇文章
2023-11-18 00:35:17,683 - default - INFO - Parse: https://blog.golang.org/feed.atom
2023-11-18 00:35:18,108 - default - INFO - End: https://blog.golang.org/feed.atom 已解析 0 篇文章
2023-11-18 00:35:18,108 - default - INFO - Parse: https://blog.jooq.org/feed/
2023-11-18 00:35:18,416 - default - INFO - End: https://blog.jooq.org/feed/ 已解析 0 篇文章
2023-11-18 00:35:18,416 - default - INFO - Parse: https://blogs.msdn.microsoft.com/dotnet/feed/
2023-11-18 00:35:18,799 - default - INFO - End: https://blogs.msdn.microsoft.com/dotnet/feed/ 已解析 0 篇文章
2023-11-18 00:35:18,799 - default - INFO - Parse: http://raganwald.com/atom.xml
2023-11-18 00:35:27,128 - default - INFO - End: http://raganwald.com/atom.xml 已解析 0 篇文章
2023-11-18 00:35:27,128 - default - INFO - Parse: https://blogs.windows.com/msedgedev/rss
2023-11-18 00:35:27,463 - default - INFO - End: https://blogs.windows.com/msedgedev/rss 已解析 0 篇文章
2023-11-18 00:35:27,463 - default - INFO - Parse: https://blog.jetbrains.com/kotlin/feed/
2023-11-18 00:35:27,611 - default - INFO - End: https://blog.jetbrains.com/kotlin/feed/ 已解析 0 篇文章
2023-11-18 00:35:27,611 - default - INFO - Parse: https://tania.dev/rss.xml
2023-11-18 00:35:28,805 - default - INFO - End: https://tania.dev/rss.xml 已解析 0 篇文章
2023-11-18 00:35:28,805 - default - INFO - Parse: https://swizec.com/blog/feed
2023-11-18 00:35:28,926 - default - INFO - 解析 https://swizec.com/blog/feed 失败 <unknown>:2:0: syntax error
2023-11-18 00:35:28,926 - default - INFO - End: https://swizec.com/blog/feed 已解析 0 篇文章
2023-11-18 00:35:29,320 - default - INFO - Aggregate 已新增 28 篇
2023-11-18 00:35:29,320 - default - INFO - Aggregate AI总结花费 {}
