2023-11-20 00:34:54,669 - default - INFO - Parse: https://goteleport.com/blog/rss.xml
2023-11-20 00:34:54,993 - default - INFO - End: https://goteleport.com/blog/rss.xml 已解析 0 篇文章
2023-11-20 00:34:54,993 - default - INFO - Parse: https://engineering.mercari.com/en/blog/feed.xml
2023-11-20 00:34:57,003 - default - INFO - End: https://engineering.mercari.com/en/blog/feed.xml 已解析 0 篇文章
2023-11-20 00:34:57,074 - default - INFO - Parse: https://blog.replit.com/feed.xml
2023-11-20 00:34:57,452 - default - INFO - End: https://blog.replit.com/feed.xml 已解析 0 篇文章
2023-11-20 00:34:57,452 - default - INFO - Parse: https://abhinavsarkar.net/tags/programming/feed.atom
2023-11-20 00:34:58,846 - default - INFO - End: https://abhinavsarkar.net/tags/programming/feed.atom 已解析 0 篇文章
2023-11-20 00:34:58,847 - default - INFO - Parse: https://httptoolkit.tech/rss.xml
2023-11-20 00:35:02,791 - default - INFO - End: https://httptoolkit.tech/rss.xml 已解析 0 篇文章
2023-11-20 00:35:02,791 - default - INFO - Parse: https://engineering.freeagent.com/feed/
2023-11-20 00:35:03,581 - default - INFO - End: https://engineering.freeagent.com/feed/ 已解析 0 篇文章
2023-11-20 00:35:03,581 - default - INFO - Parse: https://severalnines.com/rss.xml
2023-11-20 00:35:04,862 - default - INFO - End: https://severalnines.com/rss.xml 已解析 0 篇文章
2023-11-20 00:35:04,863 - default - INFO - Parse: https://learnk8s.io/rss.xml
2023-11-20 00:35:05,527 - default - INFO - End: https://learnk8s.io/rss.xml 已解析 0 篇文章
2023-11-20 00:35:05,527 - default - INFO - Parse: https://v8.dev/blog.atom
2023-11-20 00:35:05,849 - default - INFO - End: https://v8.dev/blog.atom 已解析 0 篇文章
2023-11-20 00:35:05,849 - default - INFO - Parse: https://technology.customink.com/feed.xml
2023-11-20 00:35:07,415 - default - INFO - 解析 https://technology.customink.com/feed.xml 失败 <unknown>:2727:89: not well-formed (invalid token)
2023-11-20 00:35:07,416 - default - INFO - End: https://technology.customink.com/feed.xml 已解析 0 篇文章
2023-11-20 00:35:07,416 - default - INFO - Parse: http://blog.avenuecode.com/rss.xml
2023-11-20 00:35:07,611 - default - INFO - End: http://blog.avenuecode.com/rss.xml 已解析 0 篇文章
2023-11-20 00:35:07,611 - default - INFO - Parse: https://8thlight.com/blog/feed/atom.xml
2023-11-20 00:35:08,429 - default - INFO - 解析 https://8thlight.com/blog/feed/atom.xml 失败 <unknown>:3:0: XML or text declaration not at start of entity
2023-11-20 00:35:08,430 - default - INFO - End: https://8thlight.com/blog/feed/atom.xml 已解析 0 篇文章
2023-11-20 00:35:08,430 - default - INFO - Parse: http://blog.arkency.com/atom.xml
2023-11-20 00:35:08,855 - default - INFO - End: http://blog.arkency.com/atom.xml 已解析 0 篇文章
2023-11-20 00:35:08,855 - default - INFO - Parse: http://artsy.github.io/feed
2023-11-20 00:35:09,033 - default - INFO - End: http://artsy.github.io/feed 已解析 0 篇文章
2023-11-20 00:35:09,033 - default - INFO - Parse: https://www.bigeng.io/rss/
2023-11-20 00:35:09,526 - default - INFO - End: https://www.bigeng.io/rss/ 已解析 0 篇文章
2023-11-20 00:35:09,526 - default - INFO - Parse: https://advancedweb.hu/atom.xml
2023-11-20 00:35:10,686 - default - INFO - End: https://advancedweb.hu/atom.xml 已解析 0 篇文章
2023-11-20 00:35:10,686 - default - INFO - Parse: https://auth0.com/blog/rss.xml
2023-11-20 00:35:10,880 - default - INFO - 解析 https://auth0.com/blog/rss.xml 失败 document declared as us-ascii, but parsed as utf-8
2023-11-20 00:35:10,880 - default - INFO - End: https://auth0.com/blog/rss.xml 已解析 0 篇文章
2023-11-20 00:35:10,880 - default - INFO - Parse: https://capgemini.github.io/feed.xml
2023-11-20 00:35:11,268 - default - INFO - End: https://capgemini.github.io/feed.xml 已解析 0 篇文章
2023-11-20 00:35:11,269 - default - INFO - Parse: https://aws.amazon.com/blogs/aws/feed/
2023-11-20 00:35:11,612 - default - INFO - End: https://aws.amazon.com/blogs/aws/feed/ 已解析 0 篇文章
2023-11-20 00:35:11,612 - default - INFO - Parse: https://code.blender.org/rss
2023-11-20 00:37:21,522 - default - INFO - 解析 https://code.blender.org/rss 失败 <urlopen error [Errno 110] Connection timed out>
2023-11-20 00:37:21,522 - default - INFO - End: https://code.blender.org/rss 已解析 0 篇文章
2023-11-20 00:37:21,522 - default - INFO - Parse: http://www.codenameone.com/feed.xml
2023-11-20 00:37:26,125 - default - INFO - End: http://www.codenameone.com/feed.xml 已解析 0 篇文章
2023-11-20 00:37:26,125 - default - INFO - Parse: https://spin.atomicobject.com/feed/
2023-11-20 00:37:27,293 - default - WARNING - Summarize failed. 该令牌额度已用尽
2023-11-20 00:37:27,294 - default - INFO - End: https://spin.atomicobject.com/feed/ 已解析 1 篇文章
2023-11-20 00:37:27,294 - default - INFO - Parse: https://blog.developer.bazaarvoice.com/feed/
2023-11-20 00:37:27,868 - default - INFO - End: https://blog.developer.bazaarvoice.com/feed/ 已解析 0 篇文章
2023-11-20 00:37:27,868 - default - INFO - Parse: https://blog.cloudflare.com/rss/
2023-11-20 00:37:28,490 - default - INFO - End: https://blog.cloudflare.com/rss/ 已解析 0 篇文章
2023-11-20 00:37:28,490 - default - INFO - Parse: https://developer.atlassian.com/blog/feed.xml
2023-11-20 00:37:28,969 - default - INFO - End: https://developer.atlassian.com/blog/feed.xml 已解析 0 篇文章
2023-11-20 00:37:28,970 - default - INFO - Parse: https://blog.cloudera.com/feed/
2023-11-20 00:37:30,008 - default - INFO - End: https://blog.cloudera.com/feed/ 已解析 0 篇文章
2023-11-20 00:37:30,008 - default - INFO - Parse: https://www.confluent.io/feed/
2023-11-20 00:37:30,291 - default - INFO - End: https://www.confluent.io/feed/ 已解析 0 篇文章
2023-11-20 00:37:30,291 - default - INFO - Parse: https://tech.buzzfeed.com/feed
2023-11-20 00:37:30,667 - default - INFO - End: https://tech.buzzfeed.com/feed 已解析 0 篇文章
2023-11-20 00:37:30,667 - default - INFO - Parse: https://engineering.brandwatch.com/rss/
2023-11-20 00:37:31,483 - default - INFO - End: https://engineering.brandwatch.com/rss/ 已解析 0 篇文章
2023-11-20 00:37:31,483 - default - INFO - Parse: https://benchling.engineering/feed
2023-11-20 00:37:32,009 - default - INFO - End: https://benchling.engineering/feed 已解析 0 篇文章
2023-11-20 00:37:32,009 - default - INFO - Parse: https://www.elastic.co/blog/feed
2023-11-20 00:37:32,202 - default - INFO - End: https://www.elastic.co/blog/feed 已解析 0 篇文章
2023-11-20 00:37:32,202 - default - INFO - Parse: http://deliveroo.engineering/feed.xml
2023-11-20 00:37:32,367 - default - INFO - End: http://deliveroo.engineering/feed.xml 已解析 0 篇文章
2023-11-20 00:37:32,368 - default - INFO - Parse: https://techblog.commercetools.com/feed
2023-11-20 00:37:32,726 - default - INFO - End: https://techblog.commercetools.com/feed 已解析 0 篇文章
2023-11-20 00:37:32,726 - default - INFO - Parse: https://databricks.com/feed
2023-11-20 00:37:33,019 - default - INFO - End: https://databricks.com/feed 已解析 0 篇文章
2023-11-20 00:37:33,019 - default - INFO - Parse: https://deezer.io/feed
2023-11-20 00:37:33,507 - default - INFO - End: https://deezer.io/feed 已解析 0 篇文章
2023-11-20 00:37:33,507 - default - INFO - Parse: https://engineering.fb.com/feed/
2023-11-20 00:37:33,677 - default - INFO - End: https://engineering.fb.com/feed/ 已解析 0 篇文章
2023-11-20 00:37:33,677 - default - INFO - Parse: https://codeascraft.com/feed/
2023-11-20 00:37:33,787 - default - INFO - 解析 https://codeascraft.com/feed/ 失败 text/html;charset=utf-8 is not an XML media type
2023-11-20 00:37:33,788 - default - INFO - End: https://codeascraft.com/feed/ 已解析 0 篇文章
2023-11-20 00:37:33,788 - default - INFO - Parse: https://medium.com/feed/feedzaitech
2023-11-20 00:37:34,082 - default - INFO - End: https://medium.com/feed/feedzaitech 已解析 0 篇文章
2023-11-20 00:37:34,082 - default - INFO - Parse: https://tech.findmypast.com/feed.xml
2023-11-20 00:37:34,271 - default - INFO - End: https://tech.findmypast.com/feed.xml 已解析 0 篇文章
2023-11-20 00:37:34,271 - default - INFO - Parse: https://code.fb.com/feed/
2023-11-20 00:37:34,645 - default - INFO - End: https://code.fb.com/feed/ 已解析 0 篇文章
2023-11-20 00:37:34,645 - default - INFO - Parse: https://www.eventbrite.com/engineering/feed/
2023-11-20 00:37:34,768 - default - INFO - End: https://www.eventbrite.com/engineering/feed/ 已解析 0 篇文章
2023-11-20 00:37:34,768 - default - INFO - Parse: https://evernote.com/blog/feed/
2023-11-20 00:37:34,884 - default - INFO - 解析 https://evernote.com/blog/feed/ 失败 <unknown>:2:0: not well-formed (invalid token)
2023-11-20 00:37:34,884 - default - INFO - End: https://evernote.com/blog/feed/ 已解析 0 篇文章
2023-11-20 00:37:34,884 - default - INFO - Parse: https://drivy.engineering/feed.xml
2023-11-20 00:37:36,911 - default - INFO - End: https://drivy.engineering/feed.xml 已解析 0 篇文章
2023-11-20 00:37:36,911 - default - INFO - Parse: https://evilmartians.com/chronicles.atom
2023-11-20 00:37:37,254 - default - INFO - End: https://evilmartians.com/chronicles.atom 已解析 0 篇文章
2023-11-20 00:37:37,255 - default - INFO - Parse: https://www.ebayinc.com/stories/blogs/tech/rss/
2023-11-20 00:37:38,181 - default - INFO - End: https://www.ebayinc.com/stories/blogs/tech/rss/ 已解析 0 篇文章
2023-11-20 00:37:38,181 - default - INFO - Parse: http://feeds.feedburner.com/GoogleOnlineSecurityBlog
2023-11-20 00:37:38,665 - default - INFO - End: http://feeds.feedburner.com/GoogleOnlineSecurityBlog 已解析 0 篇文章
2023-11-20 00:37:38,665 - default - INFO - Parse: https://galois.com/feed/
2023-11-20 00:37:39,097 - default - INFO - End: https://galois.com/feed/ 已解析 0 篇文章
2023-11-20 00:37:39,097 - default - INFO - Parse: https://githubengineering.com/atom.xml
2023-11-20 00:37:39,456 - default - INFO - End: https://githubengineering.com/atom.xml 已解析 0 篇文章
2023-11-20 00:37:39,456 - default - INFO - Parse: https://blog.digitalocean.com/rss/
2023-11-20 00:37:40,480 - default - INFO - 解析 https://blog.digitalocean.com/rss/ 失败 application/octet-stream is not an XML media type
2023-11-20 00:37:40,481 - default - INFO - End: https://blog.digitalocean.com/rss/ 已解析 0 篇文章
2023-11-20 00:37:40,481 - default - INFO - Parse: https://www.hashicorp.com/blog/feed.xml
2023-11-20 00:37:40,753 - default - INFO - End: https://www.hashicorp.com/blog/feed.xml 已解析 0 篇文章
2023-11-20 00:37:40,753 - default - INFO - Parse: https://collectiveidea.com/blog/feed/
2023-11-20 00:37:41,437 - default - INFO - End: https://collectiveidea.com/blog/feed/ 已解析 0 篇文章
2023-11-20 00:37:41,437 - default - INFO - Parse: http://feeds.feedburner.com/blogspot/gJZg
2023-11-20 00:37:41,962 - default - INFO - End: http://feeds.feedburner.com/blogspot/gJZg 已解析 0 篇文章
2023-11-20 00:37:41,962 - default - INFO - Parse: http://engineering.grab.com/feed.xml
2023-11-20 00:37:42,090 - default - INFO - End: http://engineering.grab.com/feed.xml 已解析 0 篇文章
2023-11-20 00:37:42,090 - default - INFO - Parse: https://engineering.gusto.com/rss/
2023-11-20 00:37:42,282 - default - INFO - End: https://engineering.gusto.com/rss/ 已解析 0 篇文章
2023-11-20 00:37:42,282 - default - INFO - Parse: https://www.hostinger.com/blog/feed/
2023-11-20 00:37:42,619 - default - INFO - End: https://www.hostinger.com/blog/feed/ 已解析 0 篇文章
2023-11-20 00:37:42,619 - default - INFO - Parse: https://engineering.doximity.com/feed
2023-11-20 00:37:43,855 - default - INFO - End: https://engineering.doximity.com/feed 已解析 0 篇文章
2023-11-20 00:37:43,856 - default - INFO - Parse: https://www.cockroachlabs.com/blog/index.xml
2023-11-20 00:37:44,370 - default - INFO - End: https://www.cockroachlabs.com/blog/index.xml 已解析 0 篇文章
2023-11-20 00:37:44,370 - default - INFO - Parse: https://product.hubspot.com/blog/rss.xml
2023-11-20 00:37:44,514 - default - INFO - End: https://product.hubspot.com/blog/rss.xml 已解析 0 篇文章
2023-11-20 00:37:44,514 - default - INFO - Parse: https://lambda.grofers.com/feed
2023-11-20 00:37:44,929 - default - INFO - End: https://lambda.grofers.com/feed 已解析 0 篇文章
2023-11-20 00:37:44,929 - default - INFO - Parse: https://dropbox.tech/feed
2023-11-20 00:37:45,958 - default - INFO - End: https://dropbox.tech/feed 已解析 0 篇文章
2023-11-20 00:37:45,958 - default - INFO - Parse: https://engineering.hashnode.com/rss.xml
2023-11-20 00:37:46,443 - default - INFO - 解析 https://engineering.hashnode.com/rss.xml 失败 document declared as us-ascii, but parsed as utf-8
2023-11-20 00:37:46,443 - default - INFO - End: https://engineering.hashnode.com/rss.xml 已解析 0 篇文章
2023-11-20 00:37:46,444 - default - INFO - Parse: https://kinvolk.io/blog/index.xml
2023-11-20 00:37:46,715 - default - INFO - 解析 https://kinvolk.io/blog/index.xml 失败 document declared as us-ascii, but parsed as utf-8
2023-11-20 00:37:46,715 - default - INFO - End: https://kinvolk.io/blog/index.xml 已解析 0 篇文章
2023-11-20 00:37:46,715 - default - INFO - Parse: https://tech.instacart.com/feed
2023-11-20 00:37:46,967 - default - INFO - End: https://tech.instacart.com/feed 已解析 0 篇文章
2023-11-20 00:37:46,967 - default - INFO - Parse: https://kolosek.com/rss/
2023-11-20 00:37:47,122 - default - INFO - 解析 https://kolosek.com/rss/ 失败 <unknown>:19:18: not well-formed (invalid token)
2023-11-20 00:37:47,123 - default - INFO - End: https://kolosek.com/rss/ 已解析 0 篇文章
2023-11-20 00:37:47,123 - default - INFO - Parse: https://blog.heroku.com/engineering/feed
2023-11-20 00:37:47,530 - default - INFO - End: https://blog.heroku.com/engineering/feed 已解析 0 篇文章
2023-11-20 00:37:47,530 - default - INFO - Parse: https://hashrocket.com/blog.rss
2023-11-20 00:37:47,894 - default - INFO - End: https://hashrocket.com/blog.rss 已解析 0 篇文章
2023-11-20 00:37:47,894 - default - INFO - Parse: https://jobandtalent.engineering/feed
2023-11-20 00:37:48,379 - default - INFO - End: https://jobandtalent.engineering/feed 已解析 0 篇文章
2023-11-20 00:37:48,379 - default - INFO - Parse: https://blog.imgur.com/feed/
2023-11-20 00:37:48,931 - default - INFO - End: https://blog.imgur.com/feed/ 已解析 0 篇文章
2023-11-20 00:37:48,931 - default - INFO - Parse: https://nordicapis.com/feed/
2023-11-20 00:37:49,493 - default - INFO - End: https://nordicapis.com/feed/ 已解析 0 篇文章
2023-11-20 00:37:49,493 - default - INFO - Parse: https://blog.novoda.com/rss/
2023-11-20 00:37:50,104 - default - INFO - End: https://blog.novoda.com/rss/ 已解析 0 篇文章
2023-11-20 00:37:50,104 - default - INFO - Parse: https://developer.okta.com/feed.xml
2023-11-20 00:37:50,685 - default - INFO - End: https://developer.okta.com/feed.xml 已解析 0 篇文章
2023-11-20 00:37:50,685 - default - INFO - Parse: https://eng.lyft.com/feed
2023-11-20 00:37:51,051 - default - INFO - End: https://eng.lyft.com/feed 已解析 0 篇文章
2023-11-20 00:37:51,051 - default - INFO - Parse: http://blog.memsql.com/feed/
2023-11-20 00:37:51,394 - default - INFO - 解析 http://blog.memsql.com/feed/ 失败 document declared as us-ascii, but parsed as utf-8
2023-11-20 00:37:51,394 - default - INFO - End: http://blog.memsql.com/feed/ 已解析 0 篇文章
2023-11-20 00:37:51,394 - default - INFO - Parse: https://engineering.mixpanel.com/feed/
2023-11-20 00:37:52,054 - default - INFO - End: https://engineering.mixpanel.com/feed/ 已解析 0 篇文章
2023-11-20 00:37:52,054 - default - INFO - Parse: https://medium.engineering/feed
2023-11-20 00:37:52,289 - default - INFO - End: https://medium.engineering/feed 已解析 0 篇文章
2023-11-20 00:37:52,289 - default - INFO - Parse: http://blog.apps.npr.org/atom.xml
2023-11-20 00:37:53,322 - default - INFO - 解析 http://blog.apps.npr.org/atom.xml 失败 <unknown>:1172:54: undefined entity
2023-11-20 00:37:53,323 - default - INFO - End: http://blog.apps.npr.org/atom.xml 已解析 0 篇文章
2023-11-20 00:37:53,323 - default - INFO - Parse: https://engblog.nextdoor.com/feed
2023-11-20 00:37:53,627 - default - INFO - End: https://engblog.nextdoor.com/feed 已解析 0 篇文章
2023-11-20 00:37:53,627 - default - INFO - Parse: https://hacks.mozilla.org/feed/
2023-11-20 00:37:54,169 - default - INFO - End: https://hacks.mozilla.org/feed/ 已解析 0 篇文章
2023-11-20 00:37:54,169 - default - INFO - Parse: https://developers.redhat.com/blog/feed/atom/
2023-11-20 00:37:55,274 - default - INFO - End: https://developers.redhat.com/blog/feed/atom/ 已解析 0 篇文章
2023-11-20 00:37:55,274 - default - INFO - Parse: https://tech.olx.com/feed
2023-11-20 00:37:55,577 - default - INFO - End: https://tech.olx.com/feed 已解析 0 篇文章
2023-11-20 00:37:55,577 - default - INFO - Parse: https://postmarkapp.com/blog/feed.atom
2023-11-20 00:37:56,557 - default - INFO - End: https://postmarkapp.com/blog/feed.atom 已解析 0 篇文章
2023-11-20 00:37:56,558 - default - INFO - Parse: http://engineering.remind.com/feed.xml
2023-11-20 00:37:56,781 - default - INFO - End: http://engineering.remind.com/feed.xml 已解析 0 篇文章
2023-11-20 00:37:56,781 - default - INFO - Parse: https://tech.showmax.com/feed.xml
2023-11-20 00:37:58,280 - default - INFO - End: https://tech.showmax.com/feed.xml 已解析 0 篇文章
2023-11-20 00:37:58,280 - default - INFO - Parse: https://multithreaded.stitchfix.com/feed.xml
2023-11-20 00:37:58,552 - default - INFO - End: https://multithreaded.stitchfix.com/feed.xml 已解析 0 篇文章
2023-11-20 00:37:58,552 - default - INFO - Parse: https://labs.spotify.com/feed/
2023-11-20 00:37:59,914 - default - INFO - End: https://labs.spotify.com/feed/ 已解析 0 篇文章
2023-11-20 00:37:59,914 - default - INFO - Parse: https://www.stridenyc.com/blog/rss.xml
2023-11-20 00:38:00,138 - default - INFO - End: https://www.stridenyc.com/blog/rss.xml 已解析 0 篇文章
2023-11-20 00:38:00,138 - default - INFO - Parse: https://technology.skybettingandgaming.com/feed.xml
2023-11-20 00:38:00,598 - default - INFO - End: https://technology.skybettingandgaming.com/feed.xml 已解析 0 篇文章
2023-11-20 00:38:00,598 - default - INFO - Parse: https://umbrella.cisco.com/blog/feed/
2023-11-20 00:38:00,931 - default - INFO - End: https://umbrella.cisco.com/blog/feed/ 已解析 0 篇文章
2023-11-20 00:38:00,931 - default - INFO - Parse: https://www.surveymonkey.com/feed/
2023-11-20 00:38:01,235 - default - INFO - End: https://www.surveymonkey.com/feed/ 已解析 0 篇文章
2023-11-20 00:38:01,235 - default - INFO - Parse: https://engineering.prezi.com/feed
2023-11-20 00:38:01,515 - default - INFO - End: https://engineering.prezi.com/feed 已解析 0 篇文章
2023-11-20 00:38:01,515 - default - INFO - Parse: https://semaphoreci.com/community/tutorials.atom
2023-11-20 00:38:01,734 - default - INFO - 解析 https://semaphoreci.com/community/tutorials.atom 失败 <unknown>:2:0: syntax error
2023-11-20 00:38:01,734 - default - INFO - End: https://semaphoreci.com/community/tutorials.atom 已解析 0 篇文章
2023-11-20 00:38:01,735 - default - INFO - Parse: https://developer.salesforce.com/blogs/feed
2023-11-20 00:38:01,922 - default - INFO - End: https://developer.salesforce.com/blogs/feed 已解析 0 篇文章
2023-11-20 00:38:01,922 - default - INFO - Parse: https://mesosphere.com/feed/
2023-11-20 00:38:02,790 - default - INFO - End: https://mesosphere.com/feed/ 已解析 0 篇文章
2023-11-20 00:38:02,790 - default - INFO - Parse: https://feeds.feedburner.com/GiantRobotsSmashingIntoOtherGiantRobots
2023-11-20 00:38:02,949 - default - INFO - End: https://feeds.feedburner.com/GiantRobotsSmashingIntoOtherGiantRobots 已解析 0 篇文章
2023-11-20 00:38:02,950 - default - INFO - Parse: https://www.toptal.com/blog.rss
2023-11-20 00:38:03,298 - default - INFO - End: https://www.toptal.com/blog.rss 已解析 0 篇文章
2023-11-20 00:38:03,298 - default - INFO - Parse: https://slack.engineering/feed
2023-11-20 00:38:03,561 - default - INFO - End: https://slack.engineering/feed 已解析 0 篇文章
2023-11-20 00:38:03,562 - default - INFO - Parse: http://semaphoreci.com/blog/engineering.xml
2023-11-20 00:38:03,751 - default - INFO - 解析 http://semaphoreci.com/blog/engineering.xml 失败 <unknown>:2:0: syntax error
2023-11-20 00:38:03,751 - default - INFO - End: http://semaphoreci.com/blog/engineering.xml 已解析 0 篇文章
2023-11-20 00:38:03,751 - default - INFO - Parse: https://blog.siftscience.com/feed/
2023-11-20 00:38:04,166 - default - INFO - End: https://blog.siftscience.com/feed/ 已解析 0 篇文章
2023-11-20 00:38:04,166 - default - INFO - Parse: https://stackoverflow.blog/feed/
2023-11-20 00:38:04,386 - default - INFO - End: https://stackoverflow.blog/feed/ 已解析 0 篇文章
2023-11-20 00:38:04,386 - default - INFO - Parse: http://techblog.thescore.com/feed.xml
2023-11-20 00:38:05,615 - default - INFO - 解析 http://techblog.thescore.com/feed.xml 失败 <unknown>:1500:26: not well-formed (invalid token)
2023-11-20 00:38:05,616 - default - INFO - End: http://techblog.thescore.com/feed.xml 已解析 0 篇文章
2023-11-20 00:38:05,616 - default - INFO - Parse: https://tech.trivago.com/index.xml
2023-11-20 00:38:05,984 - default - INFO - End: https://tech.trivago.com/index.xml 已解析 0 篇文章
2023-11-20 00:38:05,984 - default - INFO - Parse: https://www.thoughtworks.com/rss/insights.xml
2023-11-20 00:38:08,464 - default - INFO - End: https://www.thoughtworks.com/rss/insights.xml 已解析 0 篇文章
2023-11-20 00:38:08,464 - default - INFO - Parse: https://bytes.swiggy.com/feed
2023-11-20 00:38:08,786 - default - INFO - End: https://bytes.swiggy.com/feed 已解析 0 篇文章
2023-11-20 00:38:08,786 - default - INFO - Parse: http://engineering.vinted.com//atom.xml
2023-11-20 00:38:09,156 - default - INFO - End: http://engineering.vinted.com//atom.xml 已解析 0 篇文章
2023-11-20 00:38:09,156 - default - INFO - Parse: https://developers.soundcloud.com/blog.rss
2023-11-20 00:38:12,168 - default - INFO - End: https://developers.soundcloud.com/blog.rss 已解析 0 篇文章
2023-11-20 00:38:12,168 - default - INFO - Parse: https://blog.timescale.com/feed
2023-11-20 00:38:12,522 - default - INFO - End: https://blog.timescale.com/feed 已解析 0 篇文章
2023-11-20 00:38:12,522 - default - INFO - Parse: https://engineering.tumblr.com/rss
2023-11-20 00:38:12,675 - default - INFO - End: https://engineering.tumblr.com/rss 已解析 0 篇文章
2023-11-20 00:38:12,675 - default - INFO - Parse: http://eng.wealthfront.com/feed/
2023-11-20 00:38:13,014 - default - INFO - End: http://eng.wealthfront.com/feed/ 已解析 0 篇文章
2023-11-20 00:38:13,015 - default - INFO - Parse: https://www.sitepoint.com/feed/
2023-11-20 00:38:14,830 - default - INFO - End: https://www.sitepoint.com/feed/ 已解析 0 篇文章
2023-11-20 00:38:14,830 - default - INFO - Parse: https://stripe.com/blog/feed.rss
2023-11-20 00:38:15,575 - default - INFO - End: https://stripe.com/blog/feed.rss 已解析 0 篇文章
2023-11-20 00:38:15,575 - default - INFO - Parse: http://engineering.wingify.com/atom.xml
2023-11-20 00:38:16,950 - default - INFO - End: http://engineering.wingify.com/atom.xml 已解析 0 篇文章
2023-11-20 00:38:16,950 - default - INFO - Parse: https://infrequently.org/feed/
2023-11-20 00:38:17,382 - default - INFO - End: https://infrequently.org/feed/ 已解析 0 篇文章
2023-11-20 00:38:17,382 - default - INFO - Parse: https://www.amitmerchant.com/feed.xml
2023-11-20 00:38:17,592 - default - INFO - End: https://www.amitmerchant.com/feed.xml 已解析 0 篇文章
2023-11-20 00:38:17,592 - default - INFO - Parse: https://buildingvts.com/feed
2023-11-20 00:38:17,857 - default - INFO - End: https://buildingvts.com/feed 已解析 0 篇文章
2023-11-20 00:38:17,857 - default - INFO - Parse: http://addyosmani.com/rss.xml
2023-11-20 00:38:18,038 - default - INFO - End: http://addyosmani.com/rss.xml 已解析 0 篇文章
2023-11-20 00:38:18,038 - default - INFO - Parse: https://engineeringblog.yelp.com/feed.xml
2023-11-20 00:38:18,182 - default - INFO - 解析 https://engineeringblog.yelp.com/feed.xml 失败 document declared as us-ascii, but parsed as utf-8
2023-11-20 00:38:18,183 - default - INFO - End: https://engineeringblog.yelp.com/feed.xml 已解析 0 篇文章
2023-11-20 00:38:18,183 - default - INFO - Parse: https://alanstorm.com/feed/feed.xml
2023-11-20 00:38:18,612 - default - INFO - 解析 https://alanstorm.com/feed/feed.xml 失败 <unknown>:124:0: junk after document element
2023-11-20 00:38:18,612 - default - INFO - End: https://alanstorm.com/feed/feed.xml 已解析 0 篇文章
2023-11-20 00:38:18,612 - default - INFO - Parse: https://ariya.io/index.xml
2023-11-20 00:38:18,876 - default - INFO - End: https://ariya.io/index.xml 已解析 0 篇文章
2023-11-20 00:38:18,876 - default - INFO - Parse: https://tech.xing.com/feed
2023-11-20 00:38:20,159 - default - INFO - End: https://tech.xing.com/feed 已解析 0 篇文章
2023-11-20 00:38:20,159 - default - INFO - Parse: http://tenderlovemaking.com/atom.xml
2023-11-20 00:38:20,805 - default - INFO - End: http://tenderlovemaking.com/atom.xml 已解析 0 篇文章
2023-11-20 00:38:20,805 - default - INFO - Parse: https://www.devroom.io/index.xml
2023-11-20 00:38:22,012 - default - INFO - 解析 https://www.devroom.io/index.xml 失败 document declared as us-ascii, but parsed as utf-8
2023-11-20 00:38:22,013 - default - INFO - End: https://www.devroom.io/index.xml 已解析 0 篇文章
2023-11-20 00:38:22,013 - default - INFO - Parse: https://carlosbecker.com/index.xml
2023-11-20 00:38:22,226 - default - INFO - End: https://carlosbecker.com/index.xml 已解析 0 篇文章
2023-11-20 00:38:22,226 - default - INFO - Parse: https://developerblog.zendesk.com/feed
2023-11-20 00:38:22,528 - default - INFO - End: https://developerblog.zendesk.com/feed 已解析 0 篇文章
2023-11-20 00:38:22,528 - default - INFO - Parse: https://bohops.com/feed/
2023-11-20 00:38:22,723 - default - INFO - End: https://bohops.com/feed/ 已解析 0 篇文章
2023-11-20 00:38:22,723 - default - INFO - Parse: http://lucumr.pocoo.org/feed.atom
2023-11-20 00:38:24,546 - default - WARNING - Summarize failed. 该令牌额度已用尽
2023-11-20 00:38:24,547 - default - INFO - End: http://lucumr.pocoo.org/feed.atom 已解析 1 篇文章
2023-11-20 00:38:24,547 - default - INFO - Parse: http://nullprogram.com/feed/
2023-11-20 00:38:24,831 - default - INFO - End: http://nullprogram.com/feed/ 已解析 0 篇文章
2023-11-20 00:38:24,831 - default - INFO - Parse: https://code.dblock.org/feed.xml
2023-11-20 00:38:25,513 - default - INFO - End: https://code.dblock.org/feed.xml 已解析 0 篇文章
2023-11-20 00:38:25,513 - default - INFO - Parse: http://www.brendangregg.com/blog/rss.xml
2023-11-20 00:38:26,164 - default - INFO - End: http://www.brendangregg.com/blog/rss.xml 已解析 0 篇文章
2023-11-20 00:38:26,164 - default - INFO - Parse: https://www.dereuromark.de/feed/
2023-11-20 00:38:26,885 - default - INFO - End: https://www.dereuromark.de/feed/ 已解析 0 篇文章
2023-11-20 00:38:26,885 - default - INFO - Parse: https://domenicoluciani.com/feed.xml
2023-11-20 00:38:27,087 - default - INFO - End: https://domenicoluciani.com/feed.xml 已解析 0 篇文章
2023-11-20 00:38:27,087 - default - INFO - Parse: https://blog.filippo.io/rss/
2023-11-20 00:38:27,512 - default - INFO - End: https://blog.filippo.io/rss/ 已解析 0 篇文章
2023-11-20 00:38:27,513 - default - INFO - Parse: https://hookrace.net/blog/feed/
2023-11-20 00:38:29,432 - default - INFO - End: https://hookrace.net/blog/feed/ 已解析 0 篇文章
2023-11-20 00:38:29,432 - default - INFO - Parse: https://dotdev.co/feed/
2023-11-20 00:38:29,637 - default - INFO - End: https://dotdev.co/feed/ 已解析 0 篇文章
2023-11-20 00:38:29,637 - default - INFO - Parse: https://ericlippert.com/feed/
2023-11-20 00:38:29,769 - default - INFO - End: https://ericlippert.com/feed/ 已解析 0 篇文章
2023-11-20 00:38:29,769 - default - INFO - Parse: https://tomassetti.me/feed/
2023-11-20 00:38:30,114 - default - INFO - End: https://tomassetti.me/feed/ 已解析 0 篇文章
2023-11-20 00:38:30,114 - default - INFO - Parse: http://www.evanjones.ca/index.rss
2023-11-20 00:38:30,531 - default - WARNING - Summarize failed. HTTP code 502 from API (<!DOCTYPE html>
<!--[if lt IE 7]> <html class="no-js ie6 oldie" lang="en-US"> <![endif]-->
<!--[if IE 7]>    <html class="no-js ie7 oldie" lang="en-US"> <![endif]-->
<!--[if IE 8]>    <html class="no-js ie8 oldie" lang="en-US"> <![endif]-->
<!--[if gt IE 8]><!--> <html class="no-js" lang="en-US"> <!--<![endif]-->
<head>


<title>openkey.cloud | 502: Bad gateway</title>
<meta charset="UTF-8" />
<meta http-equiv="Content-Type" content="text/html; charset=UTF-8" />
<meta http-equiv="X-UA-Compatible" content="IE=Edge" />
<meta name="robots" content="noindex, nofollow" />
<meta name="viewport" content="width=device-width,initial-scale=1" />
<link rel="stylesheet" id="cf_styles-css" href="/cdn-cgi/styles/main.css" />


</head>
<body>
<div id="cf-wrapper">
    <div id="cf-error-details" class="p-0">
        <header class="mx-auto pt-10 lg:pt-6 lg:px-8 w-240 lg:w-full mb-8">
            <h1 class="inline-block sm:block sm:mb-2 font-light text-60 lg:text-4xl text-black-dark leading-tight mr-2">
              <span class="inline-block">Bad gateway</span>
              <span class="code-label">Error code 502</span>
            </h1>
            <div>
               Visit <a href="https://www.cloudflare.com/5xx-error-landing?utm_source=errorcode_502&utm_campaign=openkey.cloud" target="_blank" rel="noopener noreferrer">cloudflare.com</a> for more information.
            </div>
            <div class="mt-3">2023-11-20 00:38:30 UTC</div>
        </header>
        <div class="my-8 bg-gradient-gray">
            <div class="w-240 lg:w-full mx-auto">
                <div class="clearfix md:px-8">
                  
<div id="cf-browser-status" class=" relative w-1/3 md:w-full py-15 md:p-0 md:py-8 md:text-left md:border-solid md:border-0 md:border-b md:border-gray-400 overflow-hidden float-left md:float-none text-center">
  <div class="relative mb-10 md:m-0">
    
    <span class="cf-icon-browser block md:hidden h-20 bg-center bg-no-repeat"></span>
    <span class="cf-icon-ok w-12 h-12 absolute left-1/2 md:left-auto md:right-0 md:top-0 -ml-6 -bottom-4"></span>
    
  </div>
  <span class="md:block w-full truncate">You</span>
  <h3 class="md:inline-block mt-3 md:mt-0 text-2xl text-gray-600 font-light leading-1.3">
    
    Browser
    
  </h3>
  <span class="leading-1.3 text-2xl text-green-success">Working</span>
</div>

<div id="cf-cloudflare-status" class=" relative w-1/3 md:w-full py-15 md:p-0 md:py-8 md:text-left md:border-solid md:border-0 md:border-b md:border-gray-400 overflow-hidden float-left md:float-none text-center">
  <div class="relative mb-10 md:m-0">
    <a href="https://www.cloudflare.com/5xx-error-landing?utm_source=errorcode_502&utm_campaign=openkey.cloud" target="_blank" rel="noopener noreferrer">
    <span class="cf-icon-cloud block md:hidden h-20 bg-center bg-no-repeat"></span>
    <span class="cf-icon-ok w-12 h-12 absolute left-1/2 md:left-auto md:right-0 md:top-0 -ml-6 -bottom-4"></span>
    </a>
  </div>
  <span class="md:block w-full truncate">Chicago</span>
  <h3 class="md:inline-block mt-3 md:mt-0 text-2xl text-gray-600 font-light leading-1.3">
    <a href="https://www.cloudflare.com/5xx-error-landing?utm_source=errorcode_502&utm_campaign=openkey.cloud" target="_blank" rel="noopener noreferrer">
    Cloudflare
    </a>
  </h3>
  <span class="leading-1.3 text-2xl text-green-success">Working</span>
</div>

<div id="cf-host-status" class="cf-error-source relative w-1/3 md:w-full py-15 md:p-0 md:py-8 md:text-left md:border-solid md:border-0 md:border-b md:border-gray-400 overflow-hidden float-left md:float-none text-center">
  <div class="relative mb-10 md:m-0">
    
    <span class="cf-icon-server block md:hidden h-20 bg-center bg-no-repeat"></span>
    <span class="cf-icon-error w-12 h-12 absolute left-1/2 md:left-auto md:right-0 md:top-0 -ml-6 -bottom-4"></span>
    
  </div>
  <span class="md:block w-full truncate">openkey.cloud</span>
  <h3 class="md:inline-block mt-3 md:mt-0 text-2xl text-gray-600 font-light leading-1.3">
    
    Host
    
  </h3>
  <span class="leading-1.3 text-2xl text-red-error">Error</span>
</div>

                </div>
            </div>
        </div>

        <div class="w-240 lg:w-full mx-auto mb-8 lg:px-8">
            <div class="clearfix">
                <div class="w-1/2 md:w-full float-left pr-6 md:pb-10 md:pr-0 leading-relaxed">
                    <h2 class="text-3xl font-normal leading-1.3 mb-4">What happened?</h2>
                    <p>The web server reported a bad gateway error.</p>
                </div>
                <div class="w-1/2 md:w-full float-left leading-relaxed">
                    <h2 class="text-3xl font-normal leading-1.3 mb-4">What can I do?</h2>
                    <p class="mb-6">Please try again in a few minutes.</p>
                </div>
            </div>
        </div>

        <div class="cf-error-footer cf-wrapper w-240 lg:w-full py-10 sm:py-4 sm:px-8 mx-auto text-center sm:text-left border-solid border-0 border-t border-gray-300">
  <p class="text-13">
    <span class="cf-footer-item sm:block sm:mb-1">Cloudflare Ray ID: <strong class="font-semibold">828ca1679a8d8743</strong></span>
    <span class="cf-footer-separator sm:hidden">&bull;</span>
    <span id="cf-footer-item-ip" class="cf-footer-item hidden sm:block sm:mb-1">
      Your IP:
      <button type="button" id="cf-footer-ip-reveal" class="cf-footer-ip-reveal-btn">Click to reveal</button>
      <span class="hidden" id="cf-footer-ip">172.183.78.66</span>
      <span class="cf-footer-separator sm:hidden">&bull;</span>
    </span>
    <span class="cf-footer-item sm:block sm:mb-1"><span>Performance &amp; security by</span> <a rel="noopener noreferrer" href="https://www.cloudflare.com/5xx-error-landing?utm_source=errorcode_502&utm_campaign=openkey.cloud" id="brand_link" target="_blank">Cloudflare</a></span>
    
  </p>
  <script>(function(){function d(){var b=a.getElementById("cf-footer-item-ip"),c=a.getElementById("cf-footer-ip-reveal");b&&"classList"in b&&(b.classList.remove("hidden"),c.addEventListener("click",function(){c.classList.add("hidden");a.getElementById("cf-footer-ip").classList.remove("hidden")}))}var a=document;document.addEventListener&&a.addEventListener("DOMContentLoaded",d)})();</script>
</div><!-- /.error-footer -->


    </div>
</div>
</body>
</html>
)
2023-11-20 00:38:30,531 - default - INFO - End: http://www.evanjones.ca/index.rss 已解析 1 篇文章
2023-11-20 00:38:30,532 - default - INFO - Parse: https://deanhume.com/rss/
2023-11-20 00:38:31,028 - default - INFO - End: https://deanhume.com/rss/ 已解析 0 篇文章
2023-11-20 00:38:31,028 - default - INFO - Parse: http://feeds.feedburner.com/HighScalability
2023-11-20 00:38:31,458 - default - INFO - End: http://feeds.feedburner.com/HighScalability 已解析 0 篇文章
2023-11-20 00:38:31,458 - default - INFO - Parse: https://erikrunyon.com/feed.xml
2023-11-20 00:38:31,674 - default - INFO - End: https://erikrunyon.com/feed.xml 已解析 0 篇文章
2023-11-20 00:38:31,674 - default - INFO - Parse: https://drewdevault.com/feed.xml
2023-11-20 00:38:32,353 - default - INFO - End: https://drewdevault.com/feed.xml 已解析 0 篇文章
2023-11-20 00:38:32,353 - default - INFO - Parse: https://www.chenhuijing.com/feed.xml
2023-11-20 00:38:32,904 - default - INFO - End: https://www.chenhuijing.com/feed.xml 已解析 0 篇文章
2023-11-20 00:38:32,904 - default - INFO - Parse: https://www.metachris.com/index.xml
2023-11-20 00:38:33,102 - default - INFO - End: https://www.metachris.com/index.xml 已解析 0 篇文章
2023-11-20 00:38:33,102 - default - INFO - Parse: https://elegantcode.com/feed/
2023-11-20 00:38:33,200 - default - INFO - End: https://elegantcode.com/feed/ 已解析 0 篇文章
2023-11-20 00:38:33,200 - default - INFO - Parse: https://conductofcode.io/feed.xml
2023-11-20 00:38:33,514 - default - INFO - End: https://conductofcode.io/feed.xml 已解析 0 篇文章
2023-11-20 00:38:33,514 - default - INFO - Parse: https://glebbahmutov.com/blog/atom.xml
2023-11-20 00:38:34,698 - default - INFO - End: https://glebbahmutov.com/blog/atom.xml 已解析 0 篇文章
2023-11-20 00:38:34,698 - default - INFO - Parse: https://eli.thegreenplace.net/feeds/all.atom.xml
2023-11-20 00:38:35,312 - default - INFO - End: https://eli.thegreenplace.net/feeds/all.atom.xml 已解析 0 篇文章
2023-11-20 00:38:35,312 - default - INFO - Parse: https://henrikwarne.com/feed/
2023-11-20 00:38:35,460 - default - INFO - End: https://henrikwarne.com/feed/ 已解析 0 篇文章
2023-11-20 00:38:35,460 - default - INFO - Parse: https://davidwalsh.name/feed/atom
2023-11-20 00:38:36,036 - default - INFO - End: https://davidwalsh.name/feed/atom 已解析 0 篇文章
2023-11-20 00:38:36,036 - default - INFO - Parse: https://jeremykun.com/feed/
2023-11-20 00:38:36,249 - default - INFO - End: https://jeremykun.com/feed/ 已解析 0 篇文章
2023-11-20 00:38:36,250 - default - INFO - Parse: https://tympanus.net/codrops/rss
2023-11-20 00:38:37,307 - default - INFO - End: https://tympanus.net/codrops/rss 已解析 0 篇文章
2023-11-20 00:38:37,307 - default - INFO - Parse: http://jakewharton.com/feed.xml
2023-11-20 00:38:38,558 - default - INFO - End: http://jakewharton.com/feed.xml 已解析 0 篇文章
2023-11-20 00:38:38,558 - default - INFO - Parse: https://jes.al/atom.xml
2023-11-20 00:38:38,773 - default - INFO - End: https://jes.al/atom.xml 已解析 0 篇文章
2023-11-20 00:38:38,773 - default - INFO - Parse: https://jvns.ca/atom.xml
2023-11-20 00:38:39,257 - default - INFO - End: https://jvns.ca/atom.xml 已解析 0 篇文章
2023-11-20 00:38:39,257 - default - INFO - Parse: https://codeblog.jonskeet.uk/feed/
2023-11-20 00:38:39,592 - default - INFO - End: https://codeblog.jonskeet.uk/feed/ 已解析 0 篇文章
2023-11-20 00:38:39,592 - default - INFO - Parse: https://adambard.com/blog/feed.xml
2023-11-20 00:38:39,747 - default - INFO - End: https://adambard.com/blog/feed.xml 已解析 0 篇文章
2023-11-20 00:38:39,747 - default - INFO - Parse: https://useyourloaf.com/blog/rss.xml
2023-11-20 00:38:40,060 - default - INFO - End: https://useyourloaf.com/blog/rss.xml 已解析 0 篇文章
2023-11-20 00:38:40,060 - default - INFO - Parse: https://jerrygamblin.com/feed/
2023-11-20 00:38:40,378 - default - INFO - End: https://jerrygamblin.com/feed/ 已解析 0 篇文章
2023-11-20 00:38:40,378 - default - INFO - Parse: https://idea.popcount.org/rss.xml
2023-11-20 00:38:41,072 - default - INFO - End: https://idea.popcount.org/rss.xml 已解析 0 篇文章
2023-11-20 00:38:41,072 - default - INFO - Parse: https://maryrosecook.com/blog/feed.xml
2023-11-20 00:38:41,496 - default - INFO - 解析 https://maryrosecook.com/blog/feed.xml 失败 document declared as us-ascii, but parsed as utf-8
2023-11-20 00:38:41,496 - default - INFO - End: https://maryrosecook.com/blog/feed.xml 已解析 0 篇文章
2023-11-20 00:38:41,496 - default - INFO - Parse: https://begriffs.com/atom.xml
2023-11-20 00:38:42,986 - default - INFO - 解析 https://begriffs.com/atom.xml 失败 document declared as us-ascii, but parsed as utf-8
2023-11-20 00:38:42,987 - default - INFO - End: https://begriffs.com/atom.xml 已解析 0 篇文章
2023-11-20 00:38:42,987 - default - INFO - Parse: http://matt.might.net/articles/feed.rss
2023-11-20 00:38:43,300 - default - INFO - End: http://matt.might.net/articles/feed.rss 已解析 0 篇文章
2023-11-20 00:38:43,300 - default - INFO - Parse: https://martinfowler.com/feed.atom
2023-11-20 00:38:43,542 - default - INFO - End: https://martinfowler.com/feed.atom 已解析 0 篇文章
2023-11-20 00:38:43,542 - default - INFO - Parse: https://blog.sleeplessbeastie.eu/feed.xml
2023-11-20 00:38:46,491 - default - INFO - End: https://blog.sleeplessbeastie.eu/feed.xml 已解析 0 篇文章
2023-11-20 00:38:46,491 - default - INFO - Parse: https://blog.cryptographyengineering.com/feed/
2023-11-20 00:38:46,788 - default - INFO - End: https://blog.cryptographyengineering.com/feed/ 已解析 0 篇文章
2023-11-20 00:38:46,788 - default - INFO - Parse: http://blog.fogus.me/feed/
2023-11-20 00:38:47,557 - default - INFO - End: http://blog.fogus.me/feed/ 已解析 0 篇文章
2023-11-20 00:38:47,557 - default - INFO - Parse: https://blog.rinesi.com/feed/
2023-11-20 00:38:47,873 - default - INFO - 文章较短，不需要总结
2023-11-20 00:38:47,873 - default - INFO - End: https://blog.rinesi.com/feed/ 已解析 1 篇文章
2023-11-20 00:38:47,873 - default - INFO - Parse: https://snook.ca/jonathan/index.rdf
2023-11-20 00:38:48,315 - default - INFO - End: https://snook.ca/jonathan/index.rdf 已解析 0 篇文章
2023-11-20 00:38:48,315 - default - INFO - Parse: https://www.mattcutts.com/blog/feed/
2023-11-20 00:38:48,701 - default - INFO - End: https://www.mattcutts.com/blog/feed/ 已解析 0 篇文章
2023-11-20 00:38:48,701 - default - INFO - Parse: http://www.windytan.com/feeds/posts/default
2023-11-20 00:38:49,064 - default - INFO - End: http://www.windytan.com/feeds/posts/default 已解析 0 篇文章
2023-11-20 00:38:49,064 - default - INFO - Parse: https://aphyr.com/posts.atom
2023-11-20 00:38:50,246 - default - INFO - End: https://aphyr.com/posts.atom 已解析 0 篇文章
2023-11-20 00:38:50,246 - default - INFO - Parse: http://blog.pamelafox.org/feeds/posts/default
2023-11-20 00:38:50,634 - default - INFO - End: http://blog.pamelafox.org/feeds/posts/default 已解析 0 篇文章
2023-11-20 00:38:50,634 - default - INFO - Parse: https://oleb.net/blog/atom.xml
2023-11-20 00:38:50,926 - default - INFO - End: https://oleb.net/blog/atom.xml 已解析 0 篇文章
2023-11-20 00:38:50,927 - default - INFO - Parse: https://blogs.msdn.microsoft.com/oldnewthing/feed
2023-11-20 00:38:51,390 - default - INFO - End: https://blogs.msdn.microsoft.com/oldnewthing/feed 已解析 0 篇文章
2023-11-20 00:38:51,390 - default - INFO - Parse: https://realpython.com/atom.xml
2023-11-20 00:38:51,602 - default - INFO - End: https://realpython.com/atom.xml 已解析 0 篇文章
2023-11-20 00:38:51,602 - default - INFO - Parse: http://blog.cleancoder.com/atom.xml
2023-11-20 00:38:51,800 - default - INFO - End: http://blog.cleancoder.com/atom.xml 已解析 0 篇文章
2023-11-20 00:38:51,800 - default - INFO - Parse: https://akrabat.com/feed/
2023-11-20 00:38:52,407 - default - INFO - End: https://akrabat.com/feed/ 已解析 0 篇文章
2023-11-20 00:38:52,407 - default - INFO - Parse: https://www.thepolyglotdeveloper.com/blog/index.xml
2023-11-20 00:38:53,475 - default - INFO - End: https://www.thepolyglotdeveloper.com/blog/index.xml 已解析 0 篇文章
2023-11-20 00:38:53,475 - default - INFO - Parse: https://eviltrout.com/feed.xml
2023-11-20 00:38:53,792 - default - INFO - End: https://eviltrout.com/feed.xml 已解析 0 篇文章
2023-11-20 00:38:53,792 - default - INFO - Parse: https://joshtronic.com/atom.xml
2023-11-20 00:38:54,030 - default - INFO - 解析 https://joshtronic.com/atom.xml 失败 <unknown>:2:0: syntax error
2023-11-20 00:38:54,030 - default - INFO - End: https://joshtronic.com/atom.xml 已解析 0 篇文章
2023-11-20 00:38:54,030 - default - INFO - Parse: http://feeds.hanselman.com/ScottHanselman
2023-11-20 00:38:54,350 - default - INFO - End: http://feeds.hanselman.com/ScottHanselman 已解析 0 篇文章
2023-11-20 00:38:54,350 - default - INFO - Parse: https://blog.nelhage.com/atom.xml
2023-11-20 00:38:54,575 - default - INFO - End: https://blog.nelhage.com/atom.xml 已解析 0 篇文章
2023-11-20 00:38:54,575 - default - INFO - Parse: http://blog.rtwilson.com/feed/
2023-11-20 00:38:54,876 - default - INFO - End: http://blog.rtwilson.com/feed/ 已解析 0 篇文章
2023-11-20 00:38:54,877 - default - INFO - Parse: http://www.catonmat.net/feed/
2023-11-20 00:38:55,700 - default - WARNING - Summarize failed. 该令牌额度已用尽
2023-11-20 00:38:55,701 - default - INFO - End: http://www.catonmat.net/feed/ 已解析 1 篇文章
2023-11-20 00:38:55,701 - default - INFO - Parse: https://neverfriday.com/feed/
2023-11-20 00:38:56,439 - default - INFO - End: https://neverfriday.com/feed/ 已解析 0 篇文章
2023-11-20 00:38:56,439 - default - INFO - Parse: http://thedailywtf.com/rss
2023-11-20 00:38:57,044 - default - INFO - End: http://thedailywtf.com/rss 已解析 0 篇文章
2023-11-20 00:38:57,044 - default - INFO - Parse: https://vladmihalcea.com/feed/
2023-11-20 00:38:57,192 - default - INFO - End: https://vladmihalcea.com/feed/ 已解析 0 篇文章
2023-11-20 00:38:57,192 - default - INFO - Parse: https://www.yegor256.com/rss.xml
2023-11-20 00:38:57,458 - default - INFO - End: https://www.yegor256.com/rss.xml 已解析 0 篇文章
2023-11-20 00:38:57,458 - default - INFO - Parse: https://muffinman.io/atom.xml
2023-11-20 00:38:59,549 - default - INFO - End: https://muffinman.io/atom.xml 已解析 0 篇文章
2023-11-20 00:38:59,549 - default - INFO - Parse: https://www.ardanlabs.com/blog/index.xml
2023-11-20 00:38:59,734 - default - INFO - End: https://www.ardanlabs.com/blog/index.xml 已解析 0 篇文章
2023-11-20 00:38:59,734 - default - INFO - Parse: https://blog.getbootstrap.com/feed.xml
2023-11-20 00:38:59,936 - default - INFO - End: https://blog.getbootstrap.com/feed.xml 已解析 0 篇文章
2023-11-20 00:38:59,936 - default - INFO - Parse: https://zachholman.com/atom.xml
2023-11-20 00:39:00,198 - default - INFO - End: https://zachholman.com/atom.xml 已解析 0 篇文章
2023-11-20 00:39:00,199 - default - INFO - Parse: https://ipfs.io/blog/index.xml
2023-11-20 00:39:01,202 - default - INFO - End: https://ipfs.io/blog/index.xml 已解析 0 篇文章
2023-11-20 00:39:01,202 - default - INFO - Parse: https://blog.golang.org/feed.atom
2023-11-20 00:39:01,613 - default - INFO - End: https://blog.golang.org/feed.atom 已解析 0 篇文章
2023-11-20 00:39:01,613 - default - INFO - Parse: https://blog.jooq.org/feed/
2023-11-20 00:39:02,373 - default - INFO - End: https://blog.jooq.org/feed/ 已解析 0 篇文章
2023-11-20 00:39:02,373 - default - INFO - Parse: https://blogs.msdn.microsoft.com/dotnet/feed/
2023-11-20 00:39:02,901 - default - INFO - End: https://blogs.msdn.microsoft.com/dotnet/feed/ 已解析 0 篇文章
2023-11-20 00:39:02,901 - default - INFO - Parse: http://raganwald.com/atom.xml
2023-11-20 00:39:11,136 - default - INFO - End: http://raganwald.com/atom.xml 已解析 0 篇文章
2023-11-20 00:39:11,136 - default - INFO - Parse: https://blogs.windows.com/msedgedev/rss
2023-11-20 00:39:11,713 - default - INFO - End: https://blogs.windows.com/msedgedev/rss 已解析 0 篇文章
2023-11-20 00:39:11,714 - default - INFO - Parse: https://blog.jetbrains.com/kotlin/feed/
2023-11-20 00:39:11,853 - default - INFO - End: https://blog.jetbrains.com/kotlin/feed/ 已解析 0 篇文章
2023-11-20 00:39:11,853 - default - INFO - Parse: https://tania.dev/rss.xml
2023-11-20 00:39:13,135 - default - INFO - End: https://tania.dev/rss.xml 已解析 0 篇文章
2023-11-20 00:39:13,135 - default - INFO - Parse: https://swizec.com/blog/feed
2023-11-20 00:39:13,208 - default - INFO - 解析 https://swizec.com/blog/feed 失败 <unknown>:2:0: syntax error
2023-11-20 00:39:13,208 - default - INFO - End: https://swizec.com/blog/feed 已解析 0 篇文章
2023-11-20 00:39:13,583 - default - INFO - Aggregate 已新增 5 篇
2023-11-20 00:39:13,583 - default - INFO - Aggregate AI总结花费 {}
