2023-11-21 00:34:53,409 - default - INFO - Parse: https://goteleport.com/blog/rss.xml
2023-11-21 00:34:53,838 - default - INFO - End: https://goteleport.com/blog/rss.xml 已解析 0 篇文章
2023-11-21 00:34:53,838 - default - INFO - Parse: https://engineering.mercari.com/en/blog/feed.xml
2023-11-21 00:34:55,720 - default - INFO - End: https://engineering.mercari.com/en/blog/feed.xml 已解析 0 篇文章
2023-11-21 00:34:55,721 - default - INFO - Parse: https://blog.replit.com/feed.xml
2023-11-21 00:34:56,092 - default - INFO - 文章较短，不需要总结
2023-11-21 00:34:56,093 - default - INFO - End: https://blog.replit.com/feed.xml 已解析 1 篇文章
2023-11-21 00:34:56,094 - default - INFO - Parse: https://abhinavsarkar.net/tags/programming/feed.atom
2023-11-21 00:34:57,957 - default - INFO - End: https://abhinavsarkar.net/tags/programming/feed.atom 已解析 0 篇文章
2023-11-21 00:34:57,957 - default - INFO - Parse: https://httptoolkit.tech/rss.xml
2023-11-21 00:35:01,901 - default - INFO - End: https://httptoolkit.tech/rss.xml 已解析 0 篇文章
2023-11-21 00:35:01,902 - default - INFO - Parse: https://engineering.freeagent.com/feed/
2023-11-21 00:35:03,010 - default - INFO - End: https://engineering.freeagent.com/feed/ 已解析 0 篇文章
2023-11-21 00:35:03,010 - default - INFO - Parse: https://severalnines.com/rss.xml
2023-11-21 00:35:06,143 - default - WARNING - Summarize failed. 该令牌额度已用尽
2023-11-21 00:35:06,144 - default - INFO - End: https://severalnines.com/rss.xml 已解析 1 篇文章
2023-11-21 00:35:06,144 - default - INFO - Parse: https://learnk8s.io/rss.xml
2023-11-21 00:35:06,896 - default - INFO - End: https://learnk8s.io/rss.xml 已解析 0 篇文章
2023-11-21 00:35:06,896 - default - INFO - Parse: https://v8.dev/blog.atom
2023-11-21 00:35:07,252 - default - INFO - End: https://v8.dev/blog.atom 已解析 0 篇文章
2023-11-21 00:35:07,252 - default - INFO - Parse: https://technology.customink.com/feed.xml
2023-11-21 00:35:08,966 - default - INFO - 解析 https://technology.customink.com/feed.xml 失败 <unknown>:2727:89: not well-formed (invalid token)
2023-11-21 00:35:08,967 - default - INFO - End: https://technology.customink.com/feed.xml 已解析 0 篇文章
2023-11-21 00:35:08,967 - default - INFO - Parse: http://blog.avenuecode.com/rss.xml
2023-11-21 00:35:09,260 - default - INFO - End: http://blog.avenuecode.com/rss.xml 已解析 0 篇文章
2023-11-21 00:35:09,260 - default - INFO - Parse: https://8thlight.com/blog/feed/atom.xml
2023-11-21 00:35:09,816 - default - INFO - 解析 https://8thlight.com/blog/feed/atom.xml 失败 <unknown>:3:0: XML or text declaration not at start of entity
2023-11-21 00:35:09,816 - default - INFO - End: https://8thlight.com/blog/feed/atom.xml 已解析 0 篇文章
2023-11-21 00:35:09,817 - default - INFO - Parse: http://blog.arkency.com/atom.xml
2023-11-21 00:35:10,303 - default - INFO - End: http://blog.arkency.com/atom.xml 已解析 0 篇文章
2023-11-21 00:35:10,303 - default - INFO - Parse: http://artsy.github.io/feed
2023-11-21 00:35:10,672 - default - INFO - End: http://artsy.github.io/feed 已解析 0 篇文章
2023-11-21 00:35:10,672 - default - INFO - Parse: https://www.bigeng.io/rss/
2023-11-21 00:35:11,016 - default - INFO - End: https://www.bigeng.io/rss/ 已解析 0 篇文章
2023-11-21 00:35:11,016 - default - INFO - Parse: https://advancedweb.hu/atom.xml
2023-11-21 00:35:12,369 - default - INFO - End: https://advancedweb.hu/atom.xml 已解析 0 篇文章
2023-11-21 00:35:12,369 - default - INFO - Parse: https://auth0.com/blog/rss.xml
2023-11-21 00:35:12,770 - default - INFO - 解析 https://auth0.com/blog/rss.xml 失败 document declared as us-ascii, but parsed as utf-8
2023-11-21 00:35:12,771 - default - INFO - End: https://auth0.com/blog/rss.xml 已解析 0 篇文章
2023-11-21 00:35:12,771 - default - INFO - Parse: https://capgemini.github.io/feed.xml
2023-11-21 00:35:13,250 - default - INFO - End: https://capgemini.github.io/feed.xml 已解析 0 篇文章
2023-11-21 00:35:13,250 - default - INFO - Parse: https://aws.amazon.com/blogs/aws/feed/
2023-11-21 00:35:13,824 - default - WARNING - Summarize failed. 该令牌额度已用尽
2023-11-21 00:35:13,825 - default - INFO - End: https://aws.amazon.com/blogs/aws/feed/ 已解析 1 篇文章
2023-11-21 00:35:13,825 - default - INFO - Parse: https://code.blender.org/rss
2023-11-21 00:35:15,193 - default - INFO - End: https://code.blender.org/rss 已解析 0 篇文章
2023-11-21 00:35:15,194 - default - INFO - Parse: http://www.codenameone.com/feed.xml
2023-11-21 00:35:20,074 - default - INFO - End: http://www.codenameone.com/feed.xml 已解析 0 篇文章
2023-11-21 00:35:20,074 - default - INFO - Parse: https://spin.atomicobject.com/feed/
2023-11-21 00:35:20,666 - default - WARNING - Summarize failed. 该令牌额度已用尽
2023-11-21 00:35:20,667 - default - INFO - End: https://spin.atomicobject.com/feed/ 已解析 1 篇文章
2023-11-21 00:35:20,667 - default - INFO - Parse: https://blog.developer.bazaarvoice.com/feed/
2023-11-21 00:35:21,058 - default - INFO - End: https://blog.developer.bazaarvoice.com/feed/ 已解析 0 篇文章
2023-11-21 00:35:21,058 - default - INFO - Parse: https://blog.cloudflare.com/rss/
2023-11-21 00:35:21,850 - default - WARNING - Summarize failed. 该令牌额度已用尽
2023-11-21 00:35:21,850 - default - INFO - End: https://blog.cloudflare.com/rss/ 已解析 1 篇文章
2023-11-21 00:35:21,850 - default - INFO - Parse: https://developer.atlassian.com/blog/feed.xml
2023-11-21 00:35:22,668 - default - INFO - End: https://developer.atlassian.com/blog/feed.xml 已解析 0 篇文章
2023-11-21 00:35:22,668 - default - INFO - Parse: https://blog.cloudera.com/feed/
2023-11-21 00:35:23,845 - default - INFO - End: https://blog.cloudera.com/feed/ 已解析 0 篇文章
2023-11-21 00:35:23,845 - default - INFO - Parse: https://www.confluent.io/feed/
2023-11-21 00:35:24,381 - default - INFO - 文章较短，不需要总结
2023-11-21 00:35:24,381 - default - INFO - End: https://www.confluent.io/feed/ 已解析 1 篇文章
2023-11-21 00:35:24,381 - default - INFO - Parse: https://tech.buzzfeed.com/feed
2023-11-21 00:35:24,972 - default - INFO - End: https://tech.buzzfeed.com/feed 已解析 0 篇文章
2023-11-21 00:35:24,972 - default - INFO - Parse: https://engineering.brandwatch.com/rss/
2023-11-21 00:35:25,968 - default - INFO - 文章较短，不需要总结
2023-11-21 00:35:25,969 - default - INFO - 文章较短，不需要总结
2023-11-21 00:35:25,969 - default - INFO - End: https://engineering.brandwatch.com/rss/ 已解析 2 篇文章
2023-11-21 00:35:25,969 - default - INFO - Parse: https://benchling.engineering/feed
2023-11-21 00:35:26,789 - default - INFO - End: https://benchling.engineering/feed 已解析 0 篇文章
2023-11-21 00:35:26,790 - default - INFO - Parse: https://www.elastic.co/blog/feed
2023-11-21 00:35:27,039 - default - INFO - End: https://www.elastic.co/blog/feed 已解析 0 篇文章
2023-11-21 00:35:27,039 - default - INFO - Parse: http://deliveroo.engineering/feed.xml
2023-11-21 00:35:27,512 - default - INFO - End: http://deliveroo.engineering/feed.xml 已解析 0 篇文章
2023-11-21 00:35:27,512 - default - INFO - Parse: https://techblog.commercetools.com/feed
2023-11-21 00:35:27,955 - default - INFO - End: https://techblog.commercetools.com/feed 已解析 0 篇文章
2023-11-21 00:35:27,955 - default - INFO - Parse: https://databricks.com/feed
2023-11-21 00:35:28,201 - default - INFO - 文章较短，不需要总结
2023-11-21 00:35:28,201 - default - INFO - End: https://databricks.com/feed 已解析 1 篇文章
2023-11-21 00:35:28,201 - default - INFO - Parse: https://deezer.io/feed
2023-11-21 00:35:29,050 - default - INFO - End: https://deezer.io/feed 已解析 0 篇文章
2023-11-21 00:35:29,050 - default - INFO - Parse: https://engineering.fb.com/feed/
2023-11-21 00:35:29,420 - default - INFO - End: https://engineering.fb.com/feed/ 已解析 0 篇文章
2023-11-21 00:35:29,421 - default - INFO - Parse: https://codeascraft.com/feed/
2023-11-21 00:35:29,658 - default - INFO - 解析 https://codeascraft.com/feed/ 失败 text/html;charset=utf-8 is not an XML media type
2023-11-21 00:35:29,658 - default - INFO - End: https://codeascraft.com/feed/ 已解析 0 篇文章
2023-11-21 00:35:29,658 - default - INFO - Parse: https://medium.com/feed/feedzaitech
2023-11-21 00:35:30,132 - default - INFO - End: https://medium.com/feed/feedzaitech 已解析 0 篇文章
2023-11-21 00:35:30,132 - default - INFO - Parse: https://tech.findmypast.com/feed.xml
2023-11-21 00:35:30,417 - default - INFO - End: https://tech.findmypast.com/feed.xml 已解析 0 篇文章
2023-11-21 00:35:30,417 - default - INFO - Parse: https://code.fb.com/feed/
2023-11-21 00:35:30,588 - default - INFO - End: https://code.fb.com/feed/ 已解析 0 篇文章
2023-11-21 00:35:30,588 - default - INFO - Parse: https://www.eventbrite.com/engineering/feed/
2023-11-21 00:35:30,804 - default - INFO - End: https://www.eventbrite.com/engineering/feed/ 已解析 0 篇文章
2023-11-21 00:35:30,804 - default - INFO - Parse: https://evernote.com/blog/feed/
2023-11-21 00:35:30,945 - default - INFO - 解析 https://evernote.com/blog/feed/ 失败 <unknown>:2:0: not well-formed (invalid token)
2023-11-21 00:35:30,945 - default - INFO - End: https://evernote.com/blog/feed/ 已解析 0 篇文章
2023-11-21 00:35:30,945 - default - INFO - Parse: https://drivy.engineering/feed.xml
2023-11-21 00:35:32,352 - default - INFO - End: https://drivy.engineering/feed.xml 已解析 0 篇文章
2023-11-21 00:35:32,352 - default - INFO - Parse: https://evilmartians.com/chronicles.atom
2023-11-21 00:35:32,651 - default - INFO - 文章较短，不需要总结
2023-11-21 00:35:32,651 - default - INFO - End: https://evilmartians.com/chronicles.atom 已解析 1 篇文章
2023-11-21 00:35:32,651 - default - INFO - Parse: https://www.ebayinc.com/stories/blogs/tech/rss/
2023-11-21 00:35:34,015 - default - INFO - End: https://www.ebayinc.com/stories/blogs/tech/rss/ 已解析 0 篇文章
2023-11-21 00:35:34,015 - default - INFO - Parse: http://feeds.feedburner.com/GoogleOnlineSecurityBlog
2023-11-21 00:35:34,688 - default - INFO - End: http://feeds.feedburner.com/GoogleOnlineSecurityBlog 已解析 0 篇文章
2023-11-21 00:35:34,688 - default - INFO - Parse: https://galois.com/feed/
2023-11-21 00:35:35,189 - default - WARNING - Summarize failed. 该令牌额度已用尽
2023-11-21 00:35:35,338 - default - WARNING - Summarize failed. 该令牌额度已用尽
2023-11-21 00:35:35,339 - default - INFO - End: https://galois.com/feed/ 已解析 2 篇文章
2023-11-21 00:35:35,339 - default - INFO - Parse: https://githubengineering.com/atom.xml
2023-11-21 00:35:35,767 - default - INFO - End: https://githubengineering.com/atom.xml 已解析 0 篇文章
2023-11-21 00:35:35,767 - default - INFO - Parse: https://blog.digitalocean.com/rss/
2023-11-21 00:35:37,336 - default - INFO - 解析 https://blog.digitalocean.com/rss/ 失败 application/octet-stream is not an XML media type
2023-11-21 00:35:37,336 - default - INFO - End: https://blog.digitalocean.com/rss/ 已解析 0 篇文章
2023-11-21 00:35:37,336 - default - INFO - Parse: https://www.hashicorp.com/blog/feed.xml
2023-11-21 00:35:37,701 - default - WARNING - Summarize failed. 该令牌额度已用尽
2023-11-21 00:35:37,702 - default - INFO - End: https://www.hashicorp.com/blog/feed.xml 已解析 1 篇文章
2023-11-21 00:35:37,702 - default - INFO - Parse: https://collectiveidea.com/blog/feed/
2023-11-21 00:35:38,573 - default - INFO - End: https://collectiveidea.com/blog/feed/ 已解析 0 篇文章
2023-11-21 00:35:38,574 - default - INFO - Parse: http://feeds.feedburner.com/blogspot/gJZg
2023-11-21 00:35:39,261 - default - INFO - End: http://feeds.feedburner.com/blogspot/gJZg 已解析 0 篇文章
2023-11-21 00:35:39,261 - default - INFO - Parse: http://engineering.grab.com/feed.xml
2023-11-21 00:35:39,510 - default - INFO - End: http://engineering.grab.com/feed.xml 已解析 0 篇文章
2023-11-21 00:35:39,510 - default - INFO - Parse: https://engineering.gusto.com/rss/
2023-11-21 00:35:39,717 - default - INFO - End: https://engineering.gusto.com/rss/ 已解析 0 篇文章
2023-11-21 00:35:39,717 - default - INFO - Parse: https://www.hostinger.com/blog/feed/
2023-11-21 00:35:40,281 - default - INFO - End: https://www.hostinger.com/blog/feed/ 已解析 0 篇文章
2023-11-21 00:35:40,281 - default - INFO - Parse: https://engineering.doximity.com/feed
2023-11-21 00:35:41,613 - default - INFO - End: https://engineering.doximity.com/feed 已解析 0 篇文章
2023-11-21 00:35:41,614 - default - INFO - Parse: https://www.cockroachlabs.com/blog/index.xml
2023-11-21 00:35:42,395 - default - INFO - End: https://www.cockroachlabs.com/blog/index.xml 已解析 0 篇文章
2023-11-21 00:35:42,395 - default - INFO - Parse: https://product.hubspot.com/blog/rss.xml
2023-11-21 00:35:42,712 - default - INFO - End: https://product.hubspot.com/blog/rss.xml 已解析 0 篇文章
2023-11-21 00:35:42,713 - default - INFO - Parse: https://lambda.grofers.com/feed
2023-11-21 00:35:43,114 - default - INFO - End: https://lambda.grofers.com/feed 已解析 0 篇文章
2023-11-21 00:35:43,114 - default - INFO - Parse: https://dropbox.tech/feed
2023-11-21 00:35:43,817 - default - INFO - End: https://dropbox.tech/feed 已解析 0 篇文章
2023-11-21 00:35:43,817 - default - INFO - Parse: https://engineering.hashnode.com/rss.xml
2023-11-21 00:35:44,251 - default - INFO - 解析 https://engineering.hashnode.com/rss.xml 失败 document declared as us-ascii, but parsed as utf-8
2023-11-21 00:35:44,252 - default - INFO - End: https://engineering.hashnode.com/rss.xml 已解析 0 篇文章
2023-11-21 00:35:44,252 - default - INFO - Parse: https://kinvolk.io/blog/index.xml
2023-11-21 00:35:44,894 - default - INFO - 解析 https://kinvolk.io/blog/index.xml 失败 document declared as us-ascii, but parsed as utf-8
2023-11-21 00:35:44,894 - default - INFO - End: https://kinvolk.io/blog/index.xml 已解析 0 篇文章
2023-11-21 00:35:44,894 - default - INFO - Parse: https://tech.instacart.com/feed
2023-11-21 00:35:45,858 - default - WARNING - Summarize failed. 该令牌额度已用尽
2023-11-21 00:35:45,859 - default - INFO - End: https://tech.instacart.com/feed 已解析 1 篇文章
2023-11-21 00:35:45,859 - default - INFO - Parse: https://kolosek.com/rss/
2023-11-21 00:35:46,164 - default - INFO - 解析 https://kolosek.com/rss/ 失败 <unknown>:19:18: not well-formed (invalid token)
2023-11-21 00:35:46,164 - default - INFO - End: https://kolosek.com/rss/ 已解析 0 篇文章
2023-11-21 00:35:46,164 - default - INFO - Parse: https://blog.heroku.com/engineering/feed
2023-11-21 00:35:47,256 - default - INFO - End: https://blog.heroku.com/engineering/feed 已解析 0 篇文章
2023-11-21 00:35:47,256 - default - INFO - Parse: https://hashrocket.com/blog.rss
2023-11-21 00:35:47,909 - default - INFO - End: https://hashrocket.com/blog.rss 已解析 0 篇文章
2023-11-21 00:35:47,909 - default - INFO - Parse: https://jobandtalent.engineering/feed
2023-11-21 00:35:48,606 - default - INFO - End: https://jobandtalent.engineering/feed 已解析 0 篇文章
2023-11-21 00:35:48,606 - default - INFO - Parse: https://blog.imgur.com/feed/
2023-11-21 00:35:49,456 - default - INFO - End: https://blog.imgur.com/feed/ 已解析 0 篇文章
2023-11-21 00:35:49,456 - default - INFO - Parse: https://nordicapis.com/feed/
2023-11-21 00:35:50,307 - default - INFO - End: https://nordicapis.com/feed/ 已解析 0 篇文章
2023-11-21 00:35:50,307 - default - INFO - Parse: https://blog.novoda.com/rss/
2023-11-21 00:35:51,538 - default - INFO - End: https://blog.novoda.com/rss/ 已解析 0 篇文章
2023-11-21 00:35:51,539 - default - INFO - Parse: https://developer.okta.com/feed.xml
2023-11-21 00:35:52,125 - default - INFO - End: https://developer.okta.com/feed.xml 已解析 0 篇文章
2023-11-21 00:35:52,125 - default - INFO - Parse: https://eng.lyft.com/feed
2023-11-21 00:35:52,671 - default - INFO - End: https://eng.lyft.com/feed 已解析 0 篇文章
2023-11-21 00:35:52,671 - default - INFO - Parse: http://blog.memsql.com/feed/
2023-11-21 00:35:53,130 - default - INFO - 解析 http://blog.memsql.com/feed/ 失败 document declared as us-ascii, but parsed as utf-8
2023-11-21 00:35:53,130 - default - INFO - End: http://blog.memsql.com/feed/ 已解析 0 篇文章
2023-11-21 00:35:53,130 - default - INFO - Parse: https://engineering.mixpanel.com/feed/
2023-11-21 00:35:53,666 - default - INFO - End: https://engineering.mixpanel.com/feed/ 已解析 0 篇文章
2023-11-21 00:35:53,666 - default - INFO - Parse: https://medium.engineering/feed
2023-11-21 00:35:53,930 - default - INFO - End: https://medium.engineering/feed 已解析 0 篇文章
2023-11-21 00:35:53,930 - default - INFO - Parse: http://blog.apps.npr.org/atom.xml
2023-11-21 00:35:55,006 - default - INFO - 解析 http://blog.apps.npr.org/atom.xml 失败 <unknown>:1172:54: undefined entity
2023-11-21 00:35:55,006 - default - INFO - End: http://blog.apps.npr.org/atom.xml 已解析 0 篇文章
2023-11-21 00:35:55,006 - default - INFO - Parse: https://engblog.nextdoor.com/feed
2023-11-21 00:35:55,555 - default - INFO - End: https://engblog.nextdoor.com/feed 已解析 0 篇文章
2023-11-21 00:35:55,556 - default - INFO - Parse: https://hacks.mozilla.org/feed/
2023-11-21 00:35:56,096 - default - INFO - End: https://hacks.mozilla.org/feed/ 已解析 0 篇文章
2023-11-21 00:35:56,096 - default - INFO - Parse: https://developers.redhat.com/blog/feed/atom/
2023-11-21 00:35:56,772 - default - INFO - End: https://developers.redhat.com/blog/feed/atom/ 已解析 0 篇文章
2023-11-21 00:35:56,772 - default - INFO - Parse: https://tech.olx.com/feed
2023-11-21 00:35:57,360 - default - INFO - End: https://tech.olx.com/feed 已解析 0 篇文章
2023-11-21 00:35:57,360 - default - INFO - Parse: https://postmarkapp.com/blog/feed.atom
2023-11-21 00:35:58,550 - default - INFO - End: https://postmarkapp.com/blog/feed.atom 已解析 0 篇文章
2023-11-21 00:35:58,550 - default - INFO - Parse: http://engineering.remind.com/feed.xml
2023-11-21 00:35:59,003 - default - INFO - End: http://engineering.remind.com/feed.xml 已解析 0 篇文章
2023-11-21 00:35:59,003 - default - INFO - Parse: https://tech.showmax.com/feed.xml
2023-11-21 00:36:00,480 - default - INFO - End: https://tech.showmax.com/feed.xml 已解析 0 篇文章
2023-11-21 00:36:00,480 - default - INFO - Parse: https://multithreaded.stitchfix.com/feed.xml
2023-11-21 00:36:00,850 - default - INFO - End: https://multithreaded.stitchfix.com/feed.xml 已解析 0 篇文章
2023-11-21 00:36:00,850 - default - INFO - Parse: https://labs.spotify.com/feed/
2023-11-21 00:36:02,232 - default - INFO - End: https://labs.spotify.com/feed/ 已解析 0 篇文章
2023-11-21 00:36:02,232 - default - INFO - Parse: https://www.stridenyc.com/blog/rss.xml
2023-11-21 00:36:02,546 - default - INFO - End: https://www.stridenyc.com/blog/rss.xml 已解析 0 篇文章
2023-11-21 00:36:02,546 - default - INFO - Parse: https://technology.skybettingandgaming.com/feed.xml
2023-11-21 00:36:02,967 - default - INFO - End: https://technology.skybettingandgaming.com/feed.xml 已解析 0 篇文章
2023-11-21 00:36:02,967 - default - INFO - Parse: https://umbrella.cisco.com/blog/feed/
2023-11-21 00:36:03,569 - default - INFO - End: https://umbrella.cisco.com/blog/feed/ 已解析 0 篇文章
2023-11-21 00:36:03,569 - default - INFO - Parse: https://www.surveymonkey.com/feed/
2023-11-21 00:36:03,942 - default - INFO - End: https://www.surveymonkey.com/feed/ 已解析 0 篇文章
2023-11-21 00:36:03,942 - default - INFO - Parse: https://engineering.prezi.com/feed
2023-11-21 00:36:04,467 - default - INFO - End: https://engineering.prezi.com/feed 已解析 0 篇文章
2023-11-21 00:36:04,467 - default - INFO - Parse: https://semaphoreci.com/community/tutorials.atom
2023-11-21 00:36:04,815 - default - INFO - 解析 https://semaphoreci.com/community/tutorials.atom 失败 <unknown>:2:0: syntax error
2023-11-21 00:36:04,815 - default - INFO - End: https://semaphoreci.com/community/tutorials.atom 已解析 0 篇文章
2023-11-21 00:36:04,815 - default - INFO - Parse: https://developer.salesforce.com/blogs/feed
2023-11-21 00:36:05,032 - default - INFO - End: https://developer.salesforce.com/blogs/feed 已解析 0 篇文章
2023-11-21 00:36:05,032 - default - INFO - Parse: https://mesosphere.com/feed/
2023-11-21 00:36:05,550 - default - INFO - End: https://mesosphere.com/feed/ 已解析 0 篇文章
2023-11-21 00:36:05,550 - default - INFO - Parse: https://feeds.feedburner.com/GiantRobotsSmashingIntoOtherGiantRobots
2023-11-21 00:36:05,898 - default - WARNING - Summarize failed. 该令牌额度已用尽
2023-11-21 00:36:06,213 - default - WARNING - Summarize failed. 该令牌额度已用尽
2023-11-21 00:36:06,213 - default - INFO - End: https://feeds.feedburner.com/GiantRobotsSmashingIntoOtherGiantRobots 已解析 2 篇文章
2023-11-21 00:36:06,213 - default - INFO - Parse: https://www.toptal.com/blog.rss
2023-11-21 00:36:06,469 - default - INFO - End: https://www.toptal.com/blog.rss 已解析 0 篇文章
2023-11-21 00:36:06,469 - default - INFO - Parse: https://slack.engineering/feed
2023-11-21 00:36:06,618 - default - INFO - End: https://slack.engineering/feed 已解析 0 篇文章
2023-11-21 00:36:06,618 - default - INFO - Parse: http://semaphoreci.com/blog/engineering.xml
2023-11-21 00:36:07,231 - default - INFO - 解析 http://semaphoreci.com/blog/engineering.xml 失败 <unknown>:2:0: syntax error
2023-11-21 00:36:07,232 - default - INFO - End: http://semaphoreci.com/blog/engineering.xml 已解析 0 篇文章
2023-11-21 00:36:07,232 - default - INFO - Parse: https://blog.siftscience.com/feed/
2023-11-21 00:36:08,047 - default - INFO - End: https://blog.siftscience.com/feed/ 已解析 0 篇文章
2023-11-21 00:36:08,047 - default - INFO - Parse: https://stackoverflow.blog/feed/
2023-11-21 00:36:08,212 - default - INFO - End: https://stackoverflow.blog/feed/ 已解析 0 篇文章
2023-11-21 00:36:08,212 - default - INFO - Parse: http://techblog.thescore.com/feed.xml
2023-11-21 00:36:09,477 - default - INFO - 解析 http://techblog.thescore.com/feed.xml 失败 <unknown>:1500:26: not well-formed (invalid token)
2023-11-21 00:36:09,477 - default - INFO - End: http://techblog.thescore.com/feed.xml 已解析 0 篇文章
2023-11-21 00:36:09,477 - default - INFO - Parse: https://tech.trivago.com/index.xml
2023-11-21 00:36:10,002 - default - INFO - End: https://tech.trivago.com/index.xml 已解析 1 篇文章
2023-11-21 00:36:10,002 - default - INFO - Parse: https://www.thoughtworks.com/rss/insights.xml
2023-11-21 00:36:12,584 - default - INFO - End: https://www.thoughtworks.com/rss/insights.xml 已解析 0 篇文章
2023-11-21 00:36:12,584 - default - INFO - Parse: https://bytes.swiggy.com/feed
2023-11-21 00:36:13,118 - default - INFO - End: https://bytes.swiggy.com/feed 已解析 0 篇文章
2023-11-21 00:36:13,118 - default - INFO - Parse: http://engineering.vinted.com//atom.xml
2023-11-21 00:36:13,402 - default - INFO - End: http://engineering.vinted.com//atom.xml 已解析 0 篇文章
2023-11-21 00:36:13,402 - default - INFO - Parse: https://developers.soundcloud.com/blog.rss
2023-11-21 00:36:17,134 - default - INFO - End: https://developers.soundcloud.com/blog.rss 已解析 0 篇文章
2023-11-21 00:36:17,134 - default - INFO - Parse: https://blog.timescale.com/feed
2023-11-21 00:36:17,763 - default - INFO - End: https://blog.timescale.com/feed 已解析 0 篇文章
2023-11-21 00:36:17,763 - default - INFO - Parse: https://engineering.tumblr.com/rss
2023-11-21 00:36:18,115 - default - INFO - End: https://engineering.tumblr.com/rss 已解析 0 篇文章
2023-11-21 00:36:18,115 - default - INFO - Parse: http://eng.wealthfront.com/feed/
2023-11-21 00:36:18,723 - default - INFO - End: http://eng.wealthfront.com/feed/ 已解析 0 篇文章
2023-11-21 00:36:18,723 - default - INFO - Parse: https://www.sitepoint.com/feed/
2023-11-21 00:36:20,367 - default - INFO - End: https://www.sitepoint.com/feed/ 已解析 0 篇文章
2023-11-21 00:36:20,368 - default - INFO - Parse: https://stripe.com/blog/feed.rss
2023-11-21 00:36:21,002 - default - INFO - End: https://stripe.com/blog/feed.rss 已解析 0 篇文章
2023-11-21 00:36:21,002 - default - INFO - Parse: http://engineering.wingify.com/atom.xml
2023-11-21 00:36:23,458 - default - INFO - End: http://engineering.wingify.com/atom.xml 已解析 0 篇文章
2023-11-21 00:36:23,458 - default - INFO - Parse: https://infrequently.org/feed/
2023-11-21 00:36:23,894 - default - INFO - End: https://infrequently.org/feed/ 已解析 0 篇文章
2023-11-21 00:36:23,894 - default - INFO - Parse: https://www.amitmerchant.com/feed.xml
2023-11-21 00:36:24,120 - default - INFO - 文章较短，不需要总结
2023-11-21 00:36:24,120 - default - INFO - End: https://www.amitmerchant.com/feed.xml 已解析 1 篇文章
2023-11-21 00:36:24,121 - default - INFO - Parse: https://buildingvts.com/feed
2023-11-21 00:36:24,573 - default - INFO - End: https://buildingvts.com/feed 已解析 0 篇文章
2023-11-21 00:36:24,573 - default - INFO - Parse: http://addyosmani.com/rss.xml
2023-11-21 00:36:24,849 - default - INFO - End: http://addyosmani.com/rss.xml 已解析 0 篇文章
2023-11-21 00:36:24,849 - default - INFO - Parse: https://engineeringblog.yelp.com/feed.xml
2023-11-21 00:36:25,061 - default - INFO - 解析 https://engineeringblog.yelp.com/feed.xml 失败 document declared as us-ascii, but parsed as utf-8
2023-11-21 00:36:25,061 - default - INFO - End: https://engineeringblog.yelp.com/feed.xml 已解析 0 篇文章
2023-11-21 00:36:25,061 - default - INFO - Parse: https://alanstorm.com/feed/feed.xml
2023-11-21 00:36:25,867 - default - INFO - 解析 https://alanstorm.com/feed/feed.xml 失败 <unknown>:124:0: junk after document element
2023-11-21 00:36:25,868 - default - INFO - End: https://alanstorm.com/feed/feed.xml 已解析 0 篇文章
2023-11-21 00:36:25,868 - default - INFO - Parse: https://ariya.io/index.xml
2023-11-21 00:36:26,345 - default - INFO - End: https://ariya.io/index.xml 已解析 0 篇文章
2023-11-21 00:36:26,345 - default - INFO - Parse: https://tech.xing.com/feed
2023-11-21 00:36:28,014 - default - INFO - End: https://tech.xing.com/feed 已解析 0 篇文章
2023-11-21 00:36:28,014 - default - INFO - Parse: http://tenderlovemaking.com/atom.xml
2023-11-21 00:36:28,569 - default - INFO - End: http://tenderlovemaking.com/atom.xml 已解析 0 篇文章
2023-11-21 00:36:28,569 - default - INFO - Parse: https://www.devroom.io/index.xml
2023-11-21 00:36:29,771 - default - INFO - 解析 https://www.devroom.io/index.xml 失败 document declared as us-ascii, but parsed as utf-8
2023-11-21 00:36:29,772 - default - INFO - End: https://www.devroom.io/index.xml 已解析 0 篇文章
2023-11-21 00:36:29,772 - default - INFO - Parse: https://carlosbecker.com/index.xml
2023-11-21 00:36:30,006 - default - INFO - End: https://carlosbecker.com/index.xml 已解析 0 篇文章
2023-11-21 00:36:30,006 - default - INFO - Parse: https://developerblog.zendesk.com/feed
2023-11-21 00:36:30,487 - default - INFO - End: https://developerblog.zendesk.com/feed 已解析 0 篇文章
2023-11-21 00:36:30,487 - default - INFO - Parse: https://bohops.com/feed/
2023-11-21 00:36:30,740 - default - INFO - End: https://bohops.com/feed/ 已解析 0 篇文章
2023-11-21 00:36:30,740 - default - INFO - Parse: http://lucumr.pocoo.org/feed.atom
2023-11-21 00:36:32,783 - default - INFO - End: http://lucumr.pocoo.org/feed.atom 已解析 0 篇文章
2023-11-21 00:36:32,783 - default - INFO - Parse: http://nullprogram.com/feed/
2023-11-21 00:36:33,226 - default - INFO - End: http://nullprogram.com/feed/ 已解析 0 篇文章
2023-11-21 00:36:33,226 - default - INFO - Parse: https://code.dblock.org/feed.xml
2023-11-21 00:36:33,991 - default - INFO - End: https://code.dblock.org/feed.xml 已解析 0 篇文章
2023-11-21 00:36:33,991 - default - INFO - Parse: http://www.brendangregg.com/blog/rss.xml
2023-11-21 00:36:34,286 - default - INFO - End: http://www.brendangregg.com/blog/rss.xml 已解析 0 篇文章
2023-11-21 00:36:34,286 - default - INFO - Parse: https://www.dereuromark.de/feed/
2023-11-21 00:36:35,292 - default - INFO - End: https://www.dereuromark.de/feed/ 已解析 0 篇文章
2023-11-21 00:36:35,292 - default - INFO - Parse: https://domenicoluciani.com/feed.xml
2023-11-21 00:36:35,563 - default - INFO - End: https://domenicoluciani.com/feed.xml 已解析 0 篇文章
2023-11-21 00:36:35,563 - default - INFO - Parse: https://blog.filippo.io/rss/
2023-11-21 00:36:35,974 - default - INFO - End: https://blog.filippo.io/rss/ 已解析 0 篇文章
2023-11-21 00:36:35,975 - default - INFO - Parse: https://hookrace.net/blog/feed/
2023-11-21 00:36:38,267 - default - INFO - End: https://hookrace.net/blog/feed/ 已解析 0 篇文章
2023-11-21 00:36:38,267 - default - INFO - Parse: https://dotdev.co/feed/
2023-11-21 00:36:38,394 - default - INFO - End: https://dotdev.co/feed/ 已解析 0 篇文章
2023-11-21 00:36:38,394 - default - INFO - Parse: https://ericlippert.com/feed/
2023-11-21 00:36:38,543 - default - INFO - End: https://ericlippert.com/feed/ 已解析 0 篇文章
2023-11-21 00:36:38,543 - default - INFO - Parse: https://tomassetti.me/feed/
2023-11-21 00:36:38,961 - default - INFO - End: https://tomassetti.me/feed/ 已解析 0 篇文章
2023-11-21 00:36:38,961 - default - INFO - Parse: http://www.evanjones.ca/index.rss
2023-11-21 00:36:39,215 - default - INFO - End: http://www.evanjones.ca/index.rss 已解析 0 篇文章
2023-11-21 00:36:39,215 - default - INFO - Parse: https://deanhume.com/rss/
2023-11-21 00:36:39,878 - default - INFO - End: https://deanhume.com/rss/ 已解析 0 篇文章
2023-11-21 00:36:39,878 - default - INFO - Parse: http://feeds.feedburner.com/HighScalability
2023-11-21 00:36:40,109 - default - INFO - End: http://feeds.feedburner.com/HighScalability 已解析 0 篇文章
2023-11-21 00:36:40,109 - default - INFO - Parse: https://erikrunyon.com/feed.xml
2023-11-21 00:36:40,424 - default - INFO - End: https://erikrunyon.com/feed.xml 已解析 0 篇文章
2023-11-21 00:36:40,424 - default - INFO - Parse: https://drewdevault.com/feed.xml
2023-11-21 00:36:41,887 - default - INFO - End: https://drewdevault.com/feed.xml 已解析 0 篇文章
2023-11-21 00:36:41,887 - default - INFO - Parse: https://www.chenhuijing.com/feed.xml
2023-11-21 00:36:42,478 - default - INFO - End: https://www.chenhuijing.com/feed.xml 已解析 0 篇文章
2023-11-21 00:36:42,478 - default - INFO - Parse: https://www.metachris.com/index.xml
2023-11-21 00:36:42,653 - default - INFO - End: https://www.metachris.com/index.xml 已解析 0 篇文章
2023-11-21 00:36:42,654 - default - INFO - Parse: https://elegantcode.com/feed/
2023-11-21 00:36:42,894 - default - INFO - End: https://elegantcode.com/feed/ 已解析 0 篇文章
2023-11-21 00:36:42,895 - default - INFO - Parse: https://conductofcode.io/feed.xml
2023-11-21 00:36:43,322 - default - INFO - End: https://conductofcode.io/feed.xml 已解析 0 篇文章
2023-11-21 00:36:43,322 - default - INFO - Parse: https://glebbahmutov.com/blog/atom.xml
2023-11-21 00:36:44,842 - default - INFO - End: https://glebbahmutov.com/blog/atom.xml 已解析 0 篇文章
2023-11-21 00:36:44,842 - default - INFO - Parse: https://eli.thegreenplace.net/feeds/all.atom.xml
2023-11-21 00:36:45,558 - default - INFO - End: https://eli.thegreenplace.net/feeds/all.atom.xml 已解析 0 篇文章
2023-11-21 00:36:45,558 - default - INFO - Parse: https://henrikwarne.com/feed/
2023-11-21 00:36:45,720 - default - INFO - End: https://henrikwarne.com/feed/ 已解析 0 篇文章
2023-11-21 00:36:45,720 - default - INFO - Parse: https://davidwalsh.name/feed/atom
2023-11-21 00:36:46,457 - default - INFO - End: https://davidwalsh.name/feed/atom 已解析 0 篇文章
2023-11-21 00:36:46,457 - default - INFO - Parse: https://jeremykun.com/feed/
2023-11-21 00:36:46,684 - default - INFO - End: https://jeremykun.com/feed/ 已解析 0 篇文章
2023-11-21 00:36:46,684 - default - INFO - Parse: https://tympanus.net/codrops/rss
2023-11-21 00:36:48,180 - default - INFO - End: https://tympanus.net/codrops/rss 已解析 0 篇文章
2023-11-21 00:36:48,181 - default - INFO - Parse: http://jakewharton.com/feed.xml
2023-11-21 00:36:49,388 - default - INFO - End: http://jakewharton.com/feed.xml 已解析 0 篇文章
2023-11-21 00:36:49,388 - default - INFO - Parse: https://jes.al/atom.xml
2023-11-21 00:36:49,952 - default - INFO - End: https://jes.al/atom.xml 已解析 0 篇文章
2023-11-21 00:36:49,952 - default - INFO - Parse: https://jvns.ca/atom.xml
2023-11-21 00:36:50,450 - default - INFO - End: https://jvns.ca/atom.xml 已解析 0 篇文章
2023-11-21 00:36:50,450 - default - INFO - Parse: https://codeblog.jonskeet.uk/feed/
2023-11-21 00:36:50,669 - default - INFO - End: https://codeblog.jonskeet.uk/feed/ 已解析 0 篇文章
2023-11-21 00:36:50,669 - default - INFO - Parse: https://adambard.com/blog/feed.xml
2023-11-21 00:36:50,874 - default - INFO - End: https://adambard.com/blog/feed.xml 已解析 0 篇文章
2023-11-21 00:36:50,874 - default - INFO - Parse: https://useyourloaf.com/blog/rss.xml
2023-11-21 00:36:51,461 - default - WARNING - Summarize failed. 该令牌额度已用尽
2023-11-21 00:36:51,462 - default - INFO - End: https://useyourloaf.com/blog/rss.xml 已解析 1 篇文章
2023-11-21 00:36:51,462 - default - INFO - Parse: https://jerrygamblin.com/feed/
2023-11-21 00:36:52,040 - default - INFO - End: https://jerrygamblin.com/feed/ 已解析 0 篇文章
2023-11-21 00:36:52,040 - default - INFO - Parse: https://idea.popcount.org/rss.xml
2023-11-21 00:36:52,913 - default - INFO - End: https://idea.popcount.org/rss.xml 已解析 0 篇文章
2023-11-21 00:36:52,914 - default - INFO - Parse: https://maryrosecook.com/blog/feed.xml
2023-11-21 00:36:53,302 - default - INFO - 解析 https://maryrosecook.com/blog/feed.xml 失败 document declared as us-ascii, but parsed as utf-8
2023-11-21 00:36:53,302 - default - INFO - End: https://maryrosecook.com/blog/feed.xml 已解析 0 篇文章
2023-11-21 00:36:53,302 - default - INFO - Parse: https://begriffs.com/atom.xml
2023-11-21 00:36:54,616 - default - INFO - 解析 https://begriffs.com/atom.xml 失败 document declared as us-ascii, but parsed as utf-8
2023-11-21 00:36:54,616 - default - INFO - End: https://begriffs.com/atom.xml 已解析 0 篇文章
2023-11-21 00:36:54,616 - default - INFO - Parse: http://matt.might.net/articles/feed.rss
2023-11-21 00:36:55,085 - default - INFO - End: http://matt.might.net/articles/feed.rss 已解析 0 篇文章
2023-11-21 00:36:55,085 - default - INFO - Parse: https://martinfowler.com/feed.atom
2023-11-21 00:36:55,462 - default - INFO - End: https://martinfowler.com/feed.atom 已解析 0 篇文章
2023-11-21 00:36:55,462 - default - INFO - Parse: https://blog.sleeplessbeastie.eu/feed.xml
2023-11-21 00:36:58,512 - default - INFO - 文章较短，不需要总结
2023-11-21 00:36:58,514 - default - INFO - End: https://blog.sleeplessbeastie.eu/feed.xml 已解析 1 篇文章
2023-11-21 00:36:58,514 - default - INFO - Parse: https://blog.cryptographyengineering.com/feed/
2023-11-21 00:36:58,870 - default - INFO - End: https://blog.cryptographyengineering.com/feed/ 已解析 0 篇文章
2023-11-21 00:36:58,870 - default - INFO - Parse: http://blog.fogus.me/feed/
2023-11-21 00:36:59,803 - default - INFO - End: http://blog.fogus.me/feed/ 已解析 0 篇文章
2023-11-21 00:36:59,803 - default - INFO - Parse: https://blog.rinesi.com/feed/
2023-11-21 00:37:00,070 - default - INFO - End: https://blog.rinesi.com/feed/ 已解析 0 篇文章
2023-11-21 00:37:00,071 - default - INFO - Parse: https://snook.ca/jonathan/index.rdf
2023-11-21 00:37:00,533 - default - INFO - End: https://snook.ca/jonathan/index.rdf 已解析 0 篇文章
2023-11-21 00:37:00,533 - default - INFO - Parse: https://www.mattcutts.com/blog/feed/
2023-11-21 00:37:00,868 - default - INFO - End: https://www.mattcutts.com/blog/feed/ 已解析 0 篇文章
2023-11-21 00:37:00,869 - default - INFO - Parse: http://www.windytan.com/feeds/posts/default
2023-11-21 00:37:01,373 - default - INFO - End: http://www.windytan.com/feeds/posts/default 已解析 0 篇文章
2023-11-21 00:37:01,373 - default - INFO - Parse: https://aphyr.com/posts.atom
2023-11-21 00:37:02,743 - default - INFO - End: https://aphyr.com/posts.atom 已解析 0 篇文章
2023-11-21 00:37:02,743 - default - INFO - Parse: http://blog.pamelafox.org/feeds/posts/default
2023-11-21 00:37:03,071 - default - INFO - End: http://blog.pamelafox.org/feeds/posts/default 已解析 0 篇文章
2023-11-21 00:37:03,071 - default - INFO - Parse: https://oleb.net/blog/atom.xml
2023-11-21 00:37:03,391 - default - INFO - End: https://oleb.net/blog/atom.xml 已解析 0 篇文章
2023-11-21 00:37:03,391 - default - INFO - Parse: https://blogs.msdn.microsoft.com/oldnewthing/feed
2023-11-21 00:37:03,945 - default - WARNING - Summarize failed. 该令牌额度已用尽
2023-11-21 00:37:03,945 - default - INFO - End: https://blogs.msdn.microsoft.com/oldnewthing/feed 已解析 1 篇文章
2023-11-21 00:37:03,945 - default - INFO - Parse: https://realpython.com/atom.xml
2023-11-21 00:37:04,415 - default - WARNING - Summarize failed. 该令牌额度已用尽
2023-11-21 00:37:04,416 - default - INFO - End: https://realpython.com/atom.xml 已解析 1 篇文章
2023-11-21 00:37:04,416 - default - INFO - Parse: http://blog.cleancoder.com/atom.xml
2023-11-21 00:37:04,632 - default - INFO - End: http://blog.cleancoder.com/atom.xml 已解析 0 篇文章
2023-11-21 00:37:04,632 - default - INFO - Parse: https://akrabat.com/feed/
2023-11-21 00:37:05,437 - default - INFO - End: https://akrabat.com/feed/ 已解析 0 篇文章
2023-11-21 00:37:05,437 - default - INFO - Parse: https://www.thepolyglotdeveloper.com/blog/index.xml
2023-11-21 00:37:06,561 - default - INFO - End: https://www.thepolyglotdeveloper.com/blog/index.xml 已解析 0 篇文章
2023-11-21 00:37:06,561 - default - INFO - Parse: https://eviltrout.com/feed.xml
2023-11-21 00:37:06,851 - default - INFO - End: https://eviltrout.com/feed.xml 已解析 0 篇文章
2023-11-21 00:37:06,852 - default - INFO - Parse: https://joshtronic.com/atom.xml
2023-11-21 00:37:07,261 - default - INFO - 解析 https://joshtronic.com/atom.xml 失败 <unknown>:2:0: syntax error
2023-11-21 00:37:07,261 - default - INFO - End: https://joshtronic.com/atom.xml 已解析 0 篇文章
2023-11-21 00:37:07,261 - default - INFO - Parse: http://feeds.hanselman.com/ScottHanselman
2023-11-21 00:37:07,814 - default - INFO - End: http://feeds.hanselman.com/ScottHanselman 已解析 0 篇文章
2023-11-21 00:37:07,814 - default - INFO - Parse: https://blog.nelhage.com/atom.xml
2023-11-21 00:37:08,461 - default - INFO - End: https://blog.nelhage.com/atom.xml 已解析 0 篇文章
2023-11-21 00:37:08,461 - default - INFO - Parse: http://blog.rtwilson.com/feed/
2023-11-21 00:37:09,067 - default - INFO - End: http://blog.rtwilson.com/feed/ 已解析 0 篇文章
2023-11-21 00:37:09,067 - default - INFO - Parse: http://www.catonmat.net/feed/
2023-11-21 00:37:10,045 - default - INFO - 文章较短，不需要总结
2023-11-21 00:37:10,045 - default - INFO - End: http://www.catonmat.net/feed/ 已解析 1 篇文章
2023-11-21 00:37:10,045 - default - INFO - Parse: https://neverfriday.com/feed/
2023-11-21 00:37:10,807 - default - INFO - End: https://neverfriday.com/feed/ 已解析 0 篇文章
2023-11-21 00:37:10,807 - default - INFO - Parse: http://thedailywtf.com/rss
2023-11-21 00:37:11,833 - default - WARNING - Summarize failed. 该令牌额度已用尽
2023-11-21 00:37:11,834 - default - INFO - End: http://thedailywtf.com/rss 已解析 1 篇文章
2023-11-21 00:37:11,834 - default - INFO - Parse: https://vladmihalcea.com/feed/
2023-11-21 00:37:11,942 - default - INFO - End: https://vladmihalcea.com/feed/ 已解析 0 篇文章
2023-11-21 00:37:11,942 - default - INFO - Parse: https://www.yegor256.com/rss.xml
2023-11-21 00:37:12,247 - default - INFO - End: https://www.yegor256.com/rss.xml 已解析 0 篇文章
2023-11-21 00:37:12,247 - default - INFO - Parse: https://muffinman.io/atom.xml
2023-11-21 00:37:14,408 - default - INFO - End: https://muffinman.io/atom.xml 已解析 0 篇文章
2023-11-21 00:37:14,409 - default - INFO - Parse: https://www.ardanlabs.com/blog/index.xml
2023-11-21 00:37:14,816 - default - INFO - End: https://www.ardanlabs.com/blog/index.xml 已解析 0 篇文章
2023-11-21 00:37:14,816 - default - INFO - Parse: https://blog.getbootstrap.com/feed.xml
2023-11-21 00:37:15,129 - default - INFO - End: https://blog.getbootstrap.com/feed.xml 已解析 0 篇文章
2023-11-21 00:37:15,129 - default - INFO - Parse: https://zachholman.com/atom.xml
2023-11-21 00:37:15,564 - default - INFO - End: https://zachholman.com/atom.xml 已解析 0 篇文章
2023-11-21 00:37:15,564 - default - INFO - Parse: https://ipfs.io/blog/index.xml
2023-11-21 00:37:16,527 - default - INFO - 文章较短，不需要总结
2023-11-21 00:37:16,528 - default - INFO - End: https://ipfs.io/blog/index.xml 已解析 1 篇文章
2023-11-21 00:37:16,528 - default - INFO - Parse: https://blog.golang.org/feed.atom
2023-11-21 00:37:17,205 - default - INFO - End: https://blog.golang.org/feed.atom 已解析 0 篇文章
2023-11-21 00:37:17,205 - default - INFO - Parse: https://blog.jooq.org/feed/
2023-11-21 00:37:17,516 - default - INFO - End: https://blog.jooq.org/feed/ 已解析 0 篇文章
2023-11-21 00:37:17,516 - default - INFO - Parse: https://blogs.msdn.microsoft.com/dotnet/feed/
2023-11-21 00:37:18,155 - default - WARNING - Summarize failed. 该令牌额度已用尽
2023-11-21 00:37:18,156 - default - INFO - End: https://blogs.msdn.microsoft.com/dotnet/feed/ 已解析 1 篇文章
2023-11-21 00:37:18,156 - default - INFO - Parse: http://raganwald.com/atom.xml
2023-11-21 00:37:26,817 - default - INFO - End: http://raganwald.com/atom.xml 已解析 0 篇文章
2023-11-21 00:37:26,817 - default - INFO - Parse: https://blogs.windows.com/msedgedev/rss
2023-11-21 00:37:27,240 - default - INFO - End: https://blogs.windows.com/msedgedev/rss 已解析 0 篇文章
2023-11-21 00:37:27,240 - default - INFO - Parse: https://blog.jetbrains.com/kotlin/feed/
2023-11-21 00:37:29,516 - default - INFO - End: https://blog.jetbrains.com/kotlin/feed/ 已解析 0 篇文章
2023-11-21 00:37:29,516 - default - INFO - Parse: https://tania.dev/rss.xml
2023-11-21 00:37:30,828 - default - INFO - End: https://tania.dev/rss.xml 已解析 0 篇文章
2023-11-21 00:37:30,828 - default - INFO - Parse: https://swizec.com/blog/feed
2023-11-21 00:37:30,972 - default - INFO - 解析 https://swizec.com/blog/feed 失败 <unknown>:2:0: syntax error
2023-11-21 00:37:30,972 - default - INFO - End: https://swizec.com/blog/feed 已解析 0 篇文章
2023-11-21 00:37:31,359 - default - INFO - Aggregate 已新增 26 篇
2023-11-21 00:37:31,359 - default - INFO - Aggregate AI总结花费 {}
