2023-11-14 00:32:56,472 - default - INFO - Parse: https://goteleport.com/blog/rss.xml
2023-11-14 00:32:56,802 - default - INFO - End: https://goteleport.com/blog/rss.xml 已解析 0 篇文章
2023-11-14 00:32:56,802 - default - INFO - Parse: https://engineering.mercari.com/en/blog/feed.xml
2023-11-14 00:32:58,904 - default - INFO - End: https://engineering.mercari.com/en/blog/feed.xml 已解析 0 篇文章
2023-11-14 00:32:58,904 - default - INFO - Parse: https://blog.replit.com/feed.xml
2023-11-14 00:32:59,321 - default - INFO - End: https://blog.replit.com/feed.xml 已解析 0 篇文章
2023-11-14 00:32:59,321 - default - INFO - Parse: https://abhinavsarkar.net/tags/programming/feed.atom
2023-11-14 00:33:00,165 - default - INFO - End: https://abhinavsarkar.net/tags/programming/feed.atom 已解析 0 篇文章
2023-11-14 00:33:00,165 - default - INFO - Parse: https://httptoolkit.tech/rss.xml
2023-11-14 00:33:02,082 - default - INFO - End: https://httptoolkit.tech/rss.xml 已解析 0 篇文章
2023-11-14 00:33:02,082 - default - INFO - Parse: https://engineering.freeagent.com/feed/
2023-11-14 00:33:03,208 - default - INFO - End: https://engineering.freeagent.com/feed/ 已解析 0 篇文章
2023-11-14 00:33:03,208 - default - INFO - Parse: https://severalnines.com/rss.xml
2023-11-14 00:33:05,024 - default - INFO - End: https://severalnines.com/rss.xml 已解析 0 篇文章
2023-11-14 00:33:05,025 - default - INFO - Parse: https://learnk8s.io/rss.xml
2023-11-14 00:33:05,759 - default - INFO - End: https://learnk8s.io/rss.xml 已解析 0 篇文章
2023-11-14 00:33:05,759 - default - INFO - Parse: https://v8.dev/blog.atom
2023-11-14 00:33:06,130 - default - INFO - End: https://v8.dev/blog.atom 已解析 0 篇文章
2023-11-14 00:33:06,130 - default - INFO - Parse: https://technology.customink.com/feed.xml
2023-11-14 00:33:07,728 - default - INFO - 解析 https://technology.customink.com/feed.xml 失败 <unknown>:2727:89: not well-formed (invalid token)
2023-11-14 00:33:07,729 - default - INFO - End: https://technology.customink.com/feed.xml 已解析 0 篇文章
2023-11-14 00:33:07,729 - default - INFO - Parse: http://blog.avenuecode.com/rss.xml
2023-11-14 00:33:07,913 - default - INFO - End: http://blog.avenuecode.com/rss.xml 已解析 0 篇文章
2023-11-14 00:33:07,913 - default - INFO - Parse: https://8thlight.com/blog/feed/atom.xml
2023-11-14 00:33:08,299 - default - INFO - 解析 https://8thlight.com/blog/feed/atom.xml 失败 <unknown>:3:0: XML or text declaration not at start of entity
2023-11-14 00:33:08,299 - default - INFO - End: https://8thlight.com/blog/feed/atom.xml 已解析 0 篇文章
2023-11-14 00:33:08,299 - default - INFO - Parse: http://blog.arkency.com/atom.xml
2023-11-14 00:33:08,687 - default - INFO - End: http://blog.arkency.com/atom.xml 已解析 0 篇文章
2023-11-14 00:33:08,687 - default - INFO - Parse: http://artsy.github.io/feed
2023-11-14 00:33:09,001 - default - INFO - End: http://artsy.github.io/feed 已解析 0 篇文章
2023-11-14 00:33:09,001 - default - INFO - Parse: https://www.bigeng.io/rss/
2023-11-14 00:33:09,296 - default - INFO - End: https://www.bigeng.io/rss/ 已解析 0 篇文章
2023-11-14 00:33:09,297 - default - INFO - Parse: https://advancedweb.hu/atom.xml
2023-11-14 00:33:10,516 - default - INFO - End: https://advancedweb.hu/atom.xml 已解析 0 篇文章
2023-11-14 00:33:10,516 - default - INFO - Parse: https://auth0.com/blog/rss.xml
2023-11-14 00:33:10,882 - default - INFO - 解析 https://auth0.com/blog/rss.xml 失败 document declared as us-ascii, but parsed as utf-8
2023-11-14 00:33:10,885 - default - INFO - 文章较短，不需要总结
2023-11-14 00:33:10,885 - default - INFO - End: https://auth0.com/blog/rss.xml 已解析 1 篇文章
2023-11-14 00:33:10,885 - default - INFO - Parse: https://capgemini.github.io/feed.xml
2023-11-14 00:33:11,226 - default - INFO - End: https://capgemini.github.io/feed.xml 已解析 0 篇文章
2023-11-14 00:33:11,226 - default - INFO - Parse: https://aws.amazon.com/blogs/aws/feed/
2023-11-14 00:33:12,820 - default - WARNING - Summarize failed. The server is overloaded or not ready yet.
2023-11-14 00:33:13,048 - default - WARNING - Summarize failed. The server is overloaded or not ready yet.
2023-11-14 00:33:13,197 - default - WARNING - Summarize failed. The server is overloaded or not ready yet.
2023-11-14 00:33:13,198 - default - INFO - End: https://aws.amazon.com/blogs/aws/feed/ 已解析 3 篇文章
2023-11-14 00:33:13,198 - default - INFO - Parse: https://code.blender.org/rss
2023-11-14 00:33:14,578 - default - INFO - End: https://code.blender.org/rss 已解析 0 篇文章
2023-11-14 00:33:14,578 - default - INFO - Parse: http://www.codenameone.com/feed.xml
2023-11-14 00:33:19,321 - default - INFO - End: http://www.codenameone.com/feed.xml 已解析 0 篇文章
2023-11-14 00:33:19,321 - default - INFO - Parse: https://spin.atomicobject.com/feed/
2023-11-14 00:33:19,669 - default - WARNING - Summarize failed. The server is overloaded or not ready yet.
2023-11-14 00:33:19,669 - default - INFO - End: https://spin.atomicobject.com/feed/ 已解析 1 篇文章
2023-11-14 00:33:19,669 - default - INFO - Parse: https://blog.developer.bazaarvoice.com/feed/
2023-11-14 00:33:20,013 - default - INFO - End: https://blog.developer.bazaarvoice.com/feed/ 已解析 0 篇文章
2023-11-14 00:33:20,013 - default - INFO - Parse: https://blog.cloudflare.com/rss/
2023-11-14 00:33:20,620 - default - INFO - End: https://blog.cloudflare.com/rss/ 已解析 0 篇文章
2023-11-14 00:33:20,620 - default - INFO - Parse: https://developer.atlassian.com/blog/feed.xml
2023-11-14 00:33:20,998 - default - INFO - End: https://developer.atlassian.com/blog/feed.xml 已解析 0 篇文章
2023-11-14 00:33:20,998 - default - INFO - Parse: https://blog.cloudera.com/feed/
2023-11-14 00:33:22,305 - default - INFO - End: https://blog.cloudera.com/feed/ 已解析 0 篇文章
2023-11-14 00:33:22,305 - default - INFO - Parse: https://www.confluent.io/feed/
2023-11-14 00:33:22,353 - default - INFO - 文章较短，不需要总结
2023-11-14 00:33:22,353 - default - INFO - End: https://www.confluent.io/feed/ 已解析 1 篇文章
2023-11-14 00:33:22,353 - default - INFO - Parse: https://tech.buzzfeed.com/feed
2023-11-14 00:33:23,188 - default - INFO - End: https://tech.buzzfeed.com/feed 已解析 0 篇文章
2023-11-14 00:33:23,188 - default - INFO - Parse: https://engineering.brandwatch.com/rss/
2023-11-14 00:33:24,218 - default - INFO - End: https://engineering.brandwatch.com/rss/ 已解析 0 篇文章
2023-11-14 00:33:24,218 - default - INFO - Parse: https://benchling.engineering/feed
2023-11-14 00:33:24,983 - default - INFO - End: https://benchling.engineering/feed 已解析 0 篇文章
2023-11-14 00:33:24,983 - default - INFO - Parse: https://www.elastic.co/blog/feed
2023-11-14 00:33:25,154 - default - INFO - 文章较短，不需要总结
2023-11-14 00:33:25,155 - default - INFO - 文章较短，不需要总结
2023-11-14 00:33:25,156 - default - INFO - End: https://www.elastic.co/blog/feed 已解析 3 篇文章
2023-11-14 00:33:25,156 - default - INFO - Parse: http://deliveroo.engineering/feed.xml
2023-11-14 00:33:25,690 - default - INFO - End: http://deliveroo.engineering/feed.xml 已解析 0 篇文章
2023-11-14 00:33:25,690 - default - INFO - Parse: https://techblog.commercetools.com/feed
2023-11-14 00:33:26,318 - default - INFO - End: https://techblog.commercetools.com/feed 已解析 0 篇文章
2023-11-14 00:33:26,318 - default - INFO - Parse: https://databricks.com/feed
2023-11-14 00:33:26,552 - default - INFO - 文章较短，不需要总结
2023-11-14 00:33:26,552 - default - INFO - End: https://databricks.com/feed 已解析 1 篇文章
2023-11-14 00:33:26,552 - default - INFO - Parse: https://deezer.io/feed
2023-11-14 00:33:27,403 - default - INFO - End: https://deezer.io/feed 已解析 0 篇文章
2023-11-14 00:33:27,403 - default - INFO - Parse: https://engineering.fb.com/feed/
2023-11-14 00:33:27,725 - default - INFO - End: https://engineering.fb.com/feed/ 已解析 0 篇文章
2023-11-14 00:33:27,725 - default - INFO - Parse: https://codeascraft.com/feed/
2023-11-14 00:33:27,912 - default - INFO - 解析 https://codeascraft.com/feed/ 失败 text/html;charset=utf-8 is not an XML media type
2023-11-14 00:33:27,912 - default - INFO - End: https://codeascraft.com/feed/ 已解析 0 篇文章
2023-11-14 00:33:27,913 - default - INFO - Parse: https://medium.com/feed/feedzaitech
2023-11-14 00:33:28,224 - default - INFO - End: https://medium.com/feed/feedzaitech 已解析 0 篇文章
2023-11-14 00:33:28,224 - default - INFO - Parse: https://tech.findmypast.com/feed.xml
2023-11-14 00:33:28,431 - default - INFO - End: https://tech.findmypast.com/feed.xml 已解析 0 篇文章
2023-11-14 00:33:28,431 - default - INFO - Parse: https://code.fb.com/feed/
2023-11-14 00:33:28,844 - default - INFO - End: https://code.fb.com/feed/ 已解析 0 篇文章
2023-11-14 00:33:28,844 - default - INFO - Parse: https://www.eventbrite.com/engineering/feed/
2023-11-14 00:33:28,946 - default - INFO - End: https://www.eventbrite.com/engineering/feed/ 已解析 0 篇文章
2023-11-14 00:33:28,947 - default - INFO - Parse: https://evernote.com/blog/feed/
2023-11-14 00:33:29,041 - default - INFO - 解析 https://evernote.com/blog/feed/ 失败 <unknown>:2:0: not well-formed (invalid token)
2023-11-14 00:33:29,041 - default - INFO - End: https://evernote.com/blog/feed/ 已解析 0 篇文章
2023-11-14 00:33:29,041 - default - INFO - Parse: https://drivy.engineering/feed.xml
2023-11-14 00:33:30,427 - default - INFO - End: https://drivy.engineering/feed.xml 已解析 0 篇文章
2023-11-14 00:33:30,427 - default - INFO - Parse: https://evilmartians.com/chronicles.atom
2023-11-14 00:33:30,632 - default - INFO - 文章较短，不需要总结
2023-11-14 00:33:30,633 - default - INFO - End: https://evilmartians.com/chronicles.atom 已解析 1 篇文章
2023-11-14 00:33:30,634 - default - INFO - Parse: https://www.ebayinc.com/stories/blogs/tech/rss/
2023-11-14 00:33:31,585 - default - INFO - End: https://www.ebayinc.com/stories/blogs/tech/rss/ 已解析 0 篇文章
2023-11-14 00:33:31,585 - default - INFO - Parse: http://feeds.feedburner.com/GoogleOnlineSecurityBlog
2023-11-14 00:33:32,304 - default - INFO - End: http://feeds.feedburner.com/GoogleOnlineSecurityBlog 已解析 0 篇文章
2023-11-14 00:33:32,304 - default - INFO - Parse: https://galois.com/feed/
2023-11-14 00:33:32,576 - default - INFO - End: https://galois.com/feed/ 已解析 0 篇文章
2023-11-14 00:33:32,576 - default - INFO - Parse: https://githubengineering.com/atom.xml
2023-11-14 00:33:33,040 - default - WARNING - Summarize failed. The server is overloaded or not ready yet.
2023-11-14 00:33:33,041 - default - INFO - End: https://githubengineering.com/atom.xml 已解析 1 篇文章
2023-11-14 00:33:33,041 - default - INFO - Parse: https://blog.digitalocean.com/rss/
2023-11-14 00:33:33,905 - default - INFO - 解析 https://blog.digitalocean.com/rss/ 失败 application/octet-stream is not an XML media type
2023-11-14 00:33:33,905 - default - INFO - End: https://blog.digitalocean.com/rss/ 已解析 0 篇文章
2023-11-14 00:33:33,905 - default - INFO - Parse: https://www.hashicorp.com/blog/feed.xml
2023-11-14 00:33:34,368 - default - WARNING - Summarize failed. The server is overloaded or not ready yet.
2023-11-14 00:33:34,369 - default - INFO - End: https://www.hashicorp.com/blog/feed.xml 已解析 1 篇文章
2023-11-14 00:33:34,369 - default - INFO - Parse: https://collectiveidea.com/blog/feed/
2023-11-14 00:33:35,530 - default - INFO - End: https://collectiveidea.com/blog/feed/ 已解析 0 篇文章
2023-11-14 00:33:35,530 - default - INFO - Parse: http://feeds.feedburner.com/blogspot/gJZg
2023-11-14 00:33:36,123 - default - INFO - End: http://feeds.feedburner.com/blogspot/gJZg 已解析 0 篇文章
2023-11-14 00:33:36,123 - default - INFO - Parse: http://engineering.grab.com/feed.xml
2023-11-14 00:33:36,425 - default - INFO - End: http://engineering.grab.com/feed.xml 已解析 0 篇文章
2023-11-14 00:33:36,425 - default - INFO - Parse: https://engineering.gusto.com/rss/
2023-11-14 00:33:36,577 - default - INFO - End: https://engineering.gusto.com/rss/ 已解析 0 篇文章
2023-11-14 00:33:36,577 - default - INFO - Parse: https://www.hostinger.com/blog/feed/
2023-11-14 00:33:37,074 - default - WARNING - Summarize failed. The server is overloaded or not ready yet.
2023-11-14 00:33:37,074 - default - INFO - End: https://www.hostinger.com/blog/feed/ 已解析 1 篇文章
2023-11-14 00:33:37,074 - default - INFO - Parse: https://engineering.doximity.com/feed
2023-11-14 00:33:38,307 - default - INFO - End: https://engineering.doximity.com/feed 已解析 0 篇文章
2023-11-14 00:33:38,307 - default - INFO - Parse: https://www.cockroachlabs.com/blog/index.xml
2023-11-14 00:33:38,737 - default - INFO - End: https://www.cockroachlabs.com/blog/index.xml 已解析 0 篇文章
2023-11-14 00:33:38,737 - default - INFO - Parse: https://product.hubspot.com/blog/rss.xml
2023-11-14 00:33:38,915 - default - INFO - End: https://product.hubspot.com/blog/rss.xml 已解析 0 篇文章
2023-11-14 00:33:38,915 - default - INFO - Parse: https://lambda.grofers.com/feed
2023-11-14 00:33:39,493 - default - INFO - End: https://lambda.grofers.com/feed 已解析 0 篇文章
2023-11-14 00:33:39,493 - default - INFO - Parse: https://dropbox.tech/feed
2023-11-14 00:33:40,341 - default - INFO - End: https://dropbox.tech/feed 已解析 0 篇文章
2023-11-14 00:33:40,341 - default - INFO - Parse: https://engineering.hashnode.com/rss.xml
2023-11-14 00:33:41,011 - default - INFO - 解析 https://engineering.hashnode.com/rss.xml 失败 document declared as us-ascii, but parsed as utf-8
2023-11-14 00:33:41,011 - default - INFO - End: https://engineering.hashnode.com/rss.xml 已解析 0 篇文章
2023-11-14 00:33:41,011 - default - INFO - Parse: https://kinvolk.io/blog/index.xml
2023-11-14 00:33:41,141 - default - INFO - 解析 https://kinvolk.io/blog/index.xml 失败 document declared as us-ascii, but parsed as utf-8
2023-11-14 00:33:41,142 - default - INFO - End: https://kinvolk.io/blog/index.xml 已解析 0 篇文章
2023-11-14 00:33:41,142 - default - INFO - Parse: https://tech.instacart.com/feed
2023-11-14 00:33:41,953 - default - WARNING - Summarize failed. The server is overloaded or not ready yet.
2023-11-14 00:33:41,953 - default - INFO - End: https://tech.instacart.com/feed 已解析 1 篇文章
2023-11-14 00:33:41,953 - default - INFO - Parse: https://kolosek.com/rss/
2023-11-14 00:33:42,273 - default - INFO - 解析 https://kolosek.com/rss/ 失败 <unknown>:19:18: not well-formed (invalid token)
2023-11-14 00:33:42,273 - default - INFO - End: https://kolosek.com/rss/ 已解析 0 篇文章
2023-11-14 00:33:42,273 - default - INFO - Parse: https://blog.heroku.com/engineering/feed
2023-11-14 00:33:42,535 - default - INFO - End: https://blog.heroku.com/engineering/feed 已解析 0 篇文章
2023-11-14 00:33:42,536 - default - INFO - Parse: https://hashrocket.com/blog.rss
2023-11-14 00:33:43,326 - default - INFO - End: https://hashrocket.com/blog.rss 已解析 0 篇文章
2023-11-14 00:33:43,326 - default - INFO - Parse: https://jobandtalent.engineering/feed
2023-11-14 00:33:43,976 - default - INFO - End: https://jobandtalent.engineering/feed 已解析 0 篇文章
2023-11-14 00:33:43,976 - default - INFO - Parse: https://blog.imgur.com/feed/
2023-11-14 00:33:44,980 - default - INFO - End: https://blog.imgur.com/feed/ 已解析 0 篇文章
2023-11-14 00:33:44,981 - default - INFO - Parse: https://nordicapis.com/feed/
2023-11-14 00:33:45,787 - default - INFO - End: https://nordicapis.com/feed/ 已解析 0 篇文章
2023-11-14 00:33:45,787 - default - INFO - Parse: https://blog.novoda.com/rss/
2023-11-14 00:33:46,598 - default - INFO - End: https://blog.novoda.com/rss/ 已解析 0 篇文章
2023-11-14 00:33:46,599 - default - INFO - Parse: https://developer.okta.com/feed.xml
2023-11-14 00:33:47,245 - default - INFO - End: https://developer.okta.com/feed.xml 已解析 0 篇文章
2023-11-14 00:33:47,245 - default - INFO - Parse: https://eng.lyft.com/feed
2023-11-14 00:33:47,920 - default - INFO - End: https://eng.lyft.com/feed 已解析 0 篇文章
2023-11-14 00:33:47,920 - default - INFO - Parse: http://blog.memsql.com/feed/
2023-11-14 00:33:48,268 - default - INFO - 解析 http://blog.memsql.com/feed/ 失败 document declared as us-ascii, but parsed as utf-8
2023-11-14 00:33:48,269 - default - INFO - End: http://blog.memsql.com/feed/ 已解析 0 篇文章
2023-11-14 00:33:48,269 - default - INFO - Parse: https://engineering.mixpanel.com/feed/
2023-11-14 00:33:48,730 - default - INFO - End: https://engineering.mixpanel.com/feed/ 已解析 0 篇文章
2023-11-14 00:33:48,730 - default - INFO - Parse: https://medium.engineering/feed
2023-11-14 00:33:49,149 - default - INFO - End: https://medium.engineering/feed 已解析 0 篇文章
2023-11-14 00:33:49,149 - default - INFO - Parse: http://blog.apps.npr.org/atom.xml
2023-11-14 00:33:50,088 - default - INFO - 解析 http://blog.apps.npr.org/atom.xml 失败 <unknown>:1172:54: undefined entity
2023-11-14 00:33:50,088 - default - INFO - End: http://blog.apps.npr.org/atom.xml 已解析 0 篇文章
2023-11-14 00:33:50,088 - default - INFO - Parse: https://engblog.nextdoor.com/feed
2023-11-14 00:33:50,726 - default - INFO - End: https://engblog.nextdoor.com/feed 已解析 0 篇文章
2023-11-14 00:33:50,726 - default - INFO - Parse: https://hacks.mozilla.org/feed/
2023-11-14 00:33:51,026 - default - INFO - End: https://hacks.mozilla.org/feed/ 已解析 0 篇文章
2023-11-14 00:33:51,026 - default - INFO - Parse: https://developers.redhat.com/blog/feed/atom/
2023-11-14 00:33:51,596 - default - INFO - End: https://developers.redhat.com/blog/feed/atom/ 已解析 0 篇文章
2023-11-14 00:33:51,596 - default - INFO - Parse: https://tech.olx.com/feed
2023-11-14 00:33:52,255 - default - INFO - End: https://tech.olx.com/feed 已解析 0 篇文章
2023-11-14 00:33:52,255 - default - INFO - Parse: https://postmarkapp.com/blog/feed.atom
2023-11-14 00:33:53,312 - default - INFO - End: https://postmarkapp.com/blog/feed.atom 已解析 0 篇文章
2023-11-14 00:33:53,313 - default - INFO - Parse: http://engineering.remind.com/feed.xml
2023-11-14 00:33:53,800 - default - INFO - End: http://engineering.remind.com/feed.xml 已解析 0 篇文章
2023-11-14 00:33:53,800 - default - INFO - Parse: https://tech.showmax.com/feed.xml
2023-11-14 00:33:55,351 - default - INFO - End: https://tech.showmax.com/feed.xml 已解析 0 篇文章
2023-11-14 00:33:55,351 - default - INFO - Parse: https://multithreaded.stitchfix.com/feed.xml
2023-11-14 00:33:55,651 - default - INFO - End: https://multithreaded.stitchfix.com/feed.xml 已解析 0 篇文章
2023-11-14 00:33:55,651 - default - INFO - Parse: https://labs.spotify.com/feed/
2023-11-14 00:33:59,120 - default - INFO - End: https://labs.spotify.com/feed/ 已解析 0 篇文章
2023-11-14 00:33:59,120 - default - INFO - Parse: https://www.stridenyc.com/blog/rss.xml
2023-11-14 00:33:59,423 - default - INFO - End: https://www.stridenyc.com/blog/rss.xml 已解析 0 篇文章
2023-11-14 00:33:59,424 - default - INFO - Parse: https://technology.skybettingandgaming.com/feed.xml
2023-11-14 00:33:59,972 - default - INFO - End: https://technology.skybettingandgaming.com/feed.xml 已解析 0 篇文章
2023-11-14 00:33:59,972 - default - INFO - Parse: https://umbrella.cisco.com/blog/feed/
2023-11-14 00:34:00,643 - default - INFO - End: https://umbrella.cisco.com/blog/feed/ 已解析 0 篇文章
2023-11-14 00:34:00,643 - default - INFO - Parse: https://www.surveymonkey.com/feed/
2023-11-14 00:34:00,797 - default - INFO - End: https://www.surveymonkey.com/feed/ 已解析 0 篇文章
2023-11-14 00:34:00,797 - default - INFO - Parse: https://engineering.prezi.com/feed
2023-11-14 00:34:01,488 - default - INFO - End: https://engineering.prezi.com/feed 已解析 0 篇文章
2023-11-14 00:34:01,488 - default - INFO - Parse: https://semaphoreci.com/community/tutorials.atom
2023-11-14 00:34:02,587 - default - INFO - End: https://semaphoreci.com/community/tutorials.atom 已解析 0 篇文章
2023-11-14 00:34:02,588 - default - INFO - Parse: https://developer.salesforce.com/blogs/feed
2023-11-14 00:34:02,783 - default - INFO - End: https://developer.salesforce.com/blogs/feed 已解析 0 篇文章
2023-11-14 00:34:02,783 - default - INFO - Parse: https://mesosphere.com/feed/
2023-11-14 00:34:03,062 - default - INFO - End: https://mesosphere.com/feed/ 已解析 0 篇文章
2023-11-14 00:34:03,062 - default - INFO - Parse: https://feeds.feedburner.com/GiantRobotsSmashingIntoOtherGiantRobots
2023-11-14 00:34:03,414 - default - WARNING - Summarize failed. The server is overloaded or not ready yet.
2023-11-14 00:34:03,415 - default - INFO - End: https://feeds.feedburner.com/GiantRobotsSmashingIntoOtherGiantRobots 已解析 1 篇文章
2023-11-14 00:34:03,415 - default - INFO - Parse: https://www.toptal.com/blog.rss
2023-11-14 00:34:03,600 - default - INFO - End: https://www.toptal.com/blog.rss 已解析 0 篇文章
2023-11-14 00:34:03,600 - default - INFO - Parse: https://slack.engineering/feed
2023-11-14 00:34:03,753 - default - INFO - End: https://slack.engineering/feed 已解析 0 篇文章
2023-11-14 00:34:03,753 - default - INFO - Parse: http://semaphoreci.com/blog/engineering.xml
2023-11-14 00:34:04,914 - default - INFO - End: http://semaphoreci.com/blog/engineering.xml 已解析 0 篇文章
2023-11-14 00:34:04,914 - default - INFO - Parse: https://blog.siftscience.com/feed/
2023-11-14 00:34:05,888 - default - WARNING - Summarize failed. The server is overloaded or not ready yet.
2023-11-14 00:34:05,888 - default - INFO - End: https://blog.siftscience.com/feed/ 已解析 1 篇文章
2023-11-14 00:34:05,888 - default - INFO - Parse: https://stackoverflow.blog/feed/
2023-11-14 00:34:05,947 - default - INFO - End: https://stackoverflow.blog/feed/ 已解析 0 篇文章
2023-11-14 00:34:05,947 - default - INFO - Parse: http://techblog.thescore.com/feed.xml
2023-11-14 00:34:06,962 - default - INFO - 解析 http://techblog.thescore.com/feed.xml 失败 <unknown>:1500:26: not well-formed (invalid token)
2023-11-14 00:34:06,963 - default - INFO - End: http://techblog.thescore.com/feed.xml 已解析 0 篇文章
2023-11-14 00:34:06,963 - default - INFO - Parse: https://tech.trivago.com/index.xml
2023-11-14 00:34:07,178 - default - INFO - End: https://tech.trivago.com/index.xml 已解析 0 篇文章
2023-11-14 00:34:07,178 - default - INFO - Parse: https://www.thoughtworks.com/rss/insights.xml
2023-11-14 00:34:09,642 - default - INFO - 文章较短，不需要总结
2023-11-14 00:34:09,648 - default - INFO - End: https://www.thoughtworks.com/rss/insights.xml 已解析 1 篇文章
2023-11-14 00:34:09,648 - default - INFO - Parse: https://bytes.swiggy.com/feed
2023-11-14 00:34:10,327 - default - INFO - End: https://bytes.swiggy.com/feed 已解析 0 篇文章
2023-11-14 00:34:10,327 - default - INFO - Parse: http://engineering.vinted.com//atom.xml
2023-11-14 00:34:10,637 - default - INFO - End: http://engineering.vinted.com//atom.xml 已解析 0 篇文章
2023-11-14 00:34:10,637 - default - INFO - Parse: https://developers.soundcloud.com/blog.rss
2023-11-14 00:34:14,288 - default - INFO - End: https://developers.soundcloud.com/blog.rss 已解析 0 篇文章
2023-11-14 00:34:14,288 - default - INFO - Parse: https://blog.timescale.com/feed
2023-11-14 00:34:14,977 - default - WARNING - Summarize failed. The server is overloaded or not ready yet.
2023-11-14 00:34:14,977 - default - INFO - End: https://blog.timescale.com/feed 已解析 1 篇文章
2023-11-14 00:34:14,978 - default - INFO - Parse: https://engineering.tumblr.com/rss
2023-11-14 00:34:15,384 - default - INFO - End: https://engineering.tumblr.com/rss 已解析 0 篇文章
2023-11-14 00:34:15,384 - default - INFO - Parse: http://eng.wealthfront.com/feed/
2023-11-14 00:34:15,767 - default - INFO - End: http://eng.wealthfront.com/feed/ 已解析 0 篇文章
2023-11-14 00:34:15,768 - default - INFO - Parse: https://www.sitepoint.com/feed/
2023-11-14 00:34:16,969 - default - INFO - 文章较短，不需要总结
2023-11-14 00:34:16,969 - default - INFO - End: https://www.sitepoint.com/feed/ 已解析 1 篇文章
2023-11-14 00:34:16,969 - default - INFO - Parse: https://stripe.com/blog/feed.rss
2023-11-14 00:34:17,498 - default - INFO - End: https://stripe.com/blog/feed.rss 已解析 0 篇文章
2023-11-14 00:34:17,498 - default - INFO - Parse: http://engineering.wingify.com/atom.xml
2023-11-14 00:34:18,780 - default - INFO - End: http://engineering.wingify.com/atom.xml 已解析 0 篇文章
2023-11-14 00:34:18,780 - default - INFO - Parse: https://infrequently.org/feed/
2023-11-14 00:34:19,081 - default - INFO - End: https://infrequently.org/feed/ 已解析 0 篇文章
2023-11-14 00:34:19,081 - default - INFO - Parse: https://www.amitmerchant.com/feed.xml
2023-11-14 00:34:19,376 - default - INFO - End: https://www.amitmerchant.com/feed.xml 已解析 0 篇文章
2023-11-14 00:34:19,376 - default - INFO - Parse: https://buildingvts.com/feed
2023-11-14 00:34:19,960 - default - INFO - End: https://buildingvts.com/feed 已解析 0 篇文章
2023-11-14 00:34:19,961 - default - INFO - Parse: http://addyosmani.com/rss.xml
2023-11-14 00:34:20,208 - default - INFO - End: http://addyosmani.com/rss.xml 已解析 0 篇文章
2023-11-14 00:34:20,208 - default - INFO - Parse: https://engineeringblog.yelp.com/feed.xml
2023-11-14 00:34:20,312 - default - INFO - 解析 https://engineeringblog.yelp.com/feed.xml 失败 document declared as us-ascii, but parsed as utf-8
2023-11-14 00:34:20,313 - default - INFO - End: https://engineeringblog.yelp.com/feed.xml 已解析 0 篇文章
2023-11-14 00:34:20,313 - default - INFO - Parse: https://alanstorm.com/feed/feed.xml
2023-11-14 00:34:21,241 - default - INFO - 解析 https://alanstorm.com/feed/feed.xml 失败 <unknown>:124:0: junk after document element
2023-11-14 00:34:21,241 - default - INFO - End: https://alanstorm.com/feed/feed.xml 已解析 0 篇文章
2023-11-14 00:34:21,242 - default - INFO - Parse: https://ariya.io/index.xml
2023-11-14 00:34:21,362 - default - INFO - End: https://ariya.io/index.xml 已解析 0 篇文章
2023-11-14 00:34:21,363 - default - INFO - Parse: https://tech.xing.com/feed
2023-11-14 00:34:22,739 - default - INFO - End: https://tech.xing.com/feed 已解析 0 篇文章
2023-11-14 00:34:22,739 - default - INFO - Parse: http://tenderlovemaking.com/atom.xml
2023-11-14 00:34:23,195 - default - INFO - End: http://tenderlovemaking.com/atom.xml 已解析 0 篇文章
2023-11-14 00:34:23,195 - default - INFO - Parse: https://www.devroom.io/index.xml
2023-11-14 00:34:24,442 - default - INFO - 解析 https://www.devroom.io/index.xml 失败 document declared as us-ascii, but parsed as utf-8
2023-11-14 00:34:24,443 - default - INFO - End: https://www.devroom.io/index.xml 已解析 0 篇文章
2023-11-14 00:34:24,443 - default - INFO - Parse: https://carlosbecker.com/index.xml
2023-11-14 00:34:24,622 - default - INFO - End: https://carlosbecker.com/index.xml 已解析 0 篇文章
2023-11-14 00:34:24,622 - default - INFO - Parse: https://developerblog.zendesk.com/feed
2023-11-14 00:34:25,142 - default - INFO - End: https://developerblog.zendesk.com/feed 已解析 0 篇文章
2023-11-14 00:34:25,142 - default - INFO - Parse: https://bohops.com/feed/
2023-11-14 00:34:25,393 - default - INFO - End: https://bohops.com/feed/ 已解析 0 篇文章
2023-11-14 00:34:25,393 - default - INFO - Parse: http://lucumr.pocoo.org/feed.atom
2023-11-14 00:34:27,423 - default - INFO - End: http://lucumr.pocoo.org/feed.atom 已解析 0 篇文章
2023-11-14 00:34:27,423 - default - INFO - Parse: http://nullprogram.com/feed/
2023-11-14 00:34:27,775 - default - INFO - End: http://nullprogram.com/feed/ 已解析 0 篇文章
2023-11-14 00:34:27,775 - default - INFO - Parse: https://code.dblock.org/feed.xml
2023-11-14 00:34:28,513 - default - INFO - End: https://code.dblock.org/feed.xml 已解析 0 篇文章
2023-11-14 00:34:28,513 - default - INFO - Parse: http://www.brendangregg.com/blog/rss.xml
2023-11-14 00:34:28,778 - default - INFO - End: http://www.brendangregg.com/blog/rss.xml 已解析 0 篇文章
2023-11-14 00:34:28,779 - default - INFO - Parse: https://www.dereuromark.de/feed/
2023-11-14 00:34:29,786 - default - INFO - End: https://www.dereuromark.de/feed/ 已解析 0 篇文章
2023-11-14 00:34:29,786 - default - INFO - Parse: https://domenicoluciani.com/feed.xml
2023-11-14 00:34:29,963 - default - INFO - End: https://domenicoluciani.com/feed.xml 已解析 0 篇文章
2023-11-14 00:34:29,963 - default - INFO - Parse: https://blog.filippo.io/rss/
2023-11-14 00:34:30,377 - default - INFO - End: https://blog.filippo.io/rss/ 已解析 0 篇文章
2023-11-14 00:34:30,377 - default - INFO - Parse: https://hookrace.net/blog/feed/
2023-11-14 00:34:32,631 - default - INFO - End: https://hookrace.net/blog/feed/ 已解析 0 篇文章
2023-11-14 00:34:32,631 - default - INFO - Parse: https://dotdev.co/feed/
2023-11-14 00:34:32,760 - default - INFO - End: https://dotdev.co/feed/ 已解析 0 篇文章
2023-11-14 00:34:32,760 - default - INFO - Parse: https://ericlippert.com/feed/
2023-11-14 00:34:32,905 - default - INFO - End: https://ericlippert.com/feed/ 已解析 0 篇文章
2023-11-14 00:34:32,905 - default - INFO - Parse: https://tomassetti.me/feed/
2023-11-14 00:34:33,187 - default - INFO - End: https://tomassetti.me/feed/ 已解析 0 篇文章
2023-11-14 00:34:33,187 - default - INFO - Parse: http://www.evanjones.ca/index.rss
2023-11-14 00:34:33,426 - default - INFO - End: http://www.evanjones.ca/index.rss 已解析 0 篇文章
2023-11-14 00:34:33,426 - default - INFO - Parse: https://deanhume.com/rss/
2023-11-14 00:34:34,045 - default - INFO - End: https://deanhume.com/rss/ 已解析 0 篇文章
2023-11-14 00:34:34,045 - default - INFO - Parse: http://feeds.feedburner.com/HighScalability
2023-11-14 00:34:34,201 - default - INFO - End: http://feeds.feedburner.com/HighScalability 已解析 0 篇文章
2023-11-14 00:34:34,202 - default - INFO - Parse: https://erikrunyon.com/feed.xml
2023-11-14 00:34:34,414 - default - INFO - End: https://erikrunyon.com/feed.xml 已解析 0 篇文章
2023-11-14 00:34:34,414 - default - INFO - Parse: https://drewdevault.com/feed.xml
2023-11-14 00:34:35,728 - default - INFO - End: https://drewdevault.com/feed.xml 已解析 0 篇文章
2023-11-14 00:34:35,728 - default - INFO - Parse: https://www.chenhuijing.com/feed.xml
2023-11-14 00:34:36,088 - default - INFO - End: https://www.chenhuijing.com/feed.xml 已解析 0 篇文章
2023-11-14 00:34:36,088 - default - INFO - Parse: https://www.metachris.com/index.xml
2023-11-14 00:34:36,172 - default - INFO - End: https://www.metachris.com/index.xml 已解析 0 篇文章
2023-11-14 00:34:36,172 - default - INFO - Parse: https://elegantcode.com/feed/
2023-11-14 00:34:36,240 - default - INFO - End: https://elegantcode.com/feed/ 已解析 0 篇文章
2023-11-14 00:34:36,240 - default - INFO - Parse: https://conductofcode.io/feed.xml
2023-11-14 00:34:36,747 - default - INFO - End: https://conductofcode.io/feed.xml 已解析 0 篇文章
2023-11-14 00:34:36,747 - default - INFO - Parse: https://glebbahmutov.com/blog/atom.xml
2023-11-14 00:34:38,201 - default - INFO - End: https://glebbahmutov.com/blog/atom.xml 已解析 0 篇文章
2023-11-14 00:34:38,202 - default - INFO - Parse: https://eli.thegreenplace.net/feeds/all.atom.xml
2023-11-14 00:34:38,952 - default - INFO - End: https://eli.thegreenplace.net/feeds/all.atom.xml 已解析 0 篇文章
2023-11-14 00:34:38,952 - default - INFO - Parse: https://henrikwarne.com/feed/
2023-11-14 00:34:39,132 - default - INFO - End: https://henrikwarne.com/feed/ 已解析 0 篇文章
2023-11-14 00:34:39,133 - default - INFO - Parse: https://davidwalsh.name/feed/atom
2023-11-14 00:34:39,789 - default - INFO - End: https://davidwalsh.name/feed/atom 已解析 0 篇文章
2023-11-14 00:34:39,789 - default - INFO - Parse: https://jeremykun.com/feed/
2023-11-14 00:34:40,005 - default - INFO - End: https://jeremykun.com/feed/ 已解析 0 篇文章
2023-11-14 00:34:40,005 - default - INFO - Parse: https://tympanus.net/codrops/rss
2023-11-14 00:34:41,319 - default - INFO - End: https://tympanus.net/codrops/rss 已解析 0 篇文章
2023-11-14 00:34:41,319 - default - INFO - Parse: http://jakewharton.com/feed.xml
2023-11-14 00:34:42,417 - default - INFO - End: http://jakewharton.com/feed.xml 已解析 0 篇文章
2023-11-14 00:34:42,417 - default - INFO - Parse: https://jes.al/atom.xml
2023-11-14 00:34:43,182 - default - INFO - End: https://jes.al/atom.xml 已解析 0 篇文章
2023-11-14 00:34:43,182 - default - INFO - Parse: https://jvns.ca/atom.xml
2023-11-14 00:34:43,595 - default - INFO - End: https://jvns.ca/atom.xml 已解析 0 篇文章
2023-11-14 00:34:43,595 - default - INFO - Parse: https://codeblog.jonskeet.uk/feed/
2023-11-14 00:34:43,809 - default - INFO - End: https://codeblog.jonskeet.uk/feed/ 已解析 0 篇文章
2023-11-14 00:34:43,809 - default - INFO - Parse: https://adambard.com/blog/feed.xml
2023-11-14 00:34:44,027 - default - INFO - End: https://adambard.com/blog/feed.xml 已解析 0 篇文章
2023-11-14 00:34:44,027 - default - INFO - Parse: https://useyourloaf.com/blog/rss.xml
2023-11-14 00:34:44,785 - default - INFO - End: https://useyourloaf.com/blog/rss.xml 已解析 0 篇文章
2023-11-14 00:34:44,785 - default - INFO - Parse: https://jerrygamblin.com/feed/
2023-11-14 00:34:45,356 - default - INFO - End: https://jerrygamblin.com/feed/ 已解析 0 篇文章
2023-11-14 00:34:45,356 - default - INFO - Parse: https://idea.popcount.org/rss.xml
2023-11-14 00:34:46,412 - default - INFO - End: https://idea.popcount.org/rss.xml 已解析 0 篇文章
2023-11-14 00:34:46,412 - default - INFO - Parse: https://maryrosecook.com/blog/feed.xml
2023-11-14 00:34:46,806 - default - INFO - 解析 https://maryrosecook.com/blog/feed.xml 失败 document declared as us-ascii, but parsed as utf-8
2023-11-14 00:34:46,807 - default - INFO - End: https://maryrosecook.com/blog/feed.xml 已解析 0 篇文章
2023-11-14 00:34:46,807 - default - INFO - Parse: https://begriffs.com/atom.xml
2023-11-14 00:34:48,015 - default - INFO - 解析 https://begriffs.com/atom.xml 失败 document declared as us-ascii, but parsed as utf-8
2023-11-14 00:34:48,015 - default - INFO - End: https://begriffs.com/atom.xml 已解析 0 篇文章
2023-11-14 00:34:48,015 - default - INFO - Parse: http://matt.might.net/articles/feed.rss
2023-11-14 00:34:48,533 - default - INFO - End: http://matt.might.net/articles/feed.rss 已解析 0 篇文章
2023-11-14 00:34:48,534 - default - INFO - Parse: https://martinfowler.com/feed.atom
2023-11-14 00:34:48,999 - default - INFO - End: https://martinfowler.com/feed.atom 已解析 0 篇文章
2023-11-14 00:34:48,999 - default - INFO - Parse: https://blog.sleeplessbeastie.eu/feed.xml
2023-11-14 00:34:52,347 - default - INFO - 文章较短，不需要总结
2023-11-14 00:34:52,349 - default - INFO - End: https://blog.sleeplessbeastie.eu/feed.xml 已解析 1 篇文章
2023-11-14 00:34:52,349 - default - INFO - Parse: https://blog.cryptographyengineering.com/feed/
2023-11-14 00:34:52,686 - default - INFO - End: https://blog.cryptographyengineering.com/feed/ 已解析 0 篇文章
2023-11-14 00:34:52,686 - default - INFO - Parse: http://blog.fogus.me/feed/
2023-11-14 00:34:53,728 - default - INFO - End: http://blog.fogus.me/feed/ 已解析 0 篇文章
2023-11-14 00:34:53,728 - default - INFO - Parse: https://blog.rinesi.com/feed/
2023-11-14 00:34:54,267 - default - WARNING - Summarize failed. The server is overloaded or not ready yet.
2023-11-14 00:34:54,267 - default - INFO - End: https://blog.rinesi.com/feed/ 已解析 1 篇文章
2023-11-14 00:34:54,267 - default - INFO - Parse: https://snook.ca/jonathan/index.rdf
2023-11-14 00:34:54,719 - default - INFO - End: https://snook.ca/jonathan/index.rdf 已解析 0 篇文章
2023-11-14 00:34:54,719 - default - INFO - Parse: https://www.mattcutts.com/blog/feed/
2023-11-14 00:34:54,826 - default - INFO - End: https://www.mattcutts.com/blog/feed/ 已解析 0 篇文章
2023-11-14 00:34:54,826 - default - INFO - Parse: http://www.windytan.com/feeds/posts/default
2023-11-14 00:34:55,270 - default - INFO - End: http://www.windytan.com/feeds/posts/default 已解析 0 篇文章
2023-11-14 00:34:55,270 - default - INFO - Parse: https://aphyr.com/posts.atom
2023-11-14 00:34:56,598 - default - INFO - End: https://aphyr.com/posts.atom 已解析 0 篇文章
2023-11-14 00:34:56,599 - default - INFO - Parse: http://blog.pamelafox.org/feeds/posts/default
2023-11-14 00:34:57,000 - default - INFO - End: http://blog.pamelafox.org/feeds/posts/default 已解析 0 篇文章
2023-11-14 00:34:57,000 - default - INFO - Parse: https://oleb.net/blog/atom.xml
2023-11-14 00:34:57,290 - default - INFO - End: https://oleb.net/blog/atom.xml 已解析 0 篇文章
2023-11-14 00:34:57,290 - default - INFO - Parse: https://blogs.msdn.microsoft.com/oldnewthing/feed
2023-11-14 00:34:57,622 - default - INFO - 文章较短，不需要总结
2023-11-14 00:34:57,622 - default - INFO - End: https://blogs.msdn.microsoft.com/oldnewthing/feed 已解析 1 篇文章
2023-11-14 00:34:57,622 - default - INFO - Parse: https://realpython.com/atom.xml
2023-11-14 00:34:58,131 - default - WARNING - Summarize failed. The server is overloaded or not ready yet.
2023-11-14 00:34:58,132 - default - INFO - End: https://realpython.com/atom.xml 已解析 1 篇文章
2023-11-14 00:34:58,132 - default - INFO - Parse: http://blog.cleancoder.com/atom.xml
2023-11-14 00:34:58,290 - default - INFO - End: http://blog.cleancoder.com/atom.xml 已解析 0 篇文章
2023-11-14 00:34:58,290 - default - INFO - Parse: https://akrabat.com/feed/
2023-11-14 00:34:59,188 - default - INFO - End: https://akrabat.com/feed/ 已解析 0 篇文章
2023-11-14 00:34:59,188 - default - INFO - Parse: https://www.thepolyglotdeveloper.com/blog/index.xml
2023-11-14 00:35:00,259 - default - INFO - End: https://www.thepolyglotdeveloper.com/blog/index.xml 已解析 0 篇文章
2023-11-14 00:35:00,259 - default - INFO - Parse: https://eviltrout.com/feed.xml
2023-11-14 00:35:00,480 - default - INFO - End: https://eviltrout.com/feed.xml 已解析 0 篇文章
2023-11-14 00:35:00,480 - default - INFO - Parse: https://joshtronic.com/atom.xml
2023-11-14 00:35:00,861 - default - INFO - 解析 https://joshtronic.com/atom.xml 失败 <unknown>:2:0: syntax error
2023-11-14 00:35:00,861 - default - INFO - End: https://joshtronic.com/atom.xml 已解析 0 篇文章
2023-11-14 00:35:00,862 - default - INFO - Parse: http://feeds.hanselman.com/ScottHanselman
2023-11-14 00:35:01,423 - default - INFO - End: http://feeds.hanselman.com/ScottHanselman 已解析 0 篇文章
2023-11-14 00:35:01,423 - default - INFO - Parse: https://blog.nelhage.com/atom.xml
2023-11-14 00:35:02,035 - default - INFO - End: https://blog.nelhage.com/atom.xml 已解析 0 篇文章
2023-11-14 00:35:02,035 - default - INFO - Parse: http://blog.rtwilson.com/feed/
2023-11-14 00:35:03,093 - default - INFO - End: http://blog.rtwilson.com/feed/ 已解析 0 篇文章
2023-11-14 00:35:03,093 - default - INFO - Parse: http://www.catonmat.net/feed/
2023-11-14 00:35:04,063 - default - INFO - End: http://www.catonmat.net/feed/ 已解析 0 篇文章
2023-11-14 00:35:04,063 - default - INFO - Parse: https://neverfriday.com/feed/
2023-11-14 00:35:04,854 - default - INFO - End: https://neverfriday.com/feed/ 已解析 0 篇文章
2023-11-14 00:35:04,854 - default - INFO - Parse: http://thedailywtf.com/rss
2023-11-14 00:35:05,844 - default - WARNING - Summarize failed. The server is overloaded or not ready yet.
2023-11-14 00:35:05,844 - default - INFO - End: http://thedailywtf.com/rss 已解析 1 篇文章
2023-11-14 00:35:05,844 - default - INFO - Parse: https://vladmihalcea.com/feed/
2023-11-14 00:35:05,938 - default - INFO - End: https://vladmihalcea.com/feed/ 已解析 0 篇文章
2023-11-14 00:35:05,938 - default - INFO - Parse: https://www.yegor256.com/rss.xml
2023-11-14 00:35:06,148 - default - INFO - End: https://www.yegor256.com/rss.xml 已解析 0 篇文章
2023-11-14 00:35:06,148 - default - INFO - Parse: https://muffinman.io/atom.xml
2023-11-14 00:35:08,228 - default - INFO - End: https://muffinman.io/atom.xml 已解析 0 篇文章
2023-11-14 00:35:08,228 - default - INFO - Parse: https://www.ardanlabs.com/blog/index.xml
2023-11-14 00:35:08,516 - default - INFO - End: https://www.ardanlabs.com/blog/index.xml 已解析 0 篇文章
2023-11-14 00:35:08,516 - default - INFO - Parse: https://blog.getbootstrap.com/feed.xml
2023-11-14 00:35:08,718 - default - INFO - End: https://blog.getbootstrap.com/feed.xml 已解析 0 篇文章
2023-11-14 00:35:08,718 - default - INFO - Parse: https://zachholman.com/atom.xml
2023-11-14 00:35:09,148 - default - INFO - End: https://zachholman.com/atom.xml 已解析 0 篇文章
2023-11-14 00:35:09,148 - default - INFO - Parse: https://ipfs.io/blog/index.xml
2023-11-14 00:35:09,229 - default - INFO - End: https://ipfs.io/blog/index.xml 已解析 0 篇文章
2023-11-14 00:35:09,229 - default - INFO - Parse: https://blog.golang.org/feed.atom
2023-11-14 00:35:09,876 - default - INFO - End: https://blog.golang.org/feed.atom 已解析 0 篇文章
2023-11-14 00:35:09,876 - default - INFO - Parse: https://blog.jooq.org/feed/
2023-11-14 00:35:10,330 - default - INFO - End: https://blog.jooq.org/feed/ 已解析 0 篇文章
2023-11-14 00:35:10,330 - default - INFO - Parse: https://blogs.msdn.microsoft.com/dotnet/feed/
2023-11-14 00:35:10,652 - default - INFO - End: https://blogs.msdn.microsoft.com/dotnet/feed/ 已解析 0 篇文章
2023-11-14 00:35:10,652 - default - INFO - Parse: http://raganwald.com/atom.xml
2023-11-14 00:35:19,003 - default - INFO - End: http://raganwald.com/atom.xml 已解析 0 篇文章
2023-11-14 00:35:19,003 - default - INFO - Parse: https://blogs.windows.com/msedgedev/rss
2023-11-14 00:35:19,343 - default - WARNING - Summarize failed. The server is overloaded or not ready yet.
2023-11-14 00:35:19,343 - default - INFO - End: https://blogs.windows.com/msedgedev/rss 已解析 1 篇文章
2023-11-14 00:35:19,343 - default - INFO - Parse: https://blog.jetbrains.com/kotlin/feed/
2023-11-14 00:35:19,527 - default - INFO - End: https://blog.jetbrains.com/kotlin/feed/ 已解析 0 篇文章
2023-11-14 00:35:19,527 - default - INFO - Parse: https://tania.dev/rss.xml
2023-11-14 00:35:21,209 - default - INFO - End: https://tania.dev/rss.xml 已解析 0 篇文章
2023-11-14 00:35:21,209 - default - INFO - Parse: https://swizec.com/blog/feed
2023-11-14 00:35:21,283 - default - INFO - 解析 https://swizec.com/blog/feed 失败 <unknown>:2:0: syntax error
2023-11-14 00:35:21,283 - default - INFO - End: https://swizec.com/blog/feed 已解析 0 篇文章
2023-11-14 00:35:21,708 - default - INFO - Aggregate 已新增 26 篇
2023-11-14 00:35:21,708 - default - INFO - Aggregate AI总结花费 {}
