2023-10-21 00:31:04,878 - default - INFO - Parse: https://goteleport.com/blog/rss.xml
2023-10-21 00:31:05,251 - default - INFO - End: https://goteleport.com/blog/rss.xml 已解析 0 篇文章
2023-10-21 00:31:05,251 - default - INFO - Parse: https://engineering.mercari.com/en/blog/feed.xml
2023-10-21 00:31:08,277 - default - INFO - End: https://engineering.mercari.com/en/blog/feed.xml 已解析 0 篇文章
2023-10-21 00:31:08,277 - default - INFO - Parse: https://blog.replit.com/feed.xml
2023-10-21 00:31:08,960 - default - INFO - 文章较短，不需要总结
2023-10-21 00:31:08,961 - default - INFO - End: https://blog.replit.com/feed.xml 已解析 1 篇文章
2023-10-21 00:31:08,962 - default - INFO - Parse: https://abhinavsarkar.net/tags/programming/feed.atom
2023-10-21 00:31:10,468 - default - INFO - End: https://abhinavsarkar.net/tags/programming/feed.atom 已解析 0 篇文章
2023-10-21 00:31:10,468 - default - INFO - Parse: https://httptoolkit.tech/rss.xml
2023-10-21 00:31:14,809 - default - INFO - End: https://httptoolkit.tech/rss.xml 已解析 0 篇文章
2023-10-21 00:31:14,809 - default - INFO - Parse: https://engineering.freeagent.com/feed/
2023-10-21 00:31:15,550 - default - INFO - End: https://engineering.freeagent.com/feed/ 已解析 0 篇文章
2023-10-21 00:31:15,550 - default - INFO - Parse: https://severalnines.com/rss.xml
2023-10-21 00:31:16,675 - default - INFO - End: https://severalnines.com/rss.xml 已解析 0 篇文章
2023-10-21 00:31:16,675 - default - INFO - Parse: https://learnk8s.io/rss.xml
2023-10-21 00:31:16,772 - default - INFO - End: https://learnk8s.io/rss.xml 已解析 0 篇文章
2023-10-21 00:31:16,772 - default - INFO - Parse: https://v8.dev/blog.atom
2023-10-21 00:31:17,131 - default - INFO - End: https://v8.dev/blog.atom 已解析 0 篇文章
2023-10-21 00:31:17,131 - default - INFO - Parse: https://technology.customink.com/feed.xml
2023-10-21 00:31:19,062 - default - INFO - 解析 https://technology.customink.com/feed.xml 失败 <unknown>:2727:89: not well-formed (invalid token)
2023-10-21 00:31:19,062 - default - INFO - End: https://technology.customink.com/feed.xml 已解析 0 篇文章
2023-10-21 00:31:19,062 - default - INFO - Parse: http://blog.avenuecode.com/rss.xml
2023-10-21 00:31:19,480 - default - INFO - End: http://blog.avenuecode.com/rss.xml 已解析 0 篇文章
2023-10-21 00:31:19,480 - default - INFO - Parse: https://8thlight.com/blog/feed/atom.xml
2023-10-21 00:31:20,165 - default - INFO - 解析 https://8thlight.com/blog/feed/atom.xml 失败 <unknown>:3:0: XML or text declaration not at start of entity
2023-10-21 00:31:20,166 - default - INFO - End: https://8thlight.com/blog/feed/atom.xml 已解析 0 篇文章
2023-10-21 00:31:20,166 - default - INFO - Parse: http://blog.arkency.com/atom.xml
2023-10-21 00:31:20,580 - default - INFO - End: http://blog.arkency.com/atom.xml 已解析 0 篇文章
2023-10-21 00:31:20,580 - default - INFO - Parse: http://artsy.github.io/feed
2023-10-21 00:31:20,778 - default - INFO - End: http://artsy.github.io/feed 已解析 0 篇文章
2023-10-21 00:31:20,779 - default - INFO - Parse: https://www.bigeng.io/rss/
2023-10-21 00:31:20,997 - default - INFO - End: https://www.bigeng.io/rss/ 已解析 0 篇文章
2023-10-21 00:31:20,997 - default - INFO - Parse: https://advancedweb.hu/atom.xml
2023-10-21 00:31:22,006 - default - INFO - End: https://advancedweb.hu/atom.xml 已解析 0 篇文章
2023-10-21 00:31:22,006 - default - INFO - Parse: https://auth0.com/blog/rss.xml
2023-10-21 00:31:22,133 - default - INFO - 解析 https://auth0.com/blog/rss.xml 失败 document declared as us-ascii, but parsed as utf-8
2023-10-21 00:31:22,134 - default - INFO - End: https://auth0.com/blog/rss.xml 已解析 0 篇文章
2023-10-21 00:31:22,134 - default - INFO - Parse: https://capgemini.github.io/feed.xml
2023-10-21 00:31:22,610 - default - INFO - End: https://capgemini.github.io/feed.xml 已解析 0 篇文章
2023-10-21 00:31:22,610 - default - INFO - Parse: https://aws.amazon.com/blogs/aws/feed/
2023-10-21 00:31:24,659 - default - WARNING - Summarize failed. 无效的令牌
2023-10-21 00:31:24,660 - default - INFO - End: https://aws.amazon.com/blogs/aws/feed/ 已解析 1 篇文章
2023-10-21 00:31:24,660 - default - INFO - Parse: https://code.blender.org/rss
2023-10-21 00:31:25,718 - default - INFO - End: https://code.blender.org/rss 已解析 0 篇文章
2023-10-21 00:31:25,718 - default - INFO - Parse: http://www.codenameone.com/feed.xml
2023-10-21 00:31:30,256 - default - INFO - End: http://www.codenameone.com/feed.xml 已解析 0 篇文章
2023-10-21 00:31:30,257 - default - INFO - Parse: https://spin.atomicobject.com/feed/
2023-10-21 00:31:30,690 - default - WARNING - Summarize failed. 无效的令牌
2023-10-21 00:31:30,690 - default - INFO - End: https://spin.atomicobject.com/feed/ 已解析 1 篇文章
2023-10-21 00:31:30,690 - default - INFO - Parse: https://blog.developer.bazaarvoice.com/feed/
2023-10-21 00:31:31,263 - default - INFO - End: https://blog.developer.bazaarvoice.com/feed/ 已解析 0 篇文章
2023-10-21 00:31:31,263 - default - INFO - Parse: https://blog.cloudflare.com/rss/
2023-10-21 00:31:32,273 - default - WARNING - Summarize failed. 无效的令牌
2023-10-21 00:31:32,512 - default - WARNING - Summarize failed. 无效的令牌
2023-10-21 00:31:32,513 - default - INFO - End: https://blog.cloudflare.com/rss/ 已解析 2 篇文章
2023-10-21 00:31:32,513 - default - INFO - Parse: https://developer.atlassian.com/blog/feed.xml
2023-10-21 00:31:33,199 - default - INFO - End: https://developer.atlassian.com/blog/feed.xml 已解析 0 篇文章
2023-10-21 00:31:33,200 - default - INFO - Parse: https://blog.cloudera.com/feed/
2023-10-21 00:31:34,542 - default - WARNING - Summarize failed. 无效的令牌
2023-10-21 00:31:34,776 - default - WARNING - Summarize failed. 无效的令牌
2023-10-21 00:31:34,777 - default - INFO - End: https://blog.cloudera.com/feed/ 已解析 2 篇文章
2023-10-21 00:31:34,777 - default - INFO - Parse: https://www.confluent.io/feed/
2023-10-21 00:31:34,876 - default - INFO - 文章较短，不需要总结
2023-10-21 00:31:34,877 - default - INFO - End: https://www.confluent.io/feed/ 已解析 1 篇文章
2023-10-21 00:31:34,877 - default - INFO - Parse: https://tech.buzzfeed.com/feed
2023-10-21 00:31:35,363 - default - INFO - End: https://tech.buzzfeed.com/feed 已解析 0 篇文章
2023-10-21 00:31:35,363 - default - INFO - Parse: https://engineering.brandwatch.com/rss/
2023-10-21 00:31:35,874 - default - INFO - End: https://engineering.brandwatch.com/rss/ 已解析 0 篇文章
2023-10-21 00:31:35,874 - default - INFO - Parse: https://benchling.engineering/feed
2023-10-21 00:31:36,358 - default - INFO - End: https://benchling.engineering/feed 已解析 0 篇文章
2023-10-21 00:31:36,358 - default - INFO - Parse: https://www.elastic.co/blog/feed
2023-10-21 00:31:36,691 - default - INFO - End: https://www.elastic.co/blog/feed 已解析 0 篇文章
2023-10-21 00:31:36,691 - default - INFO - Parse: http://deliveroo.engineering/feed.xml
2023-10-21 00:31:37,556 - default - INFO - End: http://deliveroo.engineering/feed.xml 已解析 0 篇文章
2023-10-21 00:31:37,556 - default - INFO - Parse: https://techblog.commercetools.com/feed
2023-10-21 00:31:37,742 - default - INFO - End: https://techblog.commercetools.com/feed 已解析 0 篇文章
2023-10-21 00:31:37,742 - default - INFO - Parse: https://databricks.com/feed
2023-10-21 00:31:37,911 - default - INFO - 文章较短，不需要总结
2023-10-21 00:31:37,912 - default - INFO - 文章较短，不需要总结
2023-10-21 00:31:37,913 - default - INFO - End: https://databricks.com/feed 已解析 2 篇文章
2023-10-21 00:31:37,913 - default - INFO - Parse: https://deezer.io/feed
2023-10-21 00:31:38,248 - default - INFO - End: https://deezer.io/feed 已解析 0 篇文章
2023-10-21 00:31:38,248 - default - INFO - Parse: https://engineering.fb.com/feed/
2023-10-21 00:31:38,483 - default - INFO - End: https://engineering.fb.com/feed/ 已解析 0 篇文章
2023-10-21 00:31:38,483 - default - INFO - Parse: https://codeascraft.com/feed/
2023-10-21 00:31:39,007 - default - INFO - End: https://codeascraft.com/feed/ 已解析 0 篇文章
2023-10-21 00:31:39,007 - default - INFO - Parse: https://medium.com/feed/feedzaitech
2023-10-21 00:31:39,253 - default - INFO - End: https://medium.com/feed/feedzaitech 已解析 0 篇文章
2023-10-21 00:31:39,253 - default - INFO - Parse: https://tech.findmypast.com/feed.xml
2023-10-21 00:31:39,437 - default - INFO - End: https://tech.findmypast.com/feed.xml 已解析 0 篇文章
2023-10-21 00:31:39,437 - default - INFO - Parse: https://code.fb.com/feed/
2023-10-21 00:31:39,685 - default - INFO - End: https://code.fb.com/feed/ 已解析 0 篇文章
2023-10-21 00:31:39,685 - default - INFO - Parse: https://www.eventbrite.com/engineering/feed/
2023-10-21 00:31:39,805 - default - INFO - End: https://www.eventbrite.com/engineering/feed/ 已解析 0 篇文章
2023-10-21 00:31:39,805 - default - INFO - Parse: https://evernote.com/blog/feed/
2023-10-21 00:31:39,914 - default - INFO - 解析 https://evernote.com/blog/feed/ 失败 <unknown>:2:0: not well-formed (invalid token)
2023-10-21 00:31:39,914 - default - INFO - End: https://evernote.com/blog/feed/ 已解析 0 篇文章
2023-10-21 00:31:39,914 - default - INFO - Parse: https://drivy.engineering/feed.xml
2023-10-21 00:31:41,743 - default - INFO - End: https://drivy.engineering/feed.xml 已解析 0 篇文章
2023-10-21 00:31:41,743 - default - INFO - Parse: https://evilmartians.com/chronicles.atom
2023-10-21 00:31:41,903 - default - INFO - End: https://evilmartians.com/chronicles.atom 已解析 0 篇文章
2023-10-21 00:31:41,903 - default - INFO - Parse: https://www.ebayinc.com/stories/blogs/tech/rss/
2023-10-21 00:31:43,023 - default - INFO - End: https://www.ebayinc.com/stories/blogs/tech/rss/ 已解析 0 篇文章
2023-10-21 00:31:43,023 - default - INFO - Parse: http://feeds.feedburner.com/GoogleOnlineSecurityBlog
2023-10-21 00:31:43,615 - default - INFO - End: http://feeds.feedburner.com/GoogleOnlineSecurityBlog 已解析 0 篇文章
2023-10-21 00:31:43,615 - default - INFO - Parse: https://galois.com/feed/
2023-10-21 00:31:44,130 - default - INFO - End: https://galois.com/feed/ 已解析 0 篇文章
2023-10-21 00:31:44,130 - default - INFO - Parse: https://githubengineering.com/atom.xml
2023-10-21 00:31:44,517 - default - INFO - End: https://githubengineering.com/atom.xml 已解析 0 篇文章
2023-10-21 00:31:44,517 - default - INFO - Parse: https://blog.digitalocean.com/rss/
2023-10-21 00:31:45,471 - default - INFO - 解析 https://blog.digitalocean.com/rss/ 失败 application/octet-stream is not an XML media type
2023-10-21 00:31:45,471 - default - INFO - End: https://blog.digitalocean.com/rss/ 已解析 0 篇文章
2023-10-21 00:31:45,472 - default - INFO - Parse: https://www.hashicorp.com/blog/feed.xml
2023-10-21 00:31:45,886 - default - WARNING - Summarize failed. 无效的令牌
2023-10-21 00:31:45,887 - default - INFO - End: https://www.hashicorp.com/blog/feed.xml 已解析 1 篇文章
2023-10-21 00:31:45,887 - default - INFO - Parse: https://collectiveidea.com/blog/feed/
2023-10-21 00:31:46,335 - default - INFO - End: https://collectiveidea.com/blog/feed/ 已解析 0 篇文章
2023-10-21 00:31:46,335 - default - INFO - Parse: http://feeds.feedburner.com/blogspot/gJZg
2023-10-21 00:31:46,887 - default - INFO - End: http://feeds.feedburner.com/blogspot/gJZg 已解析 0 篇文章
2023-10-21 00:31:46,887 - default - INFO - Parse: http://engineering.grab.com/feed.xml
2023-10-21 00:31:47,114 - default - INFO - End: http://engineering.grab.com/feed.xml 已解析 0 篇文章
2023-10-21 00:31:47,114 - default - INFO - Parse: https://engineering.gusto.com/rss/
2023-10-21 00:31:47,471 - default - INFO - End: https://engineering.gusto.com/rss/ 已解析 0 篇文章
2023-10-21 00:31:47,471 - default - INFO - Parse: https://www.hostinger.com/blog/feed/
2023-10-21 00:31:47,871 - default - INFO - End: https://www.hostinger.com/blog/feed/ 已解析 0 篇文章
2023-10-21 00:31:47,871 - default - INFO - Parse: https://engineering.doximity.com/feed
2023-10-21 00:31:48,970 - default - INFO - End: https://engineering.doximity.com/feed 已解析 0 篇文章
2023-10-21 00:31:48,970 - default - INFO - Parse: https://www.cockroachlabs.com/blog/index.xml
2023-10-21 00:31:49,475 - default - INFO - End: https://www.cockroachlabs.com/blog/index.xml 已解析 0 篇文章
2023-10-21 00:31:49,475 - default - INFO - Parse: https://product.hubspot.com/blog/rss.xml
2023-10-21 00:31:49,668 - default - INFO - End: https://product.hubspot.com/blog/rss.xml 已解析 0 篇文章
2023-10-21 00:31:49,668 - default - INFO - Parse: https://lambda.grofers.com/feed
2023-10-21 00:31:49,930 - default - INFO - End: https://lambda.grofers.com/feed 已解析 0 篇文章
2023-10-21 00:31:49,931 - default - INFO - Parse: https://dropbox.tech/feed
2023-10-21 00:31:51,011 - default - INFO - End: https://dropbox.tech/feed 已解析 0 篇文章
2023-10-21 00:31:51,012 - default - INFO - Parse: https://engineering.hashnode.com/rss.xml
2023-10-21 00:31:51,638 - default - INFO - 解析 https://engineering.hashnode.com/rss.xml 失败 document declared as us-ascii, but parsed as utf-8
2023-10-21 00:31:51,638 - default - INFO - End: https://engineering.hashnode.com/rss.xml 已解析 0 篇文章
2023-10-21 00:31:51,638 - default - INFO - Parse: https://kinvolk.io/blog/index.xml
2023-10-21 00:31:51,774 - default - INFO - 解析 https://kinvolk.io/blog/index.xml 失败 document declared as us-ascii, but parsed as utf-8
2023-10-21 00:31:51,775 - default - INFO - End: https://kinvolk.io/blog/index.xml 已解析 0 篇文章
2023-10-21 00:31:51,775 - default - INFO - Parse: https://tech.instacart.com/feed
2023-10-21 00:31:51,985 - default - INFO - End: https://tech.instacart.com/feed 已解析 0 篇文章
2023-10-21 00:31:51,985 - default - INFO - Parse: https://kolosek.com/rss/
2023-10-21 00:31:52,108 - default - INFO - 解析 https://kolosek.com/rss/ 失败 <unknown>:19:18: not well-formed (invalid token)
2023-10-21 00:31:52,108 - default - INFO - End: https://kolosek.com/rss/ 已解析 0 篇文章
2023-10-21 00:31:52,108 - default - INFO - Parse: https://blog.heroku.com/engineering/feed
2023-10-21 00:31:52,418 - default - INFO - End: https://blog.heroku.com/engineering/feed 已解析 0 篇文章
2023-10-21 00:31:52,418 - default - INFO - Parse: https://hashrocket.com/blog.rss
2023-10-21 00:31:52,739 - default - INFO - End: https://hashrocket.com/blog.rss 已解析 0 篇文章
2023-10-21 00:31:52,739 - default - INFO - Parse: https://jobandtalent.engineering/feed
2023-10-21 00:31:52,961 - default - INFO - End: https://jobandtalent.engineering/feed 已解析 0 篇文章
2023-10-21 00:31:52,961 - default - INFO - Parse: https://blog.imgur.com/feed/
2023-10-21 00:31:53,350 - default - INFO - End: https://blog.imgur.com/feed/ 已解析 0 篇文章
2023-10-21 00:31:53,351 - default - INFO - Parse: https://nordicapis.com/feed/
2023-10-21 00:31:53,872 - default - INFO - End: https://nordicapis.com/feed/ 已解析 0 篇文章
2023-10-21 00:31:53,872 - default - INFO - Parse: https://blog.novoda.com/rss/
2023-10-21 00:31:54,627 - default - INFO - End: https://blog.novoda.com/rss/ 已解析 0 篇文章
2023-10-21 00:31:54,627 - default - INFO - Parse: https://developer.okta.com/feed.xml
2023-10-21 00:31:55,367 - default - INFO - End: https://developer.okta.com/feed.xml 已解析 0 篇文章
2023-10-21 00:31:55,367 - default - INFO - Parse: https://eng.lyft.com/feed
2023-10-21 00:31:55,589 - default - INFO - End: https://eng.lyft.com/feed 已解析 0 篇文章
2023-10-21 00:31:55,589 - default - INFO - Parse: http://blog.memsql.com/feed/
2023-10-21 00:31:55,770 - default - INFO - 解析 http://blog.memsql.com/feed/ 失败 document declared as us-ascii, but parsed as utf-8
2023-10-21 00:31:55,771 - default - INFO - 文章较短，不需要总结
2023-10-21 00:31:55,771 - default - INFO - End: http://blog.memsql.com/feed/ 已解析 1 篇文章
2023-10-21 00:31:55,771 - default - INFO - Parse: https://engineering.mixpanel.com/feed/
2023-10-21 00:31:56,351 - default - WARNING - Summarize failed. 无效的令牌
2023-10-21 00:31:56,352 - default - INFO - End: https://engineering.mixpanel.com/feed/ 已解析 1 篇文章
2023-10-21 00:31:56,352 - default - INFO - Parse: https://medium.engineering/feed
2023-10-21 00:31:56,701 - default - INFO - End: https://medium.engineering/feed 已解析 0 篇文章
2023-10-21 00:31:56,701 - default - INFO - Parse: http://blog.apps.npr.org/atom.xml
2023-10-21 00:31:57,932 - default - INFO - 解析 http://blog.apps.npr.org/atom.xml 失败 <unknown>:1172:54: undefined entity
2023-10-21 00:31:57,933 - default - INFO - End: http://blog.apps.npr.org/atom.xml 已解析 0 篇文章
2023-10-21 00:31:57,933 - default - INFO - Parse: https://engblog.nextdoor.com/feed
2023-10-21 00:31:58,132 - default - INFO - End: https://engblog.nextdoor.com/feed 已解析 0 篇文章
2023-10-21 00:31:58,133 - default - INFO - Parse: https://hacks.mozilla.org/feed/
2023-10-21 00:31:58,904 - default - INFO - End: https://hacks.mozilla.org/feed/ 已解析 0 篇文章
2023-10-21 00:31:58,904 - default - INFO - Parse: https://developers.redhat.com/blog/feed/atom/
2023-10-21 00:31:59,383 - default - INFO - End: https://developers.redhat.com/blog/feed/atom/ 已解析 0 篇文章
2023-10-21 00:31:59,384 - default - INFO - Parse: https://tech.olx.com/feed
2023-10-21 00:31:59,709 - default - INFO - End: https://tech.olx.com/feed 已解析 0 篇文章
2023-10-21 00:31:59,709 - default - INFO - Parse: https://postmarkapp.com/blog/feed.atom
2023-10-21 00:32:00,604 - default - INFO - End: https://postmarkapp.com/blog/feed.atom 已解析 0 篇文章
2023-10-21 00:32:00,604 - default - INFO - Parse: http://engineering.remind.com/feed.xml
2023-10-21 00:32:00,890 - default - INFO - End: http://engineering.remind.com/feed.xml 已解析 0 篇文章
2023-10-21 00:32:00,890 - default - INFO - Parse: https://tech.showmax.com/feed.xml
2023-10-21 00:32:02,310 - default - INFO - End: https://tech.showmax.com/feed.xml 已解析 0 篇文章
2023-10-21 00:32:02,310 - default - INFO - Parse: https://multithreaded.stitchfix.com/feed.xml
2023-10-21 00:32:02,582 - default - INFO - End: https://multithreaded.stitchfix.com/feed.xml 已解析 0 篇文章
2023-10-21 00:32:02,582 - default - INFO - Parse: https://labs.spotify.com/feed/
2023-10-21 00:32:04,916 - default - INFO - 文章较短，不需要总结
2023-10-21 00:32:04,917 - default - INFO - End: https://labs.spotify.com/feed/ 已解析 1 篇文章
2023-10-21 00:32:04,917 - default - INFO - Parse: https://www.stridenyc.com/blog/rss.xml
2023-10-21 00:32:05,127 - default - INFO - End: https://www.stridenyc.com/blog/rss.xml 已解析 0 篇文章
2023-10-21 00:32:05,127 - default - INFO - Parse: https://technology.skybettingandgaming.com/feed.xml
2023-10-21 00:32:05,415 - default - INFO - End: https://technology.skybettingandgaming.com/feed.xml 已解析 0 篇文章
2023-10-21 00:32:05,415 - default - INFO - Parse: https://umbrella.cisco.com/blog/feed/
2023-10-21 00:32:05,628 - default - INFO - End: https://umbrella.cisco.com/blog/feed/ 已解析 0 篇文章
2023-10-21 00:32:05,628 - default - INFO - Parse: https://www.surveymonkey.com/feed/
2023-10-21 00:32:05,876 - default - INFO - End: https://www.surveymonkey.com/feed/ 已解析 0 篇文章
2023-10-21 00:32:05,876 - default - INFO - Parse: https://engineering.prezi.com/feed
2023-10-21 00:32:06,068 - default - INFO - End: https://engineering.prezi.com/feed 已解析 0 篇文章
2023-10-21 00:32:06,068 - default - INFO - Parse: https://semaphoreci.com/community/tutorials.atom
2023-10-21 00:32:06,571 - default - INFO - End: https://semaphoreci.com/community/tutorials.atom 已解析 0 篇文章
2023-10-21 00:32:06,571 - default - INFO - Parse: https://developer.salesforce.com/blogs/feed
2023-10-21 00:32:06,806 - default - INFO - End: https://developer.salesforce.com/blogs/feed 已解析 0 篇文章
2023-10-21 00:32:06,806 - default - INFO - Parse: https://mesosphere.com/feed/
2023-10-21 00:32:07,741 - default - INFO - End: https://mesosphere.com/feed/ 已解析 0 篇文章
2023-10-21 00:32:07,741 - default - INFO - Parse: https://feeds.feedburner.com/GiantRobotsSmashingIntoOtherGiantRobots
2023-10-21 00:32:08,083 - default - WARNING - Summarize failed. 无效的令牌
2023-10-21 00:32:08,084 - default - INFO - End: https://feeds.feedburner.com/GiantRobotsSmashingIntoOtherGiantRobots 已解析 1 篇文章
2023-10-21 00:32:08,084 - default - INFO - Parse: https://www.toptal.com/blog.rss
2023-10-21 00:32:08,628 - default - INFO - 文章较短，不需要总结
2023-10-21 00:32:08,628 - default - INFO - End: https://www.toptal.com/blog.rss 已解析 1 篇文章
2023-10-21 00:32:08,628 - default - INFO - Parse: https://slack.engineering/feed
2023-10-21 00:32:08,887 - default - INFO - End: https://slack.engineering/feed 已解析 0 篇文章
2023-10-21 00:32:08,887 - default - INFO - Parse: http://semaphoreci.com/blog/engineering.xml
2023-10-21 00:32:09,460 - default - INFO - End: http://semaphoreci.com/blog/engineering.xml 已解析 0 篇文章
2023-10-21 00:32:09,460 - default - INFO - Parse: https://blog.siftscience.com/feed/
2023-10-21 00:32:10,080 - default - INFO - End: https://blog.siftscience.com/feed/ 已解析 0 篇文章
2023-10-21 00:32:10,080 - default - INFO - Parse: https://stackoverflow.blog/feed/
2023-10-21 00:32:10,538 - default - INFO - 文章较短，不需要总结
2023-10-21 00:32:10,539 - default - INFO - End: https://stackoverflow.blog/feed/ 已解析 1 篇文章
2023-10-21 00:32:10,539 - default - INFO - Parse: http://techblog.thescore.com/feed.xml
2023-10-21 00:32:11,944 - default - INFO - 解析 http://techblog.thescore.com/feed.xml 失败 <unknown>:1500:26: not well-formed (invalid token)
2023-10-21 00:32:11,944 - default - INFO - End: http://techblog.thescore.com/feed.xml 已解析 0 篇文章
2023-10-21 00:32:11,944 - default - INFO - Parse: https://tech.trivago.com/index.xml
2023-10-21 00:32:12,177 - default - INFO - End: https://tech.trivago.com/index.xml 已解析 0 篇文章
2023-10-21 00:32:12,177 - default - INFO - Parse: https://www.thoughtworks.com/rss/insights.xml
2023-10-21 00:32:15,263 - default - INFO - End: https://www.thoughtworks.com/rss/insights.xml 已解析 0 篇文章
2023-10-21 00:32:15,263 - default - INFO - Parse: https://bytes.swiggy.com/feed
2023-10-21 00:32:15,454 - default - INFO - End: https://bytes.swiggy.com/feed 已解析 0 篇文章
2023-10-21 00:32:15,454 - default - INFO - Parse: http://engineering.vinted.com//atom.xml
2023-10-21 00:32:15,670 - default - INFO - End: http://engineering.vinted.com//atom.xml 已解析 0 篇文章
2023-10-21 00:32:15,671 - default - INFO - Parse: https://developers.soundcloud.com/blog.rss
2023-10-21 00:32:18,207 - default - INFO - End: https://developers.soundcloud.com/blog.rss 已解析 0 篇文章
2023-10-21 00:32:18,207 - default - INFO - Parse: https://blog.timescale.com/feed
2023-10-21 00:32:19,117 - default - WARNING - Summarize failed. 无效的令牌
2023-10-21 00:32:19,117 - default - INFO - End: https://blog.timescale.com/feed 已解析 1 篇文章
2023-10-21 00:32:19,117 - default - INFO - Parse: https://engineering.tumblr.com/rss
2023-10-21 00:32:19,220 - default - INFO - End: https://engineering.tumblr.com/rss 已解析 0 篇文章
2023-10-21 00:32:19,220 - default - INFO - Parse: http://eng.wealthfront.com/feed/
2023-10-21 00:32:19,768 - default - INFO - End: http://eng.wealthfront.com/feed/ 已解析 0 篇文章
2023-10-21 00:32:19,768 - default - INFO - Parse: https://www.sitepoint.com/feed/
2023-10-21 00:32:20,102 - default - INFO - End: https://www.sitepoint.com/feed/ 已解析 0 篇文章
2023-10-21 00:32:20,102 - default - INFO - Parse: https://stripe.com/blog/feed.rss
2023-10-21 00:32:20,953 - default - INFO - End: https://stripe.com/blog/feed.rss 已解析 0 篇文章
2023-10-21 00:32:20,953 - default - INFO - Parse: http://engineering.wingify.com/atom.xml
2023-10-21 00:32:22,575 - default - INFO - End: http://engineering.wingify.com/atom.xml 已解析 0 篇文章
2023-10-21 00:32:22,575 - default - INFO - Parse: https://infrequently.org/feed/
2023-10-21 00:32:23,026 - default - INFO - End: https://infrequently.org/feed/ 已解析 0 篇文章
2023-10-21 00:32:23,026 - default - INFO - Parse: https://www.amitmerchant.com/feed.xml
2023-10-21 00:32:23,235 - default - INFO - 文章较短，不需要总结
2023-10-21 00:32:23,235 - default - INFO - End: https://www.amitmerchant.com/feed.xml 已解析 1 篇文章
2023-10-21 00:32:23,235 - default - INFO - Parse: https://buildingvts.com/feed
2023-10-21 00:32:23,414 - default - INFO - End: https://buildingvts.com/feed 已解析 0 篇文章
2023-10-21 00:32:23,414 - default - INFO - Parse: http://addyosmani.com/rss.xml
2023-10-21 00:32:23,534 - default - INFO - End: http://addyosmani.com/rss.xml 已解析 0 篇文章
2023-10-21 00:32:23,534 - default - INFO - Parse: https://engineeringblog.yelp.com/feed.xml
2023-10-21 00:32:23,600 - default - INFO - 解析 https://engineeringblog.yelp.com/feed.xml 失败 document declared as us-ascii, but parsed as utf-8
2023-10-21 00:32:23,600 - default - INFO - End: https://engineeringblog.yelp.com/feed.xml 已解析 0 篇文章
2023-10-21 00:32:23,600 - default - INFO - Parse: https://alanstorm.com/feed/feed.xml
2023-10-21 00:32:23,895 - default - INFO - 解析 https://alanstorm.com/feed/feed.xml 失败 <unknown>:124:0: junk after document element
2023-10-21 00:32:23,896 - default - INFO - End: https://alanstorm.com/feed/feed.xml 已解析 0 篇文章
2023-10-21 00:32:23,896 - default - INFO - Parse: https://ariya.io/index.xml
2023-10-21 00:32:24,041 - default - INFO - End: https://ariya.io/index.xml 已解析 0 篇文章
2023-10-21 00:32:24,041 - default - INFO - Parse: https://tech.xing.com/feed
2023-10-21 00:32:25,102 - default - INFO - End: https://tech.xing.com/feed 已解析 0 篇文章
2023-10-21 00:32:25,103 - default - INFO - Parse: http://tenderlovemaking.com/atom.xml
2023-10-21 00:32:25,715 - default - INFO - End: http://tenderlovemaking.com/atom.xml 已解析 0 篇文章
2023-10-21 00:32:25,715 - default - INFO - Parse: https://www.devroom.io/index.xml
2023-10-21 00:32:26,628 - default - INFO - 解析 https://www.devroom.io/index.xml 失败 document declared as us-ascii, but parsed as utf-8
2023-10-21 00:32:26,630 - default - INFO - End: https://www.devroom.io/index.xml 已解析 0 篇文章
2023-10-21 00:32:26,630 - default - INFO - Parse: https://carlosbecker.com/index.xml
2023-10-21 00:32:26,854 - default - INFO - End: https://carlosbecker.com/index.xml 已解析 0 篇文章
2023-10-21 00:32:26,854 - default - INFO - Parse: https://developerblog.zendesk.com/feed
2023-10-21 00:32:27,094 - default - INFO - End: https://developerblog.zendesk.com/feed 已解析 0 篇文章
2023-10-21 00:32:27,094 - default - INFO - Parse: https://bohops.com/feed/
2023-10-21 00:32:27,429 - default - INFO - End: https://bohops.com/feed/ 已解析 0 篇文章
2023-10-21 00:32:27,429 - default - INFO - Parse: http://lucumr.pocoo.org/feed.atom
2023-10-21 00:32:28,884 - default - INFO - End: http://lucumr.pocoo.org/feed.atom 已解析 0 篇文章
2023-10-21 00:32:28,884 - default - INFO - Parse: http://nullprogram.com/feed/
2023-10-21 00:32:29,244 - default - INFO - End: http://nullprogram.com/feed/ 已解析 0 篇文章
2023-10-21 00:32:29,244 - default - INFO - Parse: https://code.dblock.org/feed.xml
2023-10-21 00:32:29,959 - default - INFO - End: https://code.dblock.org/feed.xml 已解析 0 篇文章
2023-10-21 00:32:29,959 - default - INFO - Parse: http://www.brendangregg.com/blog/rss.xml
2023-10-21 00:32:30,562 - default - INFO - End: http://www.brendangregg.com/blog/rss.xml 已解析 0 篇文章
2023-10-21 00:32:30,563 - default - INFO - Parse: https://www.dereuromark.de/feed/
2023-10-21 00:32:31,216 - default - INFO - End: https://www.dereuromark.de/feed/ 已解析 0 篇文章
2023-10-21 00:32:31,216 - default - INFO - Parse: https://domenicoluciani.com/feed.xml
2023-10-21 00:32:31,406 - default - INFO - End: https://domenicoluciani.com/feed.xml 已解析 0 篇文章
2023-10-21 00:32:31,406 - default - INFO - Parse: https://blog.filippo.io/rss/
2023-10-21 00:32:31,974 - default - INFO - End: https://blog.filippo.io/rss/ 已解析 0 篇文章
2023-10-21 00:32:31,975 - default - INFO - Parse: https://hookrace.net/blog/feed/
2023-10-21 00:32:34,164 - default - INFO - End: https://hookrace.net/blog/feed/ 已解析 0 篇文章
2023-10-21 00:32:34,164 - default - INFO - Parse: https://dotdev.co/feed/
2023-10-21 00:32:34,278 - default - INFO - End: https://dotdev.co/feed/ 已解析 0 篇文章
2023-10-21 00:32:34,278 - default - INFO - Parse: https://ericlippert.com/feed/
2023-10-21 00:32:34,381 - default - INFO - End: https://ericlippert.com/feed/ 已解析 0 篇文章
2023-10-21 00:32:34,381 - default - INFO - Parse: https://tomassetti.me/feed/
2023-10-21 00:32:34,687 - default - INFO - End: https://tomassetti.me/feed/ 已解析 0 篇文章
2023-10-21 00:32:34,687 - default - INFO - Parse: http://www.evanjones.ca/index.rss
2023-10-21 00:32:34,888 - default - INFO - End: http://www.evanjones.ca/index.rss 已解析 0 篇文章
2023-10-21 00:32:34,888 - default - INFO - Parse: https://deanhume.com/rss/
2023-10-21 00:32:35,311 - default - INFO - End: https://deanhume.com/rss/ 已解析 0 篇文章
2023-10-21 00:32:35,311 - default - INFO - Parse: http://feeds.feedburner.com/HighScalability
2023-10-21 00:32:35,459 - default - INFO - End: http://feeds.feedburner.com/HighScalability 已解析 0 篇文章
2023-10-21 00:32:35,459 - default - INFO - Parse: https://erikrunyon.com/feed.xml
2023-10-21 00:32:35,717 - default - INFO - End: https://erikrunyon.com/feed.xml 已解析 0 篇文章
2023-10-21 00:32:35,717 - default - INFO - Parse: https://drewdevault.com/feed.xml
2023-10-21 00:32:36,201 - default - INFO - End: https://drewdevault.com/feed.xml 已解析 0 篇文章
2023-10-21 00:32:36,201 - default - INFO - Parse: https://www.chenhuijing.com/feed.xml
2023-10-21 00:32:36,843 - default - INFO - End: https://www.chenhuijing.com/feed.xml 已解析 0 篇文章
2023-10-21 00:32:36,843 - default - INFO - Parse: https://www.metachris.com/index.xml
2023-10-21 00:32:36,946 - default - INFO - End: https://www.metachris.com/index.xml 已解析 0 篇文章
2023-10-21 00:32:36,946 - default - INFO - Parse: https://elegantcode.com/feed/
2023-10-21 00:32:37,043 - default - INFO - End: https://elegantcode.com/feed/ 已解析 0 篇文章
2023-10-21 00:32:37,043 - default - INFO - Parse: https://conductofcode.io/feed.xml
2023-10-21 00:32:37,530 - default - INFO - End: https://conductofcode.io/feed.xml 已解析 0 篇文章
2023-10-21 00:32:37,530 - default - INFO - Parse: https://glebbahmutov.com/blog/atom.xml
2023-10-21 00:32:38,971 - default - INFO - End: https://glebbahmutov.com/blog/atom.xml 已解析 0 篇文章
2023-10-21 00:32:38,972 - default - INFO - Parse: https://eli.thegreenplace.net/feeds/all.atom.xml
2023-10-21 00:32:39,545 - default - INFO - End: https://eli.thegreenplace.net/feeds/all.atom.xml 已解析 0 篇文章
2023-10-21 00:32:39,545 - default - INFO - Parse: https://henrikwarne.com/feed/
2023-10-21 00:32:39,652 - default - INFO - End: https://henrikwarne.com/feed/ 已解析 0 篇文章
2023-10-21 00:32:39,653 - default - INFO - Parse: https://davidwalsh.name/feed/atom
2023-10-21 00:32:40,310 - default - INFO - End: https://davidwalsh.name/feed/atom 已解析 0 篇文章
2023-10-21 00:32:40,310 - default - INFO - Parse: https://jeremykun.com/feed/
2023-10-21 00:32:40,461 - default - INFO - End: https://jeremykun.com/feed/ 已解析 0 篇文章
2023-10-21 00:32:40,461 - default - INFO - Parse: https://tympanus.net/codrops/rss
2023-10-21 00:32:41,531 - default - INFO - 文章较短，不需要总结
2023-10-21 00:32:41,531 - default - INFO - 文章较短，不需要总结
2023-10-21 00:32:41,532 - default - INFO - End: https://tympanus.net/codrops/rss 已解析 2 篇文章
2023-10-21 00:32:41,532 - default - INFO - Parse: http://jakewharton.com/feed.xml
2023-10-21 00:32:42,896 - default - INFO - End: http://jakewharton.com/feed.xml 已解析 0 篇文章
2023-10-21 00:32:42,896 - default - INFO - Parse: https://jes.al/atom.xml
2023-10-21 00:32:43,593 - default - INFO - End: https://jes.al/atom.xml 已解析 0 篇文章
2023-10-21 00:32:43,594 - default - INFO - Parse: https://jvns.ca/atom.xml
2023-10-21 00:32:44,271 - default - WARNING - Summarize failed. 无效的令牌
2023-10-21 00:32:44,271 - default - INFO - End: https://jvns.ca/atom.xml 已解析 1 篇文章
2023-10-21 00:32:44,271 - default - INFO - Parse: https://codeblog.jonskeet.uk/feed/
2023-10-21 00:32:44,496 - default - INFO - End: https://codeblog.jonskeet.uk/feed/ 已解析 0 篇文章
2023-10-21 00:32:44,496 - default - INFO - Parse: https://adambard.com/blog/feed.xml
2023-10-21 00:32:44,629 - default - INFO - End: https://adambard.com/blog/feed.xml 已解析 0 篇文章
2023-10-21 00:32:44,629 - default - INFO - Parse: https://useyourloaf.com/blog/rss.xml
2023-10-21 00:32:44,894 - default - INFO - End: https://useyourloaf.com/blog/rss.xml 已解析 0 篇文章
2023-10-21 00:32:44,894 - default - INFO - Parse: https://jerrygamblin.com/feed/
2023-10-21 00:32:45,125 - default - INFO - End: https://jerrygamblin.com/feed/ 已解析 0 篇文章
2023-10-21 00:32:45,125 - default - INFO - Parse: https://idea.popcount.org/rss.xml
2023-10-21 00:32:45,837 - default - INFO - End: https://idea.popcount.org/rss.xml 已解析 0 篇文章
2023-10-21 00:32:45,837 - default - INFO - Parse: https://maryrosecook.com/blog/feed.xml
2023-10-21 00:32:46,012 - default - INFO - 解析 https://maryrosecook.com/blog/feed.xml 失败 document declared as us-ascii, but parsed as utf-8
2023-10-21 00:32:46,013 - default - INFO - End: https://maryrosecook.com/blog/feed.xml 已解析 0 篇文章
2023-10-21 00:32:46,013 - default - INFO - Parse: https://begriffs.com/atom.xml
2023-10-21 00:32:47,960 - default - INFO - 解析 https://begriffs.com/atom.xml 失败 document declared as us-ascii, but parsed as utf-8
2023-10-21 00:32:47,961 - default - INFO - End: https://begriffs.com/atom.xml 已解析 0 篇文章
2023-10-21 00:32:47,961 - default - INFO - Parse: http://matt.might.net/articles/feed.rss
2023-10-21 00:32:48,455 - default - INFO - End: http://matt.might.net/articles/feed.rss 已解析 0 篇文章
2023-10-21 00:32:48,455 - default - INFO - Parse: https://martinfowler.com/feed.atom
2023-10-21 00:32:48,554 - default - INFO - End: https://martinfowler.com/feed.atom 已解析 0 篇文章
2023-10-21 00:32:48,554 - default - INFO - Parse: https://blog.sleeplessbeastie.eu/feed.xml
2023-10-21 00:32:51,692 - default - INFO - 文章较短，不需要总结
2023-10-21 00:32:51,694 - default - INFO - End: https://blog.sleeplessbeastie.eu/feed.xml 已解析 1 篇文章
2023-10-21 00:32:51,694 - default - INFO - Parse: https://blog.cryptographyengineering.com/feed/
2023-10-21 00:32:52,028 - default - INFO - End: https://blog.cryptographyengineering.com/feed/ 已解析 0 篇文章
2023-10-21 00:32:52,029 - default - INFO - Parse: http://blog.fogus.me/feed/
2023-10-21 00:32:52,610 - default - INFO - End: http://blog.fogus.me/feed/ 已解析 0 篇文章
2023-10-21 00:32:52,610 - default - INFO - Parse: https://blog.rinesi.com/feed/
2023-10-21 00:32:53,036 - default - INFO - End: https://blog.rinesi.com/feed/ 已解析 0 篇文章
2023-10-21 00:32:53,036 - default - INFO - Parse: https://snook.ca/jonathan/index.rdf
2023-10-21 00:32:53,452 - default - INFO - End: https://snook.ca/jonathan/index.rdf 已解析 0 篇文章
2023-10-21 00:32:53,452 - default - INFO - Parse: https://www.mattcutts.com/blog/feed/
2023-10-21 00:32:54,233 - default - INFO - End: https://www.mattcutts.com/blog/feed/ 已解析 0 篇文章
2023-10-21 00:32:54,233 - default - INFO - Parse: http://www.windytan.com/feeds/posts/default
2023-10-21 00:32:54,806 - default - INFO - End: http://www.windytan.com/feeds/posts/default 已解析 0 篇文章
2023-10-21 00:32:54,806 - default - INFO - Parse: https://aphyr.com/posts.atom
2023-10-21 00:32:56,367 - default - INFO - End: https://aphyr.com/posts.atom 已解析 0 篇文章
2023-10-21 00:32:56,367 - default - INFO - Parse: http://blog.pamelafox.org/feeds/posts/default
2023-10-21 00:32:56,697 - default - INFO - End: http://blog.pamelafox.org/feeds/posts/default 已解析 0 篇文章
2023-10-21 00:32:56,697 - default - INFO - Parse: https://oleb.net/blog/atom.xml
2023-10-21 00:32:57,029 - default - INFO - End: https://oleb.net/blog/atom.xml 已解析 0 篇文章
2023-10-21 00:32:57,029 - default - INFO - Parse: https://blogs.msdn.microsoft.com/oldnewthing/feed
2023-10-21 00:32:57,564 - default - INFO - 文章较短，不需要总结
2023-10-21 00:32:57,565 - default - INFO - End: https://blogs.msdn.microsoft.com/oldnewthing/feed 已解析 1 篇文章
2023-10-21 00:32:57,565 - default - INFO - Parse: https://realpython.com/atom.xml
2023-10-21 00:32:57,828 - default - INFO - 文章较短，不需要总结
2023-10-21 00:32:57,829 - default - INFO - End: https://realpython.com/atom.xml 已解析 1 篇文章
2023-10-21 00:32:57,829 - default - INFO - Parse: http://blog.cleancoder.com/atom.xml
2023-10-21 00:32:57,966 - default - INFO - End: http://blog.cleancoder.com/atom.xml 已解析 0 篇文章
2023-10-21 00:32:57,966 - default - INFO - Parse: https://akrabat.com/feed/
2023-10-21 00:32:58,517 - default - INFO - End: https://akrabat.com/feed/ 已解析 0 篇文章
2023-10-21 00:32:58,517 - default - INFO - Parse: https://www.thepolyglotdeveloper.com/blog/index.xml
2023-10-21 00:32:59,889 - default - INFO - End: https://www.thepolyglotdeveloper.com/blog/index.xml 已解析 0 篇文章
2023-10-21 00:32:59,889 - default - INFO - Parse: https://eviltrout.com/feed.xml
2023-10-21 00:33:00,283 - default - INFO - End: https://eviltrout.com/feed.xml 已解析 0 篇文章
2023-10-21 00:33:00,284 - default - INFO - Parse: https://joshtronic.com/atom.xml
2023-10-21 00:33:08,420 - default - INFO - End: https://joshtronic.com/atom.xml 已解析 0 篇文章
2023-10-21 00:33:08,420 - default - INFO - Parse: http://feeds.hanselman.com/ScottHanselman
2023-10-21 00:33:08,811 - default - INFO - End: http://feeds.hanselman.com/ScottHanselman 已解析 0 篇文章
2023-10-21 00:33:08,811 - default - INFO - Parse: https://blog.nelhage.com/atom.xml
2023-10-21 00:33:10,018 - default - INFO - End: https://blog.nelhage.com/atom.xml 已解析 0 篇文章
2023-10-21 00:33:10,018 - default - INFO - Parse: http://blog.rtwilson.com/feed/
2023-10-21 00:33:10,275 - default - INFO - End: http://blog.rtwilson.com/feed/ 已解析 0 篇文章
2023-10-21 00:33:10,275 - default - INFO - Parse: http://www.catonmat.net/feed/
2023-10-21 00:33:10,539 - default - INFO - 文章较短，不需要总结
2023-10-21 00:33:10,539 - default - INFO - End: http://www.catonmat.net/feed/ 已解析 1 篇文章
2023-10-21 00:33:10,539 - default - INFO - Parse: https://neverfriday.com/feed/
2023-10-21 00:33:11,281 - default - INFO - End: https://neverfriday.com/feed/ 已解析 0 篇文章
2023-10-21 00:33:11,282 - default - INFO - Parse: http://thedailywtf.com/rss
2023-10-21 00:33:11,707 - default - INFO - 文章较短，不需要总结
2023-10-21 00:33:11,708 - default - INFO - End: http://thedailywtf.com/rss 已解析 1 篇文章
2023-10-21 00:33:11,708 - default - INFO - Parse: https://vladmihalcea.com/feed/
2023-10-21 00:33:11,860 - default - INFO - End: https://vladmihalcea.com/feed/ 已解析 0 篇文章
2023-10-21 00:33:11,861 - default - INFO - Parse: https://www.yegor256.com/rss.xml
2023-10-21 00:33:12,062 - default - INFO - End: https://www.yegor256.com/rss.xml 已解析 0 篇文章
2023-10-21 00:33:12,062 - default - INFO - Parse: https://muffinman.io/atom.xml
2023-10-21 00:33:14,773 - default - INFO - End: https://muffinman.io/atom.xml 已解析 0 篇文章
2023-10-21 00:33:14,773 - default - INFO - Parse: https://www.ardanlabs.com/blog/index.xml
2023-10-21 00:33:15,057 - default - INFO - End: https://www.ardanlabs.com/blog/index.xml 已解析 0 篇文章
2023-10-21 00:33:15,057 - default - INFO - Parse: https://blog.getbootstrap.com/feed.xml
2023-10-21 00:33:15,265 - default - INFO - End: https://blog.getbootstrap.com/feed.xml 已解析 0 篇文章
2023-10-21 00:33:15,265 - default - INFO - Parse: https://zachholman.com/atom.xml
2023-10-21 00:33:15,451 - default - INFO - End: https://zachholman.com/atom.xml 已解析 0 篇文章
2023-10-21 00:33:15,452 - default - INFO - Parse: https://ipfs.io/blog/index.xml
2023-10-21 00:33:15,921 - default - INFO - End: https://ipfs.io/blog/index.xml 已解析 0 篇文章
2023-10-21 00:33:15,921 - default - INFO - Parse: https://blog.golang.org/feed.atom
2023-10-21 00:33:16,413 - default - INFO - End: https://blog.golang.org/feed.atom 已解析 0 篇文章
2023-10-21 00:33:16,413 - default - INFO - Parse: https://blog.jooq.org/feed/
2023-10-21 00:33:17,030 - default - INFO - End: https://blog.jooq.org/feed/ 已解析 0 篇文章
2023-10-21 00:33:17,031 - default - INFO - Parse: https://blogs.msdn.microsoft.com/dotnet/feed/
2023-10-21 00:33:17,763 - default - WARNING - Summarize failed. 无效的令牌
2023-10-21 00:33:17,764 - default - INFO - End: https://blogs.msdn.microsoft.com/dotnet/feed/ 已解析 1 篇文章
2023-10-21 00:33:17,764 - default - INFO - Parse: http://raganwald.com/atom.xml
2023-10-21 00:33:28,928 - default - INFO - End: http://raganwald.com/atom.xml 已解析 0 篇文章
2023-10-21 00:33:28,928 - default - INFO - Parse: https://blogs.windows.com/msedgedev/rss
2023-10-21 00:33:29,246 - default - INFO - End: https://blogs.windows.com/msedgedev/rss 已解析 0 篇文章
2023-10-21 00:33:29,246 - default - INFO - Parse: https://blog.jetbrains.com/kotlin/feed/
2023-10-21 00:33:29,413 - default - INFO - End: https://blog.jetbrains.com/kotlin/feed/ 已解析 0 篇文章
2023-10-21 00:33:29,413 - default - INFO - Parse: https://tania.dev/rss.xml
2023-10-21 00:33:30,976 - default - INFO - End: https://tania.dev/rss.xml 已解析 0 篇文章
2023-10-21 00:33:30,976 - default - INFO - Parse: https://swizec.com/blog/feed
2023-10-21 00:33:31,125 - default - INFO - 文章较短，不需要总结
2023-10-21 00:33:31,125 - default - INFO - End: https://swizec.com/blog/feed 已解析 1 篇文章
2023-10-21 00:33:31,851 - default - INFO - Aggregate 已新增 29 篇
2023-10-21 00:33:31,851 - default - INFO - Aggregate AI总结花费 {}
