2023-11-24 00:33:12,038 - default - INFO - Parse: https://goteleport.com/blog/rss.xml
2023-11-24 00:33:12,495 - default - INFO - End: https://goteleport.com/blog/rss.xml 已解析 0 篇文章
2023-11-24 00:33:12,495 - default - INFO - Parse: https://engineering.mercari.com/en/blog/feed.xml
2023-11-24 00:33:14,644 - default - INFO - End: https://engineering.mercari.com/en/blog/feed.xml 已解析 0 篇文章
2023-11-24 00:33:14,644 - default - INFO - Parse: https://blog.replit.com/feed.xml
2023-11-24 00:33:15,137 - default - INFO - End: https://blog.replit.com/feed.xml 已解析 0 篇文章
2023-11-24 00:33:15,137 - default - INFO - Parse: https://abhinavsarkar.net/tags/programming/feed.atom
2023-11-24 00:33:17,255 - default - INFO - End: https://abhinavsarkar.net/tags/programming/feed.atom 已解析 0 篇文章
2023-11-24 00:33:17,255 - default - INFO - Parse: https://httptoolkit.tech/rss.xml
2023-11-24 00:33:19,789 - default - INFO - End: https://httptoolkit.tech/rss.xml 已解析 0 篇文章
2023-11-24 00:33:19,789 - default - INFO - Parse: https://engineering.freeagent.com/feed/
2023-11-24 00:33:20,536 - default - INFO - End: https://engineering.freeagent.com/feed/ 已解析 0 篇文章
2023-11-24 00:33:20,536 - default - INFO - Parse: https://severalnines.com/rss.xml
2023-11-24 00:33:21,617 - default - INFO - End: https://severalnines.com/rss.xml 已解析 0 篇文章
2023-11-24 00:33:21,617 - default - INFO - Parse: https://learnk8s.io/rss.xml
2023-11-24 00:33:21,995 - default - INFO - End: https://learnk8s.io/rss.xml 已解析 0 篇文章
2023-11-24 00:33:21,995 - default - INFO - Parse: https://v8.dev/blog.atom
2023-11-24 00:33:22,330 - default - INFO - End: https://v8.dev/blog.atom 已解析 0 篇文章
2023-11-24 00:33:22,330 - default - INFO - Parse: https://technology.customink.com/feed.xml
2023-11-24 00:33:23,943 - default - INFO - 解析 https://technology.customink.com/feed.xml 失败 <unknown>:2727:89: not well-formed (invalid token)
2023-11-24 00:33:23,944 - default - INFO - End: https://technology.customink.com/feed.xml 已解析 0 篇文章
2023-11-24 00:33:23,944 - default - INFO - Parse: http://blog.avenuecode.com/rss.xml
2023-11-24 00:33:24,232 - default - INFO - End: http://blog.avenuecode.com/rss.xml 已解析 0 篇文章
2023-11-24 00:33:24,233 - default - INFO - Parse: https://8thlight.com/blog/feed/atom.xml
2023-11-24 00:33:24,541 - default - INFO - 解析 https://8thlight.com/blog/feed/atom.xml 失败 <unknown>:3:0: XML or text declaration not at start of entity
2023-11-24 00:33:24,541 - default - INFO - End: https://8thlight.com/blog/feed/atom.xml 已解析 0 篇文章
2023-11-24 00:33:24,541 - default - INFO - Parse: http://blog.arkency.com/atom.xml
2023-11-24 00:33:24,850 - default - INFO - End: http://blog.arkency.com/atom.xml 已解析 0 篇文章
2023-11-24 00:33:24,850 - default - INFO - Parse: http://artsy.github.io/feed
2023-11-24 00:33:25,014 - default - INFO - End: http://artsy.github.io/feed 已解析 0 篇文章
2023-11-24 00:33:25,015 - default - INFO - Parse: https://www.bigeng.io/rss/
2023-11-24 00:33:25,503 - default - INFO - End: https://www.bigeng.io/rss/ 已解析 0 篇文章
2023-11-24 00:33:25,503 - default - INFO - Parse: https://advancedweb.hu/atom.xml
2023-11-24 00:33:26,579 - default - INFO - End: https://advancedweb.hu/atom.xml 已解析 0 篇文章
2023-11-24 00:33:26,579 - default - INFO - Parse: https://auth0.com/blog/rss.xml
2023-11-24 00:33:26,709 - default - INFO - 解析 https://auth0.com/blog/rss.xml 失败 document declared as us-ascii, but parsed as utf-8
2023-11-24 00:33:26,712 - default - INFO - 文章较短，不需要总结
2023-11-24 00:33:26,712 - default - INFO - End: https://auth0.com/blog/rss.xml 已解析 1 篇文章
2023-11-24 00:33:26,712 - default - INFO - Parse: https://capgemini.github.io/feed.xml
2023-11-24 00:33:27,089 - default - INFO - End: https://capgemini.github.io/feed.xml 已解析 0 篇文章
2023-11-24 00:33:27,089 - default - INFO - Parse: https://aws.amazon.com/blogs/aws/feed/
2023-11-24 00:33:27,412 - default - INFO - End: https://aws.amazon.com/blogs/aws/feed/ 已解析 0 篇文章
2023-11-24 00:33:27,412 - default - INFO - Parse: https://code.blender.org/rss
2023-11-24 00:33:28,249 - default - INFO - End: https://code.blender.org/rss 已解析 0 篇文章
2023-11-24 00:33:28,249 - default - INFO - Parse: http://www.codenameone.com/feed.xml
2023-11-24 00:33:32,876 - default - INFO - End: http://www.codenameone.com/feed.xml 已解析 0 篇文章
2023-11-24 00:33:32,876 - default - INFO - Parse: https://spin.atomicobject.com/feed/
2023-11-24 00:33:33,086 - default - INFO - End: https://spin.atomicobject.com/feed/ 已解析 0 篇文章
2023-11-24 00:33:33,086 - default - INFO - Parse: https://blog.developer.bazaarvoice.com/feed/
2023-11-24 00:33:33,697 - default - INFO - End: https://blog.developer.bazaarvoice.com/feed/ 已解析 0 篇文章
2023-11-24 00:33:33,697 - default - INFO - Parse: https://blog.cloudflare.com/rss/
2023-11-24 00:33:35,658 - default - WARNING - Summarize failed. 该令牌额度已用尽
2023-11-24 00:33:35,659 - default - INFO - End: https://blog.cloudflare.com/rss/ 已解析 1 篇文章
2023-11-24 00:33:35,659 - default - INFO - Parse: https://developer.atlassian.com/blog/feed.xml
2023-11-24 00:33:36,267 - default - INFO - End: https://developer.atlassian.com/blog/feed.xml 已解析 0 篇文章
2023-11-24 00:33:36,268 - default - INFO - Parse: https://blog.cloudera.com/feed/
2023-11-24 00:33:37,197 - default - INFO - End: https://blog.cloudera.com/feed/ 已解析 0 篇文章
2023-11-24 00:33:37,197 - default - INFO - Parse: https://www.confluent.io/feed/
2023-11-24 00:33:37,315 - default - INFO - End: https://www.confluent.io/feed/ 已解析 0 篇文章
2023-11-24 00:33:37,315 - default - INFO - Parse: https://tech.buzzfeed.com/feed
2023-11-24 00:33:37,517 - default - INFO - End: https://tech.buzzfeed.com/feed 已解析 0 篇文章
2023-11-24 00:33:37,517 - default - INFO - Parse: https://engineering.brandwatch.com/rss/
2023-11-24 00:33:38,034 - default - INFO - End: https://engineering.brandwatch.com/rss/ 已解析 0 篇文章
2023-11-24 00:33:38,034 - default - INFO - Parse: https://benchling.engineering/feed
2023-11-24 00:33:38,231 - default - INFO - End: https://benchling.engineering/feed 已解析 0 篇文章
2023-11-24 00:33:38,231 - default - INFO - Parse: https://www.elastic.co/blog/feed
2023-11-24 00:33:38,483 - default - INFO - End: https://www.elastic.co/blog/feed 已解析 0 篇文章
2023-11-24 00:33:38,483 - default - INFO - Parse: http://deliveroo.engineering/feed.xml
2023-11-24 00:33:38,753 - default - INFO - End: http://deliveroo.engineering/feed.xml 已解析 0 篇文章
2023-11-24 00:33:38,754 - default - INFO - Parse: https://techblog.commercetools.com/feed
2023-11-24 00:33:38,997 - default - INFO - End: https://techblog.commercetools.com/feed 已解析 0 篇文章
2023-11-24 00:33:38,997 - default - INFO - Parse: https://databricks.com/feed
2023-11-24 00:33:39,190 - default - INFO - End: https://databricks.com/feed 已解析 0 篇文章
2023-11-24 00:33:39,190 - default - INFO - Parse: https://deezer.io/feed
2023-11-24 00:33:39,569 - default - INFO - End: https://deezer.io/feed 已解析 0 篇文章
2023-11-24 00:33:39,570 - default - INFO - Parse: https://engineering.fb.com/feed/
2023-11-24 00:33:39,926 - default - INFO - End: https://engineering.fb.com/feed/ 已解析 0 篇文章
2023-11-24 00:33:39,926 - default - INFO - Parse: https://codeascraft.com/feed/
2023-11-24 00:33:40,085 - default - INFO - 解析 https://codeascraft.com/feed/ 失败 text/html;charset=utf-8 is not an XML media type
2023-11-24 00:33:40,085 - default - INFO - End: https://codeascraft.com/feed/ 已解析 0 篇文章
2023-11-24 00:33:40,085 - default - INFO - Parse: https://medium.com/feed/feedzaitech
2023-11-24 00:33:40,299 - default - INFO - End: https://medium.com/feed/feedzaitech 已解析 0 篇文章
2023-11-24 00:33:40,299 - default - INFO - Parse: https://tech.findmypast.com/feed.xml
2023-11-24 00:33:40,463 - default - INFO - End: https://tech.findmypast.com/feed.xml 已解析 0 篇文章
2023-11-24 00:33:40,463 - default - INFO - Parse: https://code.fb.com/feed/
2023-11-24 00:33:40,663 - default - INFO - End: https://code.fb.com/feed/ 已解析 0 篇文章
2023-11-24 00:33:40,664 - default - INFO - Parse: https://www.eventbrite.com/engineering/feed/
2023-11-24 00:33:41,425 - default - INFO - End: https://www.eventbrite.com/engineering/feed/ 已解析 0 篇文章
2023-11-24 00:33:41,426 - default - INFO - Parse: https://evernote.com/blog/feed/
2023-11-24 00:33:41,554 - default - INFO - 解析 https://evernote.com/blog/feed/ 失败 <unknown>:2:0: not well-formed (invalid token)
2023-11-24 00:33:41,554 - default - INFO - End: https://evernote.com/blog/feed/ 已解析 0 篇文章
2023-11-24 00:33:41,554 - default - INFO - Parse: https://drivy.engineering/feed.xml
2023-11-24 00:33:43,011 - default - INFO - End: https://drivy.engineering/feed.xml 已解析 0 篇文章
2023-11-24 00:33:43,011 - default - INFO - Parse: https://evilmartians.com/chronicles.atom
2023-11-24 00:33:43,212 - default - INFO - End: https://evilmartians.com/chronicles.atom 已解析 0 篇文章
2023-11-24 00:33:43,212 - default - INFO - Parse: https://www.ebayinc.com/stories/blogs/tech/rss/
2023-11-24 00:33:44,169 - default - INFO - End: https://www.ebayinc.com/stories/blogs/tech/rss/ 已解析 0 篇文章
2023-11-24 00:33:44,169 - default - INFO - Parse: http://feeds.feedburner.com/GoogleOnlineSecurityBlog
2023-11-24 00:33:44,656 - default - INFO - End: http://feeds.feedburner.com/GoogleOnlineSecurityBlog 已解析 0 篇文章
2023-11-24 00:33:44,656 - default - INFO - Parse: https://galois.com/feed/
2023-11-24 00:33:45,160 - default - INFO - End: https://galois.com/feed/ 已解析 0 篇文章
2023-11-24 00:33:45,160 - default - INFO - Parse: https://githubengineering.com/atom.xml
2023-11-24 00:33:45,406 - default - INFO - End: https://githubengineering.com/atom.xml 已解析 0 篇文章
2023-11-24 00:33:45,407 - default - INFO - Parse: https://blog.digitalocean.com/rss/
2023-11-24 00:33:46,103 - default - INFO - 解析 https://blog.digitalocean.com/rss/ 失败 application/octet-stream is not an XML media type
2023-11-24 00:33:46,104 - default - INFO - End: https://blog.digitalocean.com/rss/ 已解析 0 篇文章
2023-11-24 00:33:46,104 - default - INFO - Parse: https://www.hashicorp.com/blog/feed.xml
2023-11-24 00:33:46,380 - default - INFO - End: https://www.hashicorp.com/blog/feed.xml 已解析 0 篇文章
2023-11-24 00:33:46,381 - default - INFO - Parse: https://collectiveidea.com/blog/feed/
2023-11-24 00:33:46,856 - default - INFO - End: https://collectiveidea.com/blog/feed/ 已解析 0 篇文章
2023-11-24 00:33:46,857 - default - INFO - Parse: http://feeds.feedburner.com/blogspot/gJZg
2023-11-24 00:33:47,244 - default - INFO - End: http://feeds.feedburner.com/blogspot/gJZg 已解析 0 篇文章
2023-11-24 00:33:47,244 - default - INFO - Parse: http://engineering.grab.com/feed.xml
2023-11-24 00:33:47,520 - default - INFO - End: http://engineering.grab.com/feed.xml 已解析 0 篇文章
2023-11-24 00:33:47,521 - default - INFO - Parse: https://engineering.gusto.com/rss/
2023-11-24 00:33:47,869 - default - INFO - End: https://engineering.gusto.com/rss/ 已解析 0 篇文章
2023-11-24 00:33:47,869 - default - INFO - Parse: https://www.hostinger.com/blog/feed/
2023-11-24 00:33:48,210 - default - INFO - End: https://www.hostinger.com/blog/feed/ 已解析 0 篇文章
2023-11-24 00:33:48,210 - default - INFO - Parse: https://engineering.doximity.com/feed
2023-11-24 00:33:49,312 - default - INFO - End: https://engineering.doximity.com/feed 已解析 0 篇文章
2023-11-24 00:33:49,312 - default - INFO - Parse: https://www.cockroachlabs.com/blog/index.xml
2023-11-24 00:33:49,749 - default - INFO - End: https://www.cockroachlabs.com/blog/index.xml 已解析 0 篇文章
2023-11-24 00:33:49,749 - default - INFO - Parse: https://product.hubspot.com/blog/rss.xml
2023-11-24 00:33:49,944 - default - INFO - End: https://product.hubspot.com/blog/rss.xml 已解析 0 篇文章
2023-11-24 00:33:49,944 - default - INFO - Parse: https://lambda.grofers.com/feed
2023-11-24 00:33:50,229 - default - INFO - End: https://lambda.grofers.com/feed 已解析 0 篇文章
2023-11-24 00:33:50,230 - default - INFO - Parse: https://dropbox.tech/feed
2023-11-24 00:33:51,219 - default - INFO - End: https://dropbox.tech/feed 已解析 0 篇文章
2023-11-24 00:33:51,219 - default - INFO - Parse: https://engineering.hashnode.com/rss.xml
2023-11-24 00:33:51,631 - default - INFO - 解析 https://engineering.hashnode.com/rss.xml 失败 document declared as us-ascii, but parsed as utf-8
2023-11-24 00:33:51,631 - default - INFO - End: https://engineering.hashnode.com/rss.xml 已解析 0 篇文章
2023-11-24 00:33:51,632 - default - INFO - Parse: https://kinvolk.io/blog/index.xml
2023-11-24 00:33:52,014 - default - INFO - 解析 https://kinvolk.io/blog/index.xml 失败 document declared as us-ascii, but parsed as utf-8
2023-11-24 00:33:52,014 - default - INFO - End: https://kinvolk.io/blog/index.xml 已解析 0 篇文章
2023-11-24 00:33:52,014 - default - INFO - Parse: https://tech.instacart.com/feed
2023-11-24 00:33:52,206 - default - INFO - End: https://tech.instacart.com/feed 已解析 0 篇文章
2023-11-24 00:33:52,206 - default - INFO - Parse: https://kolosek.com/rss/
2023-11-24 00:33:52,377 - default - INFO - 解析 https://kolosek.com/rss/ 失败 <unknown>:19:18: not well-formed (invalid token)
2023-11-24 00:33:52,377 - default - INFO - End: https://kolosek.com/rss/ 已解析 0 篇文章
2023-11-24 00:33:52,377 - default - INFO - Parse: https://blog.heroku.com/engineering/feed
2023-11-24 00:33:52,777 - default - INFO - End: https://blog.heroku.com/engineering/feed 已解析 0 篇文章
2023-11-24 00:33:52,777 - default - INFO - Parse: https://hashrocket.com/blog.rss
2023-11-24 00:33:53,043 - default - INFO - End: https://hashrocket.com/blog.rss 已解析 0 篇文章
2023-11-24 00:33:53,044 - default - INFO - Parse: https://jobandtalent.engineering/feed
2023-11-24 00:33:53,393 - default - INFO - End: https://jobandtalent.engineering/feed 已解析 0 篇文章
2023-11-24 00:33:53,393 - default - INFO - Parse: https://blog.imgur.com/feed/
2023-11-24 00:33:53,836 - default - INFO - End: https://blog.imgur.com/feed/ 已解析 0 篇文章
2023-11-24 00:33:53,836 - default - INFO - Parse: https://nordicapis.com/feed/
2023-11-24 00:33:54,619 - default - WARNING - Summarize failed. 该令牌额度已用尽
2023-11-24 00:33:54,619 - default - INFO - End: https://nordicapis.com/feed/ 已解析 1 篇文章
2023-11-24 00:33:54,619 - default - INFO - Parse: https://blog.novoda.com/rss/
2023-11-24 00:33:55,388 - default - INFO - End: https://blog.novoda.com/rss/ 已解析 0 篇文章
2023-11-24 00:33:55,388 - default - INFO - Parse: https://developer.okta.com/feed.xml
2023-11-24 00:33:55,882 - default - INFO - End: https://developer.okta.com/feed.xml 已解析 0 篇文章
2023-11-24 00:33:55,882 - default - INFO - Parse: https://eng.lyft.com/feed
2023-11-24 00:33:56,088 - default - INFO - End: https://eng.lyft.com/feed 已解析 0 篇文章
2023-11-24 00:33:56,088 - default - INFO - Parse: http://blog.memsql.com/feed/
2023-11-24 00:33:56,338 - default - INFO - 解析 http://blog.memsql.com/feed/ 失败 document declared as us-ascii, but parsed as utf-8
2023-11-24 00:33:56,338 - default - INFO - End: http://blog.memsql.com/feed/ 已解析 0 篇文章
2023-11-24 00:33:56,339 - default - INFO - Parse: https://engineering.mixpanel.com/feed/
2023-11-24 00:33:56,623 - default - INFO - End: https://engineering.mixpanel.com/feed/ 已解析 0 篇文章
2023-11-24 00:33:56,623 - default - INFO - Parse: https://medium.engineering/feed
2023-11-24 00:33:56,816 - default - INFO - End: https://medium.engineering/feed 已解析 0 篇文章
2023-11-24 00:33:56,816 - default - INFO - Parse: http://blog.apps.npr.org/atom.xml
2023-11-24 00:33:57,866 - default - INFO - 解析 http://blog.apps.npr.org/atom.xml 失败 <unknown>:1172:54: undefined entity
2023-11-24 00:33:57,867 - default - INFO - End: http://blog.apps.npr.org/atom.xml 已解析 0 篇文章
2023-11-24 00:33:57,867 - default - INFO - Parse: https://engblog.nextdoor.com/feed
2023-11-24 00:33:58,042 - default - INFO - End: https://engblog.nextdoor.com/feed 已解析 0 篇文章
2023-11-24 00:33:58,042 - default - INFO - Parse: https://hacks.mozilla.org/feed/
2023-11-24 00:33:58,753 - default - INFO - End: https://hacks.mozilla.org/feed/ 已解析 0 篇文章
2023-11-24 00:33:58,753 - default - INFO - Parse: https://developers.redhat.com/blog/feed/atom/
2023-11-24 00:33:59,294 - default - INFO - End: https://developers.redhat.com/blog/feed/atom/ 已解析 0 篇文章
2023-11-24 00:33:59,294 - default - INFO - Parse: https://tech.olx.com/feed
2023-11-24 00:33:59,500 - default - INFO - End: https://tech.olx.com/feed 已解析 0 篇文章
2023-11-24 00:33:59,501 - default - INFO - Parse: https://postmarkapp.com/blog/feed.atom
2023-11-24 00:34:00,310 - default - INFO - End: https://postmarkapp.com/blog/feed.atom 已解析 0 篇文章
2023-11-24 00:34:00,310 - default - INFO - Parse: http://engineering.remind.com/feed.xml
2023-11-24 00:34:00,542 - default - INFO - End: http://engineering.remind.com/feed.xml 已解析 0 篇文章
2023-11-24 00:34:00,543 - default - INFO - Parse: https://tech.showmax.com/feed.xml
2023-11-24 00:34:01,786 - default - INFO - End: https://tech.showmax.com/feed.xml 已解析 0 篇文章
2023-11-24 00:34:01,786 - default - INFO - Parse: https://multithreaded.stitchfix.com/feed.xml
2023-11-24 00:34:02,121 - default - INFO - End: https://multithreaded.stitchfix.com/feed.xml 已解析 0 篇文章
2023-11-24 00:34:02,121 - default - INFO - Parse: https://labs.spotify.com/feed/
2023-11-24 00:34:03,288 - default - INFO - End: https://labs.spotify.com/feed/ 已解析 0 篇文章
2023-11-24 00:34:03,288 - default - INFO - Parse: https://www.stridenyc.com/blog/rss.xml
2023-11-24 00:34:03,561 - default - INFO - End: https://www.stridenyc.com/blog/rss.xml 已解析 0 篇文章
2023-11-24 00:34:03,561 - default - INFO - Parse: https://technology.skybettingandgaming.com/feed.xml
2023-11-24 00:34:03,747 - default - INFO - End: https://technology.skybettingandgaming.com/feed.xml 已解析 0 篇文章
2023-11-24 00:34:03,748 - default - INFO - Parse: https://umbrella.cisco.com/blog/feed/
2023-11-24 00:34:04,183 - default - INFO - End: https://umbrella.cisco.com/blog/feed/ 已解析 0 篇文章
2023-11-24 00:34:04,183 - default - INFO - Parse: https://www.surveymonkey.com/feed/
2023-11-24 00:34:04,592 - default - INFO - End: https://www.surveymonkey.com/feed/ 已解析 0 篇文章
2023-11-24 00:34:04,592 - default - INFO - Parse: https://engineering.prezi.com/feed
2023-11-24 00:34:04,843 - default - INFO - End: https://engineering.prezi.com/feed 已解析 0 篇文章
2023-11-24 00:34:04,844 - default - INFO - Parse: https://semaphoreci.com/community/tutorials.atom
2023-11-24 00:34:05,079 - default - INFO - 解析 https://semaphoreci.com/community/tutorials.atom 失败 <unknown>:2:0: syntax error
2023-11-24 00:34:05,080 - default - INFO - End: https://semaphoreci.com/community/tutorials.atom 已解析 0 篇文章
2023-11-24 00:34:05,080 - default - INFO - Parse: https://developer.salesforce.com/blogs/feed
2023-11-24 00:34:05,240 - default - INFO - End: https://developer.salesforce.com/blogs/feed 已解析 0 篇文章
2023-11-24 00:34:05,241 - default - INFO - Parse: https://mesosphere.com/feed/
2023-11-24 00:34:06,270 - default - INFO - End: https://mesosphere.com/feed/ 已解析 0 篇文章
2023-11-24 00:34:06,270 - default - INFO - Parse: https://feeds.feedburner.com/GiantRobotsSmashingIntoOtherGiantRobots
2023-11-24 00:34:06,740 - default - WARNING - Summarize failed. 该令牌额度已用尽
2023-11-24 00:34:07,029 - default - WARNING - Summarize failed. 该令牌额度已用尽
2023-11-24 00:34:07,029 - default - INFO - End: https://feeds.feedburner.com/GiantRobotsSmashingIntoOtherGiantRobots 已解析 2 篇文章
2023-11-24 00:34:07,029 - default - INFO - Parse: https://www.toptal.com/blog.rss
2023-11-24 00:34:07,220 - default - INFO - End: https://www.toptal.com/blog.rss 已解析 0 篇文章
2023-11-24 00:34:07,221 - default - INFO - Parse: https://slack.engineering/feed
2023-11-24 00:34:07,759 - default - INFO - End: https://slack.engineering/feed 已解析 0 篇文章
2023-11-24 00:34:07,759 - default - INFO - Parse: http://semaphoreci.com/blog/engineering.xml
2023-11-24 00:34:08,011 - default - INFO - 解析 http://semaphoreci.com/blog/engineering.xml 失败 <unknown>:2:0: syntax error
2023-11-24 00:34:08,011 - default - INFO - End: http://semaphoreci.com/blog/engineering.xml 已解析 0 篇文章
2023-11-24 00:34:08,011 - default - INFO - Parse: https://blog.siftscience.com/feed/
2023-11-24 00:34:08,639 - default - INFO - End: https://blog.siftscience.com/feed/ 已解析 0 篇文章
2023-11-24 00:34:08,639 - default - INFO - Parse: https://stackoverflow.blog/feed/
2023-11-24 00:34:08,730 - default - INFO - 解析 https://stackoverflow.blog/feed/ 失败 <unknown>:36:54: undefined entity
2023-11-24 00:34:08,730 - default - INFO - End: https://stackoverflow.blog/feed/ 已解析 0 篇文章
2023-11-24 00:34:08,730 - default - INFO - Parse: http://techblog.thescore.com/feed.xml
2023-11-24 00:34:09,897 - default - INFO - 解析 http://techblog.thescore.com/feed.xml 失败 <unknown>:1500:26: not well-formed (invalid token)
2023-11-24 00:34:09,897 - default - INFO - End: http://techblog.thescore.com/feed.xml 已解析 0 篇文章
2023-11-24 00:34:09,897 - default - INFO - Parse: https://tech.trivago.com/index.xml
2023-11-24 00:34:10,119 - default - INFO - End: https://tech.trivago.com/index.xml 已解析 0 篇文章
2023-11-24 00:34:10,119 - default - INFO - Parse: https://www.thoughtworks.com/rss/insights.xml
2023-11-24 00:34:12,699 - default - INFO - 文章较短，不需要总结
2023-11-24 00:34:12,706 - default - INFO - End: https://www.thoughtworks.com/rss/insights.xml 已解析 1 篇文章
2023-11-24 00:34:12,706 - default - INFO - Parse: https://bytes.swiggy.com/feed
2023-11-24 00:34:12,966 - default - INFO - End: https://bytes.swiggy.com/feed 已解析 0 篇文章
2023-11-24 00:34:12,966 - default - INFO - Parse: http://engineering.vinted.com//atom.xml
2023-11-24 00:34:13,226 - default - INFO - End: http://engineering.vinted.com//atom.xml 已解析 0 篇文章
2023-11-24 00:34:13,226 - default - INFO - Parse: https://developers.soundcloud.com/blog.rss
2023-11-24 00:34:15,364 - default - INFO - End: https://developers.soundcloud.com/blog.rss 已解析 0 篇文章
2023-11-24 00:34:15,364 - default - INFO - Parse: https://blog.timescale.com/feed
2023-11-24 00:34:15,894 - default - INFO - End: https://blog.timescale.com/feed 已解析 0 篇文章
2023-11-24 00:34:15,894 - default - INFO - Parse: https://engineering.tumblr.com/rss
2023-11-24 00:34:15,984 - default - INFO - End: https://engineering.tumblr.com/rss 已解析 0 篇文章
2023-11-24 00:34:15,984 - default - INFO - Parse: http://eng.wealthfront.com/feed/
2023-11-24 00:34:16,444 - default - INFO - End: http://eng.wealthfront.com/feed/ 已解析 0 篇文章
2023-11-24 00:34:16,444 - default - INFO - Parse: https://www.sitepoint.com/feed/
2023-11-24 00:34:18,700 - default - INFO - 文章较短，不需要总结
2023-11-24 00:34:18,700 - default - INFO - End: https://www.sitepoint.com/feed/ 已解析 1 篇文章
2023-11-24 00:34:18,700 - default - INFO - Parse: https://stripe.com/blog/feed.rss
2023-11-24 00:34:19,468 - default - INFO - End: https://stripe.com/blog/feed.rss 已解析 0 篇文章
2023-11-24 00:34:19,468 - default - INFO - Parse: http://engineering.wingify.com/atom.xml
2023-11-24 00:34:20,809 - default - INFO - End: http://engineering.wingify.com/atom.xml 已解析 0 篇文章
2023-11-24 00:34:20,809 - default - INFO - Parse: https://infrequently.org/feed/
2023-11-24 00:34:21,151 - default - INFO - End: https://infrequently.org/feed/ 已解析 0 篇文章
2023-11-24 00:34:21,151 - default - INFO - Parse: https://www.amitmerchant.com/feed.xml
2023-11-24 00:34:21,554 - default - WARNING - Summarize failed. 该令牌额度已用尽
2023-11-24 00:34:21,554 - default - INFO - End: https://www.amitmerchant.com/feed.xml 已解析 1 篇文章
2023-11-24 00:34:21,554 - default - INFO - Parse: https://buildingvts.com/feed
2023-11-24 00:34:21,738 - default - INFO - End: https://buildingvts.com/feed 已解析 0 篇文章
2023-11-24 00:34:21,738 - default - INFO - Parse: http://addyosmani.com/rss.xml
2023-11-24 00:34:21,844 - default - INFO - End: http://addyosmani.com/rss.xml 已解析 0 篇文章
2023-11-24 00:34:21,845 - default - INFO - Parse: https://engineeringblog.yelp.com/feed.xml
2023-11-24 00:34:21,979 - default - INFO - 解析 https://engineeringblog.yelp.com/feed.xml 失败 document declared as us-ascii, but parsed as utf-8
2023-11-24 00:34:21,979 - default - INFO - End: https://engineeringblog.yelp.com/feed.xml 已解析 0 篇文章
2023-11-24 00:34:21,979 - default - INFO - Parse: https://alanstorm.com/feed/feed.xml
2023-11-24 00:34:22,341 - default - INFO - 解析 https://alanstorm.com/feed/feed.xml 失败 <unknown>:124:0: junk after document element
2023-11-24 00:34:22,341 - default - INFO - End: https://alanstorm.com/feed/feed.xml 已解析 0 篇文章
2023-11-24 00:34:22,341 - default - INFO - Parse: https://ariya.io/index.xml
2023-11-24 00:34:22,622 - default - INFO - End: https://ariya.io/index.xml 已解析 0 篇文章
2023-11-24 00:34:22,622 - default - INFO - Parse: https://tech.xing.com/feed
2023-11-24 00:34:23,618 - default - INFO - End: https://tech.xing.com/feed 已解析 0 篇文章
2023-11-24 00:34:23,618 - default - INFO - Parse: http://tenderlovemaking.com/atom.xml
2023-11-24 00:34:24,232 - default - INFO - End: http://tenderlovemaking.com/atom.xml 已解析 0 篇文章
2023-11-24 00:34:24,232 - default - INFO - Parse: https://www.devroom.io/index.xml
2023-11-24 00:34:25,307 - default - INFO - 解析 https://www.devroom.io/index.xml 失败 document declared as us-ascii, but parsed as utf-8
2023-11-24 00:34:25,308 - default - INFO - End: https://www.devroom.io/index.xml 已解析 0 篇文章
2023-11-24 00:34:25,308 - default - INFO - Parse: https://carlosbecker.com/index.xml
2023-11-24 00:34:25,474 - default - INFO - End: https://carlosbecker.com/index.xml 已解析 0 篇文章
2023-11-24 00:34:25,474 - default - INFO - Parse: https://developerblog.zendesk.com/feed
2023-11-24 00:34:25,642 - default - INFO - End: https://developerblog.zendesk.com/feed 已解析 0 篇文章
2023-11-24 00:34:25,642 - default - INFO - Parse: https://bohops.com/feed/
2023-11-24 00:34:25,847 - default - INFO - End: https://bohops.com/feed/ 已解析 0 篇文章
2023-11-24 00:34:25,847 - default - INFO - Parse: http://lucumr.pocoo.org/feed.atom
2023-11-24 00:34:27,386 - default - INFO - End: http://lucumr.pocoo.org/feed.atom 已解析 0 篇文章
2023-11-24 00:34:27,386 - default - INFO - Parse: http://nullprogram.com/feed/
2023-11-24 00:34:27,731 - default - INFO - End: http://nullprogram.com/feed/ 已解析 0 篇文章
2023-11-24 00:34:27,731 - default - INFO - Parse: https://code.dblock.org/feed.xml
2023-11-24 00:34:28,365 - default - INFO - End: https://code.dblock.org/feed.xml 已解析 0 篇文章
2023-11-24 00:34:28,365 - default - INFO - Parse: http://www.brendangregg.com/blog/rss.xml
2023-11-24 00:34:28,963 - default - INFO - End: http://www.brendangregg.com/blog/rss.xml 已解析 0 篇文章
2023-11-24 00:34:28,963 - default - INFO - Parse: https://www.dereuromark.de/feed/
2023-11-24 00:34:29,629 - default - INFO - End: https://www.dereuromark.de/feed/ 已解析 0 篇文章
2023-11-24 00:34:29,629 - default - INFO - Parse: https://domenicoluciani.com/feed.xml
2023-11-24 00:34:29,792 - default - INFO - End: https://domenicoluciani.com/feed.xml 已解析 0 篇文章
2023-11-24 00:34:29,792 - default - INFO - Parse: https://blog.filippo.io/rss/
2023-11-24 00:34:30,392 - default - INFO - End: https://blog.filippo.io/rss/ 已解析 0 篇文章
2023-11-24 00:34:30,392 - default - INFO - Parse: https://hookrace.net/blog/feed/
2023-11-24 00:34:32,282 - default - INFO - End: https://hookrace.net/blog/feed/ 已解析 0 篇文章
2023-11-24 00:34:32,282 - default - INFO - Parse: https://dotdev.co/feed/
2023-11-24 00:34:32,385 - default - INFO - End: https://dotdev.co/feed/ 已解析 0 篇文章
2023-11-24 00:34:32,385 - default - INFO - Parse: https://ericlippert.com/feed/
2023-11-24 00:34:32,488 - default - INFO - End: https://ericlippert.com/feed/ 已解析 0 篇文章
2023-11-24 00:34:32,488 - default - INFO - Parse: https://tomassetti.me/feed/
2023-11-24 00:34:32,775 - default - INFO - End: https://tomassetti.me/feed/ 已解析 0 篇文章
2023-11-24 00:34:32,775 - default - INFO - Parse: http://www.evanjones.ca/index.rss
2023-11-24 00:34:32,972 - default - INFO - End: http://www.evanjones.ca/index.rss 已解析 0 篇文章
2023-11-24 00:34:32,972 - default - INFO - Parse: https://deanhume.com/rss/
2023-11-24 00:34:33,446 - default - INFO - End: https://deanhume.com/rss/ 已解析 0 篇文章
2023-11-24 00:34:33,446 - default - INFO - Parse: http://feeds.feedburner.com/HighScalability
2023-11-24 00:34:33,556 - default - INFO - End: http://feeds.feedburner.com/HighScalability 已解析 0 篇文章
2023-11-24 00:34:33,556 - default - INFO - Parse: https://erikrunyon.com/feed.xml
2023-11-24 00:34:33,860 - default - INFO - End: https://erikrunyon.com/feed.xml 已解析 0 篇文章
2023-11-24 00:34:33,861 - default - INFO - Parse: https://drewdevault.com/feed.xml
2023-11-24 00:34:34,630 - default - INFO - End: https://drewdevault.com/feed.xml 已解析 0 篇文章
2023-11-24 00:34:34,630 - default - INFO - Parse: https://www.chenhuijing.com/feed.xml
2023-11-24 00:34:35,333 - default - INFO - End: https://www.chenhuijing.com/feed.xml 已解析 0 篇文章
2023-11-24 00:34:35,333 - default - INFO - Parse: https://www.metachris.com/index.xml
2023-11-24 00:34:35,493 - default - INFO - End: https://www.metachris.com/index.xml 已解析 0 篇文章
2023-11-24 00:34:35,493 - default - INFO - Parse: https://elegantcode.com/feed/
2023-11-24 00:34:35,635 - default - INFO - End: https://elegantcode.com/feed/ 已解析 0 篇文章
2023-11-24 00:34:35,635 - default - INFO - Parse: https://conductofcode.io/feed.xml
2023-11-24 00:34:35,903 - default - INFO - End: https://conductofcode.io/feed.xml 已解析 0 篇文章
2023-11-24 00:34:35,903 - default - INFO - Parse: https://glebbahmutov.com/blog/atom.xml
2023-11-24 00:34:37,032 - default - INFO - End: https://glebbahmutov.com/blog/atom.xml 已解析 0 篇文章
2023-11-24 00:34:37,032 - default - INFO - Parse: https://eli.thegreenplace.net/feeds/all.atom.xml
2023-11-24 00:34:37,410 - default - INFO - End: https://eli.thegreenplace.net/feeds/all.atom.xml 已解析 0 篇文章
2023-11-24 00:34:37,411 - default - INFO - Parse: https://henrikwarne.com/feed/
2023-11-24 00:34:37,593 - default - INFO - End: https://henrikwarne.com/feed/ 已解析 0 篇文章
2023-11-24 00:34:37,593 - default - INFO - Parse: https://davidwalsh.name/feed/atom
2023-11-24 00:34:38,222 - default - INFO - End: https://davidwalsh.name/feed/atom 已解析 0 篇文章
2023-11-24 00:34:38,222 - default - INFO - Parse: https://jeremykun.com/feed/
2023-11-24 00:34:38,397 - default - INFO - End: https://jeremykun.com/feed/ 已解析 0 篇文章
2023-11-24 00:34:38,397 - default - INFO - Parse: https://tympanus.net/codrops/rss
2023-11-24 00:34:39,494 - default - INFO - End: https://tympanus.net/codrops/rss 已解析 0 篇文章
2023-11-24 00:34:39,494 - default - INFO - Parse: http://jakewharton.com/feed.xml
2023-11-24 00:34:40,659 - default - INFO - End: http://jakewharton.com/feed.xml 已解析 0 篇文章
2023-11-24 00:34:40,659 - default - INFO - Parse: https://jes.al/atom.xml
2023-11-24 00:34:41,130 - default - INFO - End: https://jes.al/atom.xml 已解析 0 篇文章
2023-11-24 00:34:41,130 - default - INFO - Parse: https://jvns.ca/atom.xml
2023-11-24 00:34:41,788 - default - WARNING - Summarize failed. 该令牌额度已用尽
2023-11-24 00:34:41,788 - default - INFO - End: https://jvns.ca/atom.xml 已解析 1 篇文章
2023-11-24 00:34:41,788 - default - INFO - Parse: https://codeblog.jonskeet.uk/feed/
2023-11-24 00:34:41,942 - default - INFO - End: https://codeblog.jonskeet.uk/feed/ 已解析 0 篇文章
2023-11-24 00:34:41,942 - default - INFO - Parse: https://adambard.com/blog/feed.xml
2023-11-24 00:34:42,137 - default - INFO - End: https://adambard.com/blog/feed.xml 已解析 0 篇文章
2023-11-24 00:34:42,138 - default - INFO - Parse: https://useyourloaf.com/blog/rss.xml
2023-11-24 00:34:42,439 - default - INFO - End: https://useyourloaf.com/blog/rss.xml 已解析 0 篇文章
2023-11-24 00:34:42,440 - default - INFO - Parse: https://jerrygamblin.com/feed/
2023-11-24 00:34:42,834 - default - INFO - End: https://jerrygamblin.com/feed/ 已解析 0 篇文章
2023-11-24 00:34:42,834 - default - INFO - Parse: https://idea.popcount.org/rss.xml
2023-11-24 00:34:43,385 - default - INFO - End: https://idea.popcount.org/rss.xml 已解析 0 篇文章
2023-11-24 00:34:43,385 - default - INFO - Parse: https://maryrosecook.com/blog/feed.xml
2023-11-24 00:34:43,622 - default - INFO - 解析 https://maryrosecook.com/blog/feed.xml 失败 document declared as us-ascii, but parsed as utf-8
2023-11-24 00:34:43,623 - default - INFO - End: https://maryrosecook.com/blog/feed.xml 已解析 0 篇文章
2023-11-24 00:34:43,623 - default - INFO - Parse: https://begriffs.com/atom.xml
2023-11-24 00:34:45,305 - default - INFO - 解析 https://begriffs.com/atom.xml 失败 document declared as us-ascii, but parsed as utf-8
2023-11-24 00:34:45,306 - default - INFO - End: https://begriffs.com/atom.xml 已解析 0 篇文章
2023-11-24 00:34:45,306 - default - INFO - Parse: http://matt.might.net/articles/feed.rss
2023-11-24 00:34:45,973 - default - INFO - End: http://matt.might.net/articles/feed.rss 已解析 0 篇文章
2023-11-24 00:34:45,973 - default - INFO - Parse: https://martinfowler.com/feed.atom
2023-11-24 00:34:46,134 - default - INFO - End: https://martinfowler.com/feed.atom 已解析 0 篇文章
2023-11-24 00:34:46,134 - default - INFO - Parse: https://blog.sleeplessbeastie.eu/feed.xml
2023-11-24 00:34:48,856 - default - INFO - End: https://blog.sleeplessbeastie.eu/feed.xml 已解析 0 篇文章
2023-11-24 00:34:48,856 - default - INFO - Parse: https://blog.cryptographyengineering.com/feed/
2023-11-24 00:34:49,221 - default - INFO - End: https://blog.cryptographyengineering.com/feed/ 已解析 0 篇文章
2023-11-24 00:34:49,221 - default - INFO - Parse: http://blog.fogus.me/feed/
2023-11-24 00:34:50,053 - default - INFO - End: http://blog.fogus.me/feed/ 已解析 0 篇文章
2023-11-24 00:34:50,053 - default - INFO - Parse: https://blog.rinesi.com/feed/
2023-11-24 00:34:50,578 - default - INFO - 文章较短，不需要总结
2023-11-24 00:34:50,578 - default - INFO - End: https://blog.rinesi.com/feed/ 已解析 1 篇文章
2023-11-24 00:34:50,578 - default - INFO - Parse: https://snook.ca/jonathan/index.rdf
2023-11-24 00:34:50,981 - default - INFO - End: https://snook.ca/jonathan/index.rdf 已解析 0 篇文章
2023-11-24 00:34:50,981 - default - INFO - Parse: https://www.mattcutts.com/blog/feed/
2023-11-24 00:34:51,516 - default - INFO - End: https://www.mattcutts.com/blog/feed/ 已解析 0 篇文章
2023-11-24 00:34:51,516 - default - INFO - Parse: http://www.windytan.com/feeds/posts/default
2023-11-24 00:34:51,946 - default - INFO - End: http://www.windytan.com/feeds/posts/default 已解析 0 篇文章
2023-11-24 00:34:51,946 - default - INFO - Parse: https://aphyr.com/posts.atom
2023-11-24 00:34:53,278 - default - INFO - End: https://aphyr.com/posts.atom 已解析 0 篇文章
2023-11-24 00:34:53,278 - default - INFO - Parse: http://blog.pamelafox.org/feeds/posts/default
2023-11-24 00:34:53,695 - default - INFO - End: http://blog.pamelafox.org/feeds/posts/default 已解析 0 篇文章
2023-11-24 00:34:53,695 - default - INFO - Parse: https://oleb.net/blog/atom.xml
2023-11-24 00:34:53,970 - default - INFO - End: https://oleb.net/blog/atom.xml 已解析 0 篇文章
2023-11-24 00:34:53,970 - default - INFO - Parse: https://blogs.msdn.microsoft.com/oldnewthing/feed
2023-11-24 00:34:54,547 - default - WARNING - Summarize failed. 该令牌额度已用尽
2023-11-24 00:34:54,547 - default - INFO - End: https://blogs.msdn.microsoft.com/oldnewthing/feed 已解析 1 篇文章
2023-11-24 00:34:54,547 - default - INFO - Parse: https://realpython.com/atom.xml
2023-11-24 00:34:54,778 - default - INFO - End: https://realpython.com/atom.xml 已解析 0 篇文章
2023-11-24 00:34:54,778 - default - INFO - Parse: http://blog.cleancoder.com/atom.xml
2023-11-24 00:34:55,066 - default - INFO - End: http://blog.cleancoder.com/atom.xml 已解析 0 篇文章
2023-11-24 00:34:55,066 - default - INFO - Parse: https://akrabat.com/feed/
2023-11-24 00:34:55,591 - default - INFO - End: https://akrabat.com/feed/ 已解析 0 篇文章
2023-11-24 00:34:55,591 - default - INFO - Parse: https://www.thepolyglotdeveloper.com/blog/index.xml
2023-11-24 00:34:56,665 - default - INFO - End: https://www.thepolyglotdeveloper.com/blog/index.xml 已解析 0 篇文章
2023-11-24 00:34:56,666 - default - INFO - Parse: https://eviltrout.com/feed.xml
2023-11-24 00:34:57,020 - default - INFO - End: https://eviltrout.com/feed.xml 已解析 0 篇文章
2023-11-24 00:34:57,020 - default - INFO - Parse: https://joshtronic.com/atom.xml
2023-11-24 00:34:57,166 - default - INFO - 解析 https://joshtronic.com/atom.xml 失败 <unknown>:2:0: syntax error
2023-11-24 00:34:57,166 - default - INFO - End: https://joshtronic.com/atom.xml 已解析 0 篇文章
2023-11-24 00:34:57,166 - default - INFO - Parse: http://feeds.hanselman.com/ScottHanselman
2023-11-24 00:34:57,622 - default - INFO - End: http://feeds.hanselman.com/ScottHanselman 已解析 0 篇文章
2023-11-24 00:34:57,623 - default - INFO - Parse: https://blog.nelhage.com/atom.xml
2023-11-24 00:34:58,024 - default - INFO - End: https://blog.nelhage.com/atom.xml 已解析 0 篇文章
2023-11-24 00:34:58,024 - default - INFO - Parse: http://blog.rtwilson.com/feed/
2023-11-24 00:34:58,236 - default - INFO - End: http://blog.rtwilson.com/feed/ 已解析 0 篇文章
2023-11-24 00:34:58,236 - default - INFO - Parse: http://www.catonmat.net/feed/
2023-11-24 00:34:58,624 - default - INFO - 文章较短，不需要总结
2023-11-24 00:34:58,626 - default - INFO - 文章较短，不需要总结
2023-11-24 00:34:58,841 - default - WARNING - Summarize failed. 该令牌额度已用尽
2023-11-24 00:34:58,843 - default - INFO - 文章较短，不需要总结
2023-11-24 00:34:58,844 - default - INFO - 文章较短，不需要总结
2023-11-24 00:34:58,849 - default - INFO - 文章较短，不需要总结
2023-11-24 00:34:58,849 - default - INFO - End: http://www.catonmat.net/feed/ 已解析 6 篇文章
2023-11-24 00:34:58,849 - default - INFO - Parse: https://neverfriday.com/feed/
2023-11-24 00:34:59,555 - default - INFO - End: https://neverfriday.com/feed/ 已解析 0 篇文章
2023-11-24 00:34:59,555 - default - INFO - Parse: http://thedailywtf.com/rss
2023-11-24 00:35:00,245 - default - WARNING - Summarize failed. 该令牌额度已用尽
2023-11-24 00:35:00,245 - default - INFO - End: http://thedailywtf.com/rss 已解析 1 篇文章
2023-11-24 00:35:00,245 - default - INFO - Parse: https://vladmihalcea.com/feed/
2023-11-24 00:35:00,388 - default - INFO - End: https://vladmihalcea.com/feed/ 已解析 0 篇文章
2023-11-24 00:35:00,389 - default - INFO - Parse: https://www.yegor256.com/rss.xml
2023-11-24 00:35:00,642 - default - INFO - End: https://www.yegor256.com/rss.xml 已解析 0 篇文章
2023-11-24 00:35:00,642 - default - INFO - Parse: https://muffinman.io/atom.xml
2023-11-24 00:35:02,856 - default - INFO - End: https://muffinman.io/atom.xml 已解析 0 篇文章
2023-11-24 00:35:02,856 - default - INFO - Parse: https://www.ardanlabs.com/blog/index.xml
2023-11-24 00:35:03,131 - default - INFO - End: https://www.ardanlabs.com/blog/index.xml 已解析 0 篇文章
2023-11-24 00:35:03,131 - default - INFO - Parse: https://blog.getbootstrap.com/feed.xml
2023-11-24 00:35:03,332 - default - INFO - End: https://blog.getbootstrap.com/feed.xml 已解析 0 篇文章
2023-11-24 00:35:03,332 - default - INFO - Parse: https://zachholman.com/atom.xml
2023-11-24 00:35:03,482 - default - INFO - End: https://zachholman.com/atom.xml 已解析 0 篇文章
2023-11-24 00:35:03,483 - default - INFO - Parse: https://ipfs.io/blog/index.xml
2023-11-24 00:35:03,897 - default - INFO - End: https://ipfs.io/blog/index.xml 已解析 0 篇文章
2023-11-24 00:35:03,897 - default - INFO - Parse: https://blog.golang.org/feed.atom
2023-11-24 00:35:04,350 - default - INFO - End: https://blog.golang.org/feed.atom 已解析 0 篇文章
2023-11-24 00:35:04,350 - default - INFO - Parse: https://blog.jooq.org/feed/
2023-11-24 00:35:04,948 - default - INFO - End: https://blog.jooq.org/feed/ 已解析 0 篇文章
2023-11-24 00:35:04,948 - default - INFO - Parse: https://blogs.msdn.microsoft.com/dotnet/feed/
2023-11-24 00:35:05,263 - default - INFO - End: https://blogs.msdn.microsoft.com/dotnet/feed/ 已解析 0 篇文章
2023-11-24 00:35:05,264 - default - INFO - Parse: http://raganwald.com/atom.xml
2023-11-24 00:35:13,917 - default - INFO - End: http://raganwald.com/atom.xml 已解析 0 篇文章
2023-11-24 00:35:13,917 - default - INFO - Parse: https://blogs.windows.com/msedgedev/rss
2023-11-24 00:35:14,679 - default - INFO - End: https://blogs.windows.com/msedgedev/rss 已解析 0 篇文章
2023-11-24 00:35:14,679 - default - INFO - Parse: https://blog.jetbrains.com/kotlin/feed/
2023-11-24 00:35:14,836 - default - INFO - End: https://blog.jetbrains.com/kotlin/feed/ 已解析 0 篇文章
2023-11-24 00:35:14,836 - default - INFO - Parse: https://tania.dev/rss.xml
2023-11-24 00:35:16,093 - default - INFO - End: https://tania.dev/rss.xml 已解析 0 篇文章
2023-11-24 00:35:16,094 - default - INFO - Parse: https://swizec.com/blog/feed
2023-11-24 00:35:16,206 - default - INFO - 解析 https://swizec.com/blog/feed 失败 <unknown>:2:0: syntax error
2023-11-24 00:35:16,206 - default - INFO - End: https://swizec.com/blog/feed 已解析 0 篇文章
2023-11-24 00:35:16,617 - default - INFO - Aggregate 已新增 18 篇
2023-11-24 00:35:16,617 - default - INFO - Aggregate AI总结花费 {}
