2023-10-27 00:31:27,341 - default - INFO - Parse: https://goteleport.com/blog/rss.xml
2023-10-27 00:31:27,768 - default - INFO - 文章较短，不需要总结
2023-10-27 00:31:27,769 - default - INFO - End: https://goteleport.com/blog/rss.xml 已解析 1 篇文章
2023-10-27 00:31:27,769 - default - INFO - Parse: https://engineering.mercari.com/en/blog/feed.xml
2023-10-27 00:31:29,800 - default - INFO - End: https://engineering.mercari.com/en/blog/feed.xml 已解析 0 篇文章
2023-10-27 00:31:29,800 - default - INFO - Parse: https://blog.replit.com/feed.xml
2023-10-27 00:31:30,554 - default - INFO - End: https://blog.replit.com/feed.xml 已解析 0 篇文章
2023-10-27 00:31:30,555 - default - INFO - Parse: https://abhinavsarkar.net/tags/programming/feed.atom
2023-10-27 00:31:31,901 - default - INFO - End: https://abhinavsarkar.net/tags/programming/feed.atom 已解析 0 篇文章
2023-10-27 00:31:31,901 - default - INFO - Parse: https://httptoolkit.tech/rss.xml
2023-10-27 00:31:35,714 - default - INFO - End: https://httptoolkit.tech/rss.xml 已解析 0 篇文章
2023-10-27 00:31:35,714 - default - INFO - Parse: https://engineering.freeagent.com/feed/
2023-10-27 00:31:36,895 - default - INFO - End: https://engineering.freeagent.com/feed/ 已解析 0 篇文章
2023-10-27 00:31:36,895 - default - INFO - Parse: https://severalnines.com/rss.xml
2023-10-27 00:31:38,554 - default - INFO - End: https://severalnines.com/rss.xml 已解析 0 篇文章
2023-10-27 00:31:38,554 - default - INFO - Parse: https://learnk8s.io/rss.xml
2023-10-27 00:31:38,940 - default - INFO - End: https://learnk8s.io/rss.xml 已解析 0 篇文章
2023-10-27 00:31:38,940 - default - INFO - Parse: https://v8.dev/blog.atom
2023-10-27 00:31:39,323 - default - INFO - End: https://v8.dev/blog.atom 已解析 0 篇文章
2023-10-27 00:31:39,323 - default - INFO - Parse: https://technology.customink.com/feed.xml
2023-10-27 00:31:41,313 - default - INFO - 解析 https://technology.customink.com/feed.xml 失败 <unknown>:2727:89: not well-formed (invalid token)
2023-10-27 00:31:41,314 - default - INFO - End: https://technology.customink.com/feed.xml 已解析 0 篇文章
2023-10-27 00:31:41,314 - default - INFO - Parse: http://blog.avenuecode.com/rss.xml
2023-10-27 00:31:41,536 - default - INFO - End: http://blog.avenuecode.com/rss.xml 已解析 0 篇文章
2023-10-27 00:31:41,536 - default - INFO - Parse: https://8thlight.com/blog/feed/atom.xml
2023-10-27 00:31:42,269 - default - INFO - 解析 https://8thlight.com/blog/feed/atom.xml 失败 <unknown>:3:0: XML or text declaration not at start of entity
2023-10-27 00:31:43,884 - default - WARNING - Summarize failed. 该令牌状态不可用
2023-10-27 00:31:43,885 - default - INFO - End: https://8thlight.com/blog/feed/atom.xml 已解析 1 篇文章
2023-10-27 00:31:43,885 - default - INFO - Parse: http://blog.arkency.com/atom.xml
2023-10-27 00:31:44,331 - default - INFO - End: http://blog.arkency.com/atom.xml 已解析 0 篇文章
2023-10-27 00:31:44,331 - default - INFO - Parse: http://artsy.github.io/feed
2023-10-27 00:31:44,582 - default - INFO - End: http://artsy.github.io/feed 已解析 0 篇文章
2023-10-27 00:31:44,582 - default - INFO - Parse: https://www.bigeng.io/rss/
2023-10-27 00:31:44,805 - default - INFO - End: https://www.bigeng.io/rss/ 已解析 0 篇文章
2023-10-27 00:31:44,805 - default - INFO - Parse: https://advancedweb.hu/atom.xml
2023-10-27 00:31:46,308 - default - INFO - End: https://advancedweb.hu/atom.xml 已解析 0 篇文章
2023-10-27 00:31:46,308 - default - INFO - Parse: https://auth0.com/blog/rss.xml
2023-10-27 00:31:46,666 - default - INFO - 解析 https://auth0.com/blog/rss.xml 失败 document declared as us-ascii, but parsed as utf-8
2023-10-27 00:31:46,667 - default - INFO - 文章较短，不需要总结
2023-10-27 00:31:46,668 - default - INFO - End: https://auth0.com/blog/rss.xml 已解析 1 篇文章
2023-10-27 00:31:46,668 - default - INFO - Parse: https://capgemini.github.io/feed.xml
2023-10-27 00:31:47,097 - default - INFO - End: https://capgemini.github.io/feed.xml 已解析 0 篇文章
2023-10-27 00:31:47,097 - default - INFO - Parse: https://aws.amazon.com/blogs/aws/feed/
2023-10-27 00:31:47,521 - default - INFO - End: https://aws.amazon.com/blogs/aws/feed/ 已解析 0 篇文章
2023-10-27 00:31:47,522 - default - INFO - Parse: https://code.blender.org/rss
2023-10-27 00:31:48,780 - default - INFO - End: https://code.blender.org/rss 已解析 0 篇文章
2023-10-27 00:31:48,780 - default - INFO - Parse: http://www.codenameone.com/feed.xml
2023-10-27 00:31:54,055 - default - INFO - End: http://www.codenameone.com/feed.xml 已解析 0 篇文章
2023-10-27 00:31:54,055 - default - INFO - Parse: https://spin.atomicobject.com/feed/
2023-10-27 00:31:54,459 - default - WARNING - Summarize failed. 该令牌状态不可用
2023-10-27 00:31:54,460 - default - INFO - End: https://spin.atomicobject.com/feed/ 已解析 1 篇文章
2023-10-27 00:31:54,460 - default - INFO - Parse: https://blog.developer.bazaarvoice.com/feed/
2023-10-27 00:31:54,726 - default - INFO - End: https://blog.developer.bazaarvoice.com/feed/ 已解析 0 篇文章
2023-10-27 00:31:54,726 - default - INFO - Parse: https://blog.cloudflare.com/rss/
2023-10-27 00:31:56,187 - default - WARNING - Summarize failed. 该令牌状态不可用
2023-10-27 00:31:56,365 - default - WARNING - Summarize failed. 该令牌状态不可用
2023-10-27 00:31:56,785 - default - WARNING - Summarize failed. 该令牌状态不可用
2023-10-27 00:31:56,786 - default - INFO - End: https://blog.cloudflare.com/rss/ 已解析 3 篇文章
2023-10-27 00:31:56,786 - default - INFO - Parse: https://developer.atlassian.com/blog/feed.xml
2023-10-27 00:31:57,384 - default - INFO - End: https://developer.atlassian.com/blog/feed.xml 已解析 0 篇文章
2023-10-27 00:31:57,384 - default - INFO - Parse: https://blog.cloudera.com/feed/
2023-10-27 00:31:59,007 - default - WARNING - Summarize failed. 该令牌状态不可用
2023-10-27 00:31:59,506 - default - WARNING - Summarize failed. 该令牌状态不可用
2023-10-27 00:31:59,507 - default - INFO - End: https://blog.cloudera.com/feed/ 已解析 2 篇文章
2023-10-27 00:31:59,508 - default - INFO - Parse: https://www.confluent.io/feed/
2023-10-27 00:31:59,602 - default - INFO - 文章较短，不需要总结
2023-10-27 00:31:59,603 - default - INFO - End: https://www.confluent.io/feed/ 已解析 1 篇文章
2023-10-27 00:31:59,603 - default - INFO - Parse: https://tech.buzzfeed.com/feed
2023-10-27 00:32:00,272 - default - INFO - End: https://tech.buzzfeed.com/feed 已解析 0 篇文章
2023-10-27 00:32:00,273 - default - INFO - Parse: https://engineering.brandwatch.com/rss/
2023-10-27 00:32:00,612 - default - INFO - 解析 https://engineering.brandwatch.com/rss/ 失败 <urlopen error [SSL: CERTIFICATE_VERIFY_FAILED] certificate verify failed: certificate has expired (_ssl.c:1131)>
2023-10-27 00:32:00,612 - default - INFO - End: https://engineering.brandwatch.com/rss/ 已解析 0 篇文章
2023-10-27 00:32:00,612 - default - INFO - Parse: https://benchling.engineering/feed
2023-10-27 00:32:01,382 - default - INFO - End: https://benchling.engineering/feed 已解析 0 篇文章
2023-10-27 00:32:01,382 - default - INFO - Parse: https://www.elastic.co/blog/feed
2023-10-27 00:32:01,647 - default - INFO - End: https://www.elastic.co/blog/feed 已解析 1 篇文章
2023-10-27 00:32:01,647 - default - INFO - Parse: http://deliveroo.engineering/feed.xml
2023-10-27 00:32:01,937 - default - INFO - End: http://deliveroo.engineering/feed.xml 已解析 0 篇文章
2023-10-27 00:32:01,938 - default - INFO - Parse: https://techblog.commercetools.com/feed
2023-10-27 00:32:02,460 - default - INFO - End: https://techblog.commercetools.com/feed 已解析 0 篇文章
2023-10-27 00:32:02,460 - default - INFO - Parse: https://databricks.com/feed
2023-10-27 00:32:02,727 - default - INFO - End: https://databricks.com/feed 已解析 0 篇文章
2023-10-27 00:32:02,727 - default - INFO - Parse: https://deezer.io/feed
2023-10-27 00:32:03,673 - default - INFO - End: https://deezer.io/feed 已解析 0 篇文章
2023-10-27 00:32:03,673 - default - INFO - Parse: https://engineering.fb.com/feed/
2023-10-27 00:32:04,085 - default - INFO - End: https://engineering.fb.com/feed/ 已解析 0 篇文章
2023-10-27 00:32:04,085 - default - INFO - Parse: https://codeascraft.com/feed/
2023-10-27 00:32:04,514 - default - INFO - End: https://codeascraft.com/feed/ 已解析 0 篇文章
2023-10-27 00:32:04,515 - default - INFO - Parse: https://medium.com/feed/feedzaitech
2023-10-27 00:32:05,017 - default - INFO - End: https://medium.com/feed/feedzaitech 已解析 0 篇文章
2023-10-27 00:32:05,018 - default - INFO - Parse: https://tech.findmypast.com/feed.xml
2023-10-27 00:32:05,208 - default - INFO - End: https://tech.findmypast.com/feed.xml 已解析 0 篇文章
2023-10-27 00:32:05,208 - default - INFO - Parse: https://code.fb.com/feed/
2023-10-27 00:32:05,487 - default - INFO - End: https://code.fb.com/feed/ 已解析 0 篇文章
2023-10-27 00:32:05,487 - default - INFO - Parse: https://www.eventbrite.com/engineering/feed/
2023-10-27 00:32:05,617 - default - INFO - End: https://www.eventbrite.com/engineering/feed/ 已解析 0 篇文章
2023-10-27 00:32:05,617 - default - INFO - Parse: https://evernote.com/blog/feed/
2023-10-27 00:32:05,722 - default - INFO - 解析 https://evernote.com/blog/feed/ 失败 <unknown>:2:0: not well-formed (invalid token)
2023-10-27 00:32:05,722 - default - INFO - End: https://evernote.com/blog/feed/ 已解析 0 篇文章
2023-10-27 00:32:05,722 - default - INFO - Parse: https://drivy.engineering/feed.xml
2023-10-27 00:32:07,401 - default - INFO - End: https://drivy.engineering/feed.xml 已解析 0 篇文章
2023-10-27 00:32:07,401 - default - INFO - Parse: https://evilmartians.com/chronicles.atom
2023-10-27 00:32:07,650 - default - INFO - End: https://evilmartians.com/chronicles.atom 已解析 0 篇文章
2023-10-27 00:32:07,650 - default - INFO - Parse: https://www.ebayinc.com/stories/blogs/tech/rss/
2023-10-27 00:32:08,644 - default - INFO - End: https://www.ebayinc.com/stories/blogs/tech/rss/ 已解析 0 篇文章
2023-10-27 00:32:08,644 - default - INFO - Parse: http://feeds.feedburner.com/GoogleOnlineSecurityBlog
2023-10-27 00:32:09,853 - default - WARNING - Summarize failed. 该令牌状态不可用
2023-10-27 00:32:10,018 - default - WARNING - Summarize failed. 该令牌状态不可用
2023-10-27 00:32:10,018 - default - INFO - End: http://feeds.feedburner.com/GoogleOnlineSecurityBlog 已解析 2 篇文章
2023-10-27 00:32:10,019 - default - INFO - Parse: https://galois.com/feed/
2023-10-27 00:32:10,279 - default - INFO - End: https://galois.com/feed/ 已解析 0 篇文章
2023-10-27 00:32:10,279 - default - INFO - Parse: https://githubengineering.com/atom.xml
2023-10-27 00:32:10,740 - default - INFO - End: https://githubengineering.com/atom.xml 已解析 0 篇文章
2023-10-27 00:32:10,740 - default - INFO - Parse: https://blog.digitalocean.com/rss/
2023-10-27 00:32:11,508 - default - INFO - 解析 https://blog.digitalocean.com/rss/ 失败 application/octet-stream is not an XML media type
2023-10-27 00:32:11,509 - default - INFO - End: https://blog.digitalocean.com/rss/ 已解析 0 篇文章
2023-10-27 00:32:11,509 - default - INFO - Parse: https://www.hashicorp.com/blog/feed.xml
2023-10-27 00:32:11,835 - default - WARNING - Summarize failed. 该令牌状态不可用
2023-10-27 00:32:11,979 - default - WARNING - Summarize failed. 该令牌状态不可用
2023-10-27 00:32:11,980 - default - INFO - End: https://www.hashicorp.com/blog/feed.xml 已解析 2 篇文章
2023-10-27 00:32:11,980 - default - INFO - Parse: https://collectiveidea.com/blog/feed/
2023-10-27 00:32:12,933 - default - INFO - End: https://collectiveidea.com/blog/feed/ 已解析 0 篇文章
2023-10-27 00:32:12,933 - default - INFO - Parse: http://feeds.feedburner.com/blogspot/gJZg
2023-10-27 00:32:13,804 - default - INFO - End: http://feeds.feedburner.com/blogspot/gJZg 已解析 0 篇文章
2023-10-27 00:32:13,804 - default - INFO - Parse: http://engineering.grab.com/feed.xml
2023-10-27 00:32:14,030 - default - INFO - End: http://engineering.grab.com/feed.xml 已解析 0 篇文章
2023-10-27 00:32:14,030 - default - INFO - Parse: https://engineering.gusto.com/rss/
2023-10-27 00:32:14,195 - default - INFO - End: https://engineering.gusto.com/rss/ 已解析 0 篇文章
2023-10-27 00:32:14,195 - default - INFO - Parse: https://www.hostinger.com/blog/feed/
2023-10-27 00:32:15,041 - default - WARNING - Summarize failed. 该令牌状态不可用
2023-10-27 00:32:15,455 - default - WARNING - Summarize failed. 该令牌状态不可用
2023-10-27 00:32:15,457 - default - INFO - End: https://www.hostinger.com/blog/feed/ 已解析 2 篇文章
2023-10-27 00:32:15,457 - default - INFO - Parse: https://engineering.doximity.com/feed
2023-10-27 00:32:16,842 - default - INFO - End: https://engineering.doximity.com/feed 已解析 0 篇文章
2023-10-27 00:32:16,843 - default - INFO - Parse: https://www.cockroachlabs.com/blog/index.xml
2023-10-27 00:32:17,329 - default - INFO - End: https://www.cockroachlabs.com/blog/index.xml 已解析 0 篇文章
2023-10-27 00:32:17,329 - default - INFO - Parse: https://product.hubspot.com/blog/rss.xml
2023-10-27 00:32:17,574 - default - INFO - End: https://product.hubspot.com/blog/rss.xml 已解析 0 篇文章
2023-10-27 00:32:17,574 - default - INFO - Parse: https://lambda.grofers.com/feed
2023-10-27 00:32:18,046 - default - INFO - End: https://lambda.grofers.com/feed 已解析 0 篇文章
2023-10-27 00:32:18,046 - default - INFO - Parse: https://dropbox.tech/feed
2023-10-27 00:32:18,779 - default - INFO - End: https://dropbox.tech/feed 已解析 0 篇文章
2023-10-27 00:32:18,779 - default - INFO - Parse: https://engineering.hashnode.com/rss.xml
2023-10-27 00:32:19,183 - default - INFO - 解析 https://engineering.hashnode.com/rss.xml 失败 document declared as us-ascii, but parsed as utf-8
2023-10-27 00:32:19,500 - default - WARNING - Summarize failed. 该令牌状态不可用
2023-10-27 00:32:19,500 - default - INFO - End: https://engineering.hashnode.com/rss.xml 已解析 1 篇文章
2023-10-27 00:32:19,501 - default - INFO - Parse: https://kinvolk.io/blog/index.xml
2023-10-27 00:32:19,628 - default - INFO - 解析 https://kinvolk.io/blog/index.xml 失败 document declared as us-ascii, but parsed as utf-8
2023-10-27 00:32:19,628 - default - INFO - End: https://kinvolk.io/blog/index.xml 已解析 0 篇文章
2023-10-27 00:32:19,628 - default - INFO - Parse: https://tech.instacart.com/feed
2023-10-27 00:32:20,269 - default - INFO - End: https://tech.instacart.com/feed 已解析 0 篇文章
2023-10-27 00:32:20,270 - default - INFO - Parse: https://kolosek.com/rss/
2023-10-27 00:32:20,625 - default - INFO - 解析 https://kolosek.com/rss/ 失败 <unknown>:19:18: not well-formed (invalid token)
2023-10-27 00:32:20,625 - default - INFO - End: https://kolosek.com/rss/ 已解析 0 篇文章
2023-10-27 00:32:20,625 - default - INFO - Parse: https://blog.heroku.com/engineering/feed
2023-10-27 00:32:21,505 - default - INFO - End: https://blog.heroku.com/engineering/feed 已解析 0 篇文章
2023-10-27 00:32:21,505 - default - INFO - Parse: https://hashrocket.com/blog.rss
2023-10-27 00:32:22,332 - default - INFO - End: https://hashrocket.com/blog.rss 已解析 0 篇文章
2023-10-27 00:32:22,332 - default - INFO - Parse: https://jobandtalent.engineering/feed
2023-10-27 00:32:23,000 - default - INFO - End: https://jobandtalent.engineering/feed 已解析 0 篇文章
2023-10-27 00:32:23,000 - default - INFO - Parse: https://blog.imgur.com/feed/
2023-10-27 00:32:23,802 - default - INFO - End: https://blog.imgur.com/feed/ 已解析 0 篇文章
2023-10-27 00:32:23,803 - default - INFO - Parse: https://nordicapis.com/feed/
2023-10-27 00:32:25,119 - default - WARNING - Summarize failed. 该令牌状态不可用
2023-10-27 00:32:25,121 - default - INFO - End: https://nordicapis.com/feed/ 已解析 1 篇文章
2023-10-27 00:32:25,122 - default - INFO - Parse: https://blog.novoda.com/rss/
2023-10-27 00:32:25,968 - default - INFO - End: https://blog.novoda.com/rss/ 已解析 0 篇文章
2023-10-27 00:32:25,968 - default - INFO - Parse: https://developer.okta.com/feed.xml
2023-10-27 00:32:26,983 - default - WARNING - Summarize failed. 该令牌状态不可用
2023-10-27 00:32:26,984 - default - INFO - End: https://developer.okta.com/feed.xml 已解析 1 篇文章
2023-10-27 00:32:26,984 - default - INFO - Parse: https://eng.lyft.com/feed
2023-10-27 00:32:27,678 - default - INFO - End: https://eng.lyft.com/feed 已解析 0 篇文章
2023-10-27 00:32:27,678 - default - INFO - Parse: http://blog.memsql.com/feed/
2023-10-27 00:32:28,024 - default - INFO - 解析 http://blog.memsql.com/feed/ 失败 document declared as us-ascii, but parsed as utf-8
2023-10-27 00:32:28,025 - default - INFO - End: http://blog.memsql.com/feed/ 已解析 0 篇文章
2023-10-27 00:32:28,025 - default - INFO - Parse: https://engineering.mixpanel.com/feed/
2023-10-27 00:32:28,708 - default - INFO - End: https://engineering.mixpanel.com/feed/ 已解析 0 篇文章
2023-10-27 00:32:28,709 - default - INFO - Parse: https://medium.engineering/feed
2023-10-27 00:32:29,206 - default - INFO - End: https://medium.engineering/feed 已解析 0 篇文章
2023-10-27 00:32:29,206 - default - INFO - Parse: http://blog.apps.npr.org/atom.xml
2023-10-27 00:32:30,367 - default - INFO - 解析 http://blog.apps.npr.org/atom.xml 失败 <unknown>:1172:54: undefined entity
2023-10-27 00:32:30,368 - default - INFO - End: http://blog.apps.npr.org/atom.xml 已解析 0 篇文章
2023-10-27 00:32:30,368 - default - INFO - Parse: https://engblog.nextdoor.com/feed
2023-10-27 00:32:31,010 - default - INFO - End: https://engblog.nextdoor.com/feed 已解析 0 篇文章
2023-10-27 00:32:31,010 - default - INFO - Parse: https://hacks.mozilla.org/feed/
2023-10-27 00:32:31,547 - default - INFO - End: https://hacks.mozilla.org/feed/ 已解析 0 篇文章
2023-10-27 00:32:31,547 - default - INFO - Parse: https://developers.redhat.com/blog/feed/atom/
2023-10-27 00:32:32,615 - default - INFO - End: https://developers.redhat.com/blog/feed/atom/ 已解析 0 篇文章
2023-10-27 00:32:32,615 - default - INFO - Parse: https://tech.olx.com/feed
2023-10-27 00:32:33,308 - default - INFO - End: https://tech.olx.com/feed 已解析 0 篇文章
2023-10-27 00:32:33,308 - default - INFO - Parse: https://postmarkapp.com/blog/feed.atom
2023-10-27 00:32:34,439 - default - INFO - End: https://postmarkapp.com/blog/feed.atom 已解析 0 篇文章
2023-10-27 00:32:34,439 - default - INFO - Parse: http://engineering.remind.com/feed.xml
2023-10-27 00:32:34,843 - default - INFO - End: http://engineering.remind.com/feed.xml 已解析 0 篇文章
2023-10-27 00:32:34,843 - default - INFO - Parse: https://tech.showmax.com/feed.xml
2023-10-27 00:32:36,439 - default - INFO - End: https://tech.showmax.com/feed.xml 已解析 0 篇文章
2023-10-27 00:32:36,439 - default - INFO - Parse: https://multithreaded.stitchfix.com/feed.xml
2023-10-27 00:32:36,763 - default - INFO - End: https://multithreaded.stitchfix.com/feed.xml 已解析 0 篇文章
2023-10-27 00:32:36,763 - default - INFO - Parse: https://labs.spotify.com/feed/
2023-10-27 00:32:38,922 - default - INFO - End: https://labs.spotify.com/feed/ 已解析 0 篇文章
2023-10-27 00:32:38,922 - default - INFO - Parse: https://www.stridenyc.com/blog/rss.xml
2023-10-27 00:32:39,145 - default - INFO - End: https://www.stridenyc.com/blog/rss.xml 已解析 0 篇文章
2023-10-27 00:32:39,145 - default - INFO - Parse: https://technology.skybettingandgaming.com/feed.xml
2023-10-27 00:32:39,534 - default - INFO - End: https://technology.skybettingandgaming.com/feed.xml 已解析 0 篇文章
2023-10-27 00:32:39,534 - default - INFO - Parse: https://umbrella.cisco.com/blog/feed/
2023-10-27 00:32:40,285 - default - INFO - End: https://umbrella.cisco.com/blog/feed/ 已解析 0 篇文章
2023-10-27 00:32:40,285 - default - INFO - Parse: https://www.surveymonkey.com/feed/
2023-10-27 00:32:40,419 - default - INFO - End: https://www.surveymonkey.com/feed/ 已解析 0 篇文章
2023-10-27 00:32:40,419 - default - INFO - Parse: https://engineering.prezi.com/feed
2023-10-27 00:32:41,094 - default - INFO - End: https://engineering.prezi.com/feed 已解析 0 篇文章
2023-10-27 00:32:41,094 - default - INFO - Parse: https://semaphoreci.com/community/tutorials.atom
2023-10-27 00:32:42,436 - default - WARNING - Summarize failed. 该令牌状态不可用
2023-10-27 00:32:42,437 - default - INFO - End: https://semaphoreci.com/community/tutorials.atom 已解析 1 篇文章
2023-10-27 00:32:42,437 - default - INFO - Parse: https://developer.salesforce.com/blogs/feed
2023-10-27 00:32:42,842 - default - WARNING - Summarize failed. 该令牌状态不可用
2023-10-27 00:32:42,843 - default - INFO - End: https://developer.salesforce.com/blogs/feed 已解析 1 篇文章
2023-10-27 00:32:42,843 - default - INFO - Parse: https://mesosphere.com/feed/
2023-10-27 00:32:43,192 - default - INFO - End: https://mesosphere.com/feed/ 已解析 0 篇文章
2023-10-27 00:32:43,192 - default - INFO - Parse: https://feeds.feedburner.com/GiantRobotsSmashingIntoOtherGiantRobots
2023-10-27 00:32:43,572 - default - WARNING - Summarize failed. 该令牌状态不可用
2023-10-27 00:32:43,747 - default - WARNING - Summarize failed. 该令牌状态不可用
2023-10-27 00:32:43,748 - default - INFO - End: https://feeds.feedburner.com/GiantRobotsSmashingIntoOtherGiantRobots 已解析 2 篇文章
2023-10-27 00:32:43,748 - default - INFO - Parse: https://www.toptal.com/blog.rss
2023-10-27 00:32:44,138 - default - INFO - End: https://www.toptal.com/blog.rss 已解析 0 篇文章
2023-10-27 00:32:44,138 - default - INFO - Parse: https://slack.engineering/feed
2023-10-27 00:32:44,631 - default - INFO - End: https://slack.engineering/feed 已解析 0 篇文章
2023-10-27 00:32:44,631 - default - INFO - Parse: http://semaphoreci.com/blog/engineering.xml
2023-10-27 00:32:45,941 - default - INFO - End: http://semaphoreci.com/blog/engineering.xml 已解析 0 篇文章
2023-10-27 00:32:45,941 - default - INFO - Parse: https://blog.siftscience.com/feed/
2023-10-27 00:32:46,815 - default - INFO - End: https://blog.siftscience.com/feed/ 已解析 0 篇文章
2023-10-27 00:32:46,815 - default - INFO - Parse: https://stackoverflow.blog/feed/
2023-10-27 00:32:47,036 - default - INFO - 文章较短，不需要总结
2023-10-27 00:32:47,037 - default - INFO - End: https://stackoverflow.blog/feed/ 已解析 1 篇文章
2023-10-27 00:32:47,037 - default - INFO - Parse: http://techblog.thescore.com/feed.xml
2023-10-27 00:32:48,328 - default - INFO - 解析 http://techblog.thescore.com/feed.xml 失败 <unknown>:1500:26: not well-formed (invalid token)
2023-10-27 00:32:48,328 - default - INFO - End: http://techblog.thescore.com/feed.xml 已解析 0 篇文章
2023-10-27 00:32:48,328 - default - INFO - Parse: https://tech.trivago.com/index.xml
2023-10-27 00:32:48,442 - default - INFO - End: https://tech.trivago.com/index.xml 已解析 0 篇文章
2023-10-27 00:32:48,442 - default - INFO - Parse: https://www.thoughtworks.com/rss/insights.xml
2023-10-27 00:32:51,409 - default - INFO - End: https://www.thoughtworks.com/rss/insights.xml 已解析 0 篇文章
2023-10-27 00:32:51,409 - default - INFO - Parse: https://bytes.swiggy.com/feed
2023-10-27 00:32:52,089 - default - INFO - End: https://bytes.swiggy.com/feed 已解析 0 篇文章
2023-10-27 00:32:52,089 - default - INFO - Parse: http://engineering.vinted.com//atom.xml
2023-10-27 00:32:52,346 - default - INFO - End: http://engineering.vinted.com//atom.xml 已解析 0 篇文章
2023-10-27 00:32:52,346 - default - INFO - Parse: https://developers.soundcloud.com/blog.rss
2023-10-27 00:32:54,588 - default - INFO - End: https://developers.soundcloud.com/blog.rss 已解析 0 篇文章
2023-10-27 00:32:54,588 - default - INFO - Parse: https://blog.timescale.com/feed
2023-10-27 00:32:55,174 - default - INFO - End: https://blog.timescale.com/feed 已解析 0 篇文章
2023-10-27 00:32:55,175 - default - INFO - Parse: https://engineering.tumblr.com/rss
2023-10-27 00:32:55,809 - default - INFO - End: https://engineering.tumblr.com/rss 已解析 0 篇文章
2023-10-27 00:32:55,809 - default - INFO - Parse: http://eng.wealthfront.com/feed/
2023-10-27 00:32:56,127 - default - INFO - End: http://eng.wealthfront.com/feed/ 已解析 0 篇文章
2023-10-27 00:32:56,127 - default - INFO - Parse: https://www.sitepoint.com/feed/
2023-10-27 00:32:56,860 - default - INFO - 文章较短，不需要总结
2023-10-27 00:32:56,861 - default - INFO - End: https://www.sitepoint.com/feed/ 已解析 1 篇文章
2023-10-27 00:32:56,861 - default - INFO - Parse: https://stripe.com/blog/feed.rss
2023-10-27 00:32:57,475 - default - INFO - End: https://stripe.com/blog/feed.rss 已解析 0 篇文章
2023-10-27 00:32:57,475 - default - INFO - Parse: http://engineering.wingify.com/atom.xml
2023-10-27 00:32:59,091 - default - INFO - End: http://engineering.wingify.com/atom.xml 已解析 0 篇文章
2023-10-27 00:32:59,091 - default - INFO - Parse: https://infrequently.org/feed/
2023-10-27 00:32:59,340 - default - INFO - End: https://infrequently.org/feed/ 已解析 0 篇文章
2023-10-27 00:32:59,340 - default - INFO - Parse: https://www.amitmerchant.com/feed.xml
2023-10-27 00:32:59,510 - default - INFO - End: https://www.amitmerchant.com/feed.xml 已解析 0 篇文章
2023-10-27 00:32:59,510 - default - INFO - Parse: https://buildingvts.com/feed
2023-10-27 00:33:00,091 - default - INFO - End: https://buildingvts.com/feed 已解析 0 篇文章
2023-10-27 00:33:00,091 - default - INFO - Parse: http://addyosmani.com/rss.xml
2023-10-27 00:33:00,354 - default - INFO - End: http://addyosmani.com/rss.xml 已解析 0 篇文章
2023-10-27 00:33:00,354 - default - INFO - Parse: https://engineeringblog.yelp.com/feed.xml
2023-10-27 00:33:00,475 - default - INFO - 解析 https://engineeringblog.yelp.com/feed.xml 失败 document declared as us-ascii, but parsed as utf-8
2023-10-27 00:33:00,475 - default - INFO - End: https://engineeringblog.yelp.com/feed.xml 已解析 0 篇文章
2023-10-27 00:33:00,475 - default - INFO - Parse: https://alanstorm.com/feed/feed.xml
2023-10-27 00:33:01,355 - default - INFO - 解析 https://alanstorm.com/feed/feed.xml 失败 <unknown>:124:0: junk after document element
2023-10-27 00:33:01,356 - default - INFO - End: https://alanstorm.com/feed/feed.xml 已解析 0 篇文章
2023-10-27 00:33:01,356 - default - INFO - Parse: https://ariya.io/index.xml
2023-10-27 00:33:01,493 - default - INFO - End: https://ariya.io/index.xml 已解析 0 篇文章
2023-10-27 00:33:01,493 - default - INFO - Parse: https://tech.xing.com/feed
2023-10-27 00:33:03,191 - default - INFO - End: https://tech.xing.com/feed 已解析 0 篇文章
2023-10-27 00:33:03,191 - default - INFO - Parse: http://tenderlovemaking.com/atom.xml
2023-10-27 00:33:03,678 - default - INFO - End: http://tenderlovemaking.com/atom.xml 已解析 0 篇文章
2023-10-27 00:33:03,678 - default - INFO - Parse: https://www.devroom.io/index.xml
2023-10-27 00:33:04,984 - default - INFO - 解析 https://www.devroom.io/index.xml 失败 document declared as us-ascii, but parsed as utf-8
2023-10-27 00:33:04,985 - default - INFO - End: https://www.devroom.io/index.xml 已解析 0 篇文章
2023-10-27 00:33:04,985 - default - INFO - Parse: https://carlosbecker.com/index.xml
2023-10-27 00:33:05,184 - default - INFO - End: https://carlosbecker.com/index.xml 已解析 0 篇文章
2023-10-27 00:33:05,184 - default - INFO - Parse: https://developerblog.zendesk.com/feed
2023-10-27 00:33:05,716 - default - INFO - End: https://developerblog.zendesk.com/feed 已解析 0 篇文章
2023-10-27 00:33:05,716 - default - INFO - Parse: https://bohops.com/feed/
2023-10-27 00:33:05,998 - default - INFO - End: https://bohops.com/feed/ 已解析 0 篇文章
2023-10-27 00:33:05,998 - default - INFO - Parse: http://lucumr.pocoo.org/feed.atom
2023-10-27 00:33:08,175 - default - INFO - End: http://lucumr.pocoo.org/feed.atom 已解析 0 篇文章
2023-10-27 00:33:08,175 - default - INFO - Parse: http://nullprogram.com/feed/
2023-10-27 00:33:08,543 - default - INFO - End: http://nullprogram.com/feed/ 已解析 0 篇文章
2023-10-27 00:33:08,543 - default - INFO - Parse: https://code.dblock.org/feed.xml
2023-10-27 00:33:09,233 - default - INFO - End: https://code.dblock.org/feed.xml 已解析 0 篇文章
2023-10-27 00:33:09,233 - default - INFO - Parse: http://www.brendangregg.com/blog/rss.xml
2023-10-27 00:33:09,454 - default - INFO - End: http://www.brendangregg.com/blog/rss.xml 已解析 0 篇文章
2023-10-27 00:33:09,455 - default - INFO - Parse: https://www.dereuromark.de/feed/
2023-10-27 00:33:10,464 - default - INFO - End: https://www.dereuromark.de/feed/ 已解析 0 篇文章
2023-10-27 00:33:10,464 - default - INFO - Parse: https://domenicoluciani.com/feed.xml
2023-10-27 00:33:10,626 - default - INFO - End: https://domenicoluciani.com/feed.xml 已解析 0 篇文章
2023-10-27 00:33:10,626 - default - INFO - Parse: https://blog.filippo.io/rss/
2023-10-27 00:33:11,018 - default - INFO - End: https://blog.filippo.io/rss/ 已解析 0 篇文章
2023-10-27 00:33:11,018 - default - INFO - Parse: https://hookrace.net/blog/feed/
2023-10-27 00:33:13,914 - default - INFO - End: https://hookrace.net/blog/feed/ 已解析 0 篇文章
2023-10-27 00:33:13,914 - default - INFO - Parse: https://dotdev.co/feed/
2023-10-27 00:33:14,193 - default - INFO - End: https://dotdev.co/feed/ 已解析 0 篇文章
2023-10-27 00:33:14,193 - default - INFO - Parse: https://ericlippert.com/feed/
2023-10-27 00:33:14,318 - default - INFO - End: https://ericlippert.com/feed/ 已解析 0 篇文章
2023-10-27 00:33:14,318 - default - INFO - Parse: https://tomassetti.me/feed/
2023-10-27 00:33:14,613 - default - INFO - End: https://tomassetti.me/feed/ 已解析 0 篇文章
2023-10-27 00:33:14,613 - default - INFO - Parse: http://www.evanjones.ca/index.rss
2023-10-27 00:33:14,993 - default - INFO - End: http://www.evanjones.ca/index.rss 已解析 0 篇文章
2023-10-27 00:33:14,993 - default - INFO - Parse: https://deanhume.com/rss/
2023-10-27 00:33:15,659 - default - INFO - End: https://deanhume.com/rss/ 已解析 0 篇文章
2023-10-27 00:33:15,660 - default - INFO - Parse: http://feeds.feedburner.com/HighScalability
2023-10-27 00:33:15,828 - default - INFO - End: http://feeds.feedburner.com/HighScalability 已解析 0 篇文章
2023-10-27 00:33:15,828 - default - INFO - Parse: https://erikrunyon.com/feed.xml
2023-10-27 00:33:16,020 - default - INFO - End: https://erikrunyon.com/feed.xml 已解析 0 篇文章
2023-10-27 00:33:16,020 - default - INFO - Parse: https://drewdevault.com/feed.xml
2023-10-27 00:33:17,272 - default - INFO - End: https://drewdevault.com/feed.xml 已解析 0 篇文章
2023-10-27 00:33:17,272 - default - INFO - Parse: https://www.chenhuijing.com/feed.xml
2023-10-27 00:33:17,763 - default - INFO - End: https://www.chenhuijing.com/feed.xml 已解析 0 篇文章
2023-10-27 00:33:17,763 - default - INFO - Parse: https://www.metachris.com/index.xml
2023-10-27 00:33:17,913 - default - INFO - End: https://www.metachris.com/index.xml 已解析 0 篇文章
2023-10-27 00:33:17,913 - default - INFO - Parse: https://elegantcode.com/feed/
2023-10-27 00:33:18,026 - default - INFO - End: https://elegantcode.com/feed/ 已解析 0 篇文章
2023-10-27 00:33:18,027 - default - INFO - Parse: https://conductofcode.io/feed.xml
2023-10-27 00:33:18,603 - default - INFO - End: https://conductofcode.io/feed.xml 已解析 0 篇文章
2023-10-27 00:33:18,604 - default - INFO - Parse: https://glebbahmutov.com/blog/atom.xml
2023-10-27 00:33:20,225 - default - INFO - End: https://glebbahmutov.com/blog/atom.xml 已解析 0 篇文章
2023-10-27 00:33:20,225 - default - INFO - Parse: https://eli.thegreenplace.net/feeds/all.atom.xml
2023-10-27 00:33:21,231 - default - INFO - End: https://eli.thegreenplace.net/feeds/all.atom.xml 已解析 0 篇文章
2023-10-27 00:33:21,231 - default - INFO - Parse: https://henrikwarne.com/feed/
2023-10-27 00:33:21,357 - default - INFO - End: https://henrikwarne.com/feed/ 已解析 0 篇文章
2023-10-27 00:33:21,357 - default - INFO - Parse: https://davidwalsh.name/feed/atom
2023-10-27 00:33:21,964 - default - INFO - End: https://davidwalsh.name/feed/atom 已解析 0 篇文章
2023-10-27 00:33:21,964 - default - INFO - Parse: https://jeremykun.com/feed/
2023-10-27 00:33:22,200 - default - INFO - End: https://jeremykun.com/feed/ 已解析 0 篇文章
2023-10-27 00:33:22,201 - default - INFO - Parse: https://tympanus.net/codrops/rss
2023-10-27 00:33:23,667 - default - INFO - End: https://tympanus.net/codrops/rss 已解析 0 篇文章
2023-10-27 00:33:23,667 - default - INFO - Parse: http://jakewharton.com/feed.xml
2023-10-27 00:33:24,930 - default - INFO - End: http://jakewharton.com/feed.xml 已解析 0 篇文章
2023-10-27 00:33:24,931 - default - INFO - Parse: https://jes.al/atom.xml
2023-10-27 00:33:25,139 - default - INFO - End: https://jes.al/atom.xml 已解析 0 篇文章
2023-10-27 00:33:25,139 - default - INFO - Parse: https://jvns.ca/atom.xml
2023-10-27 00:33:25,588 - default - INFO - End: https://jvns.ca/atom.xml 已解析 0 篇文章
2023-10-27 00:33:25,588 - default - INFO - Parse: https://codeblog.jonskeet.uk/feed/
2023-10-27 00:33:25,837 - default - INFO - End: https://codeblog.jonskeet.uk/feed/ 已解析 0 篇文章
2023-10-27 00:33:25,837 - default - INFO - Parse: https://adambard.com/blog/feed.xml
2023-10-27 00:33:26,033 - default - INFO - End: https://adambard.com/blog/feed.xml 已解析 0 篇文章
2023-10-27 00:33:26,033 - default - INFO - Parse: https://useyourloaf.com/blog/rss.xml
2023-10-27 00:33:26,397 - default - INFO - End: https://useyourloaf.com/blog/rss.xml 已解析 0 篇文章
2023-10-27 00:33:26,397 - default - INFO - Parse: https://jerrygamblin.com/feed/
2023-10-27 00:33:26,939 - default - INFO - End: https://jerrygamblin.com/feed/ 已解析 0 篇文章
2023-10-27 00:33:26,939 - default - INFO - Parse: https://idea.popcount.org/rss.xml
2023-10-27 00:33:27,941 - default - INFO - End: https://idea.popcount.org/rss.xml 已解析 0 篇文章
2023-10-27 00:33:27,941 - default - INFO - Parse: https://maryrosecook.com/blog/feed.xml
2023-10-27 00:33:28,314 - default - INFO - 解析 https://maryrosecook.com/blog/feed.xml 失败 document declared as us-ascii, but parsed as utf-8
2023-10-27 00:33:28,314 - default - INFO - End: https://maryrosecook.com/blog/feed.xml 已解析 0 篇文章
2023-10-27 00:33:28,314 - default - INFO - Parse: https://begriffs.com/atom.xml
2023-10-27 00:33:29,866 - default - INFO - 解析 https://begriffs.com/atom.xml 失败 document declared as us-ascii, but parsed as utf-8
2023-10-27 00:33:29,866 - default - INFO - End: https://begriffs.com/atom.xml 已解析 0 篇文章
2023-10-27 00:33:29,866 - default - INFO - Parse: http://matt.might.net/articles/feed.rss
2023-10-27 00:33:31,022 - default - INFO - End: http://matt.might.net/articles/feed.rss 已解析 0 篇文章
2023-10-27 00:33:31,022 - default - INFO - Parse: https://martinfowler.com/feed.atom
2023-10-27 00:33:31,496 - default - INFO - End: https://martinfowler.com/feed.atom 已解析 0 篇文章
2023-10-27 00:33:31,496 - default - INFO - Parse: https://blog.sleeplessbeastie.eu/feed.xml
2023-10-27 00:33:34,806 - default - INFO - End: https://blog.sleeplessbeastie.eu/feed.xml 已解析 0 篇文章
2023-10-27 00:33:34,806 - default - INFO - Parse: https://blog.cryptographyengineering.com/feed/
2023-10-27 00:33:35,237 - default - INFO - End: https://blog.cryptographyengineering.com/feed/ 已解析 0 篇文章
2023-10-27 00:33:35,237 - default - INFO - Parse: http://blog.fogus.me/feed/
2023-10-27 00:33:36,215 - default - INFO - End: http://blog.fogus.me/feed/ 已解析 0 篇文章
2023-10-27 00:33:36,215 - default - INFO - Parse: https://blog.rinesi.com/feed/
2023-10-27 00:33:36,744 - default - INFO - End: https://blog.rinesi.com/feed/ 已解析 0 篇文章
2023-10-27 00:33:36,745 - default - INFO - Parse: https://snook.ca/jonathan/index.rdf
2023-10-27 00:33:37,255 - default - INFO - End: https://snook.ca/jonathan/index.rdf 已解析 0 篇文章
2023-10-27 00:33:37,255 - default - INFO - Parse: https://www.mattcutts.com/blog/feed/
2023-10-27 00:33:37,329 - default - INFO - End: https://www.mattcutts.com/blog/feed/ 已解析 0 篇文章
2023-10-27 00:33:37,329 - default - INFO - Parse: http://www.windytan.com/feeds/posts/default
2023-10-27 00:33:37,933 - default - INFO - End: http://www.windytan.com/feeds/posts/default 已解析 0 篇文章
2023-10-27 00:33:37,934 - default - INFO - Parse: https://aphyr.com/posts.atom
2023-10-27 00:33:39,564 - default - INFO - End: https://aphyr.com/posts.atom 已解析 0 篇文章
2023-10-27 00:33:39,564 - default - INFO - Parse: http://blog.pamelafox.org/feeds/posts/default
2023-10-27 00:33:39,873 - default - INFO - End: http://blog.pamelafox.org/feeds/posts/default 已解析 0 篇文章
2023-10-27 00:33:39,873 - default - INFO - Parse: https://oleb.net/blog/atom.xml
2023-10-27 00:33:40,239 - default - INFO - End: https://oleb.net/blog/atom.xml 已解析 0 篇文章
2023-10-27 00:33:40,239 - default - INFO - Parse: https://blogs.msdn.microsoft.com/oldnewthing/feed
2023-10-27 00:33:40,868 - default - WARNING - Summarize failed. 该令牌状态不可用
2023-10-27 00:33:40,869 - default - INFO - End: https://blogs.msdn.microsoft.com/oldnewthing/feed 已解析 1 篇文章
2023-10-27 00:33:40,869 - default - INFO - Parse: https://realpython.com/atom.xml
2023-10-27 00:33:41,100 - default - INFO - End: https://realpython.com/atom.xml 已解析 0 篇文章
2023-10-27 00:33:41,100 - default - INFO - Parse: http://blog.cleancoder.com/atom.xml
2023-10-27 00:33:41,239 - default - INFO - End: http://blog.cleancoder.com/atom.xml 已解析 0 篇文章
2023-10-27 00:33:41,239 - default - INFO - Parse: https://akrabat.com/feed/
2023-10-27 00:33:42,145 - default - INFO - End: https://akrabat.com/feed/ 已解析 0 篇文章
2023-10-27 00:33:42,146 - default - INFO - Parse: https://www.thepolyglotdeveloper.com/blog/index.xml
2023-10-27 00:33:43,373 - default - INFO - End: https://www.thepolyglotdeveloper.com/blog/index.xml 已解析 0 篇文章
2023-10-27 00:33:43,373 - default - INFO - Parse: https://eviltrout.com/feed.xml
2023-10-27 00:33:43,632 - default - INFO - End: https://eviltrout.com/feed.xml 已解析 0 篇文章
2023-10-27 00:33:43,632 - default - INFO - Parse: https://joshtronic.com/atom.xml
2023-10-27 00:33:51,617 - default - INFO - End: https://joshtronic.com/atom.xml 已解析 0 篇文章
2023-10-27 00:33:51,617 - default - INFO - Parse: http://feeds.hanselman.com/ScottHanselman
2023-10-27 00:33:52,075 - default - INFO - End: http://feeds.hanselman.com/ScottHanselman 已解析 0 篇文章
2023-10-27 00:33:52,075 - default - INFO - Parse: https://blog.nelhage.com/atom.xml
2023-10-27 00:33:52,748 - default - INFO - End: https://blog.nelhage.com/atom.xml 已解析 0 篇文章
2023-10-27 00:33:52,748 - default - INFO - Parse: http://blog.rtwilson.com/feed/
2023-10-27 00:33:53,555 - default - INFO - End: http://blog.rtwilson.com/feed/ 已解析 0 篇文章
2023-10-27 00:33:53,555 - default - INFO - Parse: http://www.catonmat.net/feed/
2023-10-27 00:33:54,589 - default - INFO - 文章较短，不需要总结
2023-10-27 00:33:54,771 - default - WARNING - Summarize failed. 该令牌状态不可用
2023-10-27 00:33:54,781 - default - INFO - 文章较短，不需要总结
2023-10-27 00:33:54,781 - default - INFO - End: http://www.catonmat.net/feed/ 已解析 3 篇文章
2023-10-27 00:33:54,781 - default - INFO - Parse: https://neverfriday.com/feed/
2023-10-27 00:33:55,576 - default - INFO - End: https://neverfriday.com/feed/ 已解析 0 篇文章
2023-10-27 00:33:55,576 - default - INFO - Parse: http://thedailywtf.com/rss
2023-10-27 00:33:56,627 - default - WARNING - Summarize failed. 该令牌状态不可用
2023-10-27 00:33:56,630 - default - INFO - End: http://thedailywtf.com/rss 已解析 1 篇文章
2023-10-27 00:33:56,630 - default - INFO - Parse: https://vladmihalcea.com/feed/
2023-10-27 00:33:56,782 - default - INFO - 文章较短，不需要总结
2023-10-27 00:33:56,783 - default - INFO - End: https://vladmihalcea.com/feed/ 已解析 1 篇文章
2023-10-27 00:33:56,783 - default - INFO - Parse: https://www.yegor256.com/rss.xml
2023-10-27 00:33:57,040 - default - INFO - End: https://www.yegor256.com/rss.xml 已解析 0 篇文章
2023-10-27 00:33:57,040 - default - INFO - Parse: https://muffinman.io/atom.xml
2023-10-27 00:33:59,554 - default - INFO - End: https://muffinman.io/atom.xml 已解析 0 篇文章
2023-10-27 00:33:59,554 - default - INFO - Parse: https://www.ardanlabs.com/blog/index.xml
2023-10-27 00:33:59,922 - default - INFO - End: https://www.ardanlabs.com/blog/index.xml 已解析 0 篇文章
2023-10-27 00:33:59,922 - default - INFO - Parse: https://blog.getbootstrap.com/feed.xml
2023-10-27 00:34:00,118 - default - INFO - End: https://blog.getbootstrap.com/feed.xml 已解析 0 篇文章
2023-10-27 00:34:00,119 - default - INFO - Parse: https://zachholman.com/atom.xml
2023-10-27 00:34:00,605 - default - INFO - End: https://zachholman.com/atom.xml 已解析 0 篇文章
2023-10-27 00:34:00,605 - default - INFO - Parse: https://ipfs.io/blog/index.xml
2023-10-27 00:34:01,187 - default - INFO - End: https://ipfs.io/blog/index.xml 已解析 0 篇文章
2023-10-27 00:34:01,187 - default - INFO - Parse: https://blog.golang.org/feed.atom
2023-10-27 00:34:01,834 - default - INFO - End: https://blog.golang.org/feed.atom 已解析 0 篇文章
2023-10-27 00:34:01,834 - default - INFO - Parse: https://blog.jooq.org/feed/
2023-10-27 00:34:02,648 - default - INFO - End: https://blog.jooq.org/feed/ 已解析 0 篇文章
2023-10-27 00:34:02,648 - default - INFO - Parse: https://blogs.msdn.microsoft.com/dotnet/feed/
2023-10-27 00:34:02,918 - default - INFO - End: https://blogs.msdn.microsoft.com/dotnet/feed/ 已解析 0 篇文章
2023-10-27 00:34:02,918 - default - INFO - Parse: http://raganwald.com/atom.xml
2023-10-27 00:34:13,505 - default - INFO - End: http://raganwald.com/atom.xml 已解析 0 篇文章
2023-10-27 00:34:13,505 - default - INFO - Parse: https://blogs.windows.com/msedgedev/rss
2023-10-27 00:34:13,688 - default - INFO - End: https://blogs.windows.com/msedgedev/rss 已解析 0 篇文章
2023-10-27 00:34:13,689 - default - INFO - Parse: https://blog.jetbrains.com/kotlin/feed/
2023-10-27 00:34:13,843 - default - INFO - End: https://blog.jetbrains.com/kotlin/feed/ 已解析 0 篇文章
2023-10-27 00:34:13,843 - default - INFO - Parse: https://tania.dev/rss.xml
2023-10-27 00:34:15,357 - default - INFO - End: https://tania.dev/rss.xml 已解析 0 篇文章
2023-10-27 00:34:15,357 - default - INFO - Parse: https://swizec.com/blog/feed
2023-10-27 00:34:15,595 - default - INFO - End: https://swizec.com/blog/feed 已解析 0 篇文章
2023-10-27 00:34:16,287 - default - INFO - Aggregate 已新增 32 篇
2023-10-27 00:34:16,287 - default - INFO - Aggregate AI总结花费 {}
