2023-11-19 00:37:09,672 - default - INFO - Parse: https://goteleport.com/blog/rss.xml
2023-11-19 00:37:10,033 - default - INFO - End: https://goteleport.com/blog/rss.xml 已解析 0 篇文章
2023-11-19 00:37:10,033 - default - INFO - Parse: https://engineering.mercari.com/en/blog/feed.xml
2023-11-19 00:37:12,098 - default - INFO - End: https://engineering.mercari.com/en/blog/feed.xml 已解析 0 篇文章
2023-11-19 00:37:12,099 - default - INFO - Parse: https://blog.replit.com/feed.xml
2023-11-19 00:37:12,438 - default - INFO - End: https://blog.replit.com/feed.xml 已解析 0 篇文章
2023-11-19 00:37:12,438 - default - INFO - Parse: https://abhinavsarkar.net/tags/programming/feed.atom
2023-11-19 00:37:13,817 - default - INFO - End: https://abhinavsarkar.net/tags/programming/feed.atom 已解析 0 篇文章
2023-11-19 00:37:13,817 - default - INFO - Parse: https://httptoolkit.tech/rss.xml
2023-11-19 00:37:17,866 - default - INFO - End: https://httptoolkit.tech/rss.xml 已解析 0 篇文章
2023-11-19 00:37:17,866 - default - INFO - Parse: https://engineering.freeagent.com/feed/
2023-11-19 00:37:18,676 - default - INFO - End: https://engineering.freeagent.com/feed/ 已解析 0 篇文章
2023-11-19 00:37:18,676 - default - INFO - Parse: https://severalnines.com/rss.xml
2023-11-19 00:37:19,966 - default - INFO - End: https://severalnines.com/rss.xml 已解析 0 篇文章
2023-11-19 00:37:19,967 - default - INFO - Parse: https://learnk8s.io/rss.xml
2023-11-19 00:37:20,150 - default - INFO - End: https://learnk8s.io/rss.xml 已解析 0 篇文章
2023-11-19 00:37:20,150 - default - INFO - Parse: https://v8.dev/blog.atom
2023-11-19 00:37:20,440 - default - INFO - End: https://v8.dev/blog.atom 已解析 0 篇文章
2023-11-19 00:37:20,440 - default - INFO - Parse: https://technology.customink.com/feed.xml
2023-11-19 00:37:22,040 - default - INFO - 解析 https://technology.customink.com/feed.xml 失败 <unknown>:2727:89: not well-formed (invalid token)
2023-11-19 00:37:22,041 - default - INFO - End: https://technology.customink.com/feed.xml 已解析 0 篇文章
2023-11-19 00:37:22,041 - default - INFO - Parse: http://blog.avenuecode.com/rss.xml
2023-11-19 00:37:22,352 - default - INFO - End: http://blog.avenuecode.com/rss.xml 已解析 0 篇文章
2023-11-19 00:37:22,352 - default - INFO - Parse: https://8thlight.com/blog/feed/atom.xml
2023-11-19 00:37:22,543 - default - INFO - 解析 https://8thlight.com/blog/feed/atom.xml 失败 <unknown>:3:0: XML or text declaration not at start of entity
2023-11-19 00:37:22,544 - default - INFO - End: https://8thlight.com/blog/feed/atom.xml 已解析 0 篇文章
2023-11-19 00:37:22,544 - default - INFO - Parse: http://blog.arkency.com/atom.xml
2023-11-19 00:37:22,969 - default - INFO - End: http://blog.arkency.com/atom.xml 已解析 0 篇文章
2023-11-19 00:37:22,969 - default - INFO - Parse: http://artsy.github.io/feed
2023-11-19 00:37:23,124 - default - INFO - End: http://artsy.github.io/feed 已解析 0 篇文章
2023-11-19 00:37:23,124 - default - INFO - Parse: https://www.bigeng.io/rss/
2023-11-19 00:37:23,314 - default - INFO - End: https://www.bigeng.io/rss/ 已解析 0 篇文章
2023-11-19 00:37:23,314 - default - INFO - Parse: https://advancedweb.hu/atom.xml
2023-11-19 00:37:24,448 - default - INFO - End: https://advancedweb.hu/atom.xml 已解析 0 篇文章
2023-11-19 00:37:24,448 - default - INFO - Parse: https://auth0.com/blog/rss.xml
2023-11-19 00:37:24,592 - default - INFO - 解析 https://auth0.com/blog/rss.xml 失败 document declared as us-ascii, but parsed as utf-8
2023-11-19 00:37:24,592 - default - INFO - End: https://auth0.com/blog/rss.xml 已解析 0 篇文章
2023-11-19 00:37:24,592 - default - INFO - Parse: https://capgemini.github.io/feed.xml
2023-11-19 00:37:24,934 - default - INFO - End: https://capgemini.github.io/feed.xml 已解析 0 篇文章
2023-11-19 00:37:24,934 - default - INFO - Parse: https://aws.amazon.com/blogs/aws/feed/
2023-11-19 00:37:25,327 - default - INFO - End: https://aws.amazon.com/blogs/aws/feed/ 已解析 0 篇文章
2023-11-19 00:37:25,327 - default - INFO - Parse: https://code.blender.org/rss
2023-11-19 00:37:26,387 - default - INFO - End: https://code.blender.org/rss 已解析 0 篇文章
2023-11-19 00:37:26,387 - default - INFO - Parse: http://www.codenameone.com/feed.xml
2023-11-19 00:37:31,158 - default - INFO - End: http://www.codenameone.com/feed.xml 已解析 0 篇文章
2023-11-19 00:37:31,158 - default - INFO - Parse: https://spin.atomicobject.com/feed/
2023-11-19 00:37:32,641 - default - WARNING - Summarize failed. 该令牌额度已用尽
2023-11-19 00:37:32,642 - default - INFO - End: https://spin.atomicobject.com/feed/ 已解析 1 篇文章
2023-11-19 00:37:32,642 - default - INFO - Parse: https://blog.developer.bazaarvoice.com/feed/
2023-11-19 00:37:33,331 - default - INFO - End: https://blog.developer.bazaarvoice.com/feed/ 已解析 0 篇文章
2023-11-19 00:37:33,331 - default - INFO - Parse: https://blog.cloudflare.com/rss/
2023-11-19 00:37:33,962 - default - INFO - End: https://blog.cloudflare.com/rss/ 已解析 0 篇文章
2023-11-19 00:37:33,962 - default - INFO - Parse: https://developer.atlassian.com/blog/feed.xml
2023-11-19 00:37:34,521 - default - INFO - End: https://developer.atlassian.com/blog/feed.xml 已解析 0 篇文章
2023-11-19 00:37:34,521 - default - INFO - Parse: https://blog.cloudera.com/feed/
2023-11-19 00:37:35,555 - default - INFO - End: https://blog.cloudera.com/feed/ 已解析 0 篇文章
2023-11-19 00:37:35,556 - default - INFO - Parse: https://www.confluent.io/feed/
2023-11-19 00:37:35,700 - default - INFO - End: https://www.confluent.io/feed/ 已解析 0 篇文章
2023-11-19 00:37:35,700 - default - INFO - Parse: https://tech.buzzfeed.com/feed
2023-11-19 00:37:36,014 - default - INFO - End: https://tech.buzzfeed.com/feed 已解析 0 篇文章
2023-11-19 00:37:36,014 - default - INFO - Parse: https://engineering.brandwatch.com/rss/
2023-11-19 00:37:36,718 - default - INFO - End: https://engineering.brandwatch.com/rss/ 已解析 0 篇文章
2023-11-19 00:37:36,718 - default - INFO - Parse: https://benchling.engineering/feed
2023-11-19 00:37:37,043 - default - INFO - End: https://benchling.engineering/feed 已解析 0 篇文章
2023-11-19 00:37:37,043 - default - INFO - Parse: https://www.elastic.co/blog/feed
2023-11-19 00:37:37,258 - default - INFO - End: https://www.elastic.co/blog/feed 已解析 0 篇文章
2023-11-19 00:37:37,258 - default - INFO - Parse: http://deliveroo.engineering/feed.xml
2023-11-19 00:37:37,514 - default - INFO - End: http://deliveroo.engineering/feed.xml 已解析 0 篇文章
2023-11-19 00:37:37,514 - default - INFO - Parse: https://techblog.commercetools.com/feed
2023-11-19 00:37:37,783 - default - INFO - End: https://techblog.commercetools.com/feed 已解析 0 篇文章
2023-11-19 00:37:37,783 - default - INFO - Parse: https://databricks.com/feed
2023-11-19 00:37:38,012 - default - INFO - End: https://databricks.com/feed 已解析 0 篇文章
2023-11-19 00:37:38,012 - default - INFO - Parse: https://deezer.io/feed
2023-11-19 00:37:38,504 - default - INFO - End: https://deezer.io/feed 已解析 0 篇文章
2023-11-19 00:37:38,505 - default - INFO - Parse: https://engineering.fb.com/feed/
2023-11-19 00:37:38,799 - default - INFO - End: https://engineering.fb.com/feed/ 已解析 0 篇文章
2023-11-19 00:37:38,799 - default - INFO - Parse: https://codeascraft.com/feed/
2023-11-19 00:37:39,002 - default - INFO - 解析 https://codeascraft.com/feed/ 失败 text/html;charset=utf-8 is not an XML media type
2023-11-19 00:37:39,002 - default - INFO - End: https://codeascraft.com/feed/ 已解析 0 篇文章
2023-11-19 00:37:39,002 - default - INFO - Parse: https://medium.com/feed/feedzaitech
2023-11-19 00:37:39,243 - default - INFO - End: https://medium.com/feed/feedzaitech 已解析 0 篇文章
2023-11-19 00:37:39,244 - default - INFO - Parse: https://tech.findmypast.com/feed.xml
2023-11-19 00:37:39,396 - default - INFO - End: https://tech.findmypast.com/feed.xml 已解析 0 篇文章
2023-11-19 00:37:39,396 - default - INFO - Parse: https://code.fb.com/feed/
2023-11-19 00:37:39,732 - default - INFO - End: https://code.fb.com/feed/ 已解析 0 篇文章
2023-11-19 00:37:39,732 - default - INFO - Parse: https://www.eventbrite.com/engineering/feed/
2023-11-19 00:37:39,838 - default - INFO - End: https://www.eventbrite.com/engineering/feed/ 已解析 0 篇文章
2023-11-19 00:37:39,838 - default - INFO - Parse: https://evernote.com/blog/feed/
2023-11-19 00:37:39,978 - default - INFO - 解析 https://evernote.com/blog/feed/ 失败 <unknown>:2:0: not well-formed (invalid token)
2023-11-19 00:37:39,978 - default - INFO - End: https://evernote.com/blog/feed/ 已解析 0 篇文章
2023-11-19 00:37:39,979 - default - INFO - Parse: https://drivy.engineering/feed.xml
2023-11-19 00:37:41,584 - default - INFO - End: https://drivy.engineering/feed.xml 已解析 0 篇文章
2023-11-19 00:37:41,584 - default - INFO - Parse: https://evilmartians.com/chronicles.atom
2023-11-19 00:37:41,831 - default - INFO - End: https://evilmartians.com/chronicles.atom 已解析 0 篇文章
2023-11-19 00:37:41,831 - default - INFO - Parse: https://www.ebayinc.com/stories/blogs/tech/rss/
2023-11-19 00:37:42,333 - default - INFO - End: https://www.ebayinc.com/stories/blogs/tech/rss/ 已解析 0 篇文章
2023-11-19 00:37:42,333 - default - INFO - Parse: http://feeds.feedburner.com/GoogleOnlineSecurityBlog
2023-11-19 00:37:42,887 - default - INFO - End: http://feeds.feedburner.com/GoogleOnlineSecurityBlog 已解析 0 篇文章
2023-11-19 00:37:42,887 - default - INFO - Parse: https://galois.com/feed/
2023-11-19 00:37:43,322 - default - INFO - End: https://galois.com/feed/ 已解析 0 篇文章
2023-11-19 00:37:43,322 - default - INFO - Parse: https://githubengineering.com/atom.xml
2023-11-19 00:37:43,665 - default - INFO - End: https://githubengineering.com/atom.xml 已解析 0 篇文章
2023-11-19 00:37:43,665 - default - INFO - Parse: https://blog.digitalocean.com/rss/
2023-11-19 00:37:44,577 - default - INFO - 解析 https://blog.digitalocean.com/rss/ 失败 application/octet-stream is not an XML media type
2023-11-19 00:37:44,577 - default - INFO - End: https://blog.digitalocean.com/rss/ 已解析 0 篇文章
2023-11-19 00:37:44,577 - default - INFO - Parse: https://www.hashicorp.com/blog/feed.xml
2023-11-19 00:37:44,872 - default - INFO - End: https://www.hashicorp.com/blog/feed.xml 已解析 0 篇文章
2023-11-19 00:37:44,872 - default - INFO - Parse: https://collectiveidea.com/blog/feed/
2023-11-19 00:37:45,509 - default - INFO - End: https://collectiveidea.com/blog/feed/ 已解析 0 篇文章
2023-11-19 00:37:45,509 - default - INFO - Parse: http://feeds.feedburner.com/blogspot/gJZg
2023-11-19 00:37:46,021 - default - INFO - End: http://feeds.feedburner.com/blogspot/gJZg 已解析 0 篇文章
2023-11-19 00:37:46,021 - default - INFO - Parse: http://engineering.grab.com/feed.xml
2023-11-19 00:37:46,138 - default - INFO - End: http://engineering.grab.com/feed.xml 已解析 0 篇文章
2023-11-19 00:37:46,138 - default - INFO - Parse: https://engineering.gusto.com/rss/
2023-11-19 00:37:46,278 - default - INFO - End: https://engineering.gusto.com/rss/ 已解析 0 篇文章
2023-11-19 00:37:46,278 - default - INFO - Parse: https://www.hostinger.com/blog/feed/
2023-11-19 00:37:46,607 - default - INFO - End: https://www.hostinger.com/blog/feed/ 已解析 0 篇文章
2023-11-19 00:37:46,607 - default - INFO - Parse: https://engineering.doximity.com/feed
2023-11-19 00:37:47,649 - default - INFO - End: https://engineering.doximity.com/feed 已解析 0 篇文章
2023-11-19 00:37:47,649 - default - INFO - Parse: https://www.cockroachlabs.com/blog/index.xml
2023-11-19 00:37:48,141 - default - INFO - End: https://www.cockroachlabs.com/blog/index.xml 已解析 0 篇文章
2023-11-19 00:37:48,141 - default - INFO - Parse: https://product.hubspot.com/blog/rss.xml
2023-11-19 00:37:48,358 - default - INFO - End: https://product.hubspot.com/blog/rss.xml 已解析 0 篇文章
2023-11-19 00:37:48,358 - default - INFO - Parse: https://lambda.grofers.com/feed
2023-11-19 00:37:48,723 - default - INFO - End: https://lambda.grofers.com/feed 已解析 0 篇文章
2023-11-19 00:37:48,723 - default - INFO - Parse: https://dropbox.tech/feed
2023-11-19 00:37:49,778 - default - INFO - End: https://dropbox.tech/feed 已解析 0 篇文章
2023-11-19 00:37:49,779 - default - INFO - Parse: https://engineering.hashnode.com/rss.xml
2023-11-19 00:37:50,185 - default - INFO - 解析 https://engineering.hashnode.com/rss.xml 失败 document declared as us-ascii, but parsed as utf-8
2023-11-19 00:37:50,185 - default - INFO - End: https://engineering.hashnode.com/rss.xml 已解析 0 篇文章
2023-11-19 00:37:50,185 - default - INFO - Parse: https://kinvolk.io/blog/index.xml
2023-11-19 00:37:50,419 - default - INFO - 解析 https://kinvolk.io/blog/index.xml 失败 document declared as us-ascii, but parsed as utf-8
2023-11-19 00:37:50,420 - default - INFO - End: https://kinvolk.io/blog/index.xml 已解析 0 篇文章
2023-11-19 00:37:50,420 - default - INFO - Parse: https://tech.instacart.com/feed
2023-11-19 00:37:50,700 - default - INFO - End: https://tech.instacart.com/feed 已解析 0 篇文章
2023-11-19 00:37:50,700 - default - INFO - Parse: https://kolosek.com/rss/
2023-11-19 00:37:50,853 - default - INFO - 解析 https://kolosek.com/rss/ 失败 <unknown>:19:18: not well-formed (invalid token)
2023-11-19 00:37:50,854 - default - INFO - End: https://kolosek.com/rss/ 已解析 0 篇文章
2023-11-19 00:37:50,854 - default - INFO - Parse: https://blog.heroku.com/engineering/feed
2023-11-19 00:37:51,082 - default - INFO - End: https://blog.heroku.com/engineering/feed 已解析 0 篇文章
2023-11-19 00:37:51,082 - default - INFO - Parse: https://hashrocket.com/blog.rss
2023-11-19 00:37:51,444 - default - INFO - End: https://hashrocket.com/blog.rss 已解析 0 篇文章
2023-11-19 00:37:51,444 - default - INFO - Parse: https://jobandtalent.engineering/feed
2023-11-19 00:37:52,118 - default - INFO - End: https://jobandtalent.engineering/feed 已解析 0 篇文章
2023-11-19 00:37:52,118 - default - INFO - Parse: https://blog.imgur.com/feed/
2023-11-19 00:37:52,611 - default - INFO - End: https://blog.imgur.com/feed/ 已解析 0 篇文章
2023-11-19 00:37:52,611 - default - INFO - Parse: https://nordicapis.com/feed/
2023-11-19 00:37:53,221 - default - INFO - End: https://nordicapis.com/feed/ 已解析 0 篇文章
2023-11-19 00:37:53,221 - default - INFO - Parse: https://blog.novoda.com/rss/
2023-11-19 00:37:54,020 - default - INFO - End: https://blog.novoda.com/rss/ 已解析 0 篇文章
2023-11-19 00:37:54,021 - default - INFO - Parse: https://developer.okta.com/feed.xml
2023-11-19 00:37:54,582 - default - INFO - End: https://developer.okta.com/feed.xml 已解析 0 篇文章
2023-11-19 00:37:54,582 - default - INFO - Parse: https://eng.lyft.com/feed
2023-11-19 00:37:54,925 - default - INFO - End: https://eng.lyft.com/feed 已解析 0 篇文章
2023-11-19 00:37:54,925 - default - INFO - Parse: http://blog.memsql.com/feed/
2023-11-19 00:37:55,152 - default - INFO - 解析 http://blog.memsql.com/feed/ 失败 document declared as us-ascii, but parsed as utf-8
2023-11-19 00:37:55,153 - default - INFO - End: http://blog.memsql.com/feed/ 已解析 0 篇文章
2023-11-19 00:37:55,153 - default - INFO - Parse: https://engineering.mixpanel.com/feed/
2023-11-19 00:37:55,551 - default - INFO - End: https://engineering.mixpanel.com/feed/ 已解析 0 篇文章
2023-11-19 00:37:55,552 - default - INFO - Parse: https://medium.engineering/feed
2023-11-19 00:37:55,936 - default - INFO - End: https://medium.engineering/feed 已解析 0 篇文章
2023-11-19 00:37:55,937 - default - INFO - Parse: http://blog.apps.npr.org/atom.xml
2023-11-19 00:37:56,857 - default - INFO - 解析 http://blog.apps.npr.org/atom.xml 失败 <unknown>:1172:54: undefined entity
2023-11-19 00:37:56,858 - default - INFO - End: http://blog.apps.npr.org/atom.xml 已解析 0 篇文章
2023-11-19 00:37:56,858 - default - INFO - Parse: https://engblog.nextdoor.com/feed
2023-11-19 00:37:57,143 - default - INFO - End: https://engblog.nextdoor.com/feed 已解析 0 篇文章
2023-11-19 00:37:57,143 - default - INFO - Parse: https://hacks.mozilla.org/feed/
2023-11-19 00:37:57,805 - default - INFO - End: https://hacks.mozilla.org/feed/ 已解析 0 篇文章
2023-11-19 00:37:57,805 - default - INFO - Parse: https://developers.redhat.com/blog/feed/atom/
2023-11-19 00:37:58,437 - default - INFO - End: https://developers.redhat.com/blog/feed/atom/ 已解析 0 篇文章
2023-11-19 00:37:58,437 - default - INFO - Parse: https://tech.olx.com/feed
2023-11-19 00:37:58,780 - default - INFO - End: https://tech.olx.com/feed 已解析 0 篇文章
2023-11-19 00:37:58,780 - default - INFO - Parse: https://postmarkapp.com/blog/feed.atom
2023-11-19 00:37:59,691 - default - INFO - End: https://postmarkapp.com/blog/feed.atom 已解析 0 篇文章
2023-11-19 00:37:59,691 - default - INFO - Parse: http://engineering.remind.com/feed.xml
2023-11-19 00:37:59,899 - default - INFO - End: http://engineering.remind.com/feed.xml 已解析 0 篇文章
2023-11-19 00:37:59,899 - default - INFO - Parse: https://tech.showmax.com/feed.xml
2023-11-19 00:38:01,178 - default - INFO - End: https://tech.showmax.com/feed.xml 已解析 0 篇文章
2023-11-19 00:38:01,178 - default - INFO - Parse: https://multithreaded.stitchfix.com/feed.xml
2023-11-19 00:38:01,406 - default - INFO - End: https://multithreaded.stitchfix.com/feed.xml 已解析 0 篇文章
2023-11-19 00:38:01,406 - default - INFO - Parse: https://labs.spotify.com/feed/
2023-11-19 00:38:03,310 - default - INFO - End: https://labs.spotify.com/feed/ 已解析 0 篇文章
2023-11-19 00:38:03,310 - default - INFO - Parse: https://www.stridenyc.com/blog/rss.xml
2023-11-19 00:38:03,561 - default - INFO - End: https://www.stridenyc.com/blog/rss.xml 已解析 0 篇文章
2023-11-19 00:38:03,561 - default - INFO - Parse: https://technology.skybettingandgaming.com/feed.xml
2023-11-19 00:38:04,010 - default - INFO - End: https://technology.skybettingandgaming.com/feed.xml 已解析 0 篇文章
2023-11-19 00:38:04,010 - default - INFO - Parse: https://umbrella.cisco.com/blog/feed/
2023-11-19 00:38:04,360 - default - INFO - End: https://umbrella.cisco.com/blog/feed/ 已解析 0 篇文章
2023-11-19 00:38:04,360 - default - INFO - Parse: https://www.surveymonkey.com/feed/
2023-11-19 00:38:04,673 - default - INFO - End: https://www.surveymonkey.com/feed/ 已解析 0 篇文章
2023-11-19 00:38:04,674 - default - INFO - Parse: https://engineering.prezi.com/feed
2023-11-19 00:38:04,960 - default - INFO - End: https://engineering.prezi.com/feed 已解析 0 篇文章
2023-11-19 00:38:04,960 - default - INFO - Parse: https://semaphoreci.com/community/tutorials.atom
2023-11-19 00:38:05,180 - default - INFO - 解析 https://semaphoreci.com/community/tutorials.atom 失败 <unknown>:2:0: syntax error
2023-11-19 00:38:05,181 - default - INFO - End: https://semaphoreci.com/community/tutorials.atom 已解析 0 篇文章
2023-11-19 00:38:05,181 - default - INFO - Parse: https://developer.salesforce.com/blogs/feed
2023-11-19 00:38:05,353 - default - INFO - End: https://developer.salesforce.com/blogs/feed 已解析 0 篇文章
2023-11-19 00:38:05,353 - default - INFO - Parse: https://mesosphere.com/feed/
2023-11-19 00:38:06,166 - default - INFO - End: https://mesosphere.com/feed/ 已解析 0 篇文章
2023-11-19 00:38:06,166 - default - INFO - Parse: https://feeds.feedburner.com/GiantRobotsSmashingIntoOtherGiantRobots
2023-11-19 00:38:06,323 - default - INFO - End: https://feeds.feedburner.com/GiantRobotsSmashingIntoOtherGiantRobots 已解析 0 篇文章
2023-11-19 00:38:06,323 - default - INFO - Parse: https://www.toptal.com/blog.rss
2023-11-19 00:38:06,532 - default - INFO - End: https://www.toptal.com/blog.rss 已解析 0 篇文章
2023-11-19 00:38:06,532 - default - INFO - Parse: https://slack.engineering/feed
2023-11-19 00:38:06,666 - default - INFO - End: https://slack.engineering/feed 已解析 0 篇文章
2023-11-19 00:38:06,666 - default - INFO - Parse: http://semaphoreci.com/blog/engineering.xml
2023-11-19 00:38:07,030 - default - INFO - 解析 http://semaphoreci.com/blog/engineering.xml 失败 <unknown>:2:0: syntax error
2023-11-19 00:38:07,030 - default - INFO - End: http://semaphoreci.com/blog/engineering.xml 已解析 0 篇文章
2023-11-19 00:38:07,030 - default - INFO - Parse: https://blog.siftscience.com/feed/
2023-11-19 00:38:07,344 - default - INFO - End: https://blog.siftscience.com/feed/ 已解析 0 篇文章
2023-11-19 00:38:07,344 - default - INFO - Parse: https://stackoverflow.blog/feed/
2023-11-19 00:38:07,673 - default - INFO - End: https://stackoverflow.blog/feed/ 已解析 0 篇文章
2023-11-19 00:38:07,674 - default - INFO - Parse: http://techblog.thescore.com/feed.xml
2023-11-19 00:38:08,909 - default - INFO - 解析 http://techblog.thescore.com/feed.xml 失败 <unknown>:1500:26: not well-formed (invalid token)
2023-11-19 00:38:08,909 - default - INFO - End: http://techblog.thescore.com/feed.xml 已解析 0 篇文章
2023-11-19 00:38:08,909 - default - INFO - Parse: https://tech.trivago.com/index.xml
2023-11-19 00:38:09,194 - default - INFO - End: https://tech.trivago.com/index.xml 已解析 0 篇文章
2023-11-19 00:38:09,194 - default - INFO - Parse: https://www.thoughtworks.com/rss/insights.xml
2023-11-19 00:38:11,700 - default - INFO - End: https://www.thoughtworks.com/rss/insights.xml 已解析 0 篇文章
2023-11-19 00:38:11,700 - default - INFO - Parse: https://bytes.swiggy.com/feed
2023-11-19 00:38:12,149 - default - INFO - End: https://bytes.swiggy.com/feed 已解析 0 篇文章
2023-11-19 00:38:12,149 - default - INFO - Parse: http://engineering.vinted.com//atom.xml
2023-11-19 00:38:12,385 - default - INFO - End: http://engineering.vinted.com//atom.xml 已解析 0 篇文章
2023-11-19 00:38:12,385 - default - INFO - Parse: https://developers.soundcloud.com/blog.rss
2023-11-19 00:38:15,426 - default - INFO - End: https://developers.soundcloud.com/blog.rss 已解析 0 篇文章
2023-11-19 00:38:15,426 - default - INFO - Parse: https://blog.timescale.com/feed
2023-11-19 00:38:15,844 - default - INFO - End: https://blog.timescale.com/feed 已解析 0 篇文章
2023-11-19 00:38:15,844 - default - INFO - Parse: https://engineering.tumblr.com/rss
2023-11-19 00:38:15,995 - default - INFO - End: https://engineering.tumblr.com/rss 已解析 0 篇文章
2023-11-19 00:38:15,995 - default - INFO - Parse: http://eng.wealthfront.com/feed/
2023-11-19 00:38:16,496 - default - INFO - End: http://eng.wealthfront.com/feed/ 已解析 0 篇文章
2023-11-19 00:38:16,496 - default - INFO - Parse: https://www.sitepoint.com/feed/
2023-11-19 00:38:18,928 - default - INFO - End: https://www.sitepoint.com/feed/ 已解析 0 篇文章
2023-11-19 00:38:18,928 - default - INFO - Parse: https://stripe.com/blog/feed.rss
2023-11-19 00:38:19,616 - default - INFO - End: https://stripe.com/blog/feed.rss 已解析 0 篇文章
2023-11-19 00:38:19,616 - default - INFO - Parse: http://engineering.wingify.com/atom.xml
2023-11-19 00:38:21,059 - default - INFO - End: http://engineering.wingify.com/atom.xml 已解析 0 篇文章
2023-11-19 00:38:21,059 - default - INFO - Parse: https://infrequently.org/feed/
2023-11-19 00:38:21,543 - default - INFO - End: https://infrequently.org/feed/ 已解析 0 篇文章
2023-11-19 00:38:21,544 - default - INFO - Parse: https://www.amitmerchant.com/feed.xml
2023-11-19 00:38:21,736 - default - INFO - 文章较短，不需要总结
2023-11-19 00:38:21,737 - default - INFO - End: https://www.amitmerchant.com/feed.xml 已解析 1 篇文章
2023-11-19 00:38:21,737 - default - INFO - Parse: https://buildingvts.com/feed
2023-11-19 00:38:22,004 - default - INFO - End: https://buildingvts.com/feed 已解析 0 篇文章
2023-11-19 00:38:22,004 - default - INFO - Parse: http://addyosmani.com/rss.xml
2023-11-19 00:38:22,136 - default - INFO - End: http://addyosmani.com/rss.xml 已解析 0 篇文章
2023-11-19 00:38:22,136 - default - INFO - Parse: https://engineeringblog.yelp.com/feed.xml
2023-11-19 00:38:22,256 - default - INFO - 解析 https://engineeringblog.yelp.com/feed.xml 失败 document declared as us-ascii, but parsed as utf-8
2023-11-19 00:38:22,257 - default - INFO - End: https://engineeringblog.yelp.com/feed.xml 已解析 0 篇文章
2023-11-19 00:38:22,257 - default - INFO - Parse: https://alanstorm.com/feed/feed.xml
2023-11-19 00:38:22,659 - default - INFO - 解析 https://alanstorm.com/feed/feed.xml 失败 <unknown>:124:0: junk after document element
2023-11-19 00:38:22,659 - default - INFO - End: https://alanstorm.com/feed/feed.xml 已解析 0 篇文章
2023-11-19 00:38:22,659 - default - INFO - Parse: https://ariya.io/index.xml
2023-11-19 00:38:22,770 - default - INFO - End: https://ariya.io/index.xml 已解析 0 篇文章
2023-11-19 00:38:22,770 - default - INFO - Parse: https://tech.xing.com/feed
2023-11-19 00:38:23,894 - default - INFO - End: https://tech.xing.com/feed 已解析 0 篇文章
2023-11-19 00:38:23,894 - default - INFO - Parse: http://tenderlovemaking.com/atom.xml
2023-11-19 00:38:24,509 - default - INFO - End: http://tenderlovemaking.com/atom.xml 已解析 0 篇文章
2023-11-19 00:38:24,510 - default - INFO - Parse: https://www.devroom.io/index.xml
2023-11-19 00:38:25,634 - default - INFO - 解析 https://www.devroom.io/index.xml 失败 document declared as us-ascii, but parsed as utf-8
2023-11-19 00:38:25,635 - default - INFO - End: https://www.devroom.io/index.xml 已解析 0 篇文章
2023-11-19 00:38:25,635 - default - INFO - Parse: https://carlosbecker.com/index.xml
2023-11-19 00:38:25,821 - default - INFO - End: https://carlosbecker.com/index.xml 已解析 0 篇文章
2023-11-19 00:38:25,821 - default - INFO - Parse: https://developerblog.zendesk.com/feed
2023-11-19 00:38:26,064 - default - INFO - End: https://developerblog.zendesk.com/feed 已解析 0 篇文章
2023-11-19 00:38:26,064 - default - INFO - Parse: https://bohops.com/feed/
2023-11-19 00:38:26,270 - default - INFO - End: https://bohops.com/feed/ 已解析 0 篇文章
2023-11-19 00:38:26,270 - default - INFO - Parse: http://lucumr.pocoo.org/feed.atom
2023-11-19 00:38:27,799 - default - INFO - End: http://lucumr.pocoo.org/feed.atom 已解析 0 篇文章
2023-11-19 00:38:27,799 - default - INFO - Parse: http://nullprogram.com/feed/
2023-11-19 00:38:28,135 - default - INFO - End: http://nullprogram.com/feed/ 已解析 0 篇文章
2023-11-19 00:38:28,135 - default - INFO - Parse: https://code.dblock.org/feed.xml
2023-11-19 00:38:28,627 - default - INFO - End: https://code.dblock.org/feed.xml 已解析 0 篇文章
2023-11-19 00:38:28,627 - default - INFO - Parse: http://www.brendangregg.com/blog/rss.xml
2023-11-19 00:38:29,275 - default - INFO - End: http://www.brendangregg.com/blog/rss.xml 已解析 0 篇文章
2023-11-19 00:38:29,275 - default - INFO - Parse: https://www.dereuromark.de/feed/
2023-11-19 00:38:30,001 - default - INFO - End: https://www.dereuromark.de/feed/ 已解析 0 篇文章
2023-11-19 00:38:30,002 - default - INFO - Parse: https://domenicoluciani.com/feed.xml
2023-11-19 00:38:30,173 - default - INFO - End: https://domenicoluciani.com/feed.xml 已解析 0 篇文章
2023-11-19 00:38:30,173 - default - INFO - Parse: https://blog.filippo.io/rss/
2023-11-19 00:38:30,718 - default - INFO - End: https://blog.filippo.io/rss/ 已解析 0 篇文章
2023-11-19 00:38:30,718 - default - INFO - Parse: https://hookrace.net/blog/feed/
2023-11-19 00:38:32,633 - default - INFO - End: https://hookrace.net/blog/feed/ 已解析 0 篇文章
2023-11-19 00:38:32,633 - default - INFO - Parse: https://dotdev.co/feed/
2023-11-19 00:38:32,841 - default - INFO - End: https://dotdev.co/feed/ 已解析 0 篇文章
2023-11-19 00:38:32,841 - default - INFO - Parse: https://ericlippert.com/feed/
2023-11-19 00:38:32,972 - default - INFO - End: https://ericlippert.com/feed/ 已解析 0 篇文章
2023-11-19 00:38:32,972 - default - INFO - Parse: https://tomassetti.me/feed/
2023-11-19 00:38:33,237 - default - INFO - End: https://tomassetti.me/feed/ 已解析 0 篇文章
2023-11-19 00:38:33,237 - default - INFO - Parse: http://www.evanjones.ca/index.rss
2023-11-19 00:38:33,434 - default - INFO - End: http://www.evanjones.ca/index.rss 已解析 0 篇文章
2023-11-19 00:38:33,434 - default - INFO - Parse: https://deanhume.com/rss/
2023-11-19 00:38:34,132 - default - INFO - End: https://deanhume.com/rss/ 已解析 0 篇文章
2023-11-19 00:38:34,132 - default - INFO - Parse: http://feeds.feedburner.com/HighScalability
2023-11-19 00:38:34,248 - default - INFO - End: http://feeds.feedburner.com/HighScalability 已解析 0 篇文章
2023-11-19 00:38:34,248 - default - INFO - Parse: https://erikrunyon.com/feed.xml
2023-11-19 00:38:34,480 - default - INFO - End: https://erikrunyon.com/feed.xml 已解析 0 篇文章
2023-11-19 00:38:34,480 - default - INFO - Parse: https://drewdevault.com/feed.xml
2023-11-19 00:38:34,979 - default - INFO - End: https://drewdevault.com/feed.xml 已解析 0 篇文章
2023-11-19 00:38:34,979 - default - INFO - Parse: https://www.chenhuijing.com/feed.xml
2023-11-19 00:38:35,514 - default - INFO - End: https://www.chenhuijing.com/feed.xml 已解析 0 篇文章
2023-11-19 00:38:35,514 - default - INFO - Parse: https://www.metachris.com/index.xml
2023-11-19 00:38:35,663 - default - INFO - End: https://www.metachris.com/index.xml 已解析 0 篇文章
2023-11-19 00:38:35,664 - default - INFO - Parse: https://elegantcode.com/feed/
2023-11-19 00:38:35,769 - default - INFO - End: https://elegantcode.com/feed/ 已解析 0 篇文章
2023-11-19 00:38:35,769 - default - INFO - Parse: https://conductofcode.io/feed.xml
2023-11-19 00:38:36,151 - default - INFO - End: https://conductofcode.io/feed.xml 已解析 0 篇文章
2023-11-19 00:38:36,151 - default - INFO - Parse: https://glebbahmutov.com/blog/atom.xml
2023-11-19 00:38:37,384 - default - INFO - End: https://glebbahmutov.com/blog/atom.xml 已解析 0 篇文章
2023-11-19 00:38:37,384 - default - INFO - Parse: https://eli.thegreenplace.net/feeds/all.atom.xml
2023-11-19 00:38:37,975 - default - INFO - End: https://eli.thegreenplace.net/feeds/all.atom.xml 已解析 0 篇文章
2023-11-19 00:38:37,975 - default - INFO - Parse: https://henrikwarne.com/feed/
2023-11-19 00:38:38,115 - default - INFO - End: https://henrikwarne.com/feed/ 已解析 0 篇文章
2023-11-19 00:38:38,115 - default - INFO - Parse: https://davidwalsh.name/feed/atom
2023-11-19 00:38:38,753 - default - INFO - End: https://davidwalsh.name/feed/atom 已解析 0 篇文章
2023-11-19 00:38:38,753 - default - INFO - Parse: https://jeremykun.com/feed/
2023-11-19 00:38:38,952 - default - INFO - End: https://jeremykun.com/feed/ 已解析 0 篇文章
2023-11-19 00:38:38,952 - default - INFO - Parse: https://tympanus.net/codrops/rss
2023-11-19 00:38:40,040 - default - INFO - End: https://tympanus.net/codrops/rss 已解析 0 篇文章
2023-11-19 00:38:40,040 - default - INFO - Parse: http://jakewharton.com/feed.xml
2023-11-19 00:38:41,284 - default - INFO - End: http://jakewharton.com/feed.xml 已解析 0 篇文章
2023-11-19 00:38:41,284 - default - INFO - Parse: https://jes.al/atom.xml
2023-11-19 00:38:41,644 - default - INFO - End: https://jes.al/atom.xml 已解析 0 篇文章
2023-11-19 00:38:41,644 - default - INFO - Parse: https://jvns.ca/atom.xml
2023-11-19 00:38:42,128 - default - INFO - End: https://jvns.ca/atom.xml 已解析 0 篇文章
2023-11-19 00:38:42,129 - default - INFO - Parse: https://codeblog.jonskeet.uk/feed/
2023-11-19 00:38:42,382 - default - INFO - End: https://codeblog.jonskeet.uk/feed/ 已解析 0 篇文章
2023-11-19 00:38:42,382 - default - INFO - Parse: https://adambard.com/blog/feed.xml
2023-11-19 00:38:42,547 - default - INFO - End: https://adambard.com/blog/feed.xml 已解析 0 篇文章
2023-11-19 00:38:42,547 - default - INFO - Parse: https://useyourloaf.com/blog/rss.xml
2023-11-19 00:38:42,860 - default - INFO - End: https://useyourloaf.com/blog/rss.xml 已解析 0 篇文章
2023-11-19 00:38:42,861 - default - INFO - Parse: https://jerrygamblin.com/feed/
2023-11-19 00:38:43,240 - default - INFO - End: https://jerrygamblin.com/feed/ 已解析 0 篇文章
2023-11-19 00:38:43,240 - default - INFO - Parse: https://idea.popcount.org/rss.xml
2023-11-19 00:38:43,826 - default - INFO - End: https://idea.popcount.org/rss.xml 已解析 0 篇文章
2023-11-19 00:38:43,826 - default - INFO - Parse: https://maryrosecook.com/blog/feed.xml
2023-11-19 00:38:44,064 - default - INFO - 解析 https://maryrosecook.com/blog/feed.xml 失败 document declared as us-ascii, but parsed as utf-8
2023-11-19 00:38:44,064 - default - INFO - End: https://maryrosecook.com/blog/feed.xml 已解析 0 篇文章
2023-11-19 00:38:44,064 - default - INFO - Parse: https://begriffs.com/atom.xml
2023-11-19 00:38:45,572 - default - INFO - 解析 https://begriffs.com/atom.xml 失败 document declared as us-ascii, but parsed as utf-8
2023-11-19 00:38:45,572 - default - INFO - End: https://begriffs.com/atom.xml 已解析 0 篇文章
2023-11-19 00:38:45,572 - default - INFO - Parse: http://matt.might.net/articles/feed.rss
2023-11-19 00:38:45,927 - default - INFO - End: http://matt.might.net/articles/feed.rss 已解析 0 篇文章
2023-11-19 00:38:45,928 - default - INFO - Parse: https://martinfowler.com/feed.atom
2023-11-19 00:38:46,115 - default - INFO - End: https://martinfowler.com/feed.atom 已解析 0 篇文章
2023-11-19 00:38:46,116 - default - INFO - Parse: https://blog.sleeplessbeastie.eu/feed.xml
2023-11-19 00:38:48,953 - default - INFO - End: https://blog.sleeplessbeastie.eu/feed.xml 已解析 0 篇文章
2023-11-19 00:38:48,953 - default - INFO - Parse: https://blog.cryptographyengineering.com/feed/
2023-11-19 00:38:49,229 - default - INFO - End: https://blog.cryptographyengineering.com/feed/ 已解析 0 篇文章
2023-11-19 00:38:49,229 - default - INFO - Parse: http://blog.fogus.me/feed/
2023-11-19 00:38:50,055 - default - INFO - End: http://blog.fogus.me/feed/ 已解析 0 篇文章
2023-11-19 00:38:50,055 - default - INFO - Parse: https://blog.rinesi.com/feed/
2023-11-19 00:38:50,437 - default - INFO - End: https://blog.rinesi.com/feed/ 已解析 0 篇文章
2023-11-19 00:38:50,437 - default - INFO - Parse: https://snook.ca/jonathan/index.rdf
2023-11-19 00:38:50,760 - default - INFO - End: https://snook.ca/jonathan/index.rdf 已解析 0 篇文章
2023-11-19 00:38:50,760 - default - INFO - Parse: https://www.mattcutts.com/blog/feed/
2023-11-19 00:38:51,121 - default - INFO - End: https://www.mattcutts.com/blog/feed/ 已解析 0 篇文章
2023-11-19 00:38:51,121 - default - INFO - Parse: http://www.windytan.com/feeds/posts/default
2023-11-19 00:38:51,567 - default - INFO - End: http://www.windytan.com/feeds/posts/default 已解析 0 篇文章
2023-11-19 00:38:51,567 - default - INFO - Parse: https://aphyr.com/posts.atom
2023-11-19 00:38:52,801 - default - INFO - End: https://aphyr.com/posts.atom 已解析 0 篇文章
2023-11-19 00:38:52,802 - default - INFO - Parse: http://blog.pamelafox.org/feeds/posts/default
2023-11-19 00:38:53,097 - default - INFO - End: http://blog.pamelafox.org/feeds/posts/default 已解析 0 篇文章
2023-11-19 00:38:53,097 - default - INFO - Parse: https://oleb.net/blog/atom.xml
2023-11-19 00:38:53,391 - default - INFO - End: https://oleb.net/blog/atom.xml 已解析 0 篇文章
2023-11-19 00:38:53,391 - default - INFO - Parse: https://blogs.msdn.microsoft.com/oldnewthing/feed
2023-11-19 00:38:53,832 - default - INFO - End: https://blogs.msdn.microsoft.com/oldnewthing/feed 已解析 0 篇文章
2023-11-19 00:38:53,833 - default - INFO - Parse: https://realpython.com/atom.xml
2023-11-19 00:38:54,095 - default - INFO - End: https://realpython.com/atom.xml 已解析 0 篇文章
2023-11-19 00:38:54,095 - default - INFO - Parse: http://blog.cleancoder.com/atom.xml
2023-11-19 00:38:54,307 - default - INFO - End: http://blog.cleancoder.com/atom.xml 已解析 0 篇文章
2023-11-19 00:38:54,307 - default - INFO - Parse: https://akrabat.com/feed/
2023-11-19 00:38:54,922 - default - INFO - End: https://akrabat.com/feed/ 已解析 0 篇文章
2023-11-19 00:38:54,922 - default - INFO - Parse: https://www.thepolyglotdeveloper.com/blog/index.xml
2023-11-19 00:38:56,050 - default - INFO - End: https://www.thepolyglotdeveloper.com/blog/index.xml 已解析 0 篇文章
2023-11-19 00:38:56,050 - default - INFO - Parse: https://eviltrout.com/feed.xml
2023-11-19 00:38:56,340 - default - INFO - End: https://eviltrout.com/feed.xml 已解析 0 篇文章
2023-11-19 00:38:56,340 - default - INFO - Parse: https://joshtronic.com/atom.xml
2023-11-19 00:38:56,592 - default - INFO - 解析 https://joshtronic.com/atom.xml 失败 <unknown>:2:0: syntax error
2023-11-19 00:38:56,593 - default - INFO - End: https://joshtronic.com/atom.xml 已解析 0 篇文章
2023-11-19 00:38:56,593 - default - INFO - Parse: http://feeds.hanselman.com/ScottHanselman
2023-11-19 00:38:56,899 - default - INFO - End: http://feeds.hanselman.com/ScottHanselman 已解析 0 篇文章
2023-11-19 00:38:56,899 - default - INFO - Parse: https://blog.nelhage.com/atom.xml
2023-11-19 00:38:57,112 - default - INFO - End: https://blog.nelhage.com/atom.xml 已解析 0 篇文章
2023-11-19 00:38:57,112 - default - INFO - Parse: http://blog.rtwilson.com/feed/
2023-11-19 00:38:57,472 - default - INFO - End: http://blog.rtwilson.com/feed/ 已解析 0 篇文章
2023-11-19 00:38:57,472 - default - INFO - Parse: http://www.catonmat.net/feed/
2023-11-19 00:38:58,479 - default - WARNING - Summarize failed. 该令牌额度已用尽
2023-11-19 00:38:58,479 - default - INFO - End: http://www.catonmat.net/feed/ 已解析 1 篇文章
2023-11-19 00:38:58,479 - default - INFO - Parse: https://neverfriday.com/feed/
2023-11-19 00:38:58,835 - default - INFO - End: https://neverfriday.com/feed/ 已解析 0 篇文章
2023-11-19 00:38:58,836 - default - INFO - Parse: http://thedailywtf.com/rss
2023-11-19 00:38:59,399 - default - INFO - End: http://thedailywtf.com/rss 已解析 0 篇文章
2023-11-19 00:38:59,399 - default - INFO - Parse: https://vladmihalcea.com/feed/
2023-11-19 00:38:59,577 - default - INFO - End: https://vladmihalcea.com/feed/ 已解析 0 篇文章
2023-11-19 00:38:59,577 - default - INFO - Parse: https://www.yegor256.com/rss.xml
2023-11-19 00:38:59,733 - default - INFO - End: https://www.yegor256.com/rss.xml 已解析 0 篇文章
2023-11-19 00:38:59,734 - default - INFO - Parse: https://muffinman.io/atom.xml
2023-11-19 00:39:01,895 - default - INFO - End: https://muffinman.io/atom.xml 已解析 0 篇文章
2023-11-19 00:39:01,895 - default - INFO - Parse: https://www.ardanlabs.com/blog/index.xml
2023-11-19 00:39:02,112 - default - INFO - End: https://www.ardanlabs.com/blog/index.xml 已解析 0 篇文章
2023-11-19 00:39:02,112 - default - INFO - Parse: https://blog.getbootstrap.com/feed.xml
2023-11-19 00:39:02,331 - default - INFO - End: https://blog.getbootstrap.com/feed.xml 已解析 0 篇文章
2023-11-19 00:39:02,331 - default - INFO - Parse: https://zachholman.com/atom.xml
2023-11-19 00:39:02,605 - default - INFO - End: https://zachholman.com/atom.xml 已解析 0 篇文章
2023-11-19 00:39:02,605 - default - INFO - Parse: https://ipfs.io/blog/index.xml
2023-11-19 00:39:03,264 - default - INFO - End: https://ipfs.io/blog/index.xml 已解析 0 篇文章
2023-11-19 00:39:03,264 - default - INFO - Parse: https://blog.golang.org/feed.atom
2023-11-19 00:39:03,667 - default - INFO - End: https://blog.golang.org/feed.atom 已解析 0 篇文章
2023-11-19 00:39:03,667 - default - INFO - Parse: https://blog.jooq.org/feed/
2023-11-19 00:39:04,009 - default - INFO - End: https://blog.jooq.org/feed/ 已解析 0 篇文章
2023-11-19 00:39:04,009 - default - INFO - Parse: https://blogs.msdn.microsoft.com/dotnet/feed/
2023-11-19 00:39:04,499 - default - INFO - End: https://blogs.msdn.microsoft.com/dotnet/feed/ 已解析 0 篇文章
2023-11-19 00:39:04,499 - default - INFO - Parse: http://raganwald.com/atom.xml
2023-11-19 00:39:12,855 - default - INFO - End: http://raganwald.com/atom.xml 已解析 0 篇文章
2023-11-19 00:39:12,855 - default - INFO - Parse: https://blogs.windows.com/msedgedev/rss
2023-11-19 00:39:13,456 - default - INFO - End: https://blogs.windows.com/msedgedev/rss 已解析 0 篇文章
2023-11-19 00:39:13,457 - default - INFO - Parse: https://blog.jetbrains.com/kotlin/feed/
2023-11-19 00:39:13,618 - default - INFO - End: https://blog.jetbrains.com/kotlin/feed/ 已解析 0 篇文章
2023-11-19 00:39:13,619 - default - INFO - Parse: https://tania.dev/rss.xml
2023-11-19 00:39:14,948 - default - INFO - End: https://tania.dev/rss.xml 已解析 0 篇文章
2023-11-19 00:39:14,948 - default - INFO - Parse: https://swizec.com/blog/feed
2023-11-19 00:39:15,039 - default - INFO - 解析 https://swizec.com/blog/feed 失败 <unknown>:2:0: syntax error
2023-11-19 00:39:15,040 - default - INFO - End: https://swizec.com/blog/feed 已解析 0 篇文章
2023-11-19 00:39:15,428 - default - INFO - Aggregate 已新增 3 篇
2023-11-19 00:39:15,428 - default - INFO - Aggregate AI总结花费 {}
