2023-11-08 00:32:38,268 - default - INFO - Parse: https://goteleport.com/blog/rss.xml
2023-11-08 00:32:38,548 - default - INFO - End: https://goteleport.com/blog/rss.xml 已解析 0 篇文章
2023-11-08 00:32:38,548 - default - INFO - Parse: https://engineering.mercari.com/en/blog/feed.xml
2023-11-08 00:32:40,589 - default - INFO - End: https://engineering.mercari.com/en/blog/feed.xml 已解析 0 篇文章
2023-11-08 00:32:40,590 - default - INFO - Parse: https://blog.replit.com/feed.xml
2023-11-08 00:32:41,330 - default - INFO - End: https://blog.replit.com/feed.xml 已解析 0 篇文章
2023-11-08 00:32:41,330 - default - INFO - Parse: https://abhinavsarkar.net/tags/programming/feed.atom
2023-11-08 00:32:42,738 - default - INFO - End: https://abhinavsarkar.net/tags/programming/feed.atom 已解析 0 篇文章
2023-11-08 00:32:42,738 - default - INFO - Parse: https://httptoolkit.tech/rss.xml
2023-11-08 00:32:44,884 - default - INFO - End: https://httptoolkit.tech/rss.xml 已解析 0 篇文章
2023-11-08 00:32:44,885 - default - INFO - Parse: https://engineering.freeagent.com/feed/
2023-11-08 00:32:45,570 - default - INFO - End: https://engineering.freeagent.com/feed/ 已解析 0 篇文章
2023-11-08 00:32:45,570 - default - INFO - Parse: https://severalnines.com/rss.xml
2023-11-08 00:32:46,624 - default - INFO - End: https://severalnines.com/rss.xml 已解析 0 篇文章
2023-11-08 00:32:46,624 - default - INFO - Parse: https://learnk8s.io/rss.xml
2023-11-08 00:32:47,067 - default - INFO - End: https://learnk8s.io/rss.xml 已解析 0 篇文章
2023-11-08 00:32:47,067 - default - INFO - Parse: https://v8.dev/blog.atom
2023-11-08 00:32:47,356 - default - INFO - End: https://v8.dev/blog.atom 已解析 0 篇文章
2023-11-08 00:32:47,356 - default - INFO - Parse: https://technology.customink.com/feed.xml
2023-11-08 00:32:48,893 - default - INFO - 解析 https://technology.customink.com/feed.xml 失败 <unknown>:2727:89: not well-formed (invalid token)
2023-11-08 00:32:48,893 - default - INFO - End: https://technology.customink.com/feed.xml 已解析 0 篇文章
2023-11-08 00:32:48,893 - default - INFO - Parse: http://blog.avenuecode.com/rss.xml
2023-11-08 00:32:49,120 - default - INFO - End: http://blog.avenuecode.com/rss.xml 已解析 0 篇文章
2023-11-08 00:32:49,120 - default - INFO - Parse: https://8thlight.com/blog/feed/atom.xml
2023-11-08 00:32:49,499 - default - INFO - 解析 https://8thlight.com/blog/feed/atom.xml 失败 <unknown>:3:0: XML or text declaration not at start of entity
2023-11-08 00:32:49,500 - default - INFO - End: https://8thlight.com/blog/feed/atom.xml 已解析 0 篇文章
2023-11-08 00:32:49,500 - default - INFO - Parse: http://blog.arkency.com/atom.xml
2023-11-08 00:32:49,807 - default - INFO - End: http://blog.arkency.com/atom.xml 已解析 0 篇文章
2023-11-08 00:32:49,807 - default - INFO - Parse: http://artsy.github.io/feed
2023-11-08 00:32:50,001 - default - INFO - End: http://artsy.github.io/feed 已解析 0 篇文章
2023-11-08 00:32:50,001 - default - INFO - Parse: https://www.bigeng.io/rss/
2023-11-08 00:32:50,214 - default - INFO - End: https://www.bigeng.io/rss/ 已解析 0 篇文章
2023-11-08 00:32:50,214 - default - INFO - Parse: https://advancedweb.hu/atom.xml
2023-11-08 00:32:51,169 - default - INFO - End: https://advancedweb.hu/atom.xml 已解析 0 篇文章
2023-11-08 00:32:51,169 - default - INFO - Parse: https://auth0.com/blog/rss.xml
2023-11-08 00:32:51,262 - default - INFO - 解析 https://auth0.com/blog/rss.xml 失败 document declared as us-ascii, but parsed as utf-8
2023-11-08 00:32:51,265 - default - INFO - 文章较短，不需要总结
2023-11-08 00:32:51,265 - default - INFO - End: https://auth0.com/blog/rss.xml 已解析 1 篇文章
2023-11-08 00:32:51,265 - default - INFO - Parse: https://capgemini.github.io/feed.xml
2023-11-08 00:32:51,632 - default - INFO - End: https://capgemini.github.io/feed.xml 已解析 0 篇文章
2023-11-08 00:32:51,632 - default - INFO - Parse: https://aws.amazon.com/blogs/aws/feed/
2023-11-08 00:32:53,266 - default - WARNING - Summarize failed. 该令牌状态不可用
2023-11-08 00:32:53,485 - default - WARNING - Summarize failed. 该令牌状态不可用
2023-11-08 00:32:53,485 - default - INFO - End: https://aws.amazon.com/blogs/aws/feed/ 已解析 2 篇文章
2023-11-08 00:32:53,486 - default - INFO - Parse: https://code.blender.org/rss
2023-11-08 00:32:54,393 - default - INFO - End: https://code.blender.org/rss 已解析 0 篇文章
2023-11-08 00:32:54,393 - default - INFO - Parse: http://www.codenameone.com/feed.xml
2023-11-08 00:32:59,019 - default - INFO - End: http://www.codenameone.com/feed.xml 已解析 0 篇文章
2023-11-08 00:32:59,019 - default - INFO - Parse: https://spin.atomicobject.com/feed/
2023-11-08 00:32:59,403 - default - WARNING - Summarize failed. 该令牌状态不可用
2023-11-08 00:32:59,404 - default - INFO - End: https://spin.atomicobject.com/feed/ 已解析 1 篇文章
2023-11-08 00:32:59,404 - default - INFO - Parse: https://blog.developer.bazaarvoice.com/feed/
2023-11-08 00:33:00,007 - default - INFO - End: https://blog.developer.bazaarvoice.com/feed/ 已解析 0 篇文章
2023-11-08 00:33:00,007 - default - INFO - Parse: https://blog.cloudflare.com/rss/
2023-11-08 00:33:00,648 - default - INFO - End: https://blog.cloudflare.com/rss/ 已解析 0 篇文章
2023-11-08 00:33:00,648 - default - INFO - Parse: https://developer.atlassian.com/blog/feed.xml
2023-11-08 00:33:01,259 - default - INFO - End: https://developer.atlassian.com/blog/feed.xml 已解析 0 篇文章
2023-11-08 00:33:01,260 - default - INFO - Parse: https://blog.cloudera.com/feed/
2023-11-08 00:33:02,420 - default - WARNING - Summarize failed. 该令牌状态不可用
2023-11-08 00:33:02,421 - default - INFO - End: https://blog.cloudera.com/feed/ 已解析 1 篇文章
2023-11-08 00:33:02,421 - default - INFO - Parse: https://www.confluent.io/feed/
2023-11-08 00:33:02,527 - default - INFO - 文章较短，不需要总结
2023-11-08 00:33:02,527 - default - INFO - End: https://www.confluent.io/feed/ 已解析 1 篇文章
2023-11-08 00:33:02,527 - default - INFO - Parse: https://tech.buzzfeed.com/feed
2023-11-08 00:33:02,723 - default - INFO - End: https://tech.buzzfeed.com/feed 已解析 0 篇文章
2023-11-08 00:33:02,723 - default - INFO - Parse: https://engineering.brandwatch.com/rss/
2023-11-08 00:33:03,188 - default - INFO - End: https://engineering.brandwatch.com/rss/ 已解析 0 篇文章
2023-11-08 00:33:03,188 - default - INFO - Parse: https://benchling.engineering/feed
2023-11-08 00:33:03,656 - default - INFO - End: https://benchling.engineering/feed 已解析 0 篇文章
2023-11-08 00:33:03,657 - default - INFO - Parse: https://www.elastic.co/blog/feed
2023-11-08 00:33:03,889 - default - INFO - End: https://www.elastic.co/blog/feed 已解析 10 篇文章
2023-11-08 00:33:03,889 - default - INFO - Parse: http://deliveroo.engineering/feed.xml
2023-11-08 00:33:04,053 - default - INFO - End: http://deliveroo.engineering/feed.xml 已解析 0 篇文章
2023-11-08 00:33:04,053 - default - INFO - Parse: https://techblog.commercetools.com/feed
2023-11-08 00:33:04,286 - default - INFO - End: https://techblog.commercetools.com/feed 已解析 0 篇文章
2023-11-08 00:33:04,287 - default - INFO - Parse: https://databricks.com/feed
2023-11-08 00:33:04,564 - default - INFO - 文章较短，不需要总结
2023-11-08 00:33:04,565 - default - INFO - 文章较短，不需要总结
2023-11-08 00:33:04,565 - default - INFO - End: https://databricks.com/feed 已解析 2 篇文章
2023-11-08 00:33:04,565 - default - INFO - Parse: https://deezer.io/feed
2023-11-08 00:33:04,828 - default - INFO - End: https://deezer.io/feed 已解析 0 篇文章
2023-11-08 00:33:04,828 - default - INFO - Parse: https://engineering.fb.com/feed/
2023-11-08 00:33:05,023 - default - INFO - End: https://engineering.fb.com/feed/ 已解析 0 篇文章
2023-11-08 00:33:05,023 - default - INFO - Parse: https://codeascraft.com/feed/
2023-11-08 00:33:05,175 - default - INFO - 解析 https://codeascraft.com/feed/ 失败 text/html;charset=utf-8 is not an XML media type
2023-11-08 00:33:05,176 - default - INFO - End: https://codeascraft.com/feed/ 已解析 0 篇文章
2023-11-08 00:33:05,176 - default - INFO - Parse: https://medium.com/feed/feedzaitech
2023-11-08 00:33:05,426 - default - INFO - End: https://medium.com/feed/feedzaitech 已解析 0 篇文章
2023-11-08 00:33:05,426 - default - INFO - Parse: https://tech.findmypast.com/feed.xml
2023-11-08 00:33:05,576 - default - INFO - End: https://tech.findmypast.com/feed.xml 已解析 0 篇文章
2023-11-08 00:33:05,576 - default - INFO - Parse: https://code.fb.com/feed/
2023-11-08 00:33:05,937 - default - INFO - End: https://code.fb.com/feed/ 已解析 0 篇文章
2023-11-08 00:33:05,937 - default - INFO - Parse: https://www.eventbrite.com/engineering/feed/
2023-11-08 00:33:06,026 - default - INFO - End: https://www.eventbrite.com/engineering/feed/ 已解析 0 篇文章
2023-11-08 00:33:06,026 - default - INFO - Parse: https://evernote.com/blog/feed/
2023-11-08 00:33:06,161 - default - INFO - 解析 https://evernote.com/blog/feed/ 失败 <unknown>:2:0: not well-formed (invalid token)
2023-11-08 00:33:06,161 - default - INFO - End: https://evernote.com/blog/feed/ 已解析 0 篇文章
2023-11-08 00:33:06,161 - default - INFO - Parse: https://drivy.engineering/feed.xml
2023-11-08 00:33:07,956 - default - INFO - End: https://drivy.engineering/feed.xml 已解析 0 篇文章
2023-11-08 00:33:07,956 - default - INFO - Parse: https://evilmartians.com/chronicles.atom
2023-11-08 00:33:08,158 - default - INFO - End: https://evilmartians.com/chronicles.atom 已解析 0 篇文章
2023-11-08 00:33:08,158 - default - INFO - Parse: https://www.ebayinc.com/stories/blogs/tech/rss/
2023-11-08 00:33:09,021 - default - INFO - End: https://www.ebayinc.com/stories/blogs/tech/rss/ 已解析 0 篇文章
2023-11-08 00:33:09,022 - default - INFO - Parse: http://feeds.feedburner.com/GoogleOnlineSecurityBlog
2023-11-08 00:33:09,825 - default - WARNING - Summarize failed. 该令牌状态不可用
2023-11-08 00:33:09,826 - default - INFO - End: http://feeds.feedburner.com/GoogleOnlineSecurityBlog 已解析 1 篇文章
2023-11-08 00:33:09,826 - default - INFO - Parse: https://galois.com/feed/
2023-11-08 00:33:10,358 - default - INFO - End: https://galois.com/feed/ 已解析 0 篇文章
2023-11-08 00:33:10,358 - default - INFO - Parse: https://githubengineering.com/atom.xml
2023-11-08 00:33:10,564 - default - INFO - End: https://githubengineering.com/atom.xml 已解析 0 篇文章
2023-11-08 00:33:10,564 - default - INFO - Parse: https://blog.digitalocean.com/rss/
2023-11-08 00:33:11,438 - default - INFO - 解析 https://blog.digitalocean.com/rss/ 失败 application/octet-stream is not an XML media type
2023-11-08 00:33:11,439 - default - INFO - End: https://blog.digitalocean.com/rss/ 已解析 0 篇文章
2023-11-08 00:33:11,439 - default - INFO - Parse: https://www.hashicorp.com/blog/feed.xml
2023-11-08 00:33:11,880 - default - WARNING - Summarize failed. 该令牌状态不可用
2023-11-08 00:33:12,202 - default - WARNING - Summarize failed. 该令牌状态不可用
2023-11-08 00:33:12,203 - default - INFO - End: https://www.hashicorp.com/blog/feed.xml 已解析 2 篇文章
2023-11-08 00:33:12,203 - default - INFO - Parse: https://collectiveidea.com/blog/feed/
2023-11-08 00:33:12,609 - default - INFO - End: https://collectiveidea.com/blog/feed/ 已解析 0 篇文章
2023-11-08 00:33:12,609 - default - INFO - Parse: http://feeds.feedburner.com/blogspot/gJZg
2023-11-08 00:33:13,274 - default - WARNING - Summarize failed. 该令牌状态不可用
2023-11-08 00:33:13,275 - default - INFO - End: http://feeds.feedburner.com/blogspot/gJZg 已解析 1 篇文章
2023-11-08 00:33:13,275 - default - INFO - Parse: http://engineering.grab.com/feed.xml
2023-11-08 00:33:13,464 - default - INFO - End: http://engineering.grab.com/feed.xml 已解析 0 篇文章
2023-11-08 00:33:13,464 - default - INFO - Parse: https://engineering.gusto.com/rss/
2023-11-08 00:33:13,848 - default - WARNING - Summarize failed. 该令牌状态不可用
2023-11-08 00:33:13,849 - default - INFO - End: https://engineering.gusto.com/rss/ 已解析 1 篇文章
2023-11-08 00:33:13,849 - default - INFO - Parse: https://www.hostinger.com/blog/feed/
2023-11-08 00:33:14,081 - default - INFO - End: https://www.hostinger.com/blog/feed/ 已解析 0 篇文章
2023-11-08 00:33:14,081 - default - INFO - Parse: https://engineering.doximity.com/feed
2023-11-08 00:33:15,174 - default - INFO - End: https://engineering.doximity.com/feed 已解析 0 篇文章
2023-11-08 00:33:15,174 - default - INFO - Parse: https://www.cockroachlabs.com/blog/index.xml
2023-11-08 00:33:15,606 - default - INFO - 文章较短，不需要总结
2023-11-08 00:33:15,607 - default - INFO - End: https://www.cockroachlabs.com/blog/index.xml 已解析 1 篇文章
2023-11-08 00:33:15,607 - default - INFO - Parse: https://product.hubspot.com/blog/rss.xml
2023-11-08 00:33:15,817 - default - INFO - End: https://product.hubspot.com/blog/rss.xml 已解析 0 篇文章
2023-11-08 00:33:15,817 - default - INFO - Parse: https://lambda.grofers.com/feed
2023-11-08 00:33:16,035 - default - INFO - End: https://lambda.grofers.com/feed 已解析 0 篇文章
2023-11-08 00:33:16,035 - default - INFO - Parse: https://dropbox.tech/feed
2023-11-08 00:33:17,412 - default - INFO - End: https://dropbox.tech/feed 已解析 0 篇文章
2023-11-08 00:33:17,412 - default - INFO - Parse: https://engineering.hashnode.com/rss.xml
2023-11-08 00:33:17,920 - default - INFO - 解析 https://engineering.hashnode.com/rss.xml 失败 document declared as us-ascii, but parsed as utf-8
2023-11-08 00:33:17,921 - default - INFO - End: https://engineering.hashnode.com/rss.xml 已解析 0 篇文章
2023-11-08 00:33:17,921 - default - INFO - Parse: https://kinvolk.io/blog/index.xml
2023-11-08 00:33:18,039 - default - INFO - 解析 https://kinvolk.io/blog/index.xml 失败 document declared as us-ascii, but parsed as utf-8
2023-11-08 00:33:18,040 - default - INFO - 文章较短，不需要总结
2023-11-08 00:33:18,041 - default - INFO - 文章较短，不需要总结
2023-11-08 00:33:18,042 - default - INFO - End: https://kinvolk.io/blog/index.xml 已解析 2 篇文章
2023-11-08 00:33:18,042 - default - INFO - Parse: https://tech.instacart.com/feed
2023-11-08 00:33:18,243 - default - INFO - End: https://tech.instacart.com/feed 已解析 0 篇文章
2023-11-08 00:33:18,243 - default - INFO - Parse: https://kolosek.com/rss/
2023-11-08 00:33:18,373 - default - INFO - 解析 https://kolosek.com/rss/ 失败 <unknown>:19:18: not well-formed (invalid token)
2023-11-08 00:33:18,374 - default - INFO - End: https://kolosek.com/rss/ 已解析 0 篇文章
2023-11-08 00:33:18,374 - default - INFO - Parse: https://blog.heroku.com/engineering/feed
2023-11-08 00:33:18,642 - default - INFO - End: https://blog.heroku.com/engineering/feed 已解析 0 篇文章
2023-11-08 00:33:18,642 - default - INFO - Parse: https://hashrocket.com/blog.rss
2023-11-08 00:33:18,895 - default - INFO - End: https://hashrocket.com/blog.rss 已解析 0 篇文章
2023-11-08 00:33:18,895 - default - INFO - Parse: https://jobandtalent.engineering/feed
2023-11-08 00:33:19,420 - default - INFO - End: https://jobandtalent.engineering/feed 已解析 0 篇文章
2023-11-08 00:33:19,420 - default - INFO - Parse: https://blog.imgur.com/feed/
2023-11-08 00:33:19,728 - default - INFO - End: https://blog.imgur.com/feed/ 已解析 0 篇文章
2023-11-08 00:33:19,728 - default - INFO - Parse: https://nordicapis.com/feed/
2023-11-08 00:33:20,529 - default - WARNING - Summarize failed. 该令牌状态不可用
2023-11-08 00:33:20,529 - default - INFO - End: https://nordicapis.com/feed/ 已解析 1 篇文章
2023-11-08 00:33:20,529 - default - INFO - Parse: https://blog.novoda.com/rss/
2023-11-08 00:33:21,322 - default - INFO - End: https://blog.novoda.com/rss/ 已解析 0 篇文章
2023-11-08 00:33:21,322 - default - INFO - Parse: https://developer.okta.com/feed.xml
2023-11-08 00:33:21,887 - default - INFO - End: https://developer.okta.com/feed.xml 已解析 0 篇文章
2023-11-08 00:33:21,887 - default - INFO - Parse: https://eng.lyft.com/feed
2023-11-08 00:33:22,094 - default - INFO - End: https://eng.lyft.com/feed 已解析 0 篇文章
2023-11-08 00:33:22,094 - default - INFO - Parse: http://blog.memsql.com/feed/
2023-11-08 00:33:22,371 - default - INFO - 解析 http://blog.memsql.com/feed/ 失败 document declared as us-ascii, but parsed as utf-8
2023-11-08 00:33:22,371 - default - INFO - End: http://blog.memsql.com/feed/ 已解析 0 篇文章
2023-11-08 00:33:22,371 - default - INFO - Parse: https://engineering.mixpanel.com/feed/
2023-11-08 00:33:22,793 - default - INFO - End: https://engineering.mixpanel.com/feed/ 已解析 0 篇文章
2023-11-08 00:33:22,793 - default - INFO - Parse: https://medium.engineering/feed
2023-11-08 00:33:22,990 - default - INFO - End: https://medium.engineering/feed 已解析 0 篇文章
2023-11-08 00:33:22,990 - default - INFO - Parse: http://blog.apps.npr.org/atom.xml
2023-11-08 00:33:23,992 - default - INFO - 解析 http://blog.apps.npr.org/atom.xml 失败 <unknown>:1172:54: undefined entity
2023-11-08 00:33:23,992 - default - INFO - End: http://blog.apps.npr.org/atom.xml 已解析 0 篇文章
2023-11-08 00:33:23,992 - default - INFO - Parse: https://engblog.nextdoor.com/feed
2023-11-08 00:33:24,175 - default - INFO - End: https://engblog.nextdoor.com/feed 已解析 0 篇文章
2023-11-08 00:33:24,175 - default - INFO - Parse: https://hacks.mozilla.org/feed/
2023-11-08 00:33:24,912 - default - INFO - End: https://hacks.mozilla.org/feed/ 已解析 0 篇文章
2023-11-08 00:33:24,912 - default - INFO - Parse: https://developers.redhat.com/blog/feed/atom/
2023-11-08 00:33:25,277 - default - INFO - End: https://developers.redhat.com/blog/feed/atom/ 已解析 0 篇文章
2023-11-08 00:33:25,277 - default - INFO - Parse: https://tech.olx.com/feed
2023-11-08 00:33:25,454 - default - INFO - End: https://tech.olx.com/feed 已解析 0 篇文章
2023-11-08 00:33:25,455 - default - INFO - Parse: https://postmarkapp.com/blog/feed.atom
2023-11-08 00:33:26,408 - default - INFO - End: https://postmarkapp.com/blog/feed.atom 已解析 0 篇文章
2023-11-08 00:33:26,408 - default - INFO - Parse: http://engineering.remind.com/feed.xml
2023-11-08 00:33:26,646 - default - INFO - End: http://engineering.remind.com/feed.xml 已解析 0 篇文章
2023-11-08 00:33:26,646 - default - INFO - Parse: https://tech.showmax.com/feed.xml
2023-11-08 00:33:27,989 - default - INFO - End: https://tech.showmax.com/feed.xml 已解析 0 篇文章
2023-11-08 00:33:27,989 - default - INFO - Parse: https://multithreaded.stitchfix.com/feed.xml
2023-11-08 00:33:28,234 - default - INFO - End: https://multithreaded.stitchfix.com/feed.xml 已解析 0 篇文章
2023-11-08 00:33:28,234 - default - INFO - Parse: https://labs.spotify.com/feed/
2023-11-08 00:33:29,156 - default - INFO - 文章较短，不需要总结
2023-11-08 00:33:29,156 - default - INFO - End: https://labs.spotify.com/feed/ 已解析 1 篇文章
2023-11-08 00:33:29,156 - default - INFO - Parse: https://www.stridenyc.com/blog/rss.xml
2023-11-08 00:33:29,358 - default - INFO - End: https://www.stridenyc.com/blog/rss.xml 已解析 0 篇文章
2023-11-08 00:33:29,358 - default - INFO - Parse: https://technology.skybettingandgaming.com/feed.xml
2023-11-08 00:33:29,553 - default - INFO - End: https://technology.skybettingandgaming.com/feed.xml 已解析 0 篇文章
2023-11-08 00:33:29,553 - default - INFO - Parse: https://umbrella.cisco.com/blog/feed/
2023-11-08 00:33:29,771 - default - INFO - End: https://umbrella.cisco.com/blog/feed/ 已解析 0 篇文章
2023-11-08 00:33:29,771 - default - INFO - Parse: https://www.surveymonkey.com/feed/
2023-11-08 00:33:30,007 - default - INFO - End: https://www.surveymonkey.com/feed/ 已解析 0 篇文章
2023-11-08 00:33:30,007 - default - INFO - Parse: https://engineering.prezi.com/feed
2023-11-08 00:33:30,208 - default - INFO - End: https://engineering.prezi.com/feed 已解析 0 篇文章
2023-11-08 00:33:30,208 - default - INFO - Parse: https://semaphoreci.com/community/tutorials.atom
2023-11-08 00:33:30,877 - default - WARNING - Summarize failed. 该令牌状态不可用
2023-11-08 00:33:30,877 - default - INFO - End: https://semaphoreci.com/community/tutorials.atom 已解析 1 篇文章
2023-11-08 00:33:30,877 - default - INFO - Parse: https://developer.salesforce.com/blogs/feed
2023-11-08 00:33:31,287 - default - WARNING - Summarize failed. 该令牌状态不可用
2023-11-08 00:33:31,288 - default - INFO - End: https://developer.salesforce.com/blogs/feed 已解析 1 篇文章
2023-11-08 00:33:31,288 - default - INFO - Parse: https://mesosphere.com/feed/
2023-11-08 00:33:32,182 - default - INFO - End: https://mesosphere.com/feed/ 已解析 0 篇文章
2023-11-08 00:33:32,182 - default - INFO - Parse: https://feeds.feedburner.com/GiantRobotsSmashingIntoOtherGiantRobots
2023-11-08 00:33:32,313 - default - INFO - End: https://feeds.feedburner.com/GiantRobotsSmashingIntoOtherGiantRobots 已解析 0 篇文章
2023-11-08 00:33:32,313 - default - INFO - Parse: https://www.toptal.com/blog.rss
2023-11-08 00:33:32,481 - default - INFO - End: https://www.toptal.com/blog.rss 已解析 0 篇文章
2023-11-08 00:33:32,481 - default - INFO - Parse: https://slack.engineering/feed
2023-11-08 00:33:32,823 - default - INFO - End: https://slack.engineering/feed 已解析 0 篇文章
2023-11-08 00:33:32,823 - default - INFO - Parse: http://semaphoreci.com/blog/engineering.xml
2023-11-08 00:33:33,244 - default - INFO - End: http://semaphoreci.com/blog/engineering.xml 已解析 0 篇文章
2023-11-08 00:33:33,244 - default - INFO - Parse: https://blog.siftscience.com/feed/
2023-11-08 00:33:33,759 - default - INFO - End: https://blog.siftscience.com/feed/ 已解析 0 篇文章
2023-11-08 00:33:33,760 - default - INFO - Parse: https://stackoverflow.blog/feed/
2023-11-08 00:33:33,839 - default - INFO - 文章较短，不需要总结
2023-11-08 00:33:33,840 - default - INFO - End: https://stackoverflow.blog/feed/ 已解析 1 篇文章
2023-11-08 00:33:33,840 - default - INFO - Parse: http://techblog.thescore.com/feed.xml
2023-11-08 00:33:34,955 - default - INFO - 解析 http://techblog.thescore.com/feed.xml 失败 <unknown>:1500:26: not well-formed (invalid token)
2023-11-08 00:33:34,955 - default - INFO - End: http://techblog.thescore.com/feed.xml 已解析 0 篇文章
2023-11-08 00:33:34,955 - default - INFO - Parse: https://tech.trivago.com/index.xml
2023-11-08 00:33:35,222 - default - INFO - End: https://tech.trivago.com/index.xml 已解析 0 篇文章
2023-11-08 00:33:35,222 - default - INFO - Parse: https://www.thoughtworks.com/rss/insights.xml
2023-11-08 00:33:37,704 - default - INFO - End: https://www.thoughtworks.com/rss/insights.xml 已解析 0 篇文章
2023-11-08 00:33:37,704 - default - INFO - Parse: https://bytes.swiggy.com/feed
2023-11-08 00:33:37,888 - default - INFO - End: https://bytes.swiggy.com/feed 已解析 0 篇文章
2023-11-08 00:33:37,888 - default - INFO - Parse: http://engineering.vinted.com//atom.xml
2023-11-08 00:33:38,072 - default - INFO - End: http://engineering.vinted.com//atom.xml 已解析 0 篇文章
2023-11-08 00:33:38,072 - default - INFO - Parse: https://developers.soundcloud.com/blog.rss
2023-11-08 00:33:41,020 - default - INFO - End: https://developers.soundcloud.com/blog.rss 已解析 0 篇文章
2023-11-08 00:33:41,020 - default - INFO - Parse: https://blog.timescale.com/feed
2023-11-08 00:33:41,817 - default - WARNING - Summarize failed. 该令牌状态不可用
2023-11-08 00:33:41,818 - default - INFO - End: https://blog.timescale.com/feed 已解析 1 篇文章
2023-11-08 00:33:41,818 - default - INFO - Parse: https://engineering.tumblr.com/rss
2023-11-08 00:33:41,908 - default - INFO - End: https://engineering.tumblr.com/rss 已解析 0 篇文章
2023-11-08 00:33:41,908 - default - INFO - Parse: http://eng.wealthfront.com/feed/
2023-11-08 00:33:42,267 - default - INFO - End: http://eng.wealthfront.com/feed/ 已解析 0 篇文章
2023-11-08 00:33:42,267 - default - INFO - Parse: https://www.sitepoint.com/feed/
2023-11-08 00:33:43,141 - default - INFO - End: https://www.sitepoint.com/feed/ 已解析 0 篇文章
2023-11-08 00:33:43,141 - default - INFO - Parse: https://stripe.com/blog/feed.rss
2023-11-08 00:33:44,029 - default - INFO - End: https://stripe.com/blog/feed.rss 已解析 0 篇文章
2023-11-08 00:33:44,029 - default - INFO - Parse: http://engineering.wingify.com/atom.xml
2023-11-08 00:33:45,520 - default - INFO - End: http://engineering.wingify.com/atom.xml 已解析 0 篇文章
2023-11-08 00:33:45,520 - default - INFO - Parse: https://infrequently.org/feed/
2023-11-08 00:33:45,916 - default - INFO - End: https://infrequently.org/feed/ 已解析 0 篇文章
2023-11-08 00:33:45,916 - default - INFO - Parse: https://www.amitmerchant.com/feed.xml
2023-11-08 00:33:46,319 - default - WARNING - Summarize failed. 该令牌状态不可用
2023-11-08 00:33:46,319 - default - INFO - End: https://www.amitmerchant.com/feed.xml 已解析 1 篇文章
2023-11-08 00:33:46,319 - default - INFO - Parse: https://buildingvts.com/feed
2023-11-08 00:33:46,487 - default - INFO - End: https://buildingvts.com/feed 已解析 0 篇文章
2023-11-08 00:33:46,487 - default - INFO - Parse: http://addyosmani.com/rss.xml
2023-11-08 00:33:46,596 - default - INFO - End: http://addyosmani.com/rss.xml 已解析 0 篇文章
2023-11-08 00:33:46,596 - default - INFO - Parse: https://engineeringblog.yelp.com/feed.xml
2023-11-08 00:33:46,692 - default - INFO - 解析 https://engineeringblog.yelp.com/feed.xml 失败 document declared as us-ascii, but parsed as utf-8
2023-11-08 00:33:46,693 - default - INFO - End: https://engineeringblog.yelp.com/feed.xml 已解析 0 篇文章
2023-11-08 00:33:46,693 - default - INFO - Parse: https://alanstorm.com/feed/feed.xml
2023-11-08 00:33:47,065 - default - INFO - 解析 https://alanstorm.com/feed/feed.xml 失败 <unknown>:124:0: junk after document element
2023-11-08 00:33:47,065 - default - INFO - End: https://alanstorm.com/feed/feed.xml 已解析 0 篇文章
2023-11-08 00:33:47,066 - default - INFO - Parse: https://ariya.io/index.xml
2023-11-08 00:33:47,355 - default - INFO - End: https://ariya.io/index.xml 已解析 0 篇文章
2023-11-08 00:33:47,355 - default - INFO - Parse: https://tech.xing.com/feed
2023-11-08 00:33:48,231 - default - INFO - End: https://tech.xing.com/feed 已解析 0 篇文章
2023-11-08 00:33:48,231 - default - INFO - Parse: http://tenderlovemaking.com/atom.xml
2023-11-08 00:33:48,882 - default - INFO - End: http://tenderlovemaking.com/atom.xml 已解析 0 篇文章
2023-11-08 00:33:48,882 - default - INFO - Parse: https://www.devroom.io/index.xml
2023-11-08 00:33:49,934 - default - INFO - 解析 https://www.devroom.io/index.xml 失败 document declared as us-ascii, but parsed as utf-8
2023-11-08 00:33:49,935 - default - INFO - End: https://www.devroom.io/index.xml 已解析 0 篇文章
2023-11-08 00:33:49,935 - default - INFO - Parse: https://carlosbecker.com/index.xml
2023-11-08 00:33:50,109 - default - INFO - 文章较短，不需要总结
2023-11-08 00:33:50,110 - default - INFO - 文章较短，不需要总结
2023-11-08 00:33:50,110 - default - INFO - End: https://carlosbecker.com/index.xml 已解析 2 篇文章
2023-11-08 00:33:50,110 - default - INFO - Parse: https://developerblog.zendesk.com/feed
2023-11-08 00:33:50,261 - default - INFO - End: https://developerblog.zendesk.com/feed 已解析 0 篇文章
2023-11-08 00:33:50,261 - default - INFO - Parse: https://bohops.com/feed/
2023-11-08 00:33:50,461 - default - INFO - End: https://bohops.com/feed/ 已解析 0 篇文章
2023-11-08 00:33:50,462 - default - INFO - Parse: http://lucumr.pocoo.org/feed.atom
2023-11-08 00:33:52,011 - default - INFO - End: http://lucumr.pocoo.org/feed.atom 已解析 0 篇文章
2023-11-08 00:33:52,011 - default - INFO - Parse: http://nullprogram.com/feed/
2023-11-08 00:33:52,305 - default - INFO - End: http://nullprogram.com/feed/ 已解析 0 篇文章
2023-11-08 00:33:52,305 - default - INFO - Parse: https://code.dblock.org/feed.xml
2023-11-08 00:33:52,967 - default - INFO - End: https://code.dblock.org/feed.xml 已解析 0 篇文章
2023-11-08 00:33:52,967 - default - INFO - Parse: http://www.brendangregg.com/blog/rss.xml
2023-11-08 00:33:53,517 - default - INFO - End: http://www.brendangregg.com/blog/rss.xml 已解析 0 篇文章
2023-11-08 00:33:53,517 - default - INFO - Parse: https://www.dereuromark.de/feed/
2023-11-08 00:33:54,172 - default - INFO - End: https://www.dereuromark.de/feed/ 已解析 0 篇文章
2023-11-08 00:33:54,172 - default - INFO - Parse: https://domenicoluciani.com/feed.xml
2023-11-08 00:33:54,320 - default - INFO - End: https://domenicoluciani.com/feed.xml 已解析 0 篇文章
2023-11-08 00:33:54,320 - default - INFO - Parse: https://blog.filippo.io/rss/
2023-11-08 00:33:55,094 - default - WARNING - Summarize failed. 该令牌状态不可用
2023-11-08 00:33:55,095 - default - INFO - End: https://blog.filippo.io/rss/ 已解析 1 篇文章
2023-11-08 00:33:55,095 - default - INFO - Parse: https://hookrace.net/blog/feed/
2023-11-08 00:33:56,900 - default - INFO - End: https://hookrace.net/blog/feed/ 已解析 0 篇文章
2023-11-08 00:33:56,901 - default - INFO - Parse: https://dotdev.co/feed/
2023-11-08 00:33:57,004 - default - INFO - End: https://dotdev.co/feed/ 已解析 0 篇文章
2023-11-08 00:33:57,004 - default - INFO - Parse: https://ericlippert.com/feed/
2023-11-08 00:33:57,102 - default - INFO - End: https://ericlippert.com/feed/ 已解析 0 篇文章
2023-11-08 00:33:57,102 - default - INFO - Parse: https://tomassetti.me/feed/
2023-11-08 00:33:57,728 - default - WARNING - Summarize failed. 该令牌状态不可用
2023-11-08 00:33:57,728 - default - INFO - End: https://tomassetti.me/feed/ 已解析 1 篇文章
2023-11-08 00:33:57,728 - default - INFO - Parse: http://www.evanjones.ca/index.rss
2023-11-08 00:33:57,915 - default - INFO - End: http://www.evanjones.ca/index.rss 已解析 0 篇文章
2023-11-08 00:33:57,915 - default - INFO - Parse: https://deanhume.com/rss/
2023-11-08 00:33:58,345 - default - INFO - End: https://deanhume.com/rss/ 已解析 0 篇文章
2023-11-08 00:33:58,345 - default - INFO - Parse: http://feeds.feedburner.com/HighScalability
2023-11-08 00:33:58,456 - default - INFO - End: http://feeds.feedburner.com/HighScalability 已解析 0 篇文章
2023-11-08 00:33:58,457 - default - INFO - Parse: https://erikrunyon.com/feed.xml
2023-11-08 00:33:58,719 - default - INFO - End: https://erikrunyon.com/feed.xml 已解析 0 篇文章
2023-11-08 00:33:58,720 - default - INFO - Parse: https://drewdevault.com/feed.xml
2023-11-08 00:33:59,329 - default - INFO - End: https://drewdevault.com/feed.xml 已解析 0 篇文章
2023-11-08 00:33:59,329 - default - INFO - Parse: https://www.chenhuijing.com/feed.xml
2023-11-08 00:33:59,940 - default - INFO - End: https://www.chenhuijing.com/feed.xml 已解析 0 篇文章
2023-11-08 00:33:59,940 - default - INFO - Parse: https://www.metachris.com/index.xml
2023-11-08 00:34:00,059 - default - INFO - End: https://www.metachris.com/index.xml 已解析 0 篇文章
2023-11-08 00:34:00,059 - default - INFO - Parse: https://elegantcode.com/feed/
2023-11-08 00:34:00,147 - default - INFO - End: https://elegantcode.com/feed/ 已解析 0 篇文章
2023-11-08 00:34:00,148 - default - INFO - Parse: https://conductofcode.io/feed.xml
2023-11-08 00:34:00,494 - default - INFO - End: https://conductofcode.io/feed.xml 已解析 0 篇文章
2023-11-08 00:34:00,494 - default - INFO - Parse: https://glebbahmutov.com/blog/atom.xml
2023-11-08 00:34:01,587 - default - INFO - End: https://glebbahmutov.com/blog/atom.xml 已解析 0 篇文章
2023-11-08 00:34:01,587 - default - INFO - Parse: https://eli.thegreenplace.net/feeds/all.atom.xml
2023-11-08 00:34:02,243 - default - INFO - End: https://eli.thegreenplace.net/feeds/all.atom.xml 已解析 0 篇文章
2023-11-08 00:34:02,243 - default - INFO - Parse: https://henrikwarne.com/feed/
2023-11-08 00:34:02,337 - default - INFO - End: https://henrikwarne.com/feed/ 已解析 0 篇文章
2023-11-08 00:34:02,337 - default - INFO - Parse: https://davidwalsh.name/feed/atom
2023-11-08 00:34:02,949 - default - INFO - End: https://davidwalsh.name/feed/atom 已解析 0 篇文章
2023-11-08 00:34:02,949 - default - INFO - Parse: https://jeremykun.com/feed/
2023-11-08 00:34:03,122 - default - INFO - End: https://jeremykun.com/feed/ 已解析 0 篇文章
2023-11-08 00:34:03,122 - default - INFO - Parse: https://tympanus.net/codrops/rss
2023-11-08 00:34:04,778 - default - INFO - End: https://tympanus.net/codrops/rss 已解析 0 篇文章
2023-11-08 00:34:04,778 - default - INFO - Parse: http://jakewharton.com/feed.xml
2023-11-08 00:34:05,874 - default - INFO - End: http://jakewharton.com/feed.xml 已解析 0 篇文章
2023-11-08 00:34:05,874 - default - INFO - Parse: https://jes.al/atom.xml
2023-11-08 00:34:06,143 - default - INFO - End: https://jes.al/atom.xml 已解析 0 篇文章
2023-11-08 00:34:06,143 - default - INFO - Parse: https://jvns.ca/atom.xml
2023-11-08 00:34:06,529 - default - INFO - End: https://jvns.ca/atom.xml 已解析 0 篇文章
2023-11-08 00:34:06,529 - default - INFO - Parse: https://codeblog.jonskeet.uk/feed/
2023-11-08 00:34:06,743 - default - INFO - End: https://codeblog.jonskeet.uk/feed/ 已解析 0 篇文章
2023-11-08 00:34:06,744 - default - INFO - Parse: https://adambard.com/blog/feed.xml
2023-11-08 00:34:06,882 - default - INFO - End: https://adambard.com/blog/feed.xml 已解析 0 篇文章
2023-11-08 00:34:06,882 - default - INFO - Parse: https://useyourloaf.com/blog/rss.xml
2023-11-08 00:34:07,425 - default - INFO - End: https://useyourloaf.com/blog/rss.xml 已解析 0 篇文章
2023-11-08 00:34:07,425 - default - INFO - Parse: https://jerrygamblin.com/feed/
2023-11-08 00:34:07,630 - default - INFO - End: https://jerrygamblin.com/feed/ 已解析 0 篇文章
2023-11-08 00:34:07,630 - default - INFO - Parse: https://idea.popcount.org/rss.xml
2023-11-08 00:34:08,375 - default - INFO - End: https://idea.popcount.org/rss.xml 已解析 0 篇文章
2023-11-08 00:34:08,375 - default - INFO - Parse: https://maryrosecook.com/blog/feed.xml
2023-11-08 00:34:08,706 - default - INFO - 解析 https://maryrosecook.com/blog/feed.xml 失败 document declared as us-ascii, but parsed as utf-8
2023-11-08 00:34:08,707 - default - INFO - End: https://maryrosecook.com/blog/feed.xml 已解析 0 篇文章
2023-11-08 00:34:08,707 - default - INFO - Parse: https://begriffs.com/atom.xml
2023-11-08 00:34:10,278 - default - INFO - 解析 https://begriffs.com/atom.xml 失败 document declared as us-ascii, but parsed as utf-8
2023-11-08 00:34:10,278 - default - INFO - End: https://begriffs.com/atom.xml 已解析 0 篇文章
2023-11-08 00:34:10,278 - default - INFO - Parse: http://matt.might.net/articles/feed.rss
2023-11-08 00:34:10,673 - default - INFO - End: http://matt.might.net/articles/feed.rss 已解析 0 篇文章
2023-11-08 00:34:10,673 - default - INFO - Parse: https://martinfowler.com/feed.atom
2023-11-08 00:34:10,765 - default - INFO - 文章较短，不需要总结
2023-11-08 00:34:10,766 - default - INFO - End: https://martinfowler.com/feed.atom 已解析 1 篇文章
2023-11-08 00:34:10,766 - default - INFO - Parse: https://blog.sleeplessbeastie.eu/feed.xml
2023-11-08 00:34:13,753 - default - INFO - End: https://blog.sleeplessbeastie.eu/feed.xml 已解析 0 篇文章
2023-11-08 00:34:13,753 - default - INFO - Parse: https://blog.cryptographyengineering.com/feed/
2023-11-08 00:34:14,038 - default - INFO - End: https://blog.cryptographyengineering.com/feed/ 已解析 0 篇文章
2023-11-08 00:34:14,039 - default - INFO - Parse: http://blog.fogus.me/feed/
2023-11-08 00:34:14,857 - default - INFO - End: http://blog.fogus.me/feed/ 已解析 0 篇文章
2023-11-08 00:34:14,857 - default - INFO - Parse: https://blog.rinesi.com/feed/
2023-11-08 00:34:15,231 - default - INFO - End: https://blog.rinesi.com/feed/ 已解析 0 篇文章
2023-11-08 00:34:15,232 - default - INFO - Parse: https://snook.ca/jonathan/index.rdf
2023-11-08 00:34:15,686 - default - INFO - End: https://snook.ca/jonathan/index.rdf 已解析 0 篇文章
2023-11-08 00:34:15,686 - default - INFO - Parse: https://www.mattcutts.com/blog/feed/
2023-11-08 00:34:16,074 - default - INFO - End: https://www.mattcutts.com/blog/feed/ 已解析 0 篇文章
2023-11-08 00:34:16,074 - default - INFO - Parse: http://www.windytan.com/feeds/posts/default
2023-11-08 00:34:16,450 - default - INFO - End: http://www.windytan.com/feeds/posts/default 已解析 0 篇文章
2023-11-08 00:34:16,450 - default - INFO - Parse: https://aphyr.com/posts.atom
2023-11-08 00:34:17,697 - default - INFO - End: https://aphyr.com/posts.atom 已解析 0 篇文章
2023-11-08 00:34:17,697 - default - INFO - Parse: http://blog.pamelafox.org/feeds/posts/default
2023-11-08 00:34:18,107 - default - INFO - End: http://blog.pamelafox.org/feeds/posts/default 已解析 0 篇文章
2023-11-08 00:34:18,107 - default - INFO - Parse: https://oleb.net/blog/atom.xml
2023-11-08 00:34:18,381 - default - INFO - End: https://oleb.net/blog/atom.xml 已解析 0 篇文章
2023-11-08 00:34:18,381 - default - INFO - Parse: https://blogs.msdn.microsoft.com/oldnewthing/feed
2023-11-08 00:34:18,928 - default - WARNING - Summarize failed. 该令牌状态不可用
2023-11-08 00:34:18,928 - default - INFO - End: https://blogs.msdn.microsoft.com/oldnewthing/feed 已解析 1 篇文章
2023-11-08 00:34:18,928 - default - INFO - Parse: https://realpython.com/atom.xml
2023-11-08 00:34:19,168 - default - INFO - 文章较短，不需要总结
2023-11-08 00:34:19,169 - default - INFO - End: https://realpython.com/atom.xml 已解析 1 篇文章
2023-11-08 00:34:19,169 - default - INFO - Parse: http://blog.cleancoder.com/atom.xml
2023-11-08 00:34:19,352 - default - INFO - End: http://blog.cleancoder.com/atom.xml 已解析 0 篇文章
2023-11-08 00:34:19,352 - default - INFO - Parse: https://akrabat.com/feed/
2023-11-08 00:34:19,885 - default - INFO - End: https://akrabat.com/feed/ 已解析 0 篇文章
2023-11-08 00:34:19,885 - default - INFO - Parse: https://www.thepolyglotdeveloper.com/blog/index.xml
2023-11-08 00:34:20,854 - default - INFO - End: https://www.thepolyglotdeveloper.com/blog/index.xml 已解析 0 篇文章
2023-11-08 00:34:20,854 - default - INFO - Parse: https://eviltrout.com/feed.xml
2023-11-08 00:34:21,239 - default - INFO - End: https://eviltrout.com/feed.xml 已解析 0 篇文章
2023-11-08 00:34:21,239 - default - INFO - Parse: https://joshtronic.com/atom.xml
2023-11-08 00:34:27,951 - default - INFO - End: https://joshtronic.com/atom.xml 已解析 0 篇文章
2023-11-08 00:34:27,951 - default - INFO - Parse: http://feeds.hanselman.com/ScottHanselman
2023-11-08 00:34:28,299 - default - INFO - End: http://feeds.hanselman.com/ScottHanselman 已解析 0 篇文章
2023-11-08 00:34:28,299 - default - INFO - Parse: https://blog.nelhage.com/atom.xml
2023-11-08 00:34:28,660 - default - INFO - End: https://blog.nelhage.com/atom.xml 已解析 0 篇文章
2023-11-08 00:34:28,660 - default - INFO - Parse: http://blog.rtwilson.com/feed/
2023-11-08 00:34:28,989 - default - INFO - End: http://blog.rtwilson.com/feed/ 已解析 0 篇文章
2023-11-08 00:34:28,989 - default - INFO - Parse: http://www.catonmat.net/feed/
2023-11-08 00:34:29,230 - default - INFO - 文章较短，不需要总结
2023-11-08 00:34:29,231 - default - INFO - 文章较短，不需要总结
2023-11-08 00:34:29,232 - default - INFO - End: http://www.catonmat.net/feed/ 已解析 2 篇文章
2023-11-08 00:34:29,232 - default - INFO - Parse: https://neverfriday.com/feed/
2023-11-08 00:34:30,168 - default - INFO - End: https://neverfriday.com/feed/ 已解析 0 篇文章
2023-11-08 00:34:30,168 - default - INFO - Parse: http://thedailywtf.com/rss
2023-11-08 00:34:30,838 - default - WARNING - Summarize failed. 该令牌状态不可用
2023-11-08 00:34:30,838 - default - INFO - End: http://thedailywtf.com/rss 已解析 1 篇文章
2023-11-08 00:34:30,838 - default - INFO - Parse: https://vladmihalcea.com/feed/
2023-11-08 00:34:30,965 - default - INFO - End: https://vladmihalcea.com/feed/ 已解析 0 篇文章
2023-11-08 00:34:30,965 - default - INFO - Parse: https://www.yegor256.com/rss.xml
2023-11-08 00:34:31,158 - default - INFO - End: https://www.yegor256.com/rss.xml 已解析 0 篇文章
2023-11-08 00:34:31,158 - default - INFO - Parse: https://muffinman.io/atom.xml
2023-11-08 00:34:33,330 - default - INFO - End: https://muffinman.io/atom.xml 已解析 0 篇文章
2023-11-08 00:34:33,330 - default - INFO - Parse: https://www.ardanlabs.com/blog/index.xml
2023-11-08 00:34:33,625 - default - INFO - End: https://www.ardanlabs.com/blog/index.xml 已解析 0 篇文章
2023-11-08 00:34:33,625 - default - INFO - Parse: https://blog.getbootstrap.com/feed.xml
2023-11-08 00:34:33,809 - default - INFO - End: https://blog.getbootstrap.com/feed.xml 已解析 0 篇文章
2023-11-08 00:34:33,809 - default - INFO - Parse: https://zachholman.com/atom.xml
2023-11-08 00:34:33,955 - default - INFO - End: https://zachholman.com/atom.xml 已解析 0 篇文章
2023-11-08 00:34:33,955 - default - INFO - Parse: https://ipfs.io/blog/index.xml
2023-11-08 00:34:34,612 - default - INFO - End: https://ipfs.io/blog/index.xml 已解析 0 篇文章
2023-11-08 00:34:34,612 - default - INFO - Parse: https://blog.golang.org/feed.atom
2023-11-08 00:34:35,198 - default - INFO - End: https://blog.golang.org/feed.atom 已解析 0 篇文章
2023-11-08 00:34:35,198 - default - INFO - Parse: https://blog.jooq.org/feed/
2023-11-08 00:34:35,793 - default - INFO - End: https://blog.jooq.org/feed/ 已解析 0 篇文章
2023-11-08 00:34:35,793 - default - INFO - Parse: https://blogs.msdn.microsoft.com/dotnet/feed/
2023-11-08 00:34:36,514 - default - WARNING - Summarize failed. 该令牌状态不可用
2023-11-08 00:34:36,514 - default - INFO - End: https://blogs.msdn.microsoft.com/dotnet/feed/ 已解析 1 篇文章
2023-11-08 00:34:36,514 - default - INFO - Parse: http://raganwald.com/atom.xml
2023-11-08 00:34:45,021 - default - INFO - End: http://raganwald.com/atom.xml 已解析 0 篇文章
2023-11-08 00:34:45,021 - default - INFO - Parse: https://blogs.windows.com/msedgedev/rss
2023-11-08 00:34:45,400 - default - INFO - End: https://blogs.windows.com/msedgedev/rss 已解析 0 篇文章
2023-11-08 00:34:45,400 - default - INFO - Parse: https://blog.jetbrains.com/kotlin/feed/
2023-11-08 00:34:45,807 - default - WARNING - Summarize failed. 该令牌状态不可用
2023-11-08 00:34:45,807 - default - INFO - End: https://blog.jetbrains.com/kotlin/feed/ 已解析 1 篇文章
2023-11-08 00:34:45,807 - default - INFO - Parse: https://tania.dev/rss.xml
2023-11-08 00:34:46,981 - default - INFO - End: https://tania.dev/rss.xml 已解析 0 篇文章
2023-11-08 00:34:46,981 - default - INFO - Parse: https://swizec.com/blog/feed
2023-11-08 00:34:47,043 - default - INFO - 解析 https://swizec.com/blog/feed 失败 <unknown>:2:0: syntax error
2023-11-08 00:34:47,043 - default - INFO - End: https://swizec.com/blog/feed 已解析 0 篇文章
2023-11-08 00:34:47,599 - default - INFO - Aggregate 已新增 45 篇
2023-11-08 00:34:47,599 - default - INFO - Aggregate AI总结花费 {}
