2023-11-17 00:34:10,150 - default - INFO - Parse: https://goteleport.com/blog/rss.xml
2023-11-17 00:34:10,452 - default - INFO - 文章较短，不需要总结
2023-11-17 00:34:10,453 - default - INFO - End: https://goteleport.com/blog/rss.xml 已解析 1 篇文章
2023-11-17 00:34:10,453 - default - INFO - Parse: https://engineering.mercari.com/en/blog/feed.xml
2023-11-17 00:34:12,419 - default - INFO - End: https://engineering.mercari.com/en/blog/feed.xml 已解析 0 篇文章
2023-11-17 00:34:12,419 - default - INFO - Parse: https://blog.replit.com/feed.xml
2023-11-17 00:34:12,861 - default - INFO - 文章较短，不需要总结
2023-11-17 00:34:12,862 - default - INFO - 文章较短，不需要总结
2023-11-17 00:34:12,862 - default - INFO - End: https://blog.replit.com/feed.xml 已解析 2 篇文章
2023-11-17 00:34:12,862 - default - INFO - Parse: https://abhinavsarkar.net/tags/programming/feed.atom
2023-11-17 00:34:14,326 - default - INFO - End: https://abhinavsarkar.net/tags/programming/feed.atom 已解析 0 篇文章
2023-11-17 00:34:14,327 - default - INFO - Parse: https://httptoolkit.tech/rss.xml
2023-11-17 00:34:16,278 - default - INFO - End: https://httptoolkit.tech/rss.xml 已解析 0 篇文章
2023-11-17 00:34:16,278 - default - INFO - Parse: https://engineering.freeagent.com/feed/
2023-11-17 00:34:17,047 - default - INFO - End: https://engineering.freeagent.com/feed/ 已解析 0 篇文章
2023-11-17 00:34:17,047 - default - INFO - Parse: https://severalnines.com/rss.xml
2023-11-17 00:34:18,077 - default - INFO - End: https://severalnines.com/rss.xml 已解析 0 篇文章
2023-11-17 00:34:18,077 - default - INFO - Parse: https://learnk8s.io/rss.xml
2023-11-17 00:34:18,370 - default - INFO - End: https://learnk8s.io/rss.xml 已解析 0 篇文章
2023-11-17 00:34:18,370 - default - INFO - Parse: https://v8.dev/blog.atom
2023-11-17 00:34:18,673 - default - INFO - End: https://v8.dev/blog.atom 已解析 0 篇文章
2023-11-17 00:34:18,673 - default - INFO - Parse: https://technology.customink.com/feed.xml
2023-11-17 00:34:20,206 - default - INFO - 解析 https://technology.customink.com/feed.xml 失败 <unknown>:2727:89: not well-formed (invalid token)
2023-11-17 00:34:20,206 - default - INFO - End: https://technology.customink.com/feed.xml 已解析 0 篇文章
2023-11-17 00:34:20,206 - default - INFO - Parse: http://blog.avenuecode.com/rss.xml
2023-11-17 00:34:20,460 - default - INFO - End: http://blog.avenuecode.com/rss.xml 已解析 0 篇文章
2023-11-17 00:34:20,460 - default - INFO - Parse: https://8thlight.com/blog/feed/atom.xml
2023-11-17 00:34:20,809 - default - INFO - 解析 https://8thlight.com/blog/feed/atom.xml 失败 <unknown>:3:0: XML or text declaration not at start of entity
2023-11-17 00:34:20,810 - default - INFO - End: https://8thlight.com/blog/feed/atom.xml 已解析 0 篇文章
2023-11-17 00:34:20,810 - default - INFO - Parse: http://blog.arkency.com/atom.xml
2023-11-17 00:34:21,076 - default - INFO - End: http://blog.arkency.com/atom.xml 已解析 0 篇文章
2023-11-17 00:34:21,076 - default - INFO - Parse: http://artsy.github.io/feed
2023-11-17 00:34:21,233 - default - INFO - End: http://artsy.github.io/feed 已解析 0 篇文章
2023-11-17 00:34:21,233 - default - INFO - Parse: https://www.bigeng.io/rss/
2023-11-17 00:34:21,516 - default - INFO - End: https://www.bigeng.io/rss/ 已解析 0 篇文章
2023-11-17 00:34:21,517 - default - INFO - Parse: https://advancedweb.hu/atom.xml
2023-11-17 00:34:22,442 - default - INFO - End: https://advancedweb.hu/atom.xml 已解析 0 篇文章
2023-11-17 00:34:22,442 - default - INFO - Parse: https://auth0.com/blog/rss.xml
2023-11-17 00:34:22,524 - default - INFO - 解析 https://auth0.com/blog/rss.xml 失败 document declared as us-ascii, but parsed as utf-8
2023-11-17 00:34:22,524 - default - INFO - End: https://auth0.com/blog/rss.xml 已解析 0 篇文章
2023-11-17 00:34:22,524 - default - INFO - Parse: https://capgemini.github.io/feed.xml
2023-11-17 00:34:23,038 - default - INFO - End: https://capgemini.github.io/feed.xml 已解析 0 篇文章
2023-11-17 00:34:23,038 - default - INFO - Parse: https://aws.amazon.com/blogs/aws/feed/
2023-11-17 00:34:24,861 - default - WARNING - Summarize failed. 该令牌额度已用尽
2023-11-17 00:34:25,064 - default - WARNING - Summarize failed. 该令牌额度已用尽
2023-11-17 00:34:25,698 - default - WARNING - Summarize failed. 该令牌额度已用尽
2023-11-17 00:34:25,699 - default - INFO - End: https://aws.amazon.com/blogs/aws/feed/ 已解析 3 篇文章
2023-11-17 00:34:25,699 - default - INFO - Parse: https://code.blender.org/rss
2023-11-17 00:34:26,677 - default - INFO - End: https://code.blender.org/rss 已解析 0 篇文章
2023-11-17 00:34:26,677 - default - INFO - Parse: http://www.codenameone.com/feed.xml
2023-11-17 00:34:31,267 - default - INFO - End: http://www.codenameone.com/feed.xml 已解析 0 篇文章
2023-11-17 00:34:31,267 - default - INFO - Parse: https://spin.atomicobject.com/feed/
2023-11-17 00:34:31,670 - default - WARNING - Summarize failed. 该令牌额度已用尽
2023-11-17 00:34:31,670 - default - INFO - End: https://spin.atomicobject.com/feed/ 已解析 1 篇文章
2023-11-17 00:34:31,670 - default - INFO - Parse: https://blog.developer.bazaarvoice.com/feed/
2023-11-17 00:34:32,270 - default - INFO - End: https://blog.developer.bazaarvoice.com/feed/ 已解析 0 篇文章
2023-11-17 00:34:32,270 - default - INFO - Parse: https://blog.cloudflare.com/rss/
2023-11-17 00:34:33,097 - default - WARNING - Summarize failed. 该令牌额度已用尽
2023-11-17 00:34:33,098 - default - INFO - End: https://blog.cloudflare.com/rss/ 已解析 1 篇文章
2023-11-17 00:34:33,098 - default - INFO - Parse: https://developer.atlassian.com/blog/feed.xml
2023-11-17 00:34:34,031 - default - WARNING - Summarize failed. 该令牌额度已用尽
2023-11-17 00:34:34,031 - default - INFO - End: https://developer.atlassian.com/blog/feed.xml 已解析 1 篇文章
2023-11-17 00:34:34,031 - default - INFO - Parse: https://blog.cloudera.com/feed/
2023-11-17 00:34:34,937 - default - INFO - End: https://blog.cloudera.com/feed/ 已解析 0 篇文章
2023-11-17 00:34:34,937 - default - INFO - Parse: https://www.confluent.io/feed/
2023-11-17 00:34:35,178 - default - INFO - End: https://www.confluent.io/feed/ 已解析 0 篇文章
2023-11-17 00:34:35,178 - default - INFO - Parse: https://tech.buzzfeed.com/feed
2023-11-17 00:34:35,362 - default - INFO - End: https://tech.buzzfeed.com/feed 已解析 0 篇文章
2023-11-17 00:34:35,363 - default - INFO - Parse: https://engineering.brandwatch.com/rss/
2023-11-17 00:34:35,772 - default - INFO - 文章较短，不需要总结
2023-11-17 00:34:35,772 - default - INFO - End: https://engineering.brandwatch.com/rss/ 已解析 1 篇文章
2023-11-17 00:34:35,772 - default - INFO - Parse: https://benchling.engineering/feed
2023-11-17 00:34:36,021 - default - INFO - End: https://benchling.engineering/feed 已解析 0 篇文章
2023-11-17 00:34:36,021 - default - INFO - Parse: https://www.elastic.co/blog/feed
2023-11-17 00:34:36,237 - default - INFO - End: https://www.elastic.co/blog/feed 已解析 5 篇文章
2023-11-17 00:34:36,237 - default - INFO - Parse: http://deliveroo.engineering/feed.xml
2023-11-17 00:34:36,387 - default - INFO - End: http://deliveroo.engineering/feed.xml 已解析 0 篇文章
2023-11-17 00:34:36,387 - default - INFO - Parse: https://techblog.commercetools.com/feed
2023-11-17 00:34:36,612 - default - INFO - End: https://techblog.commercetools.com/feed 已解析 0 篇文章
2023-11-17 00:34:36,612 - default - INFO - Parse: https://databricks.com/feed
2023-11-17 00:34:36,814 - default - INFO - 文章较短，不需要总结
2023-11-17 00:34:36,814 - default - INFO - End: https://databricks.com/feed 已解析 1 篇文章
2023-11-17 00:34:36,814 - default - INFO - Parse: https://deezer.io/feed
2023-11-17 00:34:37,240 - default - INFO - End: https://deezer.io/feed 已解析 0 篇文章
2023-11-17 00:34:37,240 - default - INFO - Parse: https://engineering.fb.com/feed/
2023-11-17 00:34:37,357 - default - INFO - End: https://engineering.fb.com/feed/ 已解析 0 篇文章
2023-11-17 00:34:37,357 - default - INFO - Parse: https://codeascraft.com/feed/
2023-11-17 00:34:37,608 - default - INFO - 解析 https://codeascraft.com/feed/ 失败 text/html;charset=utf-8 is not an XML media type
2023-11-17 00:34:37,608 - default - INFO - End: https://codeascraft.com/feed/ 已解析 0 篇文章
2023-11-17 00:34:37,608 - default - INFO - Parse: https://medium.com/feed/feedzaitech
2023-11-17 00:34:37,782 - default - INFO - End: https://medium.com/feed/feedzaitech 已解析 0 篇文章
2023-11-17 00:34:37,782 - default - INFO - Parse: https://tech.findmypast.com/feed.xml
2023-11-17 00:34:37,913 - default - INFO - End: https://tech.findmypast.com/feed.xml 已解析 0 篇文章
2023-11-17 00:34:37,913 - default - INFO - Parse: https://code.fb.com/feed/
2023-11-17 00:34:38,311 - default - INFO - End: https://code.fb.com/feed/ 已解析 0 篇文章
2023-11-17 00:34:38,311 - default - INFO - Parse: https://www.eventbrite.com/engineering/feed/
2023-11-17 00:34:38,423 - default - INFO - End: https://www.eventbrite.com/engineering/feed/ 已解析 0 篇文章
2023-11-17 00:34:38,423 - default - INFO - Parse: https://evernote.com/blog/feed/
2023-11-17 00:34:38,528 - default - INFO - 解析 https://evernote.com/blog/feed/ 失败 <unknown>:2:0: not well-formed (invalid token)
2023-11-17 00:34:38,528 - default - INFO - End: https://evernote.com/blog/feed/ 已解析 0 篇文章
2023-11-17 00:34:38,528 - default - INFO - Parse: https://drivy.engineering/feed.xml
2023-11-17 00:34:39,941 - default - INFO - End: https://drivy.engineering/feed.xml 已解析 0 篇文章
2023-11-17 00:34:39,941 - default - INFO - Parse: https://evilmartians.com/chronicles.atom
2023-11-17 00:34:40,120 - default - INFO - End: https://evilmartians.com/chronicles.atom 已解析 0 篇文章
2023-11-17 00:34:40,120 - default - INFO - Parse: https://www.ebayinc.com/stories/blogs/tech/rss/
2023-11-17 00:34:40,830 - default - INFO - End: https://www.ebayinc.com/stories/blogs/tech/rss/ 已解析 0 篇文章
2023-11-17 00:34:40,831 - default - INFO - Parse: http://feeds.feedburner.com/GoogleOnlineSecurityBlog
2023-11-17 00:34:41,246 - default - INFO - End: http://feeds.feedburner.com/GoogleOnlineSecurityBlog 已解析 0 篇文章
2023-11-17 00:34:41,246 - default - INFO - Parse: https://galois.com/feed/
2023-11-17 00:34:41,807 - default - INFO - End: https://galois.com/feed/ 已解析 0 篇文章
2023-11-17 00:34:41,807 - default - INFO - Parse: https://githubengineering.com/atom.xml
2023-11-17 00:34:42,109 - default - INFO - End: https://githubengineering.com/atom.xml 已解析 0 篇文章
2023-11-17 00:34:42,109 - default - INFO - Parse: https://blog.digitalocean.com/rss/
2023-11-17 00:34:42,835 - default - INFO - 解析 https://blog.digitalocean.com/rss/ 失败 application/octet-stream is not an XML media type
2023-11-17 00:34:43,051 - default - WARNING - Summarize failed. 该令牌额度已用尽
2023-11-17 00:34:43,052 - default - INFO - End: https://blog.digitalocean.com/rss/ 已解析 1 篇文章
2023-11-17 00:34:43,052 - default - INFO - Parse: https://www.hashicorp.com/blog/feed.xml
2023-11-17 00:34:43,202 - default - INFO - End: https://www.hashicorp.com/blog/feed.xml 已解析 0 篇文章
2023-11-17 00:34:43,202 - default - INFO - Parse: https://collectiveidea.com/blog/feed/
2023-11-17 00:34:43,596 - default - INFO - End: https://collectiveidea.com/blog/feed/ 已解析 0 篇文章
2023-11-17 00:34:43,596 - default - INFO - Parse: http://feeds.feedburner.com/blogspot/gJZg
2023-11-17 00:34:44,215 - default - WARNING - Summarize failed. 该令牌额度已用尽
2023-11-17 00:34:44,216 - default - INFO - End: http://feeds.feedburner.com/blogspot/gJZg 已解析 1 篇文章
2023-11-17 00:34:44,216 - default - INFO - Parse: http://engineering.grab.com/feed.xml
2023-11-17 00:34:44,390 - default - INFO - End: http://engineering.grab.com/feed.xml 已解析 0 篇文章
2023-11-17 00:34:44,390 - default - INFO - Parse: https://engineering.gusto.com/rss/
2023-11-17 00:34:44,526 - default - INFO - End: https://engineering.gusto.com/rss/ 已解析 0 篇文章
2023-11-17 00:34:44,526 - default - INFO - Parse: https://www.hostinger.com/blog/feed/
2023-11-17 00:34:44,773 - default - INFO - End: https://www.hostinger.com/blog/feed/ 已解析 0 篇文章
2023-11-17 00:34:44,773 - default - INFO - Parse: https://engineering.doximity.com/feed
2023-11-17 00:34:45,811 - default - INFO - End: https://engineering.doximity.com/feed 已解析 0 篇文章
2023-11-17 00:34:45,811 - default - INFO - Parse: https://www.cockroachlabs.com/blog/index.xml
2023-11-17 00:34:46,203 - default - INFO - End: https://www.cockroachlabs.com/blog/index.xml 已解析 0 篇文章
2023-11-17 00:34:46,203 - default - INFO - Parse: https://product.hubspot.com/blog/rss.xml
2023-11-17 00:34:46,442 - default - INFO - 文章较短，不需要总结
2023-11-17 00:34:46,442 - default - INFO - End: https://product.hubspot.com/blog/rss.xml 已解析 1 篇文章
2023-11-17 00:34:46,442 - default - INFO - Parse: https://lambda.grofers.com/feed
2023-11-17 00:34:46,702 - default - INFO - End: https://lambda.grofers.com/feed 已解析 0 篇文章
2023-11-17 00:34:46,702 - default - INFO - Parse: https://dropbox.tech/feed
2023-11-17 00:34:47,679 - default - INFO - End: https://dropbox.tech/feed 已解析 0 篇文章
2023-11-17 00:34:47,679 - default - INFO - Parse: https://engineering.hashnode.com/rss.xml
2023-11-17 00:34:47,990 - default - INFO - 解析 https://engineering.hashnode.com/rss.xml 失败 document declared as us-ascii, but parsed as utf-8
2023-11-17 00:34:48,202 - default - WARNING - Summarize failed. 该令牌额度已用尽
2023-11-17 00:34:48,203 - default - INFO - End: https://engineering.hashnode.com/rss.xml 已解析 1 篇文章
2023-11-17 00:34:48,203 - default - INFO - Parse: https://kinvolk.io/blog/index.xml
2023-11-17 00:34:48,413 - default - INFO - 解析 https://kinvolk.io/blog/index.xml 失败 document declared as us-ascii, but parsed as utf-8
2023-11-17 00:34:48,413 - default - INFO - End: https://kinvolk.io/blog/index.xml 已解析 0 篇文章
2023-11-17 00:34:48,413 - default - INFO - Parse: https://tech.instacart.com/feed
2023-11-17 00:34:48,573 - default - INFO - End: https://tech.instacart.com/feed 已解析 0 篇文章
2023-11-17 00:34:48,573 - default - INFO - Parse: https://kolosek.com/rss/
2023-11-17 00:34:48,713 - default - INFO - 解析 https://kolosek.com/rss/ 失败 <unknown>:19:18: not well-formed (invalid token)
2023-11-17 00:34:48,713 - default - INFO - End: https://kolosek.com/rss/ 已解析 0 篇文章
2023-11-17 00:34:48,713 - default - INFO - Parse: https://blog.heroku.com/engineering/feed
2023-11-17 00:34:48,955 - default - INFO - End: https://blog.heroku.com/engineering/feed 已解析 0 篇文章
2023-11-17 00:34:48,955 - default - INFO - Parse: https://hashrocket.com/blog.rss
2023-11-17 00:34:49,278 - default - INFO - End: https://hashrocket.com/blog.rss 已解析 0 篇文章
2023-11-17 00:34:49,278 - default - INFO - Parse: https://jobandtalent.engineering/feed
2023-11-17 00:34:49,683 - default - INFO - End: https://jobandtalent.engineering/feed 已解析 0 篇文章
2023-11-17 00:34:49,683 - default - INFO - Parse: https://blog.imgur.com/feed/
2023-11-17 00:34:50,616 - default - INFO - End: https://blog.imgur.com/feed/ 已解析 0 篇文章
2023-11-17 00:34:50,616 - default - INFO - Parse: https://nordicapis.com/feed/
2023-11-17 00:34:51,317 - default - WARNING - Summarize failed. 该令牌额度已用尽
2023-11-17 00:34:51,537 - default - WARNING - Summarize failed. 该令牌额度已用尽
2023-11-17 00:34:51,746 - default - WARNING - Summarize failed. 该令牌额度已用尽
2023-11-17 00:34:51,746 - default - INFO - End: https://nordicapis.com/feed/ 已解析 3 篇文章
2023-11-17 00:34:51,747 - default - INFO - Parse: https://blog.novoda.com/rss/
2023-11-17 00:34:52,591 - default - INFO - End: https://blog.novoda.com/rss/ 已解析 0 篇文章
2023-11-17 00:34:52,591 - default - INFO - Parse: https://developer.okta.com/feed.xml
2023-11-17 00:34:53,131 - default - INFO - End: https://developer.okta.com/feed.xml 已解析 0 篇文章
2023-11-17 00:34:53,131 - default - INFO - Parse: https://eng.lyft.com/feed
2023-11-17 00:34:53,318 - default - INFO - End: https://eng.lyft.com/feed 已解析 0 篇文章
2023-11-17 00:34:53,318 - default - INFO - Parse: http://blog.memsql.com/feed/
2023-11-17 00:34:53,427 - default - INFO - 解析 http://blog.memsql.com/feed/ 失败 document declared as us-ascii, but parsed as utf-8
2023-11-17 00:34:53,428 - default - INFO - 文章较短，不需要总结
2023-11-17 00:34:53,429 - default - INFO - End: http://blog.memsql.com/feed/ 已解析 1 篇文章
2023-11-17 00:34:53,429 - default - INFO - Parse: https://engineering.mixpanel.com/feed/
2023-11-17 00:34:53,717 - default - INFO - End: https://engineering.mixpanel.com/feed/ 已解析 0 篇文章
2023-11-17 00:34:53,717 - default - INFO - Parse: https://medium.engineering/feed
2023-11-17 00:34:54,204 - default - INFO - End: https://medium.engineering/feed 已解析 0 篇文章
2023-11-17 00:34:54,204 - default - INFO - Parse: http://blog.apps.npr.org/atom.xml
2023-11-17 00:34:55,206 - default - INFO - 解析 http://blog.apps.npr.org/atom.xml 失败 <unknown>:1172:54: undefined entity
2023-11-17 00:34:55,206 - default - INFO - End: http://blog.apps.npr.org/atom.xml 已解析 0 篇文章
2023-11-17 00:34:55,206 - default - INFO - Parse: https://engblog.nextdoor.com/feed
2023-11-17 00:34:55,365 - default - INFO - End: https://engblog.nextdoor.com/feed 已解析 0 篇文章
2023-11-17 00:34:55,365 - default - INFO - Parse: https://hacks.mozilla.org/feed/
2023-11-17 00:34:56,149 - default - WARNING - Summarize failed. 该令牌额度已用尽
2023-11-17 00:34:56,149 - default - INFO - End: https://hacks.mozilla.org/feed/ 已解析 1 篇文章
2023-11-17 00:34:56,149 - default - INFO - Parse: https://developers.redhat.com/blog/feed/atom/
2023-11-17 00:34:56,972 - default - INFO - End: https://developers.redhat.com/blog/feed/atom/ 已解析 0 篇文章
2023-11-17 00:34:56,972 - default - INFO - Parse: https://tech.olx.com/feed
2023-11-17 00:34:57,189 - default - INFO - End: https://tech.olx.com/feed 已解析 0 篇文章
2023-11-17 00:34:57,190 - default - INFO - Parse: https://postmarkapp.com/blog/feed.atom
2023-11-17 00:34:57,985 - default - INFO - End: https://postmarkapp.com/blog/feed.atom 已解析 0 篇文章
2023-11-17 00:34:57,985 - default - INFO - Parse: http://engineering.remind.com/feed.xml
2023-11-17 00:34:58,171 - default - INFO - End: http://engineering.remind.com/feed.xml 已解析 0 篇文章
2023-11-17 00:34:58,171 - default - INFO - Parse: https://tech.showmax.com/feed.xml
2023-11-17 00:34:59,360 - default - INFO - End: https://tech.showmax.com/feed.xml 已解析 0 篇文章
2023-11-17 00:34:59,360 - default - INFO - Parse: https://multithreaded.stitchfix.com/feed.xml
2023-11-17 00:34:59,619 - default - INFO - End: https://multithreaded.stitchfix.com/feed.xml 已解析 0 篇文章
2023-11-17 00:34:59,619 - default - INFO - Parse: https://labs.spotify.com/feed/
2023-11-17 00:35:01,517 - default - INFO - End: https://labs.spotify.com/feed/ 已解析 0 篇文章
2023-11-17 00:35:01,517 - default - INFO - Parse: https://www.stridenyc.com/blog/rss.xml
2023-11-17 00:35:01,690 - default - INFO - End: https://www.stridenyc.com/blog/rss.xml 已解析 0 篇文章
2023-11-17 00:35:01,690 - default - INFO - Parse: https://technology.skybettingandgaming.com/feed.xml
2023-11-17 00:35:02,042 - default - INFO - End: https://technology.skybettingandgaming.com/feed.xml 已解析 0 篇文章
2023-11-17 00:35:02,042 - default - INFO - Parse: https://umbrella.cisco.com/blog/feed/
2023-11-17 00:35:02,239 - default - INFO - End: https://umbrella.cisco.com/blog/feed/ 已解析 0 篇文章
2023-11-17 00:35:02,240 - default - INFO - Parse: https://www.surveymonkey.com/feed/
2023-11-17 00:35:02,450 - default - INFO - End: https://www.surveymonkey.com/feed/ 已解析 0 篇文章
2023-11-17 00:35:02,450 - default - INFO - Parse: https://engineering.prezi.com/feed
2023-11-17 00:35:02,543 - default - INFO - 解析 https://engineering.prezi.com/feed 失败 <urlopen error [SSL: CERTIFICATE_VERIFY_FAILED] certificate verify failed: certificate has expired (_ssl.c:1131)>
2023-11-17 00:35:02,543 - default - INFO - End: https://engineering.prezi.com/feed 已解析 0 篇文章
2023-11-17 00:35:02,543 - default - INFO - Parse: https://semaphoreci.com/community/tutorials.atom
2023-11-17 00:35:02,739 - default - INFO - 解析 https://semaphoreci.com/community/tutorials.atom 失败 <unknown>:2:0: syntax error
2023-11-17 00:35:02,739 - default - INFO - End: https://semaphoreci.com/community/tutorials.atom 已解析 0 篇文章
2023-11-17 00:35:02,739 - default - INFO - Parse: https://developer.salesforce.com/blogs/feed
2023-11-17 00:35:03,121 - default - WARNING - Summarize failed. 该令牌额度已用尽
2023-11-17 00:35:03,122 - default - INFO - End: https://developer.salesforce.com/blogs/feed 已解析 1 篇文章
2023-11-17 00:35:03,122 - default - INFO - Parse: https://mesosphere.com/feed/
2023-11-17 00:35:04,130 - default - INFO - End: https://mesosphere.com/feed/ 已解析 0 篇文章
2023-11-17 00:35:04,130 - default - INFO - Parse: https://feeds.feedburner.com/GiantRobotsSmashingIntoOtherGiantRobots
2023-11-17 00:35:04,224 - default - INFO - End: https://feeds.feedburner.com/GiantRobotsSmashingIntoOtherGiantRobots 已解析 0 篇文章
2023-11-17 00:35:04,224 - default - INFO - Parse: https://www.toptal.com/blog.rss
2023-11-17 00:35:04,329 - default - INFO - End: https://www.toptal.com/blog.rss 已解析 0 篇文章
2023-11-17 00:35:04,330 - default - INFO - Parse: https://slack.engineering/feed
2023-11-17 00:35:04,412 - default - INFO - End: https://slack.engineering/feed 已解析 0 篇文章
2023-11-17 00:35:04,412 - default - INFO - Parse: http://semaphoreci.com/blog/engineering.xml
2023-11-17 00:35:04,657 - default - INFO - 解析 http://semaphoreci.com/blog/engineering.xml 失败 <unknown>:2:0: syntax error
2023-11-17 00:35:04,657 - default - INFO - End: http://semaphoreci.com/blog/engineering.xml 已解析 0 篇文章
2023-11-17 00:35:04,657 - default - INFO - Parse: https://blog.siftscience.com/feed/
2023-11-17 00:35:05,137 - default - INFO - End: https://blog.siftscience.com/feed/ 已解析 0 篇文章
2023-11-17 00:35:05,137 - default - INFO - Parse: https://stackoverflow.blog/feed/
2023-11-17 00:35:05,200 - default - INFO - End: https://stackoverflow.blog/feed/ 已解析 0 篇文章
2023-11-17 00:35:05,200 - default - INFO - Parse: http://techblog.thescore.com/feed.xml
2023-11-17 00:35:06,244 - default - INFO - 解析 http://techblog.thescore.com/feed.xml 失败 <unknown>:1500:26: not well-formed (invalid token)
2023-11-17 00:35:06,245 - default - INFO - End: http://techblog.thescore.com/feed.xml 已解析 0 篇文章
2023-11-17 00:35:06,245 - default - INFO - Parse: https://tech.trivago.com/index.xml
2023-11-17 00:35:06,446 - default - INFO - End: https://tech.trivago.com/index.xml 已解析 0 篇文章
2023-11-17 00:35:06,446 - default - INFO - Parse: https://www.thoughtworks.com/rss/insights.xml
2023-11-17 00:35:08,919 - default - INFO - End: https://www.thoughtworks.com/rss/insights.xml 已解析 0 篇文章
2023-11-17 00:35:08,919 - default - INFO - Parse: https://bytes.swiggy.com/feed
2023-11-17 00:35:09,131 - default - INFO - End: https://bytes.swiggy.com/feed 已解析 0 篇文章
2023-11-17 00:35:09,131 - default - INFO - Parse: http://engineering.vinted.com//atom.xml
2023-11-17 00:35:09,285 - default - INFO - End: http://engineering.vinted.com//atom.xml 已解析 0 篇文章
2023-11-17 00:35:09,285 - default - INFO - Parse: https://developers.soundcloud.com/blog.rss
2023-11-17 00:35:12,230 - default - INFO - End: https://developers.soundcloud.com/blog.rss 已解析 0 篇文章
2023-11-17 00:35:12,230 - default - INFO - Parse: https://blog.timescale.com/feed
2023-11-17 00:35:12,991 - default - WARNING - Summarize failed. 该令牌额度已用尽
2023-11-17 00:35:12,992 - default - INFO - End: https://blog.timescale.com/feed 已解析 1 篇文章
2023-11-17 00:35:12,992 - default - INFO - Parse: https://engineering.tumblr.com/rss
2023-11-17 00:35:13,056 - default - INFO - End: https://engineering.tumblr.com/rss 已解析 0 篇文章
2023-11-17 00:35:13,057 - default - INFO - Parse: http://eng.wealthfront.com/feed/
2023-11-17 00:35:13,588 - default - INFO - End: http://eng.wealthfront.com/feed/ 已解析 0 篇文章
2023-11-17 00:35:13,589 - default - INFO - Parse: https://www.sitepoint.com/feed/
2023-11-17 00:35:15,616 - default - INFO - 文章较短，不需要总结
2023-11-17 00:35:15,616 - default - INFO - End: https://www.sitepoint.com/feed/ 已解析 1 篇文章
2023-11-17 00:35:15,616 - default - INFO - Parse: https://stripe.com/blog/feed.rss
2023-11-17 00:35:16,455 - default - INFO - End: https://stripe.com/blog/feed.rss 已解析 0 篇文章
2023-11-17 00:35:16,455 - default - INFO - Parse: http://engineering.wingify.com/atom.xml
2023-11-17 00:35:17,703 - default - INFO - End: http://engineering.wingify.com/atom.xml 已解析 0 篇文章
2023-11-17 00:35:17,703 - default - INFO - Parse: https://infrequently.org/feed/
2023-11-17 00:35:18,069 - default - INFO - End: https://infrequently.org/feed/ 已解析 0 篇文章
2023-11-17 00:35:18,069 - default - INFO - Parse: https://www.amitmerchant.com/feed.xml
2023-11-17 00:35:18,238 - default - INFO - End: https://www.amitmerchant.com/feed.xml 已解析 0 篇文章
2023-11-17 00:35:18,238 - default - INFO - Parse: https://buildingvts.com/feed
2023-11-17 00:35:18,380 - default - INFO - End: https://buildingvts.com/feed 已解析 0 篇文章
2023-11-17 00:35:18,380 - default - INFO - Parse: http://addyosmani.com/rss.xml
2023-11-17 00:35:18,441 - default - INFO - End: http://addyosmani.com/rss.xml 已解析 0 篇文章
2023-11-17 00:35:18,441 - default - INFO - Parse: https://engineeringblog.yelp.com/feed.xml
2023-11-17 00:35:18,494 - default - INFO - 解析 https://engineeringblog.yelp.com/feed.xml 失败 document declared as us-ascii, but parsed as utf-8
2023-11-17 00:35:18,494 - default - INFO - End: https://engineeringblog.yelp.com/feed.xml 已解析 0 篇文章
2023-11-17 00:35:18,494 - default - INFO - Parse: https://alanstorm.com/feed/feed.xml
2023-11-17 00:35:18,784 - default - INFO - 解析 https://alanstorm.com/feed/feed.xml 失败 <unknown>:124:0: junk after document element
2023-11-17 00:35:18,784 - default - INFO - End: https://alanstorm.com/feed/feed.xml 已解析 0 篇文章
2023-11-17 00:35:18,785 - default - INFO - Parse: https://ariya.io/index.xml
2023-11-17 00:35:19,030 - default - INFO - End: https://ariya.io/index.xml 已解析 0 篇文章
2023-11-17 00:35:19,030 - default - INFO - Parse: https://tech.xing.com/feed
2023-11-17 00:35:20,038 - default - INFO - End: https://tech.xing.com/feed 已解析 0 篇文章
2023-11-17 00:35:20,038 - default - INFO - Parse: http://tenderlovemaking.com/atom.xml
2023-11-17 00:35:20,576 - default - INFO - End: http://tenderlovemaking.com/atom.xml 已解析 0 篇文章
2023-11-17 00:35:20,577 - default - INFO - Parse: https://www.devroom.io/index.xml
2023-11-17 00:35:21,431 - default - INFO - 解析 https://www.devroom.io/index.xml 失败 document declared as us-ascii, but parsed as utf-8
2023-11-17 00:35:21,431 - default - INFO - End: https://www.devroom.io/index.xml 已解析 0 篇文章
2023-11-17 00:35:21,432 - default - INFO - Parse: https://carlosbecker.com/index.xml
2023-11-17 00:35:21,634 - default - INFO - End: https://carlosbecker.com/index.xml 已解析 0 篇文章
2023-11-17 00:35:21,634 - default - INFO - Parse: https://developerblog.zendesk.com/feed
2023-11-17 00:35:21,770 - default - INFO - End: https://developerblog.zendesk.com/feed 已解析 0 篇文章
2023-11-17 00:35:21,770 - default - INFO - Parse: https://bohops.com/feed/
2023-11-17 00:35:22,000 - default - INFO - End: https://bohops.com/feed/ 已解析 0 篇文章
2023-11-17 00:35:22,000 - default - INFO - Parse: http://lucumr.pocoo.org/feed.atom
2023-11-17 00:35:23,323 - default - INFO - End: http://lucumr.pocoo.org/feed.atom 已解析 0 篇文章
2023-11-17 00:35:23,323 - default - INFO - Parse: http://nullprogram.com/feed/
2023-11-17 00:35:23,637 - default - INFO - End: http://nullprogram.com/feed/ 已解析 0 篇文章
2023-11-17 00:35:23,637 - default - INFO - Parse: https://code.dblock.org/feed.xml
2023-11-17 00:35:24,272 - default - INFO - End: https://code.dblock.org/feed.xml 已解析 0 篇文章
2023-11-17 00:35:24,272 - default - INFO - Parse: http://www.brendangregg.com/blog/rss.xml
2023-11-17 00:35:24,887 - default - INFO - End: http://www.brendangregg.com/blog/rss.xml 已解析 0 篇文章
2023-11-17 00:35:24,887 - default - INFO - Parse: https://www.dereuromark.de/feed/
2023-11-17 00:35:25,552 - default - INFO - End: https://www.dereuromark.de/feed/ 已解析 0 篇文章
2023-11-17 00:35:25,552 - default - INFO - Parse: https://domenicoluciani.com/feed.xml
2023-11-17 00:35:26,072 - default - WARNING - Summarize failed. 该令牌额度已用尽
2023-11-17 00:35:26,072 - default - INFO - End: https://domenicoluciani.com/feed.xml 已解析 1 篇文章
2023-11-17 00:35:26,072 - default - INFO - Parse: https://blog.filippo.io/rss/
2023-11-17 00:35:26,608 - default - INFO - End: https://blog.filippo.io/rss/ 已解析 0 篇文章
2023-11-17 00:35:26,608 - default - INFO - Parse: https://hookrace.net/blog/feed/
2023-11-17 00:35:28,702 - default - INFO - End: https://hookrace.net/blog/feed/ 已解析 0 篇文章
2023-11-17 00:35:28,702 - default - INFO - Parse: https://dotdev.co/feed/
2023-11-17 00:35:28,801 - default - INFO - End: https://dotdev.co/feed/ 已解析 0 篇文章
2023-11-17 00:35:28,801 - default - INFO - Parse: https://ericlippert.com/feed/
2023-11-17 00:35:28,928 - default - INFO - End: https://ericlippert.com/feed/ 已解析 0 篇文章
2023-11-17 00:35:28,928 - default - INFO - Parse: https://tomassetti.me/feed/
2023-11-17 00:35:29,194 - default - INFO - End: https://tomassetti.me/feed/ 已解析 0 篇文章
2023-11-17 00:35:29,194 - default - INFO - Parse: http://www.evanjones.ca/index.rss
2023-11-17 00:35:29,340 - default - INFO - End: http://www.evanjones.ca/index.rss 已解析 0 篇文章
2023-11-17 00:35:29,340 - default - INFO - Parse: https://deanhume.com/rss/
2023-11-17 00:35:29,749 - default - INFO - End: https://deanhume.com/rss/ 已解析 0 篇文章
2023-11-17 00:35:29,749 - default - INFO - Parse: http://feeds.feedburner.com/HighScalability
2023-11-17 00:35:29,843 - default - INFO - End: http://feeds.feedburner.com/HighScalability 已解析 0 篇文章
2023-11-17 00:35:29,843 - default - INFO - Parse: https://erikrunyon.com/feed.xml
2023-11-17 00:35:30,142 - default - INFO - End: https://erikrunyon.com/feed.xml 已解析 0 篇文章
2023-11-17 00:35:30,142 - default - INFO - Parse: https://drewdevault.com/feed.xml
2023-11-17 00:35:30,668 - default - INFO - End: https://drewdevault.com/feed.xml 已解析 0 篇文章
2023-11-17 00:35:30,668 - default - INFO - Parse: https://www.chenhuijing.com/feed.xml
2023-11-17 00:35:31,338 - default - INFO - End: https://www.chenhuijing.com/feed.xml 已解析 0 篇文章
2023-11-17 00:35:31,338 - default - INFO - Parse: https://www.metachris.com/index.xml
2023-11-17 00:35:31,436 - default - INFO - End: https://www.metachris.com/index.xml 已解析 0 篇文章
2023-11-17 00:35:31,436 - default - INFO - Parse: https://elegantcode.com/feed/
2023-11-17 00:35:31,551 - default - INFO - End: https://elegantcode.com/feed/ 已解析 0 篇文章
2023-11-17 00:35:31,551 - default - INFO - Parse: https://conductofcode.io/feed.xml
2023-11-17 00:35:31,984 - default - INFO - End: https://conductofcode.io/feed.xml 已解析 0 篇文章
2023-11-17 00:35:31,984 - default - INFO - Parse: https://glebbahmutov.com/blog/atom.xml
2023-11-17 00:35:33,122 - default - INFO - End: https://glebbahmutov.com/blog/atom.xml 已解析 0 篇文章
2023-11-17 00:35:33,123 - default - INFO - Parse: https://eli.thegreenplace.net/feeds/all.atom.xml
2023-11-17 00:35:33,521 - default - INFO - End: https://eli.thegreenplace.net/feeds/all.atom.xml 已解析 0 篇文章
2023-11-17 00:35:33,522 - default - INFO - Parse: https://henrikwarne.com/feed/
2023-11-17 00:35:33,612 - default - INFO - End: https://henrikwarne.com/feed/ 已解析 0 篇文章
2023-11-17 00:35:33,612 - default - INFO - Parse: https://davidwalsh.name/feed/atom
2023-11-17 00:35:35,231 - default - INFO - End: https://davidwalsh.name/feed/atom 已解析 0 篇文章
2023-11-17 00:35:35,231 - default - INFO - Parse: https://jeremykun.com/feed/
2023-11-17 00:35:35,406 - default - INFO - End: https://jeremykun.com/feed/ 已解析 0 篇文章
2023-11-17 00:35:35,406 - default - INFO - Parse: https://tympanus.net/codrops/rss
2023-11-17 00:35:36,465 - default - INFO - 文章较短，不需要总结
2023-11-17 00:35:36,465 - default - INFO - End: https://tympanus.net/codrops/rss 已解析 1 篇文章
2023-11-17 00:35:36,465 - default - INFO - Parse: http://jakewharton.com/feed.xml
2023-11-17 00:35:37,494 - default - INFO - End: http://jakewharton.com/feed.xml 已解析 0 篇文章
2023-11-17 00:35:37,494 - default - INFO - Parse: https://jes.al/atom.xml
2023-11-17 00:35:37,930 - default - INFO - End: https://jes.al/atom.xml 已解析 0 篇文章
2023-11-17 00:35:37,930 - default - INFO - Parse: https://jvns.ca/atom.xml
2023-11-17 00:35:38,279 - default - INFO - End: https://jvns.ca/atom.xml 已解析 0 篇文章
2023-11-17 00:35:38,279 - default - INFO - Parse: https://codeblog.jonskeet.uk/feed/
2023-11-17 00:35:38,488 - default - INFO - End: https://codeblog.jonskeet.uk/feed/ 已解析 0 篇文章
2023-11-17 00:35:38,489 - default - INFO - Parse: https://adambard.com/blog/feed.xml
2023-11-17 00:35:38,601 - default - INFO - End: https://adambard.com/blog/feed.xml 已解析 0 篇文章
2023-11-17 00:35:38,601 - default - INFO - Parse: https://useyourloaf.com/blog/rss.xml
2023-11-17 00:35:38,893 - default - INFO - End: https://useyourloaf.com/blog/rss.xml 已解析 0 篇文章
2023-11-17 00:35:38,893 - default - INFO - Parse: https://jerrygamblin.com/feed/
2023-11-17 00:35:39,111 - default - INFO - End: https://jerrygamblin.com/feed/ 已解析 0 篇文章
2023-11-17 00:35:39,111 - default - INFO - Parse: https://idea.popcount.org/rss.xml
2023-11-17 00:35:39,652 - default - INFO - End: https://idea.popcount.org/rss.xml 已解析 0 篇文章
2023-11-17 00:35:39,652 - default - INFO - Parse: https://maryrosecook.com/blog/feed.xml
2023-11-17 00:35:39,739 - default - INFO - 解析 https://maryrosecook.com/blog/feed.xml 失败 document declared as us-ascii, but parsed as utf-8
2023-11-17 00:35:39,739 - default - INFO - End: https://maryrosecook.com/blog/feed.xml 已解析 0 篇文章
2023-11-17 00:35:39,739 - default - INFO - Parse: https://begriffs.com/atom.xml
2023-11-17 00:35:41,476 - default - INFO - 解析 https://begriffs.com/atom.xml 失败 document declared as us-ascii, but parsed as utf-8
2023-11-17 00:35:41,477 - default - INFO - End: https://begriffs.com/atom.xml 已解析 0 篇文章
2023-11-17 00:35:41,477 - default - INFO - Parse: http://matt.might.net/articles/feed.rss
2023-11-17 00:35:41,902 - default - INFO - End: http://matt.might.net/articles/feed.rss 已解析 0 篇文章
2023-11-17 00:35:41,902 - default - INFO - Parse: https://martinfowler.com/feed.atom
2023-11-17 00:35:41,986 - default - INFO - End: https://martinfowler.com/feed.atom 已解析 0 篇文章
2023-11-17 00:35:41,986 - default - INFO - Parse: https://blog.sleeplessbeastie.eu/feed.xml
2023-11-17 00:35:44,610 - default - INFO - End: https://blog.sleeplessbeastie.eu/feed.xml 已解析 0 篇文章
2023-11-17 00:35:44,610 - default - INFO - Parse: https://blog.cryptographyengineering.com/feed/
2023-11-17 00:35:44,943 - default - INFO - End: https://blog.cryptographyengineering.com/feed/ 已解析 0 篇文章
2023-11-17 00:35:44,943 - default - INFO - Parse: http://blog.fogus.me/feed/
2023-11-17 00:35:45,671 - default - INFO - End: http://blog.fogus.me/feed/ 已解析 0 篇文章
2023-11-17 00:35:45,671 - default - INFO - Parse: https://blog.rinesi.com/feed/
2023-11-17 00:35:46,188 - default - INFO - End: https://blog.rinesi.com/feed/ 已解析 0 篇文章
2023-11-17 00:35:46,188 - default - INFO - Parse: https://snook.ca/jonathan/index.rdf
2023-11-17 00:35:46,622 - default - INFO - End: https://snook.ca/jonathan/index.rdf 已解析 0 篇文章
2023-11-17 00:35:46,622 - default - INFO - Parse: https://www.mattcutts.com/blog/feed/
2023-11-17 00:35:47,024 - default - INFO - End: https://www.mattcutts.com/blog/feed/ 已解析 0 篇文章
2023-11-17 00:35:47,025 - default - INFO - Parse: http://www.windytan.com/feeds/posts/default
2023-11-17 00:35:47,350 - default - INFO - End: http://www.windytan.com/feeds/posts/default 已解析 0 篇文章
2023-11-17 00:35:47,351 - default - INFO - Parse: https://aphyr.com/posts.atom
2023-11-17 00:35:48,703 - default - INFO - End: https://aphyr.com/posts.atom 已解析 0 篇文章
2023-11-17 00:35:48,703 - default - INFO - Parse: http://blog.pamelafox.org/feeds/posts/default
2023-11-17 00:35:49,072 - default - INFO - End: http://blog.pamelafox.org/feeds/posts/default 已解析 0 篇文章
2023-11-17 00:35:49,072 - default - INFO - Parse: https://oleb.net/blog/atom.xml
2023-11-17 00:35:49,328 - default - INFO - End: https://oleb.net/blog/atom.xml 已解析 0 篇文章
2023-11-17 00:35:49,328 - default - INFO - Parse: https://blogs.msdn.microsoft.com/oldnewthing/feed
2023-11-17 00:35:49,869 - default - WARNING - Summarize failed. 该令牌额度已用尽
2023-11-17 00:35:49,870 - default - INFO - End: https://blogs.msdn.microsoft.com/oldnewthing/feed 已解析 1 篇文章
2023-11-17 00:35:49,870 - default - INFO - Parse: https://realpython.com/atom.xml
2023-11-17 00:35:50,145 - default - INFO - End: https://realpython.com/atom.xml 已解析 0 篇文章
2023-11-17 00:35:50,145 - default - INFO - Parse: http://blog.cleancoder.com/atom.xml
2023-11-17 00:35:50,330 - default - INFO - End: http://blog.cleancoder.com/atom.xml 已解析 0 篇文章
2023-11-17 00:35:50,330 - default - INFO - Parse: https://akrabat.com/feed/
2023-11-17 00:35:50,873 - default - INFO - End: https://akrabat.com/feed/ 已解析 0 篇文章
2023-11-17 00:35:50,873 - default - INFO - Parse: https://www.thepolyglotdeveloper.com/blog/index.xml
2023-11-17 00:35:51,892 - default - INFO - End: https://www.thepolyglotdeveloper.com/blog/index.xml 已解析 0 篇文章
2023-11-17 00:35:51,893 - default - INFO - Parse: https://eviltrout.com/feed.xml
2023-11-17 00:35:52,274 - default - INFO - End: https://eviltrout.com/feed.xml 已解析 0 篇文章
2023-11-17 00:35:52,275 - default - INFO - Parse: https://joshtronic.com/atom.xml
2023-11-17 00:35:52,473 - default - INFO - 解析 https://joshtronic.com/atom.xml 失败 <unknown>:2:0: syntax error
2023-11-17 00:35:52,473 - default - INFO - End: https://joshtronic.com/atom.xml 已解析 0 篇文章
2023-11-17 00:35:52,473 - default - INFO - Parse: http://feeds.hanselman.com/ScottHanselman
2023-11-17 00:35:52,845 - default - INFO - End: http://feeds.hanselman.com/ScottHanselman 已解析 0 篇文章
2023-11-17 00:35:52,845 - default - INFO - Parse: https://blog.nelhage.com/atom.xml
2023-11-17 00:35:53,231 - default - INFO - End: https://blog.nelhage.com/atom.xml 已解析 0 篇文章
2023-11-17 00:35:53,231 - default - INFO - Parse: http://blog.rtwilson.com/feed/
2023-11-17 00:35:53,536 - default - INFO - End: http://blog.rtwilson.com/feed/ 已解析 0 篇文章
2023-11-17 00:35:53,536 - default - INFO - Parse: http://www.catonmat.net/feed/
2023-11-17 00:35:53,783 - default - INFO - 文章较短，不需要总结
2023-11-17 00:35:53,784 - default - INFO - End: http://www.catonmat.net/feed/ 已解析 1 篇文章
2023-11-17 00:35:53,784 - default - INFO - Parse: https://neverfriday.com/feed/
2023-11-17 00:35:54,522 - default - INFO - End: https://neverfriday.com/feed/ 已解析 0 篇文章
2023-11-17 00:35:54,522 - default - INFO - Parse: http://thedailywtf.com/rss
2023-11-17 00:35:55,239 - default - WARNING - Summarize failed. 该令牌额度已用尽
2023-11-17 00:35:55,239 - default - INFO - End: http://thedailywtf.com/rss 已解析 1 篇文章
2023-11-17 00:35:55,239 - default - INFO - Parse: https://vladmihalcea.com/feed/
2023-11-17 00:35:55,416 - default - INFO - End: https://vladmihalcea.com/feed/ 已解析 0 篇文章
2023-11-17 00:35:55,416 - default - INFO - Parse: https://www.yegor256.com/rss.xml
2023-11-17 00:35:55,618 - default - INFO - End: https://www.yegor256.com/rss.xml 已解析 0 篇文章
2023-11-17 00:35:55,618 - default - INFO - Parse: https://muffinman.io/atom.xml
2023-11-17 00:35:57,723 - default - INFO - End: https://muffinman.io/atom.xml 已解析 0 篇文章
2023-11-17 00:35:57,723 - default - INFO - Parse: https://www.ardanlabs.com/blog/index.xml
2023-11-17 00:35:57,991 - default - INFO - End: https://www.ardanlabs.com/blog/index.xml 已解析 0 篇文章
2023-11-17 00:35:57,991 - default - INFO - Parse: https://blog.getbootstrap.com/feed.xml
2023-11-17 00:35:58,155 - default - INFO - End: https://blog.getbootstrap.com/feed.xml 已解析 0 篇文章
2023-11-17 00:35:58,155 - default - INFO - Parse: https://zachholman.com/atom.xml
2023-11-17 00:35:58,303 - default - INFO - End: https://zachholman.com/atom.xml 已解析 0 篇文章
2023-11-17 00:35:58,303 - default - INFO - Parse: https://ipfs.io/blog/index.xml
2023-11-17 00:35:58,945 - default - INFO - End: https://ipfs.io/blog/index.xml 已解析 0 篇文章
2023-11-17 00:35:58,945 - default - INFO - Parse: https://blog.golang.org/feed.atom
2023-11-17 00:35:59,361 - default - INFO - End: https://blog.golang.org/feed.atom 已解析 0 篇文章
2023-11-17 00:35:59,361 - default - INFO - Parse: https://blog.jooq.org/feed/
2023-11-17 00:35:59,790 - default - INFO - End: https://blog.jooq.org/feed/ 已解析 0 篇文章
2023-11-17 00:35:59,790 - default - INFO - Parse: https://blogs.msdn.microsoft.com/dotnet/feed/
2023-11-17 00:36:00,108 - default - INFO - End: https://blogs.msdn.microsoft.com/dotnet/feed/ 已解析 0 篇文章
2023-11-17 00:36:00,108 - default - INFO - Parse: http://raganwald.com/atom.xml
2023-11-17 00:36:08,635 - default - INFO - End: http://raganwald.com/atom.xml 已解析 0 篇文章
2023-11-17 00:36:08,635 - default - INFO - Parse: https://blogs.windows.com/msedgedev/rss
2023-11-17 00:36:08,920 - default - INFO - End: https://blogs.windows.com/msedgedev/rss 已解析 0 篇文章
2023-11-17 00:36:08,920 - default - INFO - Parse: https://blog.jetbrains.com/kotlin/feed/
2023-11-17 00:36:09,301 - default - WARNING - Summarize failed. 该令牌额度已用尽
2023-11-17 00:36:09,301 - default - INFO - End: https://blog.jetbrains.com/kotlin/feed/ 已解析 1 篇文章
2023-11-17 00:36:09,301 - default - INFO - Parse: https://tania.dev/rss.xml
2023-11-17 00:36:10,452 - default - INFO - End: https://tania.dev/rss.xml 已解析 0 篇文章
2023-11-17 00:36:10,452 - default - INFO - Parse: https://swizec.com/blog/feed
2023-11-17 00:36:10,558 - default - INFO - 解析 https://swizec.com/blog/feed 失败 <unknown>:2:0: syntax error
2023-11-17 00:36:10,558 - default - INFO - End: https://swizec.com/blog/feed 已解析 0 篇文章
2023-11-17 00:36:10,958 - default - INFO - Aggregate 已新增 34 篇
2023-11-17 00:36:10,958 - default - INFO - Aggregate AI总结花费 {}
