2023-11-06 00:33:38,822 - default - INFO - Parse: https://goteleport.com/blog/rss.xml
2023-11-06 00:33:39,177 - default - INFO - End: https://goteleport.com/blog/rss.xml 已解析 0 篇文章
2023-11-06 00:33:39,177 - default - INFO - Parse: https://engineering.mercari.com/en/blog/feed.xml
2023-11-06 00:33:41,011 - default - INFO - 解析 https://engineering.mercari.com/en/blog/feed.xml 失败 document declared as us-ascii, but parsed as utf-8
2023-11-06 00:33:41,011 - default - INFO - End: https://engineering.mercari.com/en/blog/feed.xml 已解析 0 篇文章
2023-11-06 00:33:41,011 - default - INFO - Parse: https://blog.replit.com/feed.xml
2023-11-06 00:33:41,619 - default - INFO - End: https://blog.replit.com/feed.xml 已解析 0 篇文章
2023-11-06 00:33:41,619 - default - INFO - Parse: https://abhinavsarkar.net/tags/programming/feed.atom
2023-11-06 00:33:42,806 - default - INFO - End: https://abhinavsarkar.net/tags/programming/feed.atom 已解析 0 篇文章
2023-11-06 00:33:42,806 - default - INFO - Parse: https://httptoolkit.tech/rss.xml
2023-11-06 00:33:44,678 - default - INFO - End: https://httptoolkit.tech/rss.xml 已解析 0 篇文章
2023-11-06 00:33:44,678 - default - INFO - Parse: https://engineering.freeagent.com/feed/
2023-11-06 00:33:45,866 - default - INFO - End: https://engineering.freeagent.com/feed/ 已解析 0 篇文章
2023-11-06 00:33:45,866 - default - INFO - Parse: https://severalnines.com/rss.xml
2023-11-06 00:33:47,525 - default - INFO - End: https://severalnines.com/rss.xml 已解析 0 篇文章
2023-11-06 00:33:47,525 - default - INFO - Parse: https://learnk8s.io/rss.xml
2023-11-06 00:33:48,232 - default - INFO - End: https://learnk8s.io/rss.xml 已解析 0 篇文章
2023-11-06 00:33:48,232 - default - INFO - Parse: https://v8.dev/blog.atom
2023-11-06 00:33:48,595 - default - INFO - End: https://v8.dev/blog.atom 已解析 0 篇文章
2023-11-06 00:33:48,596 - default - INFO - Parse: https://technology.customink.com/feed.xml
2023-11-06 00:33:50,102 - default - INFO - 解析 https://technology.customink.com/feed.xml 失败 <unknown>:2727:89: not well-formed (invalid token)
2023-11-06 00:33:50,102 - default - INFO - End: https://technology.customink.com/feed.xml 已解析 0 篇文章
2023-11-06 00:33:50,102 - default - INFO - Parse: http://blog.avenuecode.com/rss.xml
2023-11-06 00:33:50,413 - default - INFO - End: http://blog.avenuecode.com/rss.xml 已解析 0 篇文章
2023-11-06 00:33:50,413 - default - INFO - Parse: https://8thlight.com/blog/feed/atom.xml
2023-11-06 00:33:50,722 - default - INFO - 解析 https://8thlight.com/blog/feed/atom.xml 失败 <unknown>:3:0: XML or text declaration not at start of entity
2023-11-06 00:33:50,722 - default - INFO - End: https://8thlight.com/blog/feed/atom.xml 已解析 0 篇文章
2023-11-06 00:33:50,722 - default - INFO - Parse: http://blog.arkency.com/atom.xml
2023-11-06 00:33:51,043 - default - INFO - End: http://blog.arkency.com/atom.xml 已解析 0 篇文章
2023-11-06 00:33:51,043 - default - INFO - Parse: http://artsy.github.io/feed
2023-11-06 00:33:51,262 - default - INFO - End: http://artsy.github.io/feed 已解析 0 篇文章
2023-11-06 00:33:51,262 - default - INFO - Parse: https://www.bigeng.io/rss/
2023-11-06 00:33:51,605 - default - INFO - End: https://www.bigeng.io/rss/ 已解析 0 篇文章
2023-11-06 00:33:51,605 - default - INFO - Parse: https://advancedweb.hu/atom.xml
2023-11-06 00:33:52,720 - default - INFO - End: https://advancedweb.hu/atom.xml 已解析 0 篇文章
2023-11-06 00:33:52,720 - default - INFO - Parse: https://auth0.com/blog/rss.xml
2023-11-06 00:33:53,117 - default - INFO - 解析 https://auth0.com/blog/rss.xml 失败 document declared as us-ascii, but parsed as utf-8
2023-11-06 00:33:53,117 - default - INFO - End: https://auth0.com/blog/rss.xml 已解析 0 篇文章
2023-11-06 00:33:53,118 - default - INFO - Parse: https://capgemini.github.io/feed.xml
2023-11-06 00:33:53,463 - default - INFO - End: https://capgemini.github.io/feed.xml 已解析 0 篇文章
2023-11-06 00:33:53,463 - default - INFO - Parse: https://aws.amazon.com/blogs/aws/feed/
2023-11-06 00:33:53,928 - default - INFO - End: https://aws.amazon.com/blogs/aws/feed/ 已解析 0 篇文章
2023-11-06 00:33:53,928 - default - INFO - Parse: https://code.blender.org/rss
2023-11-06 00:33:55,834 - default - INFO - End: https://code.blender.org/rss 已解析 0 篇文章
2023-11-06 00:33:55,834 - default - INFO - Parse: http://www.codenameone.com/feed.xml
2023-11-06 00:34:00,754 - default - INFO - End: http://www.codenameone.com/feed.xml 已解析 0 篇文章
2023-11-06 00:34:00,754 - default - INFO - Parse: https://spin.atomicobject.com/feed/
2023-11-06 00:34:02,365 - default - WARNING - Summarize failed. 该令牌状态不可用
2023-11-06 00:34:02,365 - default - INFO - End: https://spin.atomicobject.com/feed/ 已解析 1 篇文章
2023-11-06 00:34:02,365 - default - INFO - Parse: https://blog.developer.bazaarvoice.com/feed/
2023-11-06 00:34:02,663 - default - INFO - End: https://blog.developer.bazaarvoice.com/feed/ 已解析 0 篇文章
2023-11-06 00:34:02,663 - default - INFO - Parse: https://blog.cloudflare.com/rss/
2023-11-06 00:34:03,250 - default - INFO - End: https://blog.cloudflare.com/rss/ 已解析 0 篇文章
2023-11-06 00:34:03,250 - default - INFO - Parse: https://developer.atlassian.com/blog/feed.xml
2023-11-06 00:34:03,827 - default - INFO - End: https://developer.atlassian.com/blog/feed.xml 已解析 0 篇文章
2023-11-06 00:34:03,827 - default - INFO - Parse: https://blog.cloudera.com/feed/
2023-11-06 00:34:05,141 - default - INFO - End: https://blog.cloudera.com/feed/ 已解析 0 篇文章
2023-11-06 00:34:05,141 - default - INFO - Parse: https://www.confluent.io/feed/
2023-11-06 00:34:05,208 - default - INFO - End: https://www.confluent.io/feed/ 已解析 0 篇文章
2023-11-06 00:34:05,209 - default - INFO - Parse: https://tech.buzzfeed.com/feed
2023-11-06 00:34:05,863 - default - INFO - End: https://tech.buzzfeed.com/feed 已解析 0 篇文章
2023-11-06 00:34:05,863 - default - INFO - Parse: https://engineering.brandwatch.com/rss/
2023-11-06 00:34:06,905 - default - INFO - End: https://engineering.brandwatch.com/rss/ 已解析 0 篇文章
2023-11-06 00:34:06,905 - default - INFO - Parse: https://benchling.engineering/feed
2023-11-06 00:34:07,612 - default - INFO - End: https://benchling.engineering/feed 已解析 0 篇文章
2023-11-06 00:34:07,612 - default - INFO - Parse: https://www.elastic.co/blog/feed
2023-11-06 00:34:07,796 - default - INFO - End: https://www.elastic.co/blog/feed 已解析 0 篇文章
2023-11-06 00:34:07,796 - default - INFO - Parse: http://deliveroo.engineering/feed.xml
2023-11-06 00:34:08,163 - default - INFO - End: http://deliveroo.engineering/feed.xml 已解析 0 篇文章
2023-11-06 00:34:08,163 - default - INFO - Parse: https://techblog.commercetools.com/feed
2023-11-06 00:34:08,666 - default - INFO - End: https://techblog.commercetools.com/feed 已解析 0 篇文章
2023-11-06 00:34:08,666 - default - INFO - Parse: https://databricks.com/feed
2023-11-06 00:34:08,922 - default - INFO - End: https://databricks.com/feed 已解析 0 篇文章
2023-11-06 00:34:08,922 - default - INFO - Parse: https://deezer.io/feed
2023-11-06 00:34:09,656 - default - INFO - End: https://deezer.io/feed 已解析 0 篇文章
2023-11-06 00:34:09,656 - default - INFO - Parse: https://engineering.fb.com/feed/
2023-11-06 00:34:10,037 - default - INFO - End: https://engineering.fb.com/feed/ 已解析 0 篇文章
2023-11-06 00:34:10,037 - default - INFO - Parse: https://codeascraft.com/feed/
2023-11-06 00:34:10,201 - default - INFO - 解析 https://codeascraft.com/feed/ 失败 text/html;charset=utf-8 is not an XML media type
2023-11-06 00:34:10,201 - default - INFO - End: https://codeascraft.com/feed/ 已解析 0 篇文章
2023-11-06 00:34:10,202 - default - INFO - Parse: https://medium.com/feed/feedzaitech
2023-11-06 00:34:10,454 - default - INFO - End: https://medium.com/feed/feedzaitech 已解析 0 篇文章
2023-11-06 00:34:10,455 - default - INFO - Parse: https://tech.findmypast.com/feed.xml
2023-11-06 00:34:10,607 - default - INFO - End: https://tech.findmypast.com/feed.xml 已解析 0 篇文章
2023-11-06 00:34:10,607 - default - INFO - Parse: https://code.fb.com/feed/
2023-11-06 00:34:10,839 - default - INFO - End: https://code.fb.com/feed/ 已解析 0 篇文章
2023-11-06 00:34:10,840 - default - INFO - Parse: https://www.eventbrite.com/engineering/feed/
2023-11-06 00:34:10,925 - default - INFO - End: https://www.eventbrite.com/engineering/feed/ 已解析 0 篇文章
2023-11-06 00:34:10,925 - default - INFO - Parse: https://evernote.com/blog/feed/
2023-11-06 00:34:11,083 - default - INFO - 解析 https://evernote.com/blog/feed/ 失败 <unknown>:2:0: not well-formed (invalid token)
2023-11-06 00:34:11,083 - default - INFO - End: https://evernote.com/blog/feed/ 已解析 0 篇文章
2023-11-06 00:34:11,083 - default - INFO - Parse: https://drivy.engineering/feed.xml
2023-11-06 00:34:12,464 - default - INFO - End: https://drivy.engineering/feed.xml 已解析 0 篇文章
2023-11-06 00:34:12,465 - default - INFO - Parse: https://evilmartians.com/chronicles.atom
2023-11-06 00:34:12,682 - default - INFO - End: https://evilmartians.com/chronicles.atom 已解析 0 篇文章
2023-11-06 00:34:12,682 - default - INFO - Parse: https://www.ebayinc.com/stories/blogs/tech/rss/
2023-11-06 00:34:13,594 - default - INFO - End: https://www.ebayinc.com/stories/blogs/tech/rss/ 已解析 0 篇文章
2023-11-06 00:34:13,594 - default - INFO - Parse: http://feeds.feedburner.com/GoogleOnlineSecurityBlog
2023-11-06 00:34:14,459 - default - INFO - End: http://feeds.feedburner.com/GoogleOnlineSecurityBlog 已解析 0 篇文章
2023-11-06 00:34:14,459 - default - INFO - Parse: https://galois.com/feed/
2023-11-06 00:34:14,700 - default - INFO - End: https://galois.com/feed/ 已解析 0 篇文章
2023-11-06 00:34:14,700 - default - INFO - Parse: https://githubengineering.com/atom.xml
2023-11-06 00:34:15,024 - default - INFO - End: https://githubengineering.com/atom.xml 已解析 0 篇文章
2023-11-06 00:34:15,024 - default - INFO - Parse: https://blog.digitalocean.com/rss/
2023-11-06 00:34:16,002 - default - INFO - 解析 https://blog.digitalocean.com/rss/ 失败 application/octet-stream is not an XML media type
2023-11-06 00:34:16,002 - default - INFO - End: https://blog.digitalocean.com/rss/ 已解析 0 篇文章
2023-11-06 00:34:16,002 - default - INFO - Parse: https://www.hashicorp.com/blog/feed.xml
2023-11-06 00:34:16,179 - default - INFO - End: https://www.hashicorp.com/blog/feed.xml 已解析 0 篇文章
2023-11-06 00:34:16,179 - default - INFO - Parse: https://collectiveidea.com/blog/feed/
2023-11-06 00:34:17,346 - default - INFO - End: https://collectiveidea.com/blog/feed/ 已解析 0 篇文章
2023-11-06 00:34:17,346 - default - INFO - Parse: http://feeds.feedburner.com/blogspot/gJZg
2023-11-06 00:34:18,139 - default - INFO - End: http://feeds.feedburner.com/blogspot/gJZg 已解析 0 篇文章
2023-11-06 00:34:18,139 - default - INFO - Parse: http://engineering.grab.com/feed.xml
2023-11-06 00:34:18,438 - default - INFO - End: http://engineering.grab.com/feed.xml 已解析 0 篇文章
2023-11-06 00:34:18,438 - default - INFO - Parse: https://engineering.gusto.com/rss/
2023-11-06 00:34:18,648 - default - INFO - End: https://engineering.gusto.com/rss/ 已解析 0 篇文章
2023-11-06 00:34:18,648 - default - INFO - Parse: https://www.hostinger.com/blog/feed/
2023-11-06 00:34:18,921 - default - INFO - End: https://www.hostinger.com/blog/feed/ 已解析 0 篇文章
2023-11-06 00:34:18,921 - default - INFO - Parse: https://engineering.doximity.com/feed
2023-11-06 00:34:20,154 - default - INFO - End: https://engineering.doximity.com/feed 已解析 0 篇文章
2023-11-06 00:34:20,154 - default - INFO - Parse: https://www.cockroachlabs.com/blog/index.xml
2023-11-06 00:34:20,649 - default - INFO - End: https://www.cockroachlabs.com/blog/index.xml 已解析 0 篇文章
2023-11-06 00:34:20,649 - default - INFO - Parse: https://product.hubspot.com/blog/rss.xml
2023-11-06 00:34:20,887 - default - INFO - End: https://product.hubspot.com/blog/rss.xml 已解析 0 篇文章
2023-11-06 00:34:20,887 - default - INFO - Parse: https://lambda.grofers.com/feed
2023-11-06 00:34:21,231 - default - INFO - End: https://lambda.grofers.com/feed 已解析 0 篇文章
2023-11-06 00:34:21,231 - default - INFO - Parse: https://dropbox.tech/feed
2023-11-06 00:34:22,133 - default - INFO - End: https://dropbox.tech/feed 已解析 0 篇文章
2023-11-06 00:34:22,133 - default - INFO - Parse: https://engineering.hashnode.com/rss.xml
2023-11-06 00:34:22,491 - default - INFO - 解析 https://engineering.hashnode.com/rss.xml 失败 document declared as us-ascii, but parsed as utf-8
2023-11-06 00:34:22,492 - default - INFO - End: https://engineering.hashnode.com/rss.xml 已解析 0 篇文章
2023-11-06 00:34:22,492 - default - INFO - Parse: https://kinvolk.io/blog/index.xml
2023-11-06 00:34:22,606 - default - INFO - 解析 https://kinvolk.io/blog/index.xml 失败 document declared as us-ascii, but parsed as utf-8
2023-11-06 00:34:22,606 - default - INFO - End: https://kinvolk.io/blog/index.xml 已解析 0 篇文章
2023-11-06 00:34:22,606 - default - INFO - Parse: https://tech.instacart.com/feed
2023-11-06 00:34:23,241 - default - INFO - End: https://tech.instacart.com/feed 已解析 0 篇文章
2023-11-06 00:34:23,241 - default - INFO - Parse: https://kolosek.com/rss/
2023-11-06 00:34:23,581 - default - INFO - 解析 https://kolosek.com/rss/ 失败 <unknown>:19:18: not well-formed (invalid token)
2023-11-06 00:34:23,581 - default - INFO - End: https://kolosek.com/rss/ 已解析 0 篇文章
2023-11-06 00:34:23,581 - default - INFO - Parse: https://blog.heroku.com/engineering/feed
2023-11-06 00:34:23,859 - default - INFO - End: https://blog.heroku.com/engineering/feed 已解析 0 篇文章
2023-11-06 00:34:23,859 - default - INFO - Parse: https://hashrocket.com/blog.rss
2023-11-06 00:34:24,766 - default - INFO - End: https://hashrocket.com/blog.rss 已解析 0 篇文章
2023-11-06 00:34:24,766 - default - INFO - Parse: https://jobandtalent.engineering/feed
2023-11-06 00:34:25,374 - default - INFO - End: https://jobandtalent.engineering/feed 已解析 0 篇文章
2023-11-06 00:34:25,375 - default - INFO - Parse: https://blog.imgur.com/feed/
2023-11-06 00:34:26,241 - default - INFO - End: https://blog.imgur.com/feed/ 已解析 0 篇文章
2023-11-06 00:34:26,241 - default - INFO - Parse: https://nordicapis.com/feed/
2023-11-06 00:34:27,020 - default - INFO - End: https://nordicapis.com/feed/ 已解析 0 篇文章
2023-11-06 00:34:27,020 - default - INFO - Parse: https://blog.novoda.com/rss/
2023-11-06 00:34:27,875 - default - INFO - End: https://blog.novoda.com/rss/ 已解析 0 篇文章
2023-11-06 00:34:27,875 - default - INFO - Parse: https://developer.okta.com/feed.xml
2023-11-06 00:34:28,522 - default - INFO - End: https://developer.okta.com/feed.xml 已解析 0 篇文章
2023-11-06 00:34:28,522 - default - INFO - Parse: https://eng.lyft.com/feed
2023-11-06 00:34:29,168 - default - INFO - End: https://eng.lyft.com/feed 已解析 0 篇文章
2023-11-06 00:34:29,168 - default - INFO - Parse: http://blog.memsql.com/feed/
2023-11-06 00:34:29,508 - default - INFO - 解析 http://blog.memsql.com/feed/ 失败 document declared as us-ascii, but parsed as utf-8
2023-11-06 00:34:29,509 - default - INFO - End: http://blog.memsql.com/feed/ 已解析 0 篇文章
2023-11-06 00:34:29,509 - default - INFO - Parse: https://engineering.mixpanel.com/feed/
2023-11-06 00:34:30,100 - default - INFO - End: https://engineering.mixpanel.com/feed/ 已解析 0 篇文章
2023-11-06 00:34:30,100 - default - INFO - Parse: https://medium.engineering/feed
2023-11-06 00:34:30,642 - default - INFO - End: https://medium.engineering/feed 已解析 0 篇文章
2023-11-06 00:34:30,642 - default - INFO - Parse: http://blog.apps.npr.org/atom.xml
2023-11-06 00:34:31,599 - default - INFO - 解析 http://blog.apps.npr.org/atom.xml 失败 <unknown>:1172:54: undefined entity
2023-11-06 00:34:31,599 - default - INFO - End: http://blog.apps.npr.org/atom.xml 已解析 0 篇文章
2023-11-06 00:34:31,599 - default - INFO - Parse: https://engblog.nextdoor.com/feed
2023-11-06 00:34:32,191 - default - INFO - End: https://engblog.nextdoor.com/feed 已解析 0 篇文章
2023-11-06 00:34:32,191 - default - INFO - Parse: https://hacks.mozilla.org/feed/
2023-11-06 00:34:32,696 - default - INFO - End: https://hacks.mozilla.org/feed/ 已解析 0 篇文章
2023-11-06 00:34:32,696 - default - INFO - Parse: https://developers.redhat.com/blog/feed/atom/
2023-11-06 00:34:33,181 - default - INFO - End: https://developers.redhat.com/blog/feed/atom/ 已解析 0 篇文章
2023-11-06 00:34:33,181 - default - INFO - Parse: https://tech.olx.com/feed
2023-11-06 00:34:33,817 - default - INFO - End: https://tech.olx.com/feed 已解析 0 篇文章
2023-11-06 00:34:33,817 - default - INFO - Parse: https://postmarkapp.com/blog/feed.atom
2023-11-06 00:34:34,843 - default - INFO - End: https://postmarkapp.com/blog/feed.atom 已解析 0 篇文章
2023-11-06 00:34:34,843 - default - INFO - Parse: http://engineering.remind.com/feed.xml
2023-11-06 00:34:35,155 - default - INFO - End: http://engineering.remind.com/feed.xml 已解析 0 篇文章
2023-11-06 00:34:35,156 - default - INFO - Parse: https://tech.showmax.com/feed.xml
2023-11-06 00:34:36,669 - default - INFO - End: https://tech.showmax.com/feed.xml 已解析 0 篇文章
2023-11-06 00:34:36,669 - default - INFO - Parse: https://multithreaded.stitchfix.com/feed.xml
2023-11-06 00:34:36,946 - default - INFO - End: https://multithreaded.stitchfix.com/feed.xml 已解析 0 篇文章
2023-11-06 00:34:36,946 - default - INFO - Parse: https://labs.spotify.com/feed/
2023-11-06 00:34:40,104 - default - INFO - End: https://labs.spotify.com/feed/ 已解析 0 篇文章
2023-11-06 00:34:40,104 - default - INFO - Parse: https://www.stridenyc.com/blog/rss.xml
2023-11-06 00:34:40,313 - default - INFO - End: https://www.stridenyc.com/blog/rss.xml 已解析 0 篇文章
2023-11-06 00:34:40,313 - default - INFO - Parse: https://technology.skybettingandgaming.com/feed.xml
2023-11-06 00:34:40,553 - default - INFO - End: https://technology.skybettingandgaming.com/feed.xml 已解析 0 篇文章
2023-11-06 00:34:40,553 - default - INFO - Parse: https://umbrella.cisco.com/blog/feed/
2023-11-06 00:34:45,744 - default - INFO - End: https://umbrella.cisco.com/blog/feed/ 已解析 0 篇文章
2023-11-06 00:34:45,744 - default - INFO - Parse: https://www.surveymonkey.com/feed/
2023-11-06 00:34:45,874 - default - INFO - End: https://www.surveymonkey.com/feed/ 已解析 0 篇文章
2023-11-06 00:34:45,874 - default - INFO - Parse: https://engineering.prezi.com/feed
2023-11-06 00:34:46,564 - default - INFO - End: https://engineering.prezi.com/feed 已解析 0 篇文章
2023-11-06 00:34:46,564 - default - INFO - Parse: https://semaphoreci.com/community/tutorials.atom
2023-11-06 00:34:47,740 - default - INFO - End: https://semaphoreci.com/community/tutorials.atom 已解析 0 篇文章
2023-11-06 00:34:47,740 - default - INFO - Parse: https://developer.salesforce.com/blogs/feed
2023-11-06 00:34:47,891 - default - INFO - End: https://developer.salesforce.com/blogs/feed 已解析 0 篇文章
2023-11-06 00:34:47,891 - default - INFO - Parse: https://mesosphere.com/feed/
2023-11-06 00:34:48,191 - default - INFO - End: https://mesosphere.com/feed/ 已解析 0 篇文章
2023-11-06 00:34:48,191 - default - INFO - Parse: https://feeds.feedburner.com/GiantRobotsSmashingIntoOtherGiantRobots
2023-11-06 00:34:48,555 - default - INFO - End: https://feeds.feedburner.com/GiantRobotsSmashingIntoOtherGiantRobots 已解析 0 篇文章
2023-11-06 00:34:48,555 - default - INFO - Parse: https://www.toptal.com/blog.rss
2023-11-06 00:34:48,723 - default - INFO - End: https://www.toptal.com/blog.rss 已解析 0 篇文章
2023-11-06 00:34:48,723 - default - INFO - Parse: https://slack.engineering/feed
2023-11-06 00:34:48,879 - default - INFO - End: https://slack.engineering/feed 已解析 0 篇文章
2023-11-06 00:34:48,879 - default - INFO - Parse: http://semaphoreci.com/blog/engineering.xml
2023-11-06 00:34:50,127 - default - INFO - End: http://semaphoreci.com/blog/engineering.xml 已解析 0 篇文章
2023-11-06 00:34:50,127 - default - INFO - Parse: https://blog.siftscience.com/feed/
2023-11-06 00:34:51,000 - default - INFO - End: https://blog.siftscience.com/feed/ 已解析 0 篇文章
2023-11-06 00:34:51,000 - default - INFO - Parse: https://stackoverflow.blog/feed/
2023-11-06 00:34:51,181 - default - INFO - End: https://stackoverflow.blog/feed/ 已解析 0 篇文章
2023-11-06 00:34:51,181 - default - INFO - Parse: http://techblog.thescore.com/feed.xml
2023-11-06 00:34:52,286 - default - INFO - 解析 http://techblog.thescore.com/feed.xml 失败 <unknown>:1500:26: not well-formed (invalid token)
2023-11-06 00:34:52,286 - default - INFO - End: http://techblog.thescore.com/feed.xml 已解析 0 篇文章
2023-11-06 00:34:52,286 - default - INFO - Parse: https://tech.trivago.com/index.xml
2023-11-06 00:34:52,401 - default - INFO - End: https://tech.trivago.com/index.xml 已解析 0 篇文章
2023-11-06 00:34:52,401 - default - INFO - Parse: https://www.thoughtworks.com/rss/insights.xml
2023-11-06 00:34:54,874 - default - INFO - End: https://www.thoughtworks.com/rss/insights.xml 已解析 0 篇文章
2023-11-06 00:34:54,874 - default - INFO - Parse: https://bytes.swiggy.com/feed
2023-11-06 00:34:55,503 - default - INFO - End: https://bytes.swiggy.com/feed 已解析 0 篇文章
2023-11-06 00:34:55,503 - default - INFO - Parse: http://engineering.vinted.com//atom.xml
2023-11-06 00:34:55,671 - default - INFO - End: http://engineering.vinted.com//atom.xml 已解析 0 篇文章
2023-11-06 00:34:55,671 - default - INFO - Parse: https://developers.soundcloud.com/blog.rss
2023-11-06 00:34:59,293 - default - INFO - End: https://developers.soundcloud.com/blog.rss 已解析 0 篇文章
2023-11-06 00:34:59,293 - default - INFO - Parse: https://blog.timescale.com/feed
2023-11-06 00:34:59,814 - default - INFO - End: https://blog.timescale.com/feed 已解析 0 篇文章
2023-11-06 00:34:59,814 - default - INFO - Parse: https://engineering.tumblr.com/rss
2023-11-06 00:35:00,339 - default - INFO - End: https://engineering.tumblr.com/rss 已解析 0 篇文章
2023-11-06 00:35:00,339 - default - INFO - Parse: http://eng.wealthfront.com/feed/
2023-11-06 00:35:00,802 - default - INFO - End: http://eng.wealthfront.com/feed/ 已解析 0 篇文章
2023-11-06 00:35:00,802 - default - INFO - Parse: https://www.sitepoint.com/feed/
2023-11-06 00:35:01,435 - default - INFO - 文章较短，不需要总结
2023-11-06 00:35:01,435 - default - INFO - End: https://www.sitepoint.com/feed/ 已解析 1 篇文章
2023-11-06 00:35:01,435 - default - INFO - Parse: https://stripe.com/blog/feed.rss
2023-11-06 00:35:02,255 - default - INFO - End: https://stripe.com/blog/feed.rss 已解析 0 篇文章
2023-11-06 00:35:02,255 - default - INFO - Parse: http://engineering.wingify.com/atom.xml
2023-11-06 00:35:03,496 - default - INFO - End: http://engineering.wingify.com/atom.xml 已解析 0 篇文章
2023-11-06 00:35:03,496 - default - INFO - Parse: https://infrequently.org/feed/
2023-11-06 00:35:03,848 - default - INFO - End: https://infrequently.org/feed/ 已解析 0 篇文章
2023-11-06 00:35:03,849 - default - INFO - Parse: https://www.amitmerchant.com/feed.xml
2023-11-06 00:35:04,024 - default - INFO - End: https://www.amitmerchant.com/feed.xml 已解析 0 篇文章
2023-11-06 00:35:04,024 - default - INFO - Parse: https://buildingvts.com/feed
2023-11-06 00:35:04,581 - default - INFO - End: https://buildingvts.com/feed 已解析 0 篇文章
2023-11-06 00:35:04,582 - default - INFO - Parse: http://addyosmani.com/rss.xml
2023-11-06 00:35:04,838 - default - INFO - End: http://addyosmani.com/rss.xml 已解析 0 篇文章
2023-11-06 00:35:04,838 - default - INFO - Parse: https://engineeringblog.yelp.com/feed.xml
2023-11-06 00:35:04,901 - default - INFO - 解析 https://engineeringblog.yelp.com/feed.xml 失败 document declared as us-ascii, but parsed as utf-8
2023-11-06 00:35:04,901 - default - INFO - End: https://engineeringblog.yelp.com/feed.xml 已解析 0 篇文章
2023-11-06 00:35:04,901 - default - INFO - Parse: https://alanstorm.com/feed/feed.xml
2023-11-06 00:35:05,871 - default - INFO - 解析 https://alanstorm.com/feed/feed.xml 失败 <unknown>:124:0: junk after document element
2023-11-06 00:35:05,871 - default - INFO - End: https://alanstorm.com/feed/feed.xml 已解析 0 篇文章
2023-11-06 00:35:05,871 - default - INFO - Parse: https://ariya.io/index.xml
2023-11-06 00:35:06,000 - default - INFO - End: https://ariya.io/index.xml 已解析 0 篇文章
2023-11-06 00:35:06,000 - default - INFO - Parse: https://tech.xing.com/feed
2023-11-06 00:35:07,176 - default - INFO - End: https://tech.xing.com/feed 已解析 0 篇文章
2023-11-06 00:35:07,176 - default - INFO - Parse: http://tenderlovemaking.com/atom.xml
2023-11-06 00:35:07,545 - default - INFO - End: http://tenderlovemaking.com/atom.xml 已解析 0 篇文章
2023-11-06 00:35:07,545 - default - INFO - Parse: https://www.devroom.io/index.xml
2023-11-06 00:35:08,786 - default - INFO - 解析 https://www.devroom.io/index.xml 失败 document declared as us-ascii, but parsed as utf-8
2023-11-06 00:35:08,786 - default - INFO - End: https://www.devroom.io/index.xml 已解析 0 篇文章
2023-11-06 00:35:08,786 - default - INFO - Parse: https://carlosbecker.com/index.xml
2023-11-06 00:35:08,937 - default - INFO - 文章较短，不需要总结
2023-11-06 00:35:08,937 - default - INFO - End: https://carlosbecker.com/index.xml 已解析 1 篇文章
2023-11-06 00:35:08,937 - default - INFO - Parse: https://developerblog.zendesk.com/feed
2023-11-06 00:35:09,444 - default - INFO - End: https://developerblog.zendesk.com/feed 已解析 0 篇文章
2023-11-06 00:35:09,444 - default - INFO - Parse: https://bohops.com/feed/
2023-11-06 00:35:09,720 - default - INFO - End: https://bohops.com/feed/ 已解析 0 篇文章
2023-11-06 00:35:09,720 - default - INFO - Parse: http://lucumr.pocoo.org/feed.atom
2023-11-06 00:35:11,797 - default - INFO - End: http://lucumr.pocoo.org/feed.atom 已解析 0 篇文章
2023-11-06 00:35:11,797 - default - INFO - Parse: http://nullprogram.com/feed/
2023-11-06 00:35:12,134 - default - INFO - End: http://nullprogram.com/feed/ 已解析 0 篇文章
2023-11-06 00:35:12,134 - default - INFO - Parse: https://code.dblock.org/feed.xml
2023-11-06 00:35:12,729 - default - INFO - End: https://code.dblock.org/feed.xml 已解析 0 篇文章
2023-11-06 00:35:12,729 - default - INFO - Parse: http://www.brendangregg.com/blog/rss.xml
2023-11-06 00:35:12,957 - default - INFO - End: http://www.brendangregg.com/blog/rss.xml 已解析 0 篇文章
2023-11-06 00:35:12,957 - default - INFO - Parse: https://www.dereuromark.de/feed/
2023-11-06 00:35:13,991 - default - INFO - End: https://www.dereuromark.de/feed/ 已解析 0 篇文章
2023-11-06 00:35:13,992 - default - INFO - Parse: https://domenicoluciani.com/feed.xml
2023-11-06 00:35:14,120 - default - INFO - End: https://domenicoluciani.com/feed.xml 已解析 0 篇文章
2023-11-06 00:35:14,120 - default - INFO - Parse: https://blog.filippo.io/rss/
2023-11-06 00:35:14,671 - default - INFO - End: https://blog.filippo.io/rss/ 已解析 0 篇文章
2023-11-06 00:35:14,671 - default - INFO - Parse: https://hookrace.net/blog/feed/
2023-11-06 00:35:16,930 - default - INFO - End: https://hookrace.net/blog/feed/ 已解析 0 篇文章
2023-11-06 00:35:16,930 - default - INFO - Parse: https://dotdev.co/feed/
2023-11-06 00:35:17,188 - default - INFO - End: https://dotdev.co/feed/ 已解析 0 篇文章
2023-11-06 00:35:17,188 - default - INFO - Parse: https://ericlippert.com/feed/
2023-11-06 00:35:17,337 - default - INFO - End: https://ericlippert.com/feed/ 已解析 0 篇文章
2023-11-06 00:35:17,337 - default - INFO - Parse: https://tomassetti.me/feed/
2023-11-06 00:35:17,749 - default - INFO - End: https://tomassetti.me/feed/ 已解析 0 篇文章
2023-11-06 00:35:17,749 - default - INFO - Parse: http://www.evanjones.ca/index.rss
2023-11-06 00:35:17,989 - default - INFO - End: http://www.evanjones.ca/index.rss 已解析 0 篇文章
2023-11-06 00:35:17,989 - default - INFO - Parse: https://deanhume.com/rss/
2023-11-06 00:35:18,797 - default - INFO - End: https://deanhume.com/rss/ 已解析 0 篇文章
2023-11-06 00:35:18,797 - default - INFO - Parse: http://feeds.feedburner.com/HighScalability
2023-11-06 00:35:19,148 - default - INFO - End: http://feeds.feedburner.com/HighScalability 已解析 0 篇文章
2023-11-06 00:35:19,149 - default - INFO - Parse: https://erikrunyon.com/feed.xml
2023-11-06 00:35:19,322 - default - INFO - End: https://erikrunyon.com/feed.xml 已解析 0 篇文章
2023-11-06 00:35:19,322 - default - INFO - Parse: https://drewdevault.com/feed.xml
2023-11-06 00:35:20,670 - default - INFO - End: https://drewdevault.com/feed.xml 已解析 0 篇文章
2023-11-06 00:35:20,670 - default - INFO - Parse: https://www.chenhuijing.com/feed.xml
2023-11-06 00:35:21,052 - default - INFO - End: https://www.chenhuijing.com/feed.xml 已解析 0 篇文章
2023-11-06 00:35:21,053 - default - INFO - Parse: https://www.metachris.com/index.xml
2023-11-06 00:35:21,171 - default - INFO - End: https://www.metachris.com/index.xml 已解析 0 篇文章
2023-11-06 00:35:21,172 - default - INFO - Parse: https://elegantcode.com/feed/
2023-11-06 00:35:21,290 - default - INFO - End: https://elegantcode.com/feed/ 已解析 0 篇文章
2023-11-06 00:35:21,290 - default - INFO - Parse: https://conductofcode.io/feed.xml
2023-11-06 00:35:21,830 - default - INFO - End: https://conductofcode.io/feed.xml 已解析 0 篇文章
2023-11-06 00:35:21,831 - default - INFO - Parse: https://glebbahmutov.com/blog/atom.xml
2023-11-06 00:35:23,233 - default - INFO - End: https://glebbahmutov.com/blog/atom.xml 已解析 0 篇文章
2023-11-06 00:35:23,233 - default - INFO - Parse: https://eli.thegreenplace.net/feeds/all.atom.xml
2023-11-06 00:35:24,001 - default - INFO - End: https://eli.thegreenplace.net/feeds/all.atom.xml 已解析 0 篇文章
2023-11-06 00:35:24,001 - default - INFO - Parse: https://henrikwarne.com/feed/
2023-11-06 00:35:24,157 - default - INFO - End: https://henrikwarne.com/feed/ 已解析 0 篇文章
2023-11-06 00:35:24,157 - default - INFO - Parse: https://davidwalsh.name/feed/atom
2023-11-06 00:35:24,913 - default - INFO - End: https://davidwalsh.name/feed/atom 已解析 0 篇文章
2023-11-06 00:35:24,913 - default - INFO - Parse: https://jeremykun.com/feed/
2023-11-06 00:35:25,085 - default - INFO - End: https://jeremykun.com/feed/ 已解析 0 篇文章
2023-11-06 00:35:25,085 - default - INFO - Parse: https://tympanus.net/codrops/rss
2023-11-06 00:35:26,959 - default - INFO - End: https://tympanus.net/codrops/rss 已解析 0 篇文章
2023-11-06 00:35:26,960 - default - INFO - Parse: http://jakewharton.com/feed.xml
2023-11-06 00:35:28,018 - default - INFO - End: http://jakewharton.com/feed.xml 已解析 0 篇文章
2023-11-06 00:35:28,018 - default - INFO - Parse: https://jes.al/atom.xml
2023-11-06 00:35:28,184 - default - INFO - End: https://jes.al/atom.xml 已解析 0 篇文章
2023-11-06 00:35:28,184 - default - INFO - Parse: https://jvns.ca/atom.xml
2023-11-06 00:35:28,574 - default - INFO - End: https://jvns.ca/atom.xml 已解析 0 篇文章
2023-11-06 00:35:28,574 - default - INFO - Parse: https://codeblog.jonskeet.uk/feed/
2023-11-06 00:35:28,819 - default - INFO - End: https://codeblog.jonskeet.uk/feed/ 已解析 0 篇文章
2023-11-06 00:35:28,819 - default - INFO - Parse: https://adambard.com/blog/feed.xml
2023-11-06 00:35:29,025 - default - INFO - End: https://adambard.com/blog/feed.xml 已解析 0 篇文章
2023-11-06 00:35:29,026 - default - INFO - Parse: https://useyourloaf.com/blog/rss.xml
2023-11-06 00:35:29,759 - default - INFO - End: https://useyourloaf.com/blog/rss.xml 已解析 0 篇文章
2023-11-06 00:35:29,759 - default - INFO - Parse: https://jerrygamblin.com/feed/
2023-11-06 00:35:30,297 - default - INFO - End: https://jerrygamblin.com/feed/ 已解析 0 篇文章
2023-11-06 00:35:30,297 - default - INFO - Parse: https://idea.popcount.org/rss.xml
2023-11-06 00:35:31,340 - default - INFO - End: https://idea.popcount.org/rss.xml 已解析 0 篇文章
2023-11-06 00:35:31,340 - default - INFO - Parse: https://maryrosecook.com/blog/feed.xml
2023-11-06 00:35:31,750 - default - INFO - 解析 https://maryrosecook.com/blog/feed.xml 失败 document declared as us-ascii, but parsed as utf-8
2023-11-06 00:35:31,750 - default - INFO - End: https://maryrosecook.com/blog/feed.xml 已解析 0 篇文章
2023-11-06 00:35:31,751 - default - INFO - Parse: https://begriffs.com/atom.xml
2023-11-06 00:35:32,905 - default - INFO - 解析 https://begriffs.com/atom.xml 失败 document declared as us-ascii, but parsed as utf-8
2023-11-06 00:35:32,906 - default - INFO - End: https://begriffs.com/atom.xml 已解析 0 篇文章
2023-11-06 00:35:32,906 - default - INFO - Parse: http://matt.might.net/articles/feed.rss
2023-11-06 00:35:33,626 - default - INFO - End: http://matt.might.net/articles/feed.rss 已解析 0 篇文章
2023-11-06 00:35:33,626 - default - INFO - Parse: https://martinfowler.com/feed.atom
2023-11-06 00:35:34,083 - default - INFO - End: https://martinfowler.com/feed.atom 已解析 0 篇文章
2023-11-06 00:35:34,083 - default - INFO - Parse: https://blog.sleeplessbeastie.eu/feed.xml
2023-11-06 00:35:37,245 - default - INFO - End: https://blog.sleeplessbeastie.eu/feed.xml 已解析 0 篇文章
2023-11-06 00:35:37,245 - default - INFO - Parse: https://blog.cryptographyengineering.com/feed/
2023-11-06 00:35:37,606 - default - INFO - End: https://blog.cryptographyengineering.com/feed/ 已解析 0 篇文章
2023-11-06 00:35:37,606 - default - INFO - Parse: http://blog.fogus.me/feed/
2023-11-06 00:35:38,527 - default - INFO - End: http://blog.fogus.me/feed/ 已解析 0 篇文章
2023-11-06 00:35:38,527 - default - INFO - Parse: https://blog.rinesi.com/feed/
2023-11-06 00:35:38,828 - default - INFO - End: https://blog.rinesi.com/feed/ 已解析 0 篇文章
2023-11-06 00:35:38,828 - default - INFO - Parse: https://snook.ca/jonathan/index.rdf
2023-11-06 00:35:39,324 - default - INFO - 文章较短，不需要总结
2023-11-06 00:35:39,324 - default - INFO - End: https://snook.ca/jonathan/index.rdf 已解析 1 篇文章
2023-11-06 00:35:39,324 - default - INFO - Parse: https://www.mattcutts.com/blog/feed/
2023-11-06 00:35:39,423 - default - INFO - End: https://www.mattcutts.com/blog/feed/ 已解析 0 篇文章
2023-11-06 00:35:39,423 - default - INFO - Parse: http://www.windytan.com/feeds/posts/default
2023-11-06 00:35:39,992 - default - INFO - End: http://www.windytan.com/feeds/posts/default 已解析 0 篇文章
2023-11-06 00:35:39,992 - default - INFO - Parse: https://aphyr.com/posts.atom
2023-11-06 00:35:41,281 - default - INFO - End: https://aphyr.com/posts.atom 已解析 0 篇文章
2023-11-06 00:35:41,281 - default - INFO - Parse: http://blog.pamelafox.org/feeds/posts/default
2023-11-06 00:35:41,700 - default - INFO - End: http://blog.pamelafox.org/feeds/posts/default 已解析 0 篇文章
2023-11-06 00:35:41,700 - default - INFO - Parse: https://oleb.net/blog/atom.xml
2023-11-06 00:35:41,961 - default - INFO - End: https://oleb.net/blog/atom.xml 已解析 0 篇文章
2023-11-06 00:35:41,961 - default - INFO - Parse: https://blogs.msdn.microsoft.com/oldnewthing/feed
2023-11-06 00:35:42,126 - default - INFO - End: https://blogs.msdn.microsoft.com/oldnewthing/feed 已解析 0 篇文章
2023-11-06 00:35:42,126 - default - INFO - Parse: https://realpython.com/atom.xml
2023-11-06 00:35:42,375 - default - INFO - End: https://realpython.com/atom.xml 已解析 0 篇文章
2023-11-06 00:35:42,375 - default - INFO - Parse: http://blog.cleancoder.com/atom.xml
2023-11-06 00:35:42,579 - default - INFO - End: http://blog.cleancoder.com/atom.xml 已解析 0 篇文章
2023-11-06 00:35:42,579 - default - INFO - Parse: https://akrabat.com/feed/
2023-11-06 00:35:43,426 - default - INFO - End: https://akrabat.com/feed/ 已解析 0 篇文章
2023-11-06 00:35:43,426 - default - INFO - Parse: https://www.thepolyglotdeveloper.com/blog/index.xml
2023-11-06 00:35:44,379 - default - INFO - End: https://www.thepolyglotdeveloper.com/blog/index.xml 已解析 0 篇文章
2023-11-06 00:35:44,380 - default - INFO - Parse: https://eviltrout.com/feed.xml
2023-11-06 00:35:44,555 - default - INFO - End: https://eviltrout.com/feed.xml 已解析 0 篇文章
2023-11-06 00:35:44,555 - default - INFO - Parse: https://joshtronic.com/atom.xml
2023-11-06 00:35:51,001 - default - INFO - End: https://joshtronic.com/atom.xml 已解析 0 篇文章
2023-11-06 00:35:51,002 - default - INFO - Parse: http://feeds.hanselman.com/ScottHanselman
2023-11-06 00:35:51,491 - default - INFO - End: http://feeds.hanselman.com/ScottHanselman 已解析 0 篇文章
2023-11-06 00:35:51,491 - default - INFO - Parse: https://blog.nelhage.com/atom.xml
2023-11-06 00:35:52,089 - default - INFO - End: https://blog.nelhage.com/atom.xml 已解析 0 篇文章
2023-11-06 00:35:52,089 - default - INFO - Parse: http://blog.rtwilson.com/feed/
2023-11-06 00:35:52,918 - default - INFO - End: http://blog.rtwilson.com/feed/ 已解析 0 篇文章
2023-11-06 00:35:52,918 - default - INFO - Parse: http://www.catonmat.net/feed/
2023-11-06 00:35:53,947 - default - INFO - End: http://www.catonmat.net/feed/ 已解析 0 篇文章
2023-11-06 00:35:53,948 - default - INFO - Parse: https://neverfriday.com/feed/
2023-11-06 00:35:54,837 - default - INFO - End: https://neverfriday.com/feed/ 已解析 0 篇文章
2023-11-06 00:35:54,837 - default - INFO - Parse: http://thedailywtf.com/rss
2023-11-06 00:35:55,802 - default - INFO - End: http://thedailywtf.com/rss 已解析 0 篇文章
2023-11-06 00:35:55,802 - default - INFO - Parse: https://vladmihalcea.com/feed/
2023-11-06 00:35:55,923 - default - INFO - End: https://vladmihalcea.com/feed/ 已解析 0 篇文章
2023-11-06 00:35:55,924 - default - INFO - Parse: https://www.yegor256.com/rss.xml
2023-11-06 00:35:56,119 - default - INFO - End: https://www.yegor256.com/rss.xml 已解析 0 篇文章
2023-11-06 00:35:56,119 - default - INFO - Parse: https://muffinman.io/atom.xml
2023-11-06 00:35:58,305 - default - INFO - End: https://muffinman.io/atom.xml 已解析 0 篇文章
2023-11-06 00:35:58,305 - default - INFO - Parse: https://www.ardanlabs.com/blog/index.xml
2023-11-06 00:35:58,611 - default - INFO - End: https://www.ardanlabs.com/blog/index.xml 已解析 0 篇文章
2023-11-06 00:35:58,611 - default - INFO - Parse: https://blog.getbootstrap.com/feed.xml
2023-11-06 00:35:58,877 - default - INFO - End: https://blog.getbootstrap.com/feed.xml 已解析 0 篇文章
2023-11-06 00:35:58,877 - default - INFO - Parse: https://zachholman.com/atom.xml
2023-11-06 00:35:59,276 - default - INFO - End: https://zachholman.com/atom.xml 已解析 0 篇文章
2023-11-06 00:35:59,276 - default - INFO - Parse: https://ipfs.io/blog/index.xml
2023-11-06 00:35:59,555 - default - INFO - End: https://ipfs.io/blog/index.xml 已解析 0 篇文章
2023-11-06 00:35:59,555 - default - INFO - Parse: https://blog.golang.org/feed.atom
2023-11-06 00:36:00,209 - default - INFO - End: https://blog.golang.org/feed.atom 已解析 0 篇文章
2023-11-06 00:36:00,209 - default - INFO - Parse: https://blog.jooq.org/feed/
2023-11-06 00:36:00,745 - default - INFO - End: https://blog.jooq.org/feed/ 已解析 0 篇文章
2023-11-06 00:36:00,745 - default - INFO - Parse: https://blogs.msdn.microsoft.com/dotnet/feed/
2023-11-06 00:36:01,031 - default - INFO - End: https://blogs.msdn.microsoft.com/dotnet/feed/ 已解析 0 篇文章
2023-11-06 00:36:01,032 - default - INFO - Parse: http://raganwald.com/atom.xml
2023-11-06 00:36:09,509 - default - INFO - End: http://raganwald.com/atom.xml 已解析 0 篇文章
2023-11-06 00:36:09,509 - default - INFO - Parse: https://blogs.windows.com/msedgedev/rss
2023-11-06 00:36:09,710 - default - INFO - End: https://blogs.windows.com/msedgedev/rss 已解析 0 篇文章
2023-11-06 00:36:09,710 - default - INFO - Parse: https://blog.jetbrains.com/kotlin/feed/
2023-11-06 00:36:09,870 - default - INFO - End: https://blog.jetbrains.com/kotlin/feed/ 已解析 0 篇文章
2023-11-06 00:36:09,870 - default - INFO - Parse: https://tania.dev/rss.xml
2023-11-06 00:36:11,521 - default - INFO - End: https://tania.dev/rss.xml 已解析 0 篇文章
2023-11-06 00:36:11,521 - default - INFO - Parse: https://swizec.com/blog/feed
2023-11-06 00:36:11,562 - default - INFO - 解析 https://swizec.com/blog/feed 失败 <unknown>:2:0: syntax error
2023-11-06 00:36:11,563 - default - INFO - End: https://swizec.com/blog/feed 已解析 0 篇文章
2023-11-06 00:36:11,989 - default - INFO - Aggregate 已新增 4 篇
2023-11-06 00:36:11,990 - default - INFO - Aggregate AI总结花费 {}
