2023-11-22 00:35:56,985 - default - INFO - Parse: https://goteleport.com/blog/rss.xml
2023-11-22 00:35:57,291 - default - INFO - End: https://goteleport.com/blog/rss.xml 已解析 0 篇文章
2023-11-22 00:35:57,291 - default - INFO - Parse: https://engineering.mercari.com/en/blog/feed.xml
2023-11-22 00:35:59,029 - default - INFO - End: https://engineering.mercari.com/en/blog/feed.xml 已解析 0 篇文章
2023-11-22 00:35:59,029 - default - INFO - Parse: https://blog.replit.com/feed.xml
2023-11-22 00:35:59,454 - default - INFO - End: https://blog.replit.com/feed.xml 已解析 0 篇文章
2023-11-22 00:35:59,454 - default - INFO - Parse: https://abhinavsarkar.net/tags/programming/feed.atom
2023-11-22 00:36:01,261 - default - INFO - End: https://abhinavsarkar.net/tags/programming/feed.atom 已解析 0 篇文章
2023-11-22 00:36:01,261 - default - INFO - Parse: https://httptoolkit.tech/rss.xml
2023-11-22 00:36:04,523 - default - INFO - End: https://httptoolkit.tech/rss.xml 已解析 0 篇文章
2023-11-22 00:36:04,523 - default - INFO - Parse: https://engineering.freeagent.com/feed/
2023-11-22 00:36:05,686 - default - INFO - End: https://engineering.freeagent.com/feed/ 已解析 0 篇文章
2023-11-22 00:36:05,686 - default - INFO - Parse: https://severalnines.com/rss.xml
2023-11-22 00:36:07,699 - default - INFO - End: https://severalnines.com/rss.xml 已解析 0 篇文章
2023-11-22 00:36:07,699 - default - INFO - Parse: https://learnk8s.io/rss.xml
2023-11-22 00:36:08,021 - default - INFO - End: https://learnk8s.io/rss.xml 已解析 0 篇文章
2023-11-22 00:36:08,021 - default - INFO - Parse: https://v8.dev/blog.atom
2023-11-22 00:36:08,412 - default - INFO - End: https://v8.dev/blog.atom 已解析 0 篇文章
2023-11-22 00:36:08,412 - default - INFO - Parse: https://technology.customink.com/feed.xml
2023-11-22 00:36:10,014 - default - INFO - 解析 https://technology.customink.com/feed.xml 失败 <unknown>:2727:89: not well-formed (invalid token)
2023-11-22 00:36:10,015 - default - INFO - End: https://technology.customink.com/feed.xml 已解析 0 篇文章
2023-11-22 00:36:10,015 - default - INFO - Parse: http://blog.avenuecode.com/rss.xml
2023-11-22 00:36:10,222 - default - INFO - End: http://blog.avenuecode.com/rss.xml 已解析 0 篇文章
2023-11-22 00:36:10,222 - default - INFO - Parse: https://8thlight.com/blog/feed/atom.xml
2023-11-22 00:36:10,853 - default - INFO - 解析 https://8thlight.com/blog/feed/atom.xml 失败 <unknown>:3:0: XML or text declaration not at start of entity
2023-11-22 00:36:10,853 - default - INFO - End: https://8thlight.com/blog/feed/atom.xml 已解析 0 篇文章
2023-11-22 00:36:10,853 - default - INFO - Parse: http://blog.arkency.com/atom.xml
2023-11-22 00:36:11,175 - default - INFO - End: http://blog.arkency.com/atom.xml 已解析 0 篇文章
2023-11-22 00:36:11,175 - default - INFO - Parse: http://artsy.github.io/feed
2023-11-22 00:36:11,389 - default - INFO - End: http://artsy.github.io/feed 已解析 0 篇文章
2023-11-22 00:36:11,389 - default - INFO - Parse: https://www.bigeng.io/rss/
2023-11-22 00:36:11,793 - default - INFO - End: https://www.bigeng.io/rss/ 已解析 0 篇文章
2023-11-22 00:36:11,793 - default - INFO - Parse: https://advancedweb.hu/atom.xml
2023-11-22 00:36:13,371 - default - INFO - End: https://advancedweb.hu/atom.xml 已解析 0 篇文章
2023-11-22 00:36:13,371 - default - INFO - Parse: https://auth0.com/blog/rss.xml
2023-11-22 00:36:13,721 - default - INFO - 解析 https://auth0.com/blog/rss.xml 失败 document declared as us-ascii, but parsed as utf-8
2023-11-22 00:36:13,721 - default - INFO - End: https://auth0.com/blog/rss.xml 已解析 0 篇文章
2023-11-22 00:36:13,721 - default - INFO - Parse: https://capgemini.github.io/feed.xml
2023-11-22 00:36:14,061 - default - INFO - End: https://capgemini.github.io/feed.xml 已解析 0 篇文章
2023-11-22 00:36:14,062 - default - INFO - Parse: https://aws.amazon.com/blogs/aws/feed/
2023-11-22 00:36:15,636 - default - WARNING - Summarize failed. 该令牌额度已用尽
2023-11-22 00:36:15,637 - default - INFO - End: https://aws.amazon.com/blogs/aws/feed/ 已解析 1 篇文章
2023-11-22 00:36:15,637 - default - INFO - Parse: https://code.blender.org/rss
2023-11-22 00:36:15,818 - default - INFO - 解析 https://code.blender.org/rss 失败 <urlopen error [SSL: SSLV3_ALERT_HANDSHAKE_FAILURE] sslv3 alert handshake failure (_ssl.c:1131)>
2023-11-22 00:36:15,818 - default - INFO - End: https://code.blender.org/rss 已解析 0 篇文章
2023-11-22 00:36:15,818 - default - INFO - Parse: http://www.codenameone.com/feed.xml
2023-11-22 00:36:20,654 - default - INFO - End: http://www.codenameone.com/feed.xml 已解析 0 篇文章
2023-11-22 00:36:20,654 - default - INFO - Parse: https://spin.atomicobject.com/feed/
2023-11-22 00:36:21,232 - default - WARNING - Summarize failed. 该令牌额度已用尽
2023-11-22 00:36:21,232 - default - INFO - End: https://spin.atomicobject.com/feed/ 已解析 1 篇文章
2023-11-22 00:36:21,232 - default - INFO - Parse: https://blog.developer.bazaarvoice.com/feed/
2023-11-22 00:36:21,760 - default - INFO - End: https://blog.developer.bazaarvoice.com/feed/ 已解析 0 篇文章
2023-11-22 00:36:21,760 - default - INFO - Parse: https://blog.cloudflare.com/rss/
2023-11-22 00:36:22,536 - default - WARNING - Summarize failed. 该令牌额度已用尽
2023-11-22 00:36:22,536 - default - INFO - End: https://blog.cloudflare.com/rss/ 已解析 1 篇文章
2023-11-22 00:36:22,536 - default - INFO - Parse: https://developer.atlassian.com/blog/feed.xml
2023-11-22 00:36:23,046 - default - INFO - End: https://developer.atlassian.com/blog/feed.xml 已解析 0 篇文章
2023-11-22 00:36:23,047 - default - INFO - Parse: https://blog.cloudera.com/feed/
2023-11-22 00:36:24,335 - default - INFO - End: https://blog.cloudera.com/feed/ 已解析 0 篇文章
2023-11-22 00:36:24,335 - default - INFO - Parse: https://www.confluent.io/feed/
2023-11-22 00:36:24,630 - default - INFO - 文章较短，不需要总结
2023-11-22 00:36:24,630 - default - INFO - End: https://www.confluent.io/feed/ 已解析 1 篇文章
2023-11-22 00:36:24,630 - default - INFO - Parse: https://tech.buzzfeed.com/feed
2023-11-22 00:36:25,282 - default - INFO - End: https://tech.buzzfeed.com/feed 已解析 0 篇文章
2023-11-22 00:36:25,282 - default - INFO - Parse: https://engineering.brandwatch.com/rss/
2023-11-22 00:36:26,301 - default - INFO - End: https://engineering.brandwatch.com/rss/ 已解析 0 篇文章
2023-11-22 00:36:26,301 - default - INFO - Parse: https://benchling.engineering/feed
2023-11-22 00:36:26,935 - default - INFO - End: https://benchling.engineering/feed 已解析 0 篇文章
2023-11-22 00:36:26,935 - default - INFO - Parse: https://www.elastic.co/blog/feed
2023-11-22 00:36:27,102 - default - INFO - End: https://www.elastic.co/blog/feed 已解析 2 篇文章
2023-11-22 00:36:27,102 - default - INFO - Parse: http://deliveroo.engineering/feed.xml
2023-11-22 00:36:27,241 - default - INFO - End: http://deliveroo.engineering/feed.xml 已解析 0 篇文章
2023-11-22 00:36:27,241 - default - INFO - Parse: https://techblog.commercetools.com/feed
2023-11-22 00:36:27,769 - default - INFO - End: https://techblog.commercetools.com/feed 已解析 0 篇文章
2023-11-22 00:36:27,769 - default - INFO - Parse: https://databricks.com/feed
2023-11-22 00:36:27,899 - default - INFO - 文章较短，不需要总结
2023-11-22 00:36:27,900 - default - INFO - 文章较短，不需要总结
2023-11-22 00:36:27,900 - default - INFO - End: https://databricks.com/feed 已解析 2 篇文章
2023-11-22 00:36:27,901 - default - INFO - Parse: https://deezer.io/feed
2023-11-22 00:36:28,757 - default - INFO - End: https://deezer.io/feed 已解析 0 篇文章
2023-11-22 00:36:28,757 - default - INFO - Parse: https://engineering.fb.com/feed/
2023-11-22 00:36:28,962 - default - INFO - 文章较短，不需要总结
2023-11-22 00:36:28,962 - default - INFO - End: https://engineering.fb.com/feed/ 已解析 1 篇文章
2023-11-22 00:36:28,962 - default - INFO - Parse: https://codeascraft.com/feed/
2023-11-22 00:36:29,185 - default - INFO - 解析 https://codeascraft.com/feed/ 失败 text/html;charset=utf-8 is not an XML media type
2023-11-22 00:36:29,185 - default - INFO - End: https://codeascraft.com/feed/ 已解析 0 篇文章
2023-11-22 00:36:29,185 - default - INFO - Parse: https://medium.com/feed/feedzaitech
2023-11-22 00:36:29,637 - default - INFO - End: https://medium.com/feed/feedzaitech 已解析 0 篇文章
2023-11-22 00:36:29,637 - default - INFO - Parse: https://tech.findmypast.com/feed.xml
2023-11-22 00:36:29,747 - default - INFO - End: https://tech.findmypast.com/feed.xml 已解析 0 篇文章
2023-11-22 00:36:29,747 - default - INFO - Parse: https://code.fb.com/feed/
2023-11-22 00:36:30,041 - default - INFO - End: https://code.fb.com/feed/ 已解析 0 篇文章
2023-11-22 00:36:30,041 - default - INFO - Parse: https://www.eventbrite.com/engineering/feed/
2023-11-22 00:36:30,113 - default - INFO - End: https://www.eventbrite.com/engineering/feed/ 已解析 0 篇文章
2023-11-22 00:36:30,113 - default - INFO - Parse: https://evernote.com/blog/feed/
2023-11-22 00:36:30,204 - default - INFO - 解析 https://evernote.com/blog/feed/ 失败 <unknown>:2:0: not well-formed (invalid token)
2023-11-22 00:36:30,204 - default - INFO - End: https://evernote.com/blog/feed/ 已解析 0 篇文章
2023-11-22 00:36:30,204 - default - INFO - Parse: https://drivy.engineering/feed.xml
2023-11-22 00:36:31,595 - default - INFO - End: https://drivy.engineering/feed.xml 已解析 0 篇文章
2023-11-22 00:36:31,595 - default - INFO - Parse: https://evilmartians.com/chronicles.atom
2023-11-22 00:36:31,857 - default - INFO - 文章较短，不需要总结
2023-11-22 00:36:31,857 - default - INFO - End: https://evilmartians.com/chronicles.atom 已解析 1 篇文章
2023-11-22 00:36:31,857 - default - INFO - Parse: https://www.ebayinc.com/stories/blogs/tech/rss/
2023-11-22 00:36:32,470 - default - INFO - End: https://www.ebayinc.com/stories/blogs/tech/rss/ 已解析 0 篇文章
2023-11-22 00:36:32,471 - default - INFO - Parse: http://feeds.feedburner.com/GoogleOnlineSecurityBlog
2023-11-22 00:36:33,396 - default - INFO - End: http://feeds.feedburner.com/GoogleOnlineSecurityBlog 已解析 0 篇文章
2023-11-22 00:36:33,396 - default - INFO - Parse: https://galois.com/feed/
2023-11-22 00:36:33,602 - default - INFO - End: https://galois.com/feed/ 已解析 0 篇文章
2023-11-22 00:36:33,602 - default - INFO - Parse: https://githubengineering.com/atom.xml
2023-11-22 00:36:33,937 - default - INFO - End: https://githubengineering.com/atom.xml 已解析 0 篇文章
2023-11-22 00:36:33,937 - default - INFO - Parse: https://blog.digitalocean.com/rss/
2023-11-22 00:36:35,583 - default - INFO - 解析 https://blog.digitalocean.com/rss/ 失败 application/octet-stream is not an XML media type
2023-11-22 00:36:35,583 - default - INFO - End: https://blog.digitalocean.com/rss/ 已解析 0 篇文章
2023-11-22 00:36:35,583 - default - INFO - Parse: https://www.hashicorp.com/blog/feed.xml
2023-11-22 00:36:35,875 - default - WARNING - Summarize failed. 该令牌额度已用尽
2023-11-22 00:36:35,876 - default - INFO - End: https://www.hashicorp.com/blog/feed.xml 已解析 1 篇文章
2023-11-22 00:36:35,876 - default - INFO - Parse: https://collectiveidea.com/blog/feed/
2023-11-22 00:36:37,056 - default - INFO - End: https://collectiveidea.com/blog/feed/ 已解析 0 篇文章
2023-11-22 00:36:37,056 - default - INFO - Parse: http://feeds.feedburner.com/blogspot/gJZg
2023-11-22 00:36:38,025 - default - WARNING - Summarize failed. 该令牌额度已用尽
2023-11-22 00:36:38,026 - default - INFO - End: http://feeds.feedburner.com/blogspot/gJZg 已解析 1 篇文章
2023-11-22 00:36:38,026 - default - INFO - Parse: http://engineering.grab.com/feed.xml
2023-11-22 00:36:38,229 - default - INFO - End: http://engineering.grab.com/feed.xml 已解析 0 篇文章
2023-11-22 00:36:38,229 - default - INFO - Parse: https://engineering.gusto.com/rss/
2023-11-22 00:36:38,397 - default - INFO - End: https://engineering.gusto.com/rss/ 已解析 0 篇文章
2023-11-22 00:36:38,397 - default - INFO - Parse: https://www.hostinger.com/blog/feed/
2023-11-22 00:36:38,765 - default - INFO - End: https://www.hostinger.com/blog/feed/ 已解析 0 篇文章
2023-11-22 00:36:38,765 - default - INFO - Parse: https://engineering.doximity.com/feed
2023-11-22 00:36:40,101 - default - INFO - End: https://engineering.doximity.com/feed 已解析 0 篇文章
2023-11-22 00:36:40,101 - default - INFO - Parse: https://www.cockroachlabs.com/blog/index.xml
2023-11-22 00:36:40,621 - default - INFO - 文章较短，不需要总结
2023-11-22 00:36:40,622 - default - INFO - End: https://www.cockroachlabs.com/blog/index.xml 已解析 1 篇文章
2023-11-22 00:36:40,622 - default - INFO - Parse: https://product.hubspot.com/blog/rss.xml
2023-11-22 00:36:40,816 - default - INFO - 文章较短，不需要总结
2023-11-22 00:36:40,816 - default - INFO - End: https://product.hubspot.com/blog/rss.xml 已解析 1 篇文章
2023-11-22 00:36:40,816 - default - INFO - Parse: https://lambda.grofers.com/feed
2023-11-22 00:36:41,125 - default - INFO - End: https://lambda.grofers.com/feed 已解析 0 篇文章
2023-11-22 00:36:41,125 - default - INFO - Parse: https://dropbox.tech/feed
2023-11-22 00:36:41,755 - default - INFO - End: https://dropbox.tech/feed 已解析 0 篇文章
2023-11-22 00:36:41,755 - default - INFO - Parse: https://engineering.hashnode.com/rss.xml
2023-11-22 00:36:42,106 - default - INFO - 解析 https://engineering.hashnode.com/rss.xml 失败 document declared as us-ascii, but parsed as utf-8
2023-11-22 00:36:42,107 - default - INFO - End: https://engineering.hashnode.com/rss.xml 已解析 0 篇文章
2023-11-22 00:36:42,107 - default - INFO - Parse: https://kinvolk.io/blog/index.xml
2023-11-22 00:36:42,308 - default - INFO - 解析 https://kinvolk.io/blog/index.xml 失败 document declared as us-ascii, but parsed as utf-8
2023-11-22 00:36:42,309 - default - INFO - End: https://kinvolk.io/blog/index.xml 已解析 0 篇文章
2023-11-22 00:36:42,309 - default - INFO - Parse: https://tech.instacart.com/feed
2023-11-22 00:36:43,062 - default - INFO - End: https://tech.instacart.com/feed 已解析 0 篇文章
2023-11-22 00:36:43,062 - default - INFO - Parse: https://kolosek.com/rss/
2023-11-22 00:36:43,389 - default - INFO - 解析 https://kolosek.com/rss/ 失败 <unknown>:19:18: not well-formed (invalid token)
2023-11-22 00:36:43,389 - default - INFO - End: https://kolosek.com/rss/ 已解析 0 篇文章
2023-11-22 00:36:43,389 - default - INFO - Parse: https://blog.heroku.com/engineering/feed
2023-11-22 00:36:43,658 - default - INFO - End: https://blog.heroku.com/engineering/feed 已解析 0 篇文章
2023-11-22 00:36:43,658 - default - INFO - Parse: https://hashrocket.com/blog.rss
2023-11-22 00:36:44,704 - default - WARNING - Summarize failed. 该令牌额度已用尽
2023-11-22 00:36:44,704 - default - INFO - End: https://hashrocket.com/blog.rss 已解析 1 篇文章
2023-11-22 00:36:44,704 - default - INFO - Parse: https://jobandtalent.engineering/feed
2023-11-22 00:36:45,352 - default - INFO - End: https://jobandtalent.engineering/feed 已解析 0 篇文章
2023-11-22 00:36:45,352 - default - INFO - Parse: https://blog.imgur.com/feed/
2023-11-22 00:36:46,245 - default - INFO - End: https://blog.imgur.com/feed/ 已解析 0 篇文章
2023-11-22 00:36:46,245 - default - INFO - Parse: https://nordicapis.com/feed/
2023-11-22 00:36:47,252 - default - WARNING - Summarize failed. 该令牌额度已用尽
2023-11-22 00:36:47,253 - default - INFO - End: https://nordicapis.com/feed/ 已解析 1 篇文章
2023-11-22 00:36:47,253 - default - INFO - Parse: https://blog.novoda.com/rss/
2023-11-22 00:36:47,908 - default - INFO - End: https://blog.novoda.com/rss/ 已解析 0 篇文章
2023-11-22 00:36:47,908 - default - INFO - Parse: https://developer.okta.com/feed.xml
2023-11-22 00:36:48,518 - default - WARNING - Summarize failed. 该令牌额度已用尽
2023-11-22 00:36:48,518 - default - INFO - End: https://developer.okta.com/feed.xml 已解析 1 篇文章
2023-11-22 00:36:48,518 - default - INFO - Parse: https://eng.lyft.com/feed
2023-11-22 00:36:49,139 - default - INFO - End: https://eng.lyft.com/feed 已解析 0 篇文章
2023-11-22 00:36:49,139 - default - INFO - Parse: http://blog.memsql.com/feed/
2023-11-22 00:36:49,420 - default - INFO - 解析 http://blog.memsql.com/feed/ 失败 document declared as us-ascii, but parsed as utf-8
2023-11-22 00:36:49,421 - default - INFO - End: http://blog.memsql.com/feed/ 已解析 0 篇文章
2023-11-22 00:36:49,421 - default - INFO - Parse: https://engineering.mixpanel.com/feed/
2023-11-22 00:36:50,056 - default - INFO - End: https://engineering.mixpanel.com/feed/ 已解析 0 篇文章
2023-11-22 00:36:50,056 - default - INFO - Parse: https://medium.engineering/feed
2023-11-22 00:36:50,502 - default - INFO - End: https://medium.engineering/feed 已解析 0 篇文章
2023-11-22 00:36:50,502 - default - INFO - Parse: http://blog.apps.npr.org/atom.xml
2023-11-22 00:36:51,583 - default - INFO - 解析 http://blog.apps.npr.org/atom.xml 失败 <unknown>:1172:54: undefined entity
2023-11-22 00:36:51,583 - default - INFO - End: http://blog.apps.npr.org/atom.xml 已解析 0 篇文章
2023-11-22 00:36:51,583 - default - INFO - Parse: https://engblog.nextdoor.com/feed
2023-11-22 00:36:52,212 - default - INFO - End: https://engblog.nextdoor.com/feed 已解析 0 篇文章
2023-11-22 00:36:52,212 - default - INFO - Parse: https://hacks.mozilla.org/feed/
2023-11-22 00:36:52,548 - default - INFO - End: https://hacks.mozilla.org/feed/ 已解析 0 篇文章
2023-11-22 00:36:52,548 - default - INFO - Parse: https://developers.redhat.com/blog/feed/atom/
2023-11-22 00:36:53,036 - default - INFO - End: https://developers.redhat.com/blog/feed/atom/ 已解析 0 篇文章
2023-11-22 00:36:53,037 - default - INFO - Parse: https://tech.olx.com/feed
2023-11-22 00:36:53,732 - default - INFO - End: https://tech.olx.com/feed 已解析 0 篇文章
2023-11-22 00:36:53,732 - default - INFO - Parse: https://postmarkapp.com/blog/feed.atom
2023-11-22 00:36:54,862 - default - INFO - End: https://postmarkapp.com/blog/feed.atom 已解析 0 篇文章
2023-11-22 00:36:54,862 - default - INFO - Parse: http://engineering.remind.com/feed.xml
2023-11-22 00:36:55,252 - default - INFO - End: http://engineering.remind.com/feed.xml 已解析 0 篇文章
2023-11-22 00:36:55,252 - default - INFO - Parse: https://tech.showmax.com/feed.xml
2023-11-22 00:36:56,679 - default - INFO - 文章较短，不需要总结
2023-11-22 00:36:56,679 - default - INFO - End: https://tech.showmax.com/feed.xml 已解析 1 篇文章
2023-11-22 00:36:56,680 - default - INFO - Parse: https://multithreaded.stitchfix.com/feed.xml
2023-11-22 00:36:56,893 - default - INFO - End: https://multithreaded.stitchfix.com/feed.xml 已解析 0 篇文章
2023-11-22 00:36:56,894 - default - INFO - Parse: https://labs.spotify.com/feed/
2023-11-22 00:36:58,055 - default - INFO - End: https://labs.spotify.com/feed/ 已解析 0 篇文章
2023-11-22 00:36:58,055 - default - INFO - Parse: https://www.stridenyc.com/blog/rss.xml
2023-11-22 00:36:58,275 - default - INFO - End: https://www.stridenyc.com/blog/rss.xml 已解析 0 篇文章
2023-11-22 00:36:58,275 - default - INFO - Parse: https://technology.skybettingandgaming.com/feed.xml
2023-11-22 00:36:58,776 - default - INFO - End: https://technology.skybettingandgaming.com/feed.xml 已解析 0 篇文章
2023-11-22 00:36:58,776 - default - INFO - Parse: https://umbrella.cisco.com/blog/feed/
2023-11-22 00:36:59,565 - default - INFO - End: https://umbrella.cisco.com/blog/feed/ 已解析 0 篇文章
2023-11-22 00:36:59,565 - default - INFO - Parse: https://www.surveymonkey.com/feed/
2023-11-22 00:36:59,733 - default - INFO - 文章较短，不需要总结
2023-11-22 00:36:59,734 - default - INFO - 文章较短，不需要总结
2023-11-22 00:36:59,734 - default - INFO - 文章较短，不需要总结
2023-11-22 00:36:59,735 - default - INFO - 文章较短，不需要总结
2023-11-22 00:36:59,735 - default - INFO - End: https://www.surveymonkey.com/feed/ 已解析 4 篇文章
2023-11-22 00:36:59,735 - default - INFO - Parse: https://engineering.prezi.com/feed
2023-11-22 00:37:00,388 - default - INFO - End: https://engineering.prezi.com/feed 已解析 0 篇文章
2023-11-22 00:37:00,388 - default - INFO - Parse: https://semaphoreci.com/community/tutorials.atom
2023-11-22 00:37:00,804 - default - INFO - 解析 https://semaphoreci.com/community/tutorials.atom 失败 <unknown>:2:0: syntax error
2023-11-22 00:37:00,804 - default - INFO - End: https://semaphoreci.com/community/tutorials.atom 已解析 0 篇文章
2023-11-22 00:37:00,804 - default - INFO - Parse: https://developer.salesforce.com/blogs/feed
2023-11-22 00:37:01,087 - default - WARNING - Summarize failed. 该令牌额度已用尽
2023-11-22 00:37:01,087 - default - INFO - End: https://developer.salesforce.com/blogs/feed 已解析 1 篇文章
2023-11-22 00:37:01,087 - default - INFO - Parse: https://mesosphere.com/feed/
2023-11-22 00:37:01,433 - default - INFO - End: https://mesosphere.com/feed/ 已解析 0 篇文章
2023-11-22 00:37:01,433 - default - INFO - Parse: https://feeds.feedburner.com/GiantRobotsSmashingIntoOtherGiantRobots
2023-11-22 00:37:01,606 - default - INFO - End: https://feeds.feedburner.com/GiantRobotsSmashingIntoOtherGiantRobots 已解析 0 篇文章
2023-11-22 00:37:01,606 - default - INFO - Parse: https://www.toptal.com/blog.rss
2023-11-22 00:37:01,812 - default - INFO - End: https://www.toptal.com/blog.rss 已解析 0 篇文章
2023-11-22 00:37:01,812 - default - INFO - Parse: https://slack.engineering/feed
2023-11-22 00:37:02,118 - default - INFO - End: https://slack.engineering/feed 已解析 0 篇文章
2023-11-22 00:37:02,118 - default - INFO - Parse: http://semaphoreci.com/blog/engineering.xml
2023-11-22 00:37:02,681 - default - INFO - 解析 http://semaphoreci.com/blog/engineering.xml 失败 <unknown>:2:0: syntax error
2023-11-22 00:37:02,681 - default - INFO - End: http://semaphoreci.com/blog/engineering.xml 已解析 0 篇文章
2023-11-22 00:37:02,681 - default - INFO - Parse: https://blog.siftscience.com/feed/
2023-11-22 00:37:03,502 - default - INFO - End: https://blog.siftscience.com/feed/ 已解析 0 篇文章
2023-11-22 00:37:03,502 - default - INFO - Parse: https://stackoverflow.blog/feed/
2023-11-22 00:37:03,691 - default - INFO - 文章较短，不需要总结
2023-11-22 00:37:03,691 - default - INFO - End: https://stackoverflow.blog/feed/ 已解析 1 篇文章
2023-11-22 00:37:03,691 - default - INFO - Parse: http://techblog.thescore.com/feed.xml
2023-11-22 00:37:04,755 - default - INFO - 解析 http://techblog.thescore.com/feed.xml 失败 <unknown>:1500:26: not well-formed (invalid token)
2023-11-22 00:37:04,755 - default - INFO - End: http://techblog.thescore.com/feed.xml 已解析 0 篇文章
2023-11-22 00:37:04,755 - default - INFO - Parse: https://tech.trivago.com/index.xml
2023-11-22 00:37:04,923 - default - INFO - End: https://tech.trivago.com/index.xml 已解析 0 篇文章
2023-11-22 00:37:04,923 - default - INFO - Parse: https://www.thoughtworks.com/rss/insights.xml
2023-11-22 00:37:07,426 - default - INFO - 文章较短，不需要总结
2023-11-22 00:37:07,431 - default - INFO - End: https://www.thoughtworks.com/rss/insights.xml 已解析 1 篇文章
2023-11-22 00:37:07,431 - default - INFO - Parse: https://bytes.swiggy.com/feed
2023-11-22 00:37:08,069 - default - INFO - End: https://bytes.swiggy.com/feed 已解析 0 篇文章
2023-11-22 00:37:08,069 - default - INFO - Parse: http://engineering.vinted.com//atom.xml
2023-11-22 00:37:08,405 - default - INFO - End: http://engineering.vinted.com//atom.xml 已解析 0 篇文章
2023-11-22 00:37:08,405 - default - INFO - Parse: https://developers.soundcloud.com/blog.rss
2023-11-22 00:37:11,972 - default - INFO - End: https://developers.soundcloud.com/blog.rss 已解析 0 篇文章
2023-11-22 00:37:11,973 - default - INFO - Parse: https://blog.timescale.com/feed
2023-11-22 00:37:13,135 - default - WARNING - Summarize failed. 该令牌额度已用尽
2023-11-22 00:37:13,135 - default - INFO - End: https://blog.timescale.com/feed 已解析 1 篇文章
2023-11-22 00:37:13,135 - default - INFO - Parse: https://engineering.tumblr.com/rss
2023-11-22 00:37:13,535 - default - INFO - End: https://engineering.tumblr.com/rss 已解析 0 篇文章
2023-11-22 00:37:13,535 - default - INFO - Parse: http://eng.wealthfront.com/feed/
2023-11-22 00:37:13,841 - default - INFO - End: http://eng.wealthfront.com/feed/ 已解析 0 篇文章
2023-11-22 00:37:13,841 - default - INFO - Parse: https://www.sitepoint.com/feed/
2023-11-22 00:37:15,275 - default - INFO - End: https://www.sitepoint.com/feed/ 已解析 0 篇文章
2023-11-22 00:37:15,276 - default - INFO - Parse: https://stripe.com/blog/feed.rss
2023-11-22 00:37:15,792 - default - INFO - End: https://stripe.com/blog/feed.rss 已解析 0 篇文章
2023-11-22 00:37:15,792 - default - INFO - Parse: http://engineering.wingify.com/atom.xml
2023-11-22 00:37:17,082 - default - INFO - End: http://engineering.wingify.com/atom.xml 已解析 0 篇文章
2023-11-22 00:37:17,082 - default - INFO - Parse: https://infrequently.org/feed/
2023-11-22 00:37:17,389 - default - INFO - End: https://infrequently.org/feed/ 已解析 0 篇文章
2023-11-22 00:37:17,389 - default - INFO - Parse: https://www.amitmerchant.com/feed.xml
2023-11-22 00:37:17,568 - default - INFO - End: https://www.amitmerchant.com/feed.xml 已解析 0 篇文章
2023-11-22 00:37:17,568 - default - INFO - Parse: https://buildingvts.com/feed
2023-11-22 00:37:18,104 - default - INFO - End: https://buildingvts.com/feed 已解析 0 篇文章
2023-11-22 00:37:18,104 - default - INFO - Parse: http://addyosmani.com/rss.xml
2023-11-22 00:37:18,328 - default - INFO - End: http://addyosmani.com/rss.xml 已解析 0 篇文章
2023-11-22 00:37:18,328 - default - INFO - Parse: https://engineeringblog.yelp.com/feed.xml
2023-11-22 00:37:18,507 - default - INFO - 解析 https://engineeringblog.yelp.com/feed.xml 失败 document declared as us-ascii, but parsed as utf-8
2023-11-22 00:37:18,507 - default - INFO - End: https://engineeringblog.yelp.com/feed.xml 已解析 0 篇文章
2023-11-22 00:37:18,507 - default - INFO - Parse: https://alanstorm.com/feed/feed.xml
2023-11-22 00:37:19,448 - default - INFO - 解析 https://alanstorm.com/feed/feed.xml 失败 <unknown>:124:0: junk after document element
2023-11-22 00:37:19,448 - default - INFO - End: https://alanstorm.com/feed/feed.xml 已解析 0 篇文章
2023-11-22 00:37:19,448 - default - INFO - Parse: https://ariya.io/index.xml
2023-11-22 00:37:19,950 - default - INFO - End: https://ariya.io/index.xml 已解析 0 篇文章
2023-11-22 00:37:19,950 - default - INFO - Parse: https://tech.xing.com/feed
2023-11-22 00:37:21,468 - default - INFO - End: https://tech.xing.com/feed 已解析 0 篇文章
2023-11-22 00:37:21,468 - default - INFO - Parse: http://tenderlovemaking.com/atom.xml
2023-11-22 00:37:21,873 - default - INFO - End: http://tenderlovemaking.com/atom.xml 已解析 0 篇文章
2023-11-22 00:37:21,873 - default - INFO - Parse: https://www.devroom.io/index.xml
2023-11-22 00:37:23,275 - default - INFO - 解析 https://www.devroom.io/index.xml 失败 document declared as us-ascii, but parsed as utf-8
2023-11-22 00:37:23,275 - default - INFO - End: https://www.devroom.io/index.xml 已解析 0 篇文章
2023-11-22 00:37:23,275 - default - INFO - Parse: https://carlosbecker.com/index.xml
2023-11-22 00:37:23,424 - default - INFO - End: https://carlosbecker.com/index.xml 已解析 0 篇文章
2023-11-22 00:37:23,424 - default - INFO - Parse: https://developerblog.zendesk.com/feed
2023-11-22 00:37:23,995 - default - INFO - End: https://developerblog.zendesk.com/feed 已解析 0 篇文章
2023-11-22 00:37:23,995 - default - INFO - Parse: https://bohops.com/feed/
2023-11-22 00:37:24,254 - default - INFO - End: https://bohops.com/feed/ 已解析 0 篇文章
2023-11-22 00:37:24,254 - default - INFO - Parse: http://lucumr.pocoo.org/feed.atom
2023-11-22 00:37:26,344 - default - INFO - End: http://lucumr.pocoo.org/feed.atom 已解析 0 篇文章
2023-11-22 00:37:26,345 - default - INFO - Parse: http://nullprogram.com/feed/
2023-11-22 00:37:26,614 - default - INFO - End: http://nullprogram.com/feed/ 已解析 0 篇文章
2023-11-22 00:37:26,615 - default - INFO - Parse: https://code.dblock.org/feed.xml
2023-11-22 00:37:27,166 - default - INFO - End: https://code.dblock.org/feed.xml 已解析 0 篇文章
2023-11-22 00:37:27,166 - default - INFO - Parse: http://www.brendangregg.com/blog/rss.xml
2023-11-22 00:37:27,440 - default - INFO - End: http://www.brendangregg.com/blog/rss.xml 已解析 0 篇文章
2023-11-22 00:37:27,440 - default - INFO - Parse: https://www.dereuromark.de/feed/
2023-11-22 00:37:28,425 - default - INFO - End: https://www.dereuromark.de/feed/ 已解析 0 篇文章
2023-11-22 00:37:28,425 - default - INFO - Parse: https://domenicoluciani.com/feed.xml
2023-11-22 00:37:28,620 - default - INFO - End: https://domenicoluciani.com/feed.xml 已解析 0 篇文章
2023-11-22 00:37:28,620 - default - INFO - Parse: https://blog.filippo.io/rss/
2023-11-22 00:37:29,174 - default - INFO - End: https://blog.filippo.io/rss/ 已解析 0 篇文章
2023-11-22 00:37:29,174 - default - INFO - Parse: https://hookrace.net/blog/feed/
2023-11-22 00:37:31,477 - default - INFO - End: https://hookrace.net/blog/feed/ 已解析 0 篇文章
2023-11-22 00:37:31,477 - default - INFO - Parse: https://dotdev.co/feed/
2023-11-22 00:37:31,595 - default - INFO - End: https://dotdev.co/feed/ 已解析 0 篇文章
2023-11-22 00:37:31,596 - default - INFO - Parse: https://ericlippert.com/feed/
2023-11-22 00:37:31,739 - default - INFO - End: https://ericlippert.com/feed/ 已解析 0 篇文章
2023-11-22 00:37:31,740 - default - INFO - Parse: https://tomassetti.me/feed/
2023-11-22 00:37:32,124 - default - INFO - End: https://tomassetti.me/feed/ 已解析 0 篇文章
2023-11-22 00:37:32,124 - default - INFO - Parse: http://www.evanjones.ca/index.rss
2023-11-22 00:37:32,338 - default - INFO - End: http://www.evanjones.ca/index.rss 已解析 0 篇文章
2023-11-22 00:37:32,338 - default - INFO - Parse: https://deanhume.com/rss/
2023-11-22 00:37:32,979 - default - INFO - End: https://deanhume.com/rss/ 已解析 0 篇文章
2023-11-22 00:37:32,979 - default - INFO - Parse: http://feeds.feedburner.com/HighScalability
2023-11-22 00:37:33,339 - default - INFO - End: http://feeds.feedburner.com/HighScalability 已解析 0 篇文章
2023-11-22 00:37:33,339 - default - INFO - Parse: https://erikrunyon.com/feed.xml
2023-11-22 00:37:33,585 - default - INFO - End: https://erikrunyon.com/feed.xml 已解析 0 篇文章
2023-11-22 00:37:33,585 - default - INFO - Parse: https://drewdevault.com/feed.xml
2023-11-22 00:37:34,705 - default - INFO - End: https://drewdevault.com/feed.xml 已解析 0 篇文章
2023-11-22 00:37:34,705 - default - INFO - Parse: https://www.chenhuijing.com/feed.xml
2023-11-22 00:37:35,220 - default - INFO - End: https://www.chenhuijing.com/feed.xml 已解析 0 篇文章
2023-11-22 00:37:35,220 - default - INFO - Parse: https://www.metachris.com/index.xml
2023-11-22 00:37:35,371 - default - INFO - End: https://www.metachris.com/index.xml 已解析 0 篇文章
2023-11-22 00:37:35,371 - default - INFO - Parse: https://elegantcode.com/feed/
2023-11-22 00:37:35,470 - default - INFO - End: https://elegantcode.com/feed/ 已解析 0 篇文章
2023-11-22 00:37:35,470 - default - INFO - Parse: https://conductofcode.io/feed.xml
2023-11-22 00:37:35,778 - default - INFO - End: https://conductofcode.io/feed.xml 已解析 0 篇文章
2023-11-22 00:37:35,778 - default - INFO - Parse: https://glebbahmutov.com/blog/atom.xml
2023-11-22 00:37:37,190 - default - INFO - End: https://glebbahmutov.com/blog/atom.xml 已解析 0 篇文章
2023-11-22 00:37:37,190 - default - INFO - Parse: https://eli.thegreenplace.net/feeds/all.atom.xml
2023-11-22 00:37:37,968 - default - INFO - End: https://eli.thegreenplace.net/feeds/all.atom.xml 已解析 0 篇文章
2023-11-22 00:37:37,969 - default - INFO - Parse: https://henrikwarne.com/feed/
2023-11-22 00:37:38,083 - default - INFO - End: https://henrikwarne.com/feed/ 已解析 0 篇文章
2023-11-22 00:37:38,083 - default - INFO - Parse: https://davidwalsh.name/feed/atom
2023-11-22 00:37:38,698 - default - INFO - End: https://davidwalsh.name/feed/atom 已解析 0 篇文章
2023-11-22 00:37:38,698 - default - INFO - Parse: https://jeremykun.com/feed/
2023-11-22 00:37:38,992 - default - INFO - End: https://jeremykun.com/feed/ 已解析 0 篇文章
2023-11-22 00:37:38,992 - default - INFO - Parse: https://tympanus.net/codrops/rss
2023-11-22 00:37:40,489 - default - INFO - 文章较短，不需要总结
2023-11-22 00:37:40,490 - default - INFO - 文章较短，不需要总结
2023-11-22 00:37:40,490 - default - INFO - 文章较短，不需要总结
2023-11-22 00:37:40,491 - default - INFO - End: https://tympanus.net/codrops/rss 已解析 3 篇文章
2023-11-22 00:37:40,491 - default - INFO - Parse: http://jakewharton.com/feed.xml
2023-11-22 00:37:41,832 - default - INFO - End: http://jakewharton.com/feed.xml 已解析 0 篇文章
2023-11-22 00:37:41,832 - default - INFO - Parse: https://jes.al/atom.xml
2023-11-22 00:37:42,408 - default - INFO - End: https://jes.al/atom.xml 已解析 0 篇文章
2023-11-22 00:37:42,408 - default - INFO - Parse: https://jvns.ca/atom.xml
2023-11-22 00:37:42,825 - default - INFO - End: https://jvns.ca/atom.xml 已解析 0 篇文章
2023-11-22 00:37:42,826 - default - INFO - Parse: https://codeblog.jonskeet.uk/feed/
2023-11-22 00:37:43,038 - default - INFO - End: https://codeblog.jonskeet.uk/feed/ 已解析 0 篇文章
2023-11-22 00:37:43,038 - default - INFO - Parse: https://adambard.com/blog/feed.xml
2023-11-22 00:37:43,251 - default - INFO - End: https://adambard.com/blog/feed.xml 已解析 0 篇文章
2023-11-22 00:37:43,252 - default - INFO - Parse: https://useyourloaf.com/blog/rss.xml
2023-11-22 00:37:44,049 - default - INFO - End: https://useyourloaf.com/blog/rss.xml 已解析 0 篇文章
2023-11-22 00:37:44,049 - default - INFO - Parse: https://jerrygamblin.com/feed/
2023-11-22 00:37:44,545 - default - INFO - End: https://jerrygamblin.com/feed/ 已解析 0 篇文章
2023-11-22 00:37:44,545 - default - INFO - Parse: https://idea.popcount.org/rss.xml
2023-11-22 00:37:45,528 - default - INFO - End: https://idea.popcount.org/rss.xml 已解析 0 篇文章
2023-11-22 00:37:45,528 - default - INFO - Parse: https://maryrosecook.com/blog/feed.xml
2023-11-22 00:37:45,918 - default - INFO - 解析 https://maryrosecook.com/blog/feed.xml 失败 document declared as us-ascii, but parsed as utf-8
2023-11-22 00:37:45,919 - default - INFO - End: https://maryrosecook.com/blog/feed.xml 已解析 0 篇文章
2023-11-22 00:37:45,919 - default - INFO - Parse: https://begriffs.com/atom.xml
2023-11-22 00:37:47,189 - default - INFO - 解析 https://begriffs.com/atom.xml 失败 document declared as us-ascii, but parsed as utf-8
2023-11-22 00:37:47,189 - default - INFO - End: https://begriffs.com/atom.xml 已解析 0 篇文章
2023-11-22 00:37:47,190 - default - INFO - Parse: http://matt.might.net/articles/feed.rss
2023-11-22 00:37:47,804 - default - INFO - End: http://matt.might.net/articles/feed.rss 已解析 0 篇文章
2023-11-22 00:37:47,804 - default - INFO - Parse: https://martinfowler.com/feed.atom
2023-11-22 00:37:48,222 - default - INFO - End: https://martinfowler.com/feed.atom 已解析 0 篇文章
2023-11-22 00:37:48,222 - default - INFO - Parse: https://blog.sleeplessbeastie.eu/feed.xml
2023-11-22 00:37:51,362 - default - INFO - End: https://blog.sleeplessbeastie.eu/feed.xml 已解析 0 篇文章
2023-11-22 00:37:51,362 - default - INFO - Parse: https://blog.cryptographyengineering.com/feed/
2023-11-22 00:37:51,723 - default - INFO - End: https://blog.cryptographyengineering.com/feed/ 已解析 0 篇文章
2023-11-22 00:37:51,723 - default - INFO - Parse: http://blog.fogus.me/feed/
2023-11-22 00:37:52,911 - default - INFO - End: http://blog.fogus.me/feed/ 已解析 0 篇文章
2023-11-22 00:37:52,912 - default - INFO - Parse: https://blog.rinesi.com/feed/
2023-11-22 00:37:53,165 - default - INFO - End: https://blog.rinesi.com/feed/ 已解析 0 篇文章
2023-11-22 00:37:53,165 - default - INFO - Parse: https://snook.ca/jonathan/index.rdf
2023-11-22 00:37:53,570 - default - INFO - End: https://snook.ca/jonathan/index.rdf 已解析 0 篇文章
2023-11-22 00:37:53,570 - default - INFO - Parse: https://www.mattcutts.com/blog/feed/
2023-11-22 00:37:53,677 - default - INFO - End: https://www.mattcutts.com/blog/feed/ 已解析 0 篇文章
2023-11-22 00:37:53,677 - default - INFO - Parse: http://www.windytan.com/feeds/posts/default
2023-11-22 00:37:54,229 - default - INFO - End: http://www.windytan.com/feeds/posts/default 已解析 0 篇文章
2023-11-22 00:37:54,229 - default - INFO - Parse: https://aphyr.com/posts.atom
2023-11-22 00:37:55,569 - default - INFO - End: https://aphyr.com/posts.atom 已解析 0 篇文章
2023-11-22 00:37:55,569 - default - INFO - Parse: http://blog.pamelafox.org/feeds/posts/default
2023-11-22 00:37:55,934 - default - INFO - End: http://blog.pamelafox.org/feeds/posts/default 已解析 0 篇文章
2023-11-22 00:37:55,935 - default - INFO - Parse: https://oleb.net/blog/atom.xml
2023-11-22 00:37:56,189 - default - INFO - End: https://oleb.net/blog/atom.xml 已解析 0 篇文章
2023-11-22 00:37:56,189 - default - INFO - Parse: https://blogs.msdn.microsoft.com/oldnewthing/feed
2023-11-22 00:37:56,682 - default - WARNING - Summarize failed. 该令牌额度已用尽
2023-11-22 00:37:56,683 - default - INFO - End: https://blogs.msdn.microsoft.com/oldnewthing/feed 已解析 1 篇文章
2023-11-22 00:37:56,683 - default - INFO - Parse: https://realpython.com/atom.xml
2023-11-22 00:37:56,925 - default - INFO - 文章较短，不需要总结
2023-11-22 00:37:56,925 - default - INFO - End: https://realpython.com/atom.xml 已解析 1 篇文章
2023-11-22 00:37:56,925 - default - INFO - Parse: http://blog.cleancoder.com/atom.xml
2023-11-22 00:37:57,257 - default - INFO - End: http://blog.cleancoder.com/atom.xml 已解析 0 篇文章
2023-11-22 00:37:57,257 - default - INFO - Parse: https://akrabat.com/feed/
2023-11-22 00:37:58,142 - default - INFO - End: https://akrabat.com/feed/ 已解析 0 篇文章
2023-11-22 00:37:58,142 - default - INFO - Parse: https://www.thepolyglotdeveloper.com/blog/index.xml
2023-11-22 00:37:59,093 - default - INFO - End: https://www.thepolyglotdeveloper.com/blog/index.xml 已解析 0 篇文章
2023-11-22 00:37:59,094 - default - INFO - Parse: https://eviltrout.com/feed.xml
2023-11-22 00:37:59,304 - default - INFO - End: https://eviltrout.com/feed.xml 已解析 0 篇文章
2023-11-22 00:37:59,304 - default - INFO - Parse: https://joshtronic.com/atom.xml
2023-11-22 00:37:59,710 - default - INFO - 解析 https://joshtronic.com/atom.xml 失败 <unknown>:2:0: syntax error
2023-11-22 00:37:59,711 - default - INFO - End: https://joshtronic.com/atom.xml 已解析 0 篇文章
2023-11-22 00:37:59,711 - default - INFO - Parse: http://feeds.hanselman.com/ScottHanselman
2023-11-22 00:38:00,332 - default - INFO - End: http://feeds.hanselman.com/ScottHanselman 已解析 0 篇文章
2023-11-22 00:38:00,332 - default - INFO - Parse: https://blog.nelhage.com/atom.xml
2023-11-22 00:38:00,950 - default - INFO - End: https://blog.nelhage.com/atom.xml 已解析 0 篇文章
2023-11-22 00:38:00,950 - default - INFO - Parse: http://blog.rtwilson.com/feed/
2023-11-22 00:38:01,638 - default - INFO - End: http://blog.rtwilson.com/feed/ 已解析 0 篇文章
2023-11-22 00:38:01,638 - default - INFO - Parse: http://www.catonmat.net/feed/
2023-11-22 00:38:02,846 - default - WARNING - Summarize failed. 该令牌额度已用尽
2023-11-22 00:38:02,847 - default - INFO - End: http://www.catonmat.net/feed/ 已解析 1 篇文章
2023-11-22 00:38:02,847 - default - INFO - Parse: https://neverfriday.com/feed/
2023-11-22 00:38:03,974 - default - INFO - End: https://neverfriday.com/feed/ 已解析 0 篇文章
2023-11-22 00:38:03,974 - default - INFO - Parse: http://thedailywtf.com/rss
2023-11-22 00:38:04,806 - default - INFO - 文章较短，不需要总结
2023-11-22 00:38:04,806 - default - INFO - End: http://thedailywtf.com/rss 已解析 1 篇文章
2023-11-22 00:38:04,806 - default - INFO - Parse: https://vladmihalcea.com/feed/
2023-11-22 00:38:04,929 - default - INFO - End: https://vladmihalcea.com/feed/ 已解析 0 篇文章
2023-11-22 00:38:04,929 - default - INFO - Parse: https://www.yegor256.com/rss.xml
2023-11-22 00:38:05,142 - default - INFO - End: https://www.yegor256.com/rss.xml 已解析 0 篇文章
2023-11-22 00:38:05,142 - default - INFO - Parse: https://muffinman.io/atom.xml
2023-11-22 00:38:07,303 - default - INFO - End: https://muffinman.io/atom.xml 已解析 0 篇文章
2023-11-22 00:38:07,303 - default - INFO - Parse: https://www.ardanlabs.com/blog/index.xml
2023-11-22 00:38:07,660 - default - INFO - End: https://www.ardanlabs.com/blog/index.xml 已解析 0 篇文章
2023-11-22 00:38:07,660 - default - INFO - Parse: https://blog.getbootstrap.com/feed.xml
2023-11-22 00:38:07,939 - default - INFO - End: https://blog.getbootstrap.com/feed.xml 已解析 0 篇文章
2023-11-22 00:38:07,939 - default - INFO - Parse: https://zachholman.com/atom.xml
2023-11-22 00:38:08,412 - default - INFO - End: https://zachholman.com/atom.xml 已解析 0 篇文章
2023-11-22 00:38:08,412 - default - INFO - Parse: https://ipfs.io/blog/index.xml
2023-11-22 00:38:09,044 - default - INFO - End: https://ipfs.io/blog/index.xml 已解析 0 篇文章
2023-11-22 00:38:09,044 - default - INFO - Parse: https://blog.golang.org/feed.atom
2023-11-22 00:38:09,677 - default - INFO - End: https://blog.golang.org/feed.atom 已解析 0 篇文章
2023-11-22 00:38:09,677 - default - INFO - Parse: https://blog.jooq.org/feed/
2023-11-22 00:38:10,956 - default - INFO - End: https://blog.jooq.org/feed/ 已解析 0 篇文章
2023-11-22 00:38:10,956 - default - INFO - Parse: https://blogs.msdn.microsoft.com/dotnet/feed/
2023-11-22 00:38:11,310 - default - WARNING - Summarize failed. 该令牌额度已用尽
2023-11-22 00:38:11,465 - default - WARNING - Summarize failed. 该令牌额度已用尽
2023-11-22 00:38:11,466 - default - INFO - End: https://blogs.msdn.microsoft.com/dotnet/feed/ 已解析 2 篇文章
2023-11-22 00:38:11,466 - default - INFO - Parse: http://raganwald.com/atom.xml
2023-11-22 00:38:19,923 - default - INFO - End: http://raganwald.com/atom.xml 已解析 0 篇文章
2023-11-22 00:38:19,923 - default - INFO - Parse: https://blogs.windows.com/msedgedev/rss
2023-11-22 00:38:20,164 - default - INFO - End: https://blogs.windows.com/msedgedev/rss 已解析 0 篇文章
2023-11-22 00:38:20,164 - default - INFO - Parse: https://blog.jetbrains.com/kotlin/feed/
2023-11-22 00:38:20,329 - default - INFO - End: https://blog.jetbrains.com/kotlin/feed/ 已解析 0 篇文章
2023-11-22 00:38:20,329 - default - INFO - Parse: https://tania.dev/rss.xml
2023-11-22 00:38:21,511 - default - INFO - End: https://tania.dev/rss.xml 已解析 0 篇文章
2023-11-22 00:38:21,512 - default - INFO - Parse: https://swizec.com/blog/feed
2023-11-22 00:38:21,605 - default - INFO - 解析 https://swizec.com/blog/feed 失败 <unknown>:2:0: syntax error
2023-11-22 00:38:21,605 - default - INFO - End: https://swizec.com/blog/feed 已解析 0 篇文章
2023-11-22 00:38:22,036 - default - INFO - Aggregate 已新增 35 篇
2023-11-22 00:38:22,036 - default - INFO - Aggregate AI总结花费 {}
